(dp1
S'steps'
p2
(lp3
I110
aI82
aI65
aI82
aI82
aI81
aI82
aI51
aI84
aI89
aI69
aI82
aI82
aI82
aI69
aI81
aI65
aI51
aI66
aI81
aI81
aI70
aI150
aI82
aI82
aI80
aI82
aI67
aI71
aI100
aI85
aI81
aI67
aI67
aI50
aI89
aI69
aI81
aI81
aI84
aI67
aI163
aI126
aI81
aI67
aI79
aI81
aI81
aI68
aI69
aI69
aI147
aI49
aI98
aI147
aI66
aI65
aI63
aI63
aI65
aI98
aI81
aI69
aI82
aI65
aI71
aI126
aI81
aI90
aI58
aI66
aI114
aI90
aI51
aI68
aI69
aI81
aI67
aI67
aI67
aI67
aI81
aI67
aI67
aI67
aI111
aI66
aI51
aI66
aI61
aI127
aI111
aI62
aI65
aI51
aI79
aI81
aI75
aI90
aI71
aI81
aI81
aI67
aI67
aI67
aI67
aI66
aI93
aI67
aI70
aI65
aI116
aI68
aI67
aI51
aI68
aI88
aI79
aI67
aI67
aI51
aI67
aI67
aI67
aI67
aI67
aI67
aI67
aI67
aI67
aI54
aI67
aI96
aI138
aI96
aI68
aI55
aI66
aI51
aI72
aI67
aI66
aI56
aI66
aI72
aI67
aI80
aI91
aI81
aI98
aI68
aI72
aI69
aI94
aI63
aI111
aI66
aI53
aI49
aI56
aI67
aI64
aI97
aI87
aI111
aI126
aI67
aI67
aI115
aI51
aI161
aI67
aI67
aI67
aI67
aI80
aI67
aI67
aI67
aI143
aI112
aI50
aI39
aI41
aI116
aI95
aI67
aI93
aI49
aI108
aI69
aI97
aI53
aI63
aI49
aI45
aI57
aI66
aI123
aI76
aI56
aI51
aI48
aI127
aI63
aI55
aI67
aI54
aI62
aI51
aI54
aI114
aI72
aI71
aI61
aI91
aI66
aI109
aI128
aI81
aI67
aI67
aI53
aI67
aI65
aI67
aI67
aI128
aI63
aI45
aI105
aI95
aI105
aI67
aI121
aI70
aI68
aI90
aI65
aI51
aI66
aI67
aI67
aI57
aI108
aI120
aI122
aI42
aI121
aI52
aI93
aI45
aI91
aI111
aI123
aI52
aI68
aI95
aI67
aI66
aI51
aI67
aI88
aI68
aI64
aI92
aI95
aI68
aI61
aI67
aI67
aI67
aI67
aI85
aI67
aI70
aI67
aI69
aI67
aI102
aI67
aI67
aI67
aI67
aI65
aI67
aI67
aI67
aI69
aI43
aI67
aI96
aI53
aI67
aI58
aI132
aI62
aI62
aI83
aI147
aI69
aI81
aI63
aI94
aI56
aI95
aI139
aI155
aI93
aI69
aI118
aI62
aI175
aI51
aI123
aI95
aI80
aI111
aI72
aI85
aI66
aI109
aI69
aI62
aI73
aI68
aI118
aI62
aI68
aI70
aI80
aI100
aI88
aI83
aI65
aI49
aI98
aI65
aI66
aI67
aI58
aI67
aI101
aI67
aI66
aI67
aI67
aI68
aI66
aI94
aI65
aI66
aI99
aI128
aI66
aI52
aI53
aI67
aI67
aI66
aI66
aI67
aI94
aI41
aI95
aI73
aI97
aI133
aI66
aI69
aI93
aI72
aI80
aI91
aI62
aI95
aI41
aI68
aI61
aI63
aI56
aI121
aI94
aI115
aI125
aI52
aI55
aI65
aI66
aI67
aI66
aI67
aI66
aI51
aI56
aI70
aI120
aI72
aI68
aI90
aI66
aI67
aI67
aI67
aI66
aI67
aI67
aI67
aI67
aI40
aI67
aI65
aI67
aI67
aI67
aI65
aI71
aI67
aI67
aI67
aI67
aI67
aI66
aI70
aI117
aI96
aI71
aI67
aI93
aI69
aI126
aI96
aI97
aI98
aI82
aI97
aI41
aI187
aI155
aI72
aI61
aI65
aI171
aI65
aI51
aI64
aI56
aI65
aI71
aI95
aI73
aI122
aI121
aI96
aI62
aI153
aI67
aI59
aI73
aI124
aI52
aI90
aI67
aI120
aI48
aI67
aI65
aI66
aI67
aI67
aI64
aI67
aI67
aI67
aI65
aI67
aI68
aI110
aI70
aI95
aI63
aI58
aI68
aI64
aI85
aI68
aI52
aI109
aI65
aI124
aI97
aI67
aI62
aI51
aI95
aI120
aI152
aI66
aI97
aI124
aI122
aI111
aI91
aI93
aI62
aI64
aI120
aI61
aI61
aI94
aI70
aI67
aI83
aI65
aI71
aI99
aI90
aI63
aI49
aI123
aI72
aI123
aI82
aI124
aI108
aI122
aI66
aI69
aI55
aI39
aI69
aI65
aI45
aI94
aI69
aI65
aI65
aI67
aI67
aI67
aI67
aI67
aI67
aI67
aI65
aI67
aI67
aI69
aI67
aI65
aI58
aI97
aI96
aI67
aI93
aI63
aI68
aI68
aI70
aI134
aI63
aI64
aI42
aI65
aI62
aI63
aI93
aI114
aI108
aI68
aI69
aI67
aI52
aI50
aI67
aI94
aI67
aI63
aI92
aI92
aI58
aI67
aI49
aI38
aI60
aI53
aI62
aI69
aI111
aI66
aI96
aI72
aI67
aI66
aI63
aI80
aI67
aI63
aI122
aI96
aI69
aI66
aI65
aI66
aI96
aI44
aI62
aI68
aI95
aI65
aI68
aI99
aI51
aI102
aI78
aI65
aI138
aI63
aI52
aI64
aI93
aI66
aI97
aI78
aI54
aI95
aI65
aI99
aI105
aI98
aI93
aI53
aI70
aI106
aI120
aI79
aI91
aI120
aI81
aI56
aI112
aI98
aI64
aI118
aI75
aI61
aI82
aI98
aI147
aI117
aI93
aI120
aI92
aI52
aI63
aI74
aI69
aI116
aI55
aI64
aI39
aI39
aI69
aI72
aI94
aI127
aI65
aI65
aI94
aI93
aI114
aI142
aI109
aI149
aI117
aI65
aI104
aI114
aI47
aI97
aI51
aI70
aI83
aI88
aI83
aI112
aI68
aI70
aI97
aI69
aI70
aI132
aI93
aI111
aI126
aI64
aI48
aI68
aI53
aI94
aI68
aI94
aI109
aI79
aI70
aI79
aI66
aI39
aI66
aI65
aI66
aI51
aI108
aI58
aI57
aI121
aI93
aI73
aI59
aI143
aI71
aI113
aI84
aI107
aI72
aI92
aI90
aI82
aI54
aI88
aI70
aI63
aI91
aI64
aI81
aI107
aI51
aI70
aI92
aI110
aI67
aI71
aI88
aI109
aI63
aI113
aI83
aI91
aI95
aI116
aI65
aI63
aI55
aI71
aI49
aI62
aI105
aI95
aI92
aI69
aI53
aI62
aI66
aI68
aI42
aI63
aI54
aI96
aI56
aI56
aI56
aI129
aI65
aI58
aI65
aI63
aI66
aI92
aI63
aI91
aI67
aI86
aI68
aI66
aI71
aI66
aI47
aI54
aI67
aI67
aI67
aI91
aI67
aI63
aI69
aI70
aI69
aI93
aI69
aI83
aI67
aI110
aI71
aI89
aI69
aI111
aI65
aI64
aI111
aI65
aI54
aI117
aI93
aI65
aI67
aI69
aI89
aI39
aI121
aI95
aI130
aI135
aI97
aI92
aI100
aI91
aI68
aI94
aI63
aI42
aI66
aI95
aI56
aI120
aI139
aI112
aI92
aI91
aI65
aI90
aI111
aI64
aI78
aI91
aI143
aI82
aI118
aI73
aI57
aI97
aI90
aI44
aI50
aI56
aI97
aI63
aI56
aI70
aI195
aI71
aI93
aI62
aI92
aI97
aI59
aI65
aI117
aI65
aI67
aI127
aI57
aI104
aI92
aI61
aI66
aI45
aI93
aI89
aI68
aI94
aI66
aI64
aI92
aI66
aI134
aI92
aI47
aI66
aI72
aI66
aI56
aI56
aI111
aI60
aI122
aI66
aI69
aI68
aI66
aI49
aI86
aI95
aI66
aI66
aI94
aI65
aI99
aI116
aI42
aI93
aI123
aI69
aI69
aI68
aI53
aI53
aI39
aI126
aI64
aI66
aI66
aI52
aI40
aI66
aI131
aI61
aI127
aI66
aI86
aI90
aI70
aI68
aI64
aI62
aI71
aI66
aI112
aI56
aI54
aI70
aI114
aI53
aI45
aI65
aI66
aI95
aI64
aI53
aI70
aI66
aI63
aI114
aI82
aI131
aI70
aI58
aI54
aI42
aI119
aI91
aI70
aI75
aI76
aI97
aI147
aI81
aI112
aI77
aI81
aI51
aI62
aI70
aI82
aI53
aI63
aI93
aI94
aI67
aI49
aI139
aI123
aI61
aI166
aI94
aI126
aI64
aI116
aI51
aI64
aI126
aI71
aI57
aI67
aI41
aI53
aI59
aI69
aI50
aI108
aI51
aI119
aI70
aI62
aI118
aI107
aI125
aI121
aI70
aI129
aI70
aI155
aI161
aI124
aI101
aI54
aI53
aI123
aI86
aI91
aI68
aI113
aI68
aI42
aI106
aI87
aI115
aI116
aI70
aI67
aI82
aI71
aI100
aI103
aI64
aI67
aI51
aI66
aI104
aI39
aI95
aI93
aI64
aI50
aI149
aI118
aI65
aI56
aI91
aI95
aI92
aI63
aI122
aI98
aI88
aI94
aI130
aI81
aI109
aI156
aI96
aI65
aI105
aI66
aI86
aI109
aI53
aI67
aI64
aI50
aI71
aI161
aI124
aI68
aI115
aI68
aI64
aI49
aI64
aI75
aI125
aI115
aI107
aI71
aI87
aI49
aI49
aI39
aI49
aI107
aI70
aI41
aI65
aI67
aI66
aI49
aI96
aI64
aI64
aI39
aI71
aI64
aI54
aI64
aI64
aI64
aI50
aI64
aI64
aI91
aI95
aI142
aI69
aI68
aI82
aI68
aI62
aI89
aI96
aI71
aI116
aI119
aI93
aI125
aI66
aI66
aI64
aI65
aI66
aI67
aI68
aI64
aI81
aI126
aI67
aI38
aI106
aI63
aI39
aI65
aI65
aI66
aI64
aI64
aI65
aI64
aI66
aI69
aI68
aI68
aI68
aI64
aI65
aI90
aI73
aI97
aI69
aI62
aI96
aI80
aI65
aI69
aI49
aI125
aI65
aI126
aI95
aI148
aI96
aI82
aI65
aI65
aI65
aI65
aI65
aI73
aI70
aI82
aI38
aI53
aI82
aI152
aI91
aI67
aI70
aI68
aI62
aI65
aI98
aI63
aI71
aI79
aI64
aI150
aI49
aI69
aI68
aI63
aI98
aI70
aI65
aI68
aI89
aI91
aI92
aI65
aI105
aI94
aI97
aI64
aI147
aI65
aI79
aI124
aI93
aI65
aI109
aI66
aI66
aI95
aI67
aI64
aI91
aI68
aI67
aI67
aI64
aI69
aI68
aI71
aI68
aI38
aI96
aI68
aI62
aI71
aI77
aI65
aI38
aI133
aI69
aI48
aI93
aI65
aI68
aI63
aI129
aI65
aI123
aI65
aI38
aI99
aI51
aI65
aI70
aI133
aI123
aI65
aI65
aI190
aI54
aI66
aI66
aI38
aI138
aI62
aI125
aI63
aI40
aI65
aI112
aI43
aI98
aI96
aI64
aI132
aI51
aI94
aI112
aI69
aI64
aI92
aI63
aI67
aI65
aI66
aI124
aI52
aI48
aI65
aI93
aI64
aI65
aI127
aI69
aI51
aI97
aI82
aI68
aI63
aI48
aI66
aI94
aI63
aI97
aI154
aI185
aI106
aI82
aI142
aI69
aI96
aI93
aI63
aI102
aI95
aI71
aI64
aI121
aI65
aI65
aI122
aI63
aI96
aI126
aI66
aI136
aI93
aI154
aI65
aI65
aI70
aI91
aI96
aI90
aI117
aI69
aI63
aI63
aI91
aI49
aI49
aI109
aI96
aI63
aI93
aI67
aI51
aI67
aI96
aI94
aI49
aI147
aI96
aI117
aI41
aI63
aI64
aI111
aI50
aI106
aI64
aI91
aI63
aI98
aI66
aI49
aI63
aI69
aI63
aI63
aI49
aI63
aI69
aI70
aI66
aI50
aI137
aI50
aI69
aI67
aI72
aI92
aI68
aI110
aI65
aI97
aI71
aI37
aI65
aI82
aI66
aI65
aI63
aI49
aI63
aI93
aI90
aI67
aI67
aI93
aI112
aI90
aI65
aI70
aI49
aI63
aI63
aI90
aI91
aI67
aI63
aI68
aI150
aI49
aI64
aI51
aI51
aI67
aI63
aI63
aI124
aI70
aI63
aI91
aI109
aI71
aI68
aI124
aI122
aI66
aI50
aI95
aI97
aI65
aI204
aI96
aI82
aI134
aI156
aI81
aI65
aI68
aI96
aI158
aI67
aI63
aI92
aI63
aI63
aI63
aI123
aI84
aI69
aI55
aI54
aI48
aI65
aI70
aI63
aI67
aI63
aI65
aI50
aI161
aI53
aI94
aI82
aI38
aI121
aI125
aI82
aI83
aI94
aI67
aI63
aI67
aI39
aI67
aI65
aI96
aI113
aI66
aI68
aI123
aI68
aI146
aI90
aI49
aI171
aI157
aI97
aI108
aI65
aI95
aI67
aI105
aI70
aI69
aI84
aI68
aI49
aI154
aI40
aI68
aI141
aI162
aI121
aI122
aI110
aI63
aI175
aI121
aI65
aI65
aI150
aI157
aI69
aI92
aI90
aI97
aI157
aI52
aI157
aI153
aI63
aI108
aI113
aI114
aI50
aI66
aI64
aI127
aI84
aI125
aI54
aI66
aI162
aI63
aI49
aI79
aI133
aI64
aI82
aI64
aI66
aI66
aI41
aI50
aI92
aI122
aI94
aI64
aI149
aI63
aI92
aI124
aI68
aI52
aI71
aI91
aI63
aI161
aI160
aI94
aI93
aI53
aI81
aI67
aI66
aI108
aI94
aI98
aI52
aI89
aI39
aI96
aI95
aI63
aI63
aI49
aI94
aI91
aI122
aI92
aI70
aI95
aI96
aI93
aI123
aI96
aI82
aI40
aI108
aI82
aI49
aI125
aI70
aI96
aI63
aI70
aI81
aI49
aI63
aI65
aI63
aI65
aI50
aI63
aI63
aI51
aI63
aI63
aI152
aI94
aI74
aI82
aI65
aI63
aI63
aI54
aI41
aI63
aI49
aI48
aI48
aI150
aI121
aI107
aI71
aI63
aI103
aI108
aI65
aI118
aI64
aI66
aI69
aI64
aI90
aI68
aI94
aI68
aI122
aI65
aI97
aI65
aI79
aI76
aI71
aI65
aI63
aI88
aI95
aI99
aI67
aI63
aI95
aI68
aI93
aI121
aI93
aI105
aI69
aI63
aI147
aI48
aI64
aI101
aI68
aI66
aI81
aI66
aI109
aI37
aI64
aI164
aI93
aI72
aI40
aI122
aI94
aI63
aI109
aI68
aI92
aI96
aI52
aI80
aI39
aI66
aI80
aI63
aI97
aI69
aI38
aI56
aI123
aI95
aI64
aI95
aI71
aI66
aI71
aI141
aI64
aI130
aI40
aI128
aI125
aI120
aI49
aI161
aI63
aI124
aI173
aI66
aI63
aI63
aI64
aI127
aI131
aI75
aI91
aI64
aI51
aI70
aI51
aI123
aI50
aI91
aI50
aI94
aI120
aI95
aI91
aI130
aI69
aI71
aI41
aI41
aI41
aI66
aI65
aI123
aI95
aI94
aI123
aI91
aI128
aI64
aI123
aI66
aI124
aI72
aI71
aI67
aI51
aI53
aI97
aI94
aI53
aI68
aI64
aI148
aI62
aI93
aI73
aI68
aI37
aI73
aI96
aI49
aI79
aI70
aI148
aI64
aI96
aI133
aI64
aI50
aI66
aI121
aI39
aI122
aI127
aI55
aI123
aI161
aI71
aI51
aI97
aI64
aI68
aI69
aI97
aI105
aI111
aI65
aI136
aI39
aI68
aI64
aI69
aI91
aI39
aI150
aI63
aI63
aI66
aI116
aI71
aI39
aI69
aI65
aI122
aI97
aI54
aI41
aI52
aI67
aI51
aI94
aI97
aI67
aI38
aI50
aI81
aI70
aI137
aI61
aI67
aI99
aI96
aI50
aI41
aI39
aI70
aI93
aI102
aI125
aI63
aI56
aI99
aI53
aI159
aI93
aI67
aI87
aI88
aI63
aI90
aI49
aI69
aI68
aI63
aI52
aI87
aI100
aI37
aI108
aI51
aI96
aI69
aI64
aI153
aI107
aI65
aI52
aI51
aI48
aI139
aI64
aI65
aI64
aI155
aI63
aI111
aI64
aI68
aI70
aI93
aI51
aI72
aI110
aI91
aI113
aI50
aI110
aI64
aI152
aI111
aI52
aI52
aI81
aI71
aI79
aI38
aI50
aI50
aI110
aI49
aI54
aI57
aI52
aI49
aI53
aI37
aI55
aI53
aI47
aI97
aI98
aI122
aI37
aI53
aI106
aI52
aI121
aI49
aI50
aI49
aI55
aI52
aI48
aI50
aI87
aI48
aI49
aI38
aI52
aI49
aI52
aI49
aI52
aI64
aI63
aI57
aI63
aI52
aI80
aI125
aI53
aI117
aI119
aI93
aI65
aI52
aI94
aI52
aI48
aI53
aI63
aI66
aI122
aI76
aI52
aI52
aI72
aI52
aI97
aI53
aI53
aI67
aI53
aI70
aI95
aI63
aI126
aI130
aI69
aI67
aI70
aI49
aI64
aI51
aI51
aI50
aI95
aI54
aI52
aI50
aI70
aI70
aI92
aI95
aI52
aI52
aI49
aI173
aI51
aI72
aI69
aI92
aI64
aI50
aI52
aI64
aI50
aI37
aI49
aI49
aI49
aI63
aI96
aI98
aI109
aI52
aI98
aI90
aI65
aI97
aI53
aI82
aI99
aI51
aI51
aI70
aI42
aI51
aI69
aI65
aI67
aI64
aI96
aI81
aI69
aI66
aI72
aI64
aI125
aI72
aI92
aI51
aI51
aI125
aI108
aI95
aI63
aI137
aI101
aI67
aI108
aI70
aI69
aI65
aI106
aI51
aI72
aI84
aI69
aI54
aI81
aI68
aI95
aI95
aI51
aI51
aI124
aI93
aI97
aI54
aI51
aI91
aI64
aI70
aI93
aI156
aI48
aI63
aI50
aI91
aI98
aI67
aI123
aI97
aI39
aI34
aI95
aI147
aI65
aI91
aI51
aI69
aI48
aI131
aI124
aI54
aI108
aI63
aI113
aI121
aI98
aI94
aI96
aI90
aI52
aI94
aI49
aI121
aI49
aI53
aI48
aI47
aI51
aI47
aI70
aI82
aI52
aI83
aI91
aI48
aI71
aI94
aI91
aI91
aI123
aI54
aI52
aI41
aI41
aI41
aI41
aI64
aI41
aI70
aI41
aI67
aI41
aI41
aI66
aI65
aI72
aI95
aI110
aI50
aI122
aI86
aI130
aI61
aI109
aI122
aI151
aI98
aI68
aI53
aI48
aI64
aI100
aI64
aI68
aI151
aI125
aI121
aI91
aI130
aI118
aI74
aI153
aI66
aI69
aI107
aI56
aI110
aI139
aI92
aI90
aI63
aI65
aI71
aI90
aI97
aI67
aI54
aI52
aI51
aI41
aI41
aI41
aI41
aI41
aI41
aI65
aI89
aI115
aI38
aI63
aI53
aI144
aI94
aI95
aI67
aI112
aI155
aI92
aI124
aI90
aI64
aI122
aI68
aI71
aI92
aI67
aI48
aI68
aI63
aI67
aI98
aI97
aI120
aI93
aI94
aI93
aI96
aI69
aI65
aI164
aI70
aI51
aI93
aI66
aI53
aI124
aI94
aI80
aI53
aI49
aI73
aI94
aI37
aI71
aI65
aI41
aI66
aI49
aI64
aI65
aI95
aI97
aI91
aI63
aI98
aI66
aI68
aI65
aI65
aI97
aI68
aI68
aI51
aI94
aI134
aI65
aI122
aI121
aI50
aI52
aI42
aI97
aI65
aI41
aI90
aI80
aI52
aI67
aI66
aI66
aI41
aI72
aI48
aI54
aI96
aI63
aI52
aI66
aI63
aI49
aI88
aI66
aI66
aI98
aI66
aI65
aI67
aI66
aI66
aI67
aI51
aI92
aI94
aI71
aI98
aI92
aI123
aI53
aI53
aI68
aI41
aI116
aI67
aI66
aI66
aI68
aI72
aI98
aI126
aI66
aI67
aI98
aI67
aI52
aI148
aI48
aI124
aI93
aI94
aI97
aI37
aI41
aI91
aI108
aI106
aI48
aI92
aI52
aI39
aI122
aI122
aI93
aI62
aI70
aI65
aI67
aI49
aI94
aI82
aI48
aI72
aI90
aI98
aI38
aI69
aI160
aI52
aI121
aI97
aI83
aI72
aI97
aI72
aI82
aI122
aI41
aI41
aI140
aI67
aI65
aI54
aI67
aI66
aI67
aI67
aI67
aI53
aI63
aI80
aI52
aI38
aI68
aI117
aI109
aI68
aI52
aI120
aI52
aI67
aI96
aI53
aI71
aI108
aI72
aI67
aI97
aI51
aI85
aI52
aI68
aI93
aI123
aI66
aI93
aI41
aI121
aI84
aI67
aI97
aI68
aI64
aI40
aI64
aI121
aI87
aI41
aI52
aI71
aI68
aI92
aI67
aI67
aI63
aI41
aI97
aI68
aI61
aI67
aI67
aI67
aI53
aI122
aI83
aI38
aI93
aI40
aI147
aI65
aI67
aI66
aI69
aI52
aI66
aI72
aI49
aI66
aI121
aI92
aI96
aI108
aI71
aI66
aI51
aI96
aI38
aI63
aI68
aI72
aI89
aI51
aI67
aI67
aI67
aI68
aI67
aI67
aI67
aI95
aI51
aI66
aI65
aI41
aI68
aI52
aI91
aI71
aI67
aI72
aI92
aI105
aI71
aI112
aI41
aI41
aI109
aI94
aI105
aI72
aI105
aI68
aI54
aI64
aI41
aI69
aI53
aI63
aI67
aI108
aI65
aI94
aI69
aI68
aI41
aI41
aI39
aI41
aI41
aI52
aI38
aI41
aI38
aI68
aI66
aI96
aI37
aI98
aI41
aI90
aI65
aI92
aI70
aI125
aI91
aI108
aI90
aI65
aI95
aI51
aI68
aI41
aI41
aI41
aI74
aI41
aI64
aI67
aI41
aI66
aI66
aI52
aI69
aI81
aI37
aI64
aI93
aI131
aI133
aI66
aI69
aI90
aI94
aI50
aI150
aI41
aI38
aI38
aI36
aI38
aI71
aI63
aI65
aI66
aI65
aI67
aI100
aI41
aI51
aI70
aI79
aI122
aI67
aI66
aI67
aI52
aI57
aI70
aI52
aI51
aI94
aI45
aI51
aI135
aI123
aI66
aI98
aI94
aI67
aI73
aI63
aI66
aI66
aI41
aI66
aI87
aI41
aI129
aI126
aI41
aI72
aI66
aI65
aI92
aI62
aI50
aI95
aI38
aI70
aI72
aI72
aI72
aI68
aI69
aI66
aI72
aI148
aI38
aI121
aI59
aI71
aI41
aI41
aI110
aI50
aI41
aI119
aI49
aI106
aI52
aI70
aI77
aI80
aI65
aI92
aI49
aI95
aI70
aI150
aI53
aI74
aI67
aI65
aI66
aI52
aI66
aI110
aI70
aI51
aI41
aI41
aI50
aI50
aI50
aI41
aI41
aI67
aI82
aI67
aI74
aI53
aI90
aI125
aI65
aI64
aI90
aI75
aI92
aI67
aI38
aI41
aI64
aI67
aI66
aI107
aI92
aI52
aI62
aI131
aI95
aI136
aI64
aI65
aI72
aI99
aI67
aI67
aI67
aI67
aI67
aI93
aI64
aI153
aI53
aI55
aI52
aI110
aI69
aI68
aI99
aI65
aI68
aI38
aI125
aI64
aI71
aI92
aI94
aI47
aI94
aI38
aI67
aI67
aI52
aI67
aI38
aI66
aI41
aI66
aI38
aI41
aI67
aI72
aI72
aI67
aI72
aI38
aI38
aI70
aI89
aI50
aI95
aI93
aI66
aI67
aI67
aI111
aI41
aI70
aI68
aI67
aI67
aI67
aI66
aI67
aI67
aI66
aI72
aI37
aI66
aI67
aI70
aI67
aI72
aI65
aI70
aI72
aI72
aI66
aI67
aI66
aI67
aI52
aI65
aI90
aI116
aI93
aI68
aI164
aI63
aI49
aI49
aI68
aI96
aI64
aI114
aI66
aI103
aI67
aI67
aI91
aI68
aI67
aI111
aI71
aI65
aI63
aI66
aI67
aI66
aI66
aI73
aI67
aI99
aI42
aI53
aI52
aI93
aI64
aI123
aI66
aI93
aI93
aI63
aI125
aI161
aI39
aI67
aI52
aI111
aI92
aI69
aI66
aI68
aI69
aI65
aI67
aI67
aI67
aI67
aI66
aI67
aI102
aI41
aI67
aI67
aI67
aI67
aI67
aI92
aI67
aI65
aI66
aI80
aI96
aI97
aI107
aI65
aI38
aI66
aI80
aI66
aI80
aI82
aI51
aI132
aI66
aI72
aI68
aI67
aI38
aI138
aI66
aI72
aI71
aI66
aI64
aI66
aI151
aI66
aI92
aI91
aI64
aI124
aI108
aI71
aI67
aI67
aI72
aI67
aI66
aI40
aI109
aI67
aI72
aI66
aI122
aI38
aI38
aI38
aI41
aI95
aI50
aI68
aI121
aI75
aI50
aI91
aI121
aI67
aI132
aI70
aI51
aI65
aI41
aI68
aI65
aI66
aI99
aI49
aI69
aI98
aI71
aI71
aI39
aI67
aI51
aI70
aI125
aI52
aI67
aI66
aI161
aI115
aI68
aI51
aI66
aI54
aI38
aI68
aI82
aI51
aI67
aI41
aI65
aI67
aI65
aI68
aI52
aI83
aI67
aI38
aI38
aI137
aI129
aI67
aI65
aI51
aI41
aI41
aI38
aI41
aI41
aI112
aI50
aI66
aI93
aI50
aI65
aI70
aI38
aI139
aI69
aI41
aI38
aI65
aI53
aI41
aI51
aI41
aI41
aI38
aI38
aI90
aI162
aI66
aI49
aI69
aI58
aI74
aI129
aI50
aI119
aI68
aI101
aI141
aI51
aI112
aI67
aI71
aI123
aI95
aI41
aI90
aI123
aI64
aI67
aI129
aI125
aI67
aI69
aI52
aI93
aI71
aI97
aI38
aI125
aI61
aI52
aI65
aI41
aI53
aI93
aI128
aI67
aI116
aI67
aI41
aI121
aI65
aI124
aI38
aI68
aI52
aI71
aI41
asS'reward'
p4
(lp5
F290
aF180
aF135
aF155
aF210
aF380
aF155
aF105
aF210
aF210
aF120
aF180
aF155
aF210
aF105
aF180
aF180
aF75
aF105
aF135
aF120
aF180
aF315
aF210
aF180
aF120
aF180
aF210
aF220
aF225
aF135
aF105
aF105
aF120
aF135
aF180
aF105
aF120
aF105
aF155
aF105
aF135
aF105
aF120
aF120
aF105
aF120
aF120
aF150
aF105
aF210
aF150
aF180
aF305
aF305
aF170
aF120
aF125
aF150
aF110
aF285
aF120
aF105
aF105
aF120
aF105
aF105
aF120
aF210
aF105
aF105
aF315
aF180
aF105
aF215
aF105
aF110
aF105
aF105
aF105
aF105
aF120
aF105
aF105
aF105
aF185
aF105
aF105
aF150
aF105
aF105
aF285
aF135
aF125
aF105
aF105
aF120
aF180
aF155
aF135
aF155
aF120
aF105
aF105
aF105
aF105
aF120
aF180
aF105
aF155
aF120
aF110
aF120
aF105
aF75
aF140
aF165
aF105
aF105
aF105
aF75
aF105
aF105
aF105
aF105
aF105
aF105
aF105
aF105
aF105
aF75
aF135
aF230
aF105
aF225
aF135
aF105
aF120
aF105
aF135
aF105
aF105
aF135
aF105
aF260
aF110
aF105
aF180
aF110
aF210
aF155
aF230
aF200
aF240
aF90
aF125
aF190
aF135
aF125
aF170
aF105
aF115
aF135
aF235
aF155
aF105
aF105
aF105
aF170
aF105
aF165
aF105
aF105
aF105
aF105
aF105
aF105
aF105
aF105
aF175
aF185
aF125
aF65
aF75
aF190
aF135
aF130
aF110
aF80
aF165
aF150
aF115
aF125
aF125
aF100
aF50
aF80
aF85
aF125
aF235
aF150
aF105
aF105
aF145
aF70
aF150
aF120
aF150
aF145
aF105
aF105
aF120
aF180
aF180
aF120
aF265
aF180
aF120
aF175
aF210
aF105
aF105
aF105
aF105
aF70
aF105
aF105
aF310
aF90
aF65
aF105
aF155
aF120
aF105
aF125
aF80
aF155
aF140
aF90
aF75
aF65
aF105
aF75
aF105
aF170
aF175
aF165
aF50
aF110
aF105
aF165
aF80
aF130
aF215
aF240
aF105
aF110
aF175
aF105
aF105
aF105
aF105
aF105
aF105
aF115
aF130
aF170
aF155
aF120
aF105
aF105
aF105
aF105
aF155
aF135
aF180
aF105
aF105
aF105
aF105
aF105
aF105
aF105
aF105
aF110
aF105
aF105
aF105
aF125
aF50
aF105
aF110
aF105
aF105
aF155
aF155
aF120
aF105
aF155
aF135
aF200
aF225
aF165
aF250
aF125
aF165
aF240
aF210
aF225
aF200
aF365
aF110
aF340
aF75
aF170
aF125
aF155
aF265
aF225
aF230
aF135
aF150
aF200
aF125
aF175
aF175
aF230
aF80
aF120
aF155
aF155
aF325
aF135
aF155
aF95
aF85
aF45
aF50
aF105
aF150
aF155
aF180
aF145
aF105
aF110
aF105
aF105
aF105
aF105
aF105
aF80
aF90
aF170
aF130
aF90
aF105
aF105
aF105
aF105
aF105
aF105
aF105
aF150
aF55
aF165
aF100
aF170
aF245
aF105
aF205
aF155
aF180
aF155
aF245
aF120
aF140
aF65
aF155
aF60
aF80
aF60
aF105
aF110
aF135
aF165
aF75
aF60
aF15
aF75
aF105
aF30
aF105
aF30
aF50
aF80
aF100
aF100
aF135
aF155
aF105
aF110
aF105
aF105
aF105
aF105
aF105
aF105
aF105
aF105
aF30
aF105
aF30
aF105
aF75
aF75
aF15
aF105
aF105
aF105
aF75
aF75
aF105
aF75
aF50
aF45
aF30
aF80
aF50
aF75
aF50
aF150
aF165
aF100
aF80
aF105
aF100
aF80
aF200
aF375
aF180
aF60
aF115
aF155
aF95
aF0
aF15
aF20
aF30
aF90
aF115
aF130
aF100
aF105
aF290
aF110
aF230
aF140
aF50
aF75
aF105
aF90
aF120
aF115
aF145
aF50
aF105
aF50
aF75
aF105
aF105
aF50
aF105
aF105
aF105
aF50
aF105
aF155
aF170
aF120
aF105
aF120
aF190
aF210
aF135
aF125
aF135
aF90
aF115
aF70
aF95
aF105
aF65
aF80
aF5
aF105
aF130
aF205
aF105
aF155
aF150
aF155
aF405
aF135
aF120
aF110
aF140
aF105
aF80
aF65
aF105
aF155
aF110
aF140
aF155
aF210
aF125
aF120
aF90
aF50
aF180
aF100
aF120
aF100
aF145
aF85
aF100
aF75
aF130
aF50
aF5
aF15
aF0
aF0
aF65
aF45
aF15
aF50
aF105
aF105
aF105
aF105
aF105
aF105
aF105
aF120
aF105
aF105
aF60
aF75
aF15
aF50
aF125
aF140
aF45
aF100
aF100
aF160
aF335
aF80
aF110
aF70
aF40
aF15
aF115
aF75
aF70
aF110
aF120
aF100
aF145
aF40
aF20
aF0
aF0
aF0
aF80
aF100
aF115
aF100
aF100
aF105
aF155
aF80
aF75
aF120
aF80
aF75
aF125
aF325
aF95
aF230
aF240
aF170
aF180
aF105
aF145
aF70
aF5
aF95
aF95
aF65
aF95
aF135
aF65
aF95
aF30
aF45
aF110
aF125
aF95
aF130
aF145
aF55
aF85
aF125
aF125
aF225
aF105
aF90
aF125
aF125
aF80
aF105
aF100
aF55
aF160
aF125
aF415
aF505
aF340
aF215
aF80
aF65
aF250
aF470
aF265
aF300
aF495
aF300
aF105
aF310
aF315
aF140
aF205
aF185
aF0
aF105
aF150
aF305
aF215
aF180
aF465
aF150
aF90
aF0
aF50
aF65
aF285
aF50
aF0
aF0
aF0
aF100
aF135
aF215
aF305
aF115
aF180
aF180
aF140
aF370
aF205
aF180
aF215
aF590
aF210
aF415
aF310
aF180
aF580
aF75
aF210
aF280
aF195
aF200
aF280
aF125
aF210
aF150
aF125
aF210
aF235
aF250
aF250
aF210
aF135
aF105
aF105
aF75
aF195
aF200
aF190
aF170
aF125
aF135
aF170
aF125
aF35
aF105
aF50
aF50
aF35
aF175
aF75
aF65
aF560
aF150
aF150
aF55
aF255
aF175
aF200
aF165
aF315
aF150
aF195
aF205
aF130
aF80
aF175
aF125
aF100
aF65
aF70
aF65
aF60
aF35
aF145
aF125
aF185
aF105
aF75
aF185
aF95
aF40
aF190
aF100
aF155
aF155
aF255
aF95
aF80
aF50
aF45
aF15
aF40
aF240
aF160
aF105
aF100
aF35
aF0
aF15
aF50
aF0
aF0
aF15
aF110
aF70
aF40
aF40
aF85
aF35
aF50
aF40
aF0
aF30
aF140
aF50
aF125
aF80
aF70
aF50
aF0
aF85
aF20
aF0
aF50
aF65
aF65
aF65
aF130
aF65
aF35
aF180
aF180
aF155
aF210
aF150
aF260
aF230
aF270
aF210
aF230
aF105
aF265
aF230
aF125
aF270
aF70
aF70
aF285
aF150
aF180
aF75
aF80
aF110
aF0
aF140
aF90
aF250
aF160
aF235
aF100
aF120
aF205
aF140
aF230
aF160
aF35
aF145
aF140
aF40
aF90
aF145
aF240
aF225
aF210
aF80
aF170
aF310
aF65
aF125
aF170
aF265
aF140
aF485
aF260
aF150
aF240
aF270
aF50
aF40
aF40
aF105
aF80
aF40
aF275
aF175
aF115
aF105
aF60
aF180
aF150
aF55
aF35
aF275
aF135
aF75
aF80
aF160
aF230
aF235
aF80
aF260
aF55
aF155
aF265
aF135
aF410
aF230
aF185
aF180
aF155
aF295
aF270
aF75
aF105
aF105
aF155
aF40
aF0
aF475
aF135
aF460
aF230
aF170
aF230
aF170
aF55
aF105
aF205
aF80
aF35
aF105
aF65
aF205
aF220
aF55
aF105
aF120
aF80
aF90
aF80
aF15
aF55
aF5
aF195
aF105
aF35
aF35
aF30
aF35
aF35
aF210
aF140
aF555
aF230
aF295
aF325
aF175
aF170
aF105
aF80
aF160
aF230
aF245
aF130
aF65
aF180
aF140
aF35
aF120
aF135
aF10
aF0
aF45
aF30
aF80
aF110
aF35
aF460
aF155
aF180
aF60
aF110
aF120
aF30
aF135
aF220
aF165
aF175
aF270
aF205
aF165
aF440
aF295
aF245
aF130
aF55
aF45
aF160
aF170
aF30
aF105
aF225
aF240
aF50
aF20
aF205
aF305
aF65
aF75
aF210
aF155
aF140
aF155
aF55
aF135
aF145
aF185
aF20
aF45
aF0
aF20
aF100
aF50
aF50
aF90
aF45
aF170
aF150
aF80
aF170
aF110
aF75
aF155
aF115
aF380
aF70
aF205
aF355
aF155
aF480
aF55
aF40
aF185
aF145
aF310
aF230
aF235
aF230
aF65
aF415
aF465
aF290
aF410
aF135
aF155
aF225
aF255
aF280
aF240
aF120
aF75
aF70
aF180
aF460
aF80
aF485
aF200
aF135
aF65
aF215
aF250
aF130
aF25
aF0
aF140
aF60
aF65
aF225
aF280
aF200
aF135
aF35
aF135
aF5
aF100
aF145
aF135
aF190
aF60
aF290
aF160
aF30
aF45
aF45
aF35
aF65
aF400
aF170
aF100
aF155
aF110
aF50
aF25
aF35
aF140
aF185
aF210
aF290
aF60
aF20
aF0
aF5
aF35
aF50
aF85
aF50
aF15
aF35
aF20
aF35
aF35
aF70
aF35
aF35
aF35
aF45
aF35
aF35
aF35
aF35
aF35
aF55
aF35
aF35
aF65
aF185
aF155
aF30
aF35
aF240
aF150
aF125
aF225
aF210
aF110
aF120
aF240
aF45
aF150
aF45
aF45
aF40
aF20
aF45
aF55
aF35
aF35
aF155
aF310
aF80
aF35
aF185
aF35
aF35
aF45
aF45
aF45
aF35
aF35
aF25
aF35
aF45
aF45
aF15
aF15
aF15
aF15
aF140
aF135
aF45
aF115
aF90
aF200
aF110
aF125
aF35
aF80
aF65
aF190
aF110
aF155
aF75
aF305
aF155
aF245
aF75
aF105
aF75
aF20
aF105
aF115
aF135
aF135
aF50
aF100
aF100
aF180
aF90
aF120
aF60
aF105
aF80
aF105
aF145
aF105
aF120
aF105
aF35
aF140
aF75
aF115
aF45
aF20
aF355
aF95
aF105
aF55
aF50
aF135
aF120
aF120
aF95
aF195
aF80
aF105
aF165
aF105
aF150
aF155
aF180
aF70
aF175
aF80
aF55
aF150
aF75
aF35
aF90
aF60
aF40
aF45
aF45
aF75
aF45
aF80
aF35
aF75
aF240
aF130
aF155
aF90
aF120
aF45
aF70
aF180
aF100
aF50
aF95
aF100
aF135
aF105
aF65
aF105
aF120
aF60
aF50
aF150
aF60
aF45
aF40
aF115
aF105
aF105
aF130
aF415
aF100
aF90
aF90
aF50
aF200
aF155
aF305
aF105
aF110
aF155
aF120
aF35
aF140
aF105
aF35
aF105
aF95
aF110
aF225
aF65
aF90
aF135
aF105
aF55
aF35
aF110
aF135
aF105
aF105
aF60
aF120
aF105
aF105
aF180
aF125
aF30
aF110
aF110
aF105
aF105
aF105
aF105
aF140
aF30
aF125
aF135
aF210
aF110
aF110
aF210
aF105
aF90
aF120
aF105
aF290
aF75
aF60
aF35
aF105
aF75
aF105
aF155
aF105
aF305
aF200
aF75
aF195
aF105
aF180
aF105
aF65
aF105
aF140
aF135
aF180
aF305
aF135
aF105
aF105
aF210
aF105
aF105
aF210
aF225
aF105
aF305
aF65
aF65
aF70
aF225
aF105
aF65
aF105
aF105
aF185
aF50
aF105
aF75
aF140
aF55
aF105
aF135
aF105
aF105
aF210
aF105
aF120
aF105
aF320
aF105
aF105
aF105
aF105
aF90
aF75
aF105
aF65
aF180
aF50
aF110
aF50
aF75
aF80
aF80
aF105
aF105
aF120
aF310
aF75
aF105
aF260
aF65
aF75
aF105
aF105
aF105
aF140
aF105
aF50
aF40
aF160
aF190
aF210
aF35
aF110
aF105
aF105
aF105
aF105
aF185
aF110
aF105
aF120
aF155
aF125
aF85
aF105
aF105
aF110
aF105
aF105
aF150
aF120
aF105
aF125
aF165
aF65
aF45
aF160
aF185
aF75
aF80
aF110
aF135
aF105
aF360
aF215
aF110
aF105
aF90
aF75
aF45
aF35
aF110
aF215
aF110
aF105
aF120
aF105
aF105
aF105
aF145
aF110
aF170
aF30
aF105
aF105
aF145
aF140
aF105
aF110
aF105
aF105
aF75
aF80
aF60
aF110
aF110
aF80
aF105
aF185
aF110
aF185
aF60
aF110
aF105
aF150
aF35
aF35
aF105
aF105
aF225
aF70
aF45
aF180
aF120
aF195
aF305
aF105
aF230
aF230
aF160
aF120
aF135
aF65
aF110
aF105
aF60
aF80
aF180
aF75
aF105
aF195
aF100
aF105
aF210
aF180
aF105
aF105
aF210
aF140
aF210
aF100
aF40
aF20
aF120
aF210
aF110
aF180
aF120
aF125
aF215
aF130
aF210
aF210
aF105
aF140
aF210
aF475
aF30
aF65
aF110
aF415
aF195
aF180
aF105
aF180
aF225
aF105
aF135
aF200
aF180
aF105
aF105
aF35
aF40
aF15
aF15
aF20
aF105
aF105
aF140
aF105
aF105
aF105
aF140
aF370
aF95
aF85
aF125
aF150
aF105
aF210
aF210
aF310
aF170
aF75
aF105
aF35
aF75
aF140
aF155
aF175
aF105
aF130
aF80
aF155
aF110
aF105
aF105
aF105
aF110
aF185
aF180
aF305
aF30
aF180
aF335
aF110
aF130
aF105
aF85
aF105
aF165
aF105
aF105
aF115
aF120
aF110
aF120
aF120
aF180
aF15
aF105
aF65
aF105
aF105
aF105
aF105
aF105
aF55
aF105
aF105
aF105
aF280
aF135
aF115
aF50
aF105
aF105
aF105
aF60
aF105
aF105
aF110
aF65
aF180
aF105
aF105
aF120
aF60
aF110
aF120
aF30
aF140
aF25
aF45
aF170
aF35
aF105
aF90
aF135
aF180
aF105
aF50
aF105
aF105
aF160
aF165
aF60
aF50
aF105
aF105
aF130
aF355
aF105
aF105
aF165
aF185
aF110
aF120
aF105
aF125
aF90
aF105
aF260
aF110
aF120
aF105
aF55
aF45
aF30
aF105
aF105
aF0
aF110
aF210
aF120
aF45
aF35
aF180
aF105
aF105
aF105
aF120
aF105
aF85
aF80
aF105
aF35
aF30
aF120
aF35
aF110
aF30
aF50
aF65
aF90
aF135
aF120
aF180
aF120
aF110
aF120
aF155
aF105
aF140
aF65
aF180
aF155
aF170
aF65
aF565
aF110
aF235
aF115
aF30
aF105
aF105
aF110
aF435
aF180
aF135
aF105
aF105
aF60
aF150
aF105
aF135
aF80
aF110
aF105
aF110
aF90
aF110
aF110
aF225
aF90
aF100
aF50
aF50
aF55
aF95
aF120
aF215
aF150
aF70
aF105
aF155
aF450
aF105
aF180
aF105
aF285
aF75
aF30
aF260
aF90
aF105
aF165
aF335
aF110
aF135
aF120
aF155
aF40
aF105
aF190
aF120
aF45
aF120
aF105
aF65
aF105
aF60
aF155
aF80
aF105
aF170
aF185
aF45
aF45
aF95
aF65
aF105
aF380
aF120
aF120
aF155
aF105
aF50
aF150
aF40
aF30
aF65
aF90
aF205
aF105
aF120
aF125
aF35
aF45
aF105
aF65
aF95
aF35
aF180
aF105
aF45
aF105
aF195
aF85
aF40
aF120
aF90
aF155
aF335
aF75
aF50
aF105
aF110
aF110
aF305
aF105
aF80
aF60
aF60
aF155
aF180
aF235
aF55
aF45
aF270
aF105
aF90
aF50
aF40
aF80
aF45
aF410
aF250
aF130
aF55
aF435
aF50
aF235
aF90
aF110
aF105
aF285
aF50
aF105
aF135
aF105
aF120
aF165
aF105
aF105
aF215
aF105
aF135
aF110
aF55
aF55
aF110
aF240
aF335
aF75
aF75
aF50
aF110
aF260
aF50
aF60
aF105
aF195
aF110
aF275
aF60
aF330
aF120
aF150
aF155
aF210
aF105
aF125
aF205
aF75
aF145
aF120
aF445
aF240
aF110
aF110
aF105
aF95
aF50
aF75
aF60
aF105
aF185
aF105
aF65
aF135
aF105
aF75
aF135
aF80
aF135
aF120
aF80
aF305
aF150
aF105
aF80
aF105
aF110
aF105
aF120
aF110
aF105
aF75
aF135
aF110
aF105
aF75
aF185
aF105
aF105
aF105
aF120
aF125
aF110
aF165
aF105
aF140
aF120
aF125
aF120
aF105
aF105
aF245
aF105
aF305
aF260
aF90
aF120
aF105
aF185
aF135
aF105
aF110
aF105
aF45
aF150
aF115
aF30
aF105
aF105
aF105
aF170
aF105
aF105
aF120
aF110
aF80
aF105
aF105
aF155
aF135
aF55
aF100
aF80
aF105
aF50
aF105
aF110
aF105
aF145
aF185
aF110
aF105
aF105
aF80
aF135
aF105
aF110
aF110
aF105
aF360
aF50
aF125
aF135
aF105
aF120
aF80
aF110
aF135
aF105
aF65
aF75
aF105
aF105
aF115
aF90
aF110
aF155
aF105
aF110
aF110
aF75
aF135
aF105
aF105
aF135
aF110
aF110
aF125
aF50
aF110
aF155
aF75
aF100
aF60
aF90
aF105
aF105
aF90
aF90
aF80
aF155
aF110
aF170
aF120
aF120
aF155
aF135
aF140
aF50
aF340
aF150
aF80
aF120
aF110
aF120
aF105
aF155
aF105
aF155
aF120
aF80
aF50
aF80
aF100
aF120
aF100
aF65
aF105
aF110
aF60
aF105
aF155
aF185
aF320
aF90
aF90
aF120
aF210
aF50
aF125
aF75
aF135
aF125
aF65
aF75
aF80
aF80
aF95
aF170
aF205
aF75
aF105
aF120
aF100
aF50
aF230
aF105
aF105
aF230
aF105
aF110
aF210
aF135
aF105
aF180
aF110
aF105
aF105
aF110
aF250
aF150
aF135
aF110
aF50
aF120
aF80
aF150
aF105
aF105
aF105
aF100
aF105
aF105
aF150
aF210
aF105
aF230
aF75
aF75
aF50
aF50
aF55
aF50
aF105
aF75
aF120
aF75
aF105
aF75
aF75
aF80
aF75
aF90
aF140
aF105
aF85
aF105
aF85
aF125
aF155
aF105
aF105
aF155
aF150
aF90
aF75
aF105
aF105
aF115
aF50
aF105
aF130
aF105
aF130
aF110
aF95
aF155
aF335
aF210
aF75
aF120
aF340
aF75
aF105
aF150
aF110
aF255
aF105
aF95
aF110
aF255
aF105
aF110
aF105
aF110
aF65
aF50
aF75
aF50
aF75
aF75
aF75
aF75
aF80
aF285
aF60
aF105
aF90
aF235
aF105
aF245
aF85
aF290
aF255
aF110
aF185
aF110
aF105
aF120
aF135
aF90
aF120
aF110
aF105
aF110
aF105
aF55
aF80
aF110
aF190
aF150
aF140
aF105
aF95
aF120
aF110
aF410
aF65
aF105
aF135
aF50
aF50
aF75
aF50
aF55
aF105
aF105
aF105
aF85
aF80
aF50
aF30
aF50
aF120
aF105
aF135
aF50
aF95
aF140
aF140
aF105
aF80
aF95
aF100
aF50
aF210
aF135
aF130
aF150
aF105
aF240
aF255
aF105
aF120
aF135
aF60
aF105
aF80
aF110
aF75
aF50
aF190
aF150
aF75
aF75
aF75
aF75
aF75
aF90
aF50
aF55
aF230
aF105
aF50
aF105
aF105
aF120
aF120
aF165
aF85
aF50
aF50
aF70
aF50
aF50
aF50
aF50
aF50
aF75
aF105
aF30
aF115
aF185
aF105
aF75
aF50
aF100
aF50
aF240
aF50
aF50
aF50
aF80
aF50
aF100
aF155
aF50
aF75
aF90
aF70
aF50
aF200
aF105
aF105
aF110
aF110
aF110
aF80
aF80
aF135
aF150
aF105
aF110
aF310
aF105
aF20
aF110
aF110
aF105
aF105
aF70
aF75
aF50
aF105
aF110
aF105
aF105
aF80
aF110
aF200
aF60
aF100
aF120
aF75
aF110
aF90
aF105
aF50
aF100
aF50
aF70
aF190
aF75
aF75
aF210
aF75
aF75
aF75
aF75
aF75
aF75
aF75
aF105
aF50
aF105
aF120
aF75
aF50
aF105
aF175
aF100
aF110
aF50
aF165
aF165
aF105
aF305
aF75
aF50
aF120
aF70
aF50
aF125
aF110
aF105
aF75
aF185
aF105
aF120
aF70
aF70
aF50
aF185
aF105
aF75
aF80
aF135
aF210
aF125
aF160
aF80
aF115
aF75
aF50
aF125
aF120
aF155
aF75
aF50
aF105
aF75
aF155
aF90
aF65
aF75
aF105
aF70
aF105
aF105
aF105
aF105
aF135
aF80
aF115
aF50
aF70
aF75
aF120
aF50
aF50
aF50
aF50
aF75
aF100
aF105
aF105
aF105
aF125
aF50
aF30
aF155
aF105
aF105
aF105
aF80
aF120
aF50
aF105
aF50
aF75
aF105
aF75
aF75
aF75
aF125
aF15
aF60
aF50
aF75
aF75
aF105
aF65
aF30
aF75
aF70
aF80
aF105
aF160
aF185
aF50
aF50
aF90
aF105
aF195
aF100
aF135
aF105
aF75
aF120
aF50
aF105
aF105
aF105
aF65
aF120
aF50
aF70
aF135
aF105
aF75
aF50
aF120
aF50
aF50
aF80
aF105
aF50
aF105
aF120
aF75
aF275
aF105
aF170
aF120
aF210
aF80
aF85
aF105
aF200
aF195
aF255
aF105
aF135
aF140
aF105
aF100
aF50
aF50
aF50
aF110
aF50
aF105
aF75
aF75
aF50
aF105
aF50
aF100
aF125
aF100
aF50
aF380
aF140
aF110
aF70
aF75
aF100
aF70
aF105
aF230
aF50
aF105
aF105
aF70
aF105
aF110
aF125
aF70
aF70
aF75
aF70
aF85
aF75
aF30
aF70
aF85
aF105
aF70
aF105
aF105
aF75
aF120
aF100
aF50
aF35
aF70
aF65
aF65
aF350
aF320
aF50
aF100
aF95
aF90
aF95
aF75
aF50
aF50
aF75
aF70
aF120
aF75
aF115
aF110
aF50
aF50
aF50
aF50
aF80
aF105
aF105
aF120
aF105
aF70
aF70
aF70
aF70
aF110
aF60
aF50
aF50
aF230
aF50
aF85
aF75
aF90
aF50
aF50
aF265
aF105
aF75
aF155
aF35
aF310
aF105
aF110
aF85
aF125
aF75
aF85
aF80
aF135
aF150
aF400
aF50
aF110
aF105
aF70
aF70
aF70
aF50
aF165
aF70
aF50
aF75
aF75
aF105
aF75
aF65
aF75
aF75
aF75
aF155
aF75
aF125
aF105
aF125
aF120
aF80
aF110
aF140
aF80
aF130
aF75
aF105
aF50
aF45
aF50
aF125
aF125
aF110
aF105
aF105
aF200
aF105
aF130
aF50
aF50
aF70
aF140
aF75
aF75
aF75
aF70
aF70
aF130
aF95
aF230
aF135
aF55
aF30
aF170
aF65
aF45
aF230
aF65
aF165
aF110
aF75
aF30
aF65
aF105
aF150
aF90
aF75
aF105
aF75
aF75
aF50
aF105
aF105
aF70
aF75
aF30
aF105
aF75
aF50
aF70
aF70
aF50
aF70
aF105
aF105
aF105
aF105
aF30
aF135
aF320
aF100
aF75
aF50
aF180
aF50
aF310
aF105
aF75
aF50
aF50
aF50
aF70
aF70
aF50
aF100
aF75
aF110
aF75
aF105
aF30
aF70
aF120
aF65
aF70
aF70
aF105
aF105
aF75
aF100
aF75
aF80
aF105
aF290
aF130
aF110
aF140
aF105
aF105
aF55
aF185
aF150
aF105
aF115
aF50
aF155
aF135
aF105
aF140
aF120
aF75
aF125
aF80
aF70
aF105
aF75
aF70
aF70
aF70
aF95
aF75
aF135
aF75
aF140
aF75
aF110
aF105
aF110
aF50
aF105
aF65
aF105
aF520
aF185
aF60
aF105
aF50
aF105
aF145
aF100
aF50
aF125
aF145
aF50
aF50
aF75
aF50
aF70
aF50
aF50
aF170
aF50
aF120
aF50
aF75
aF75
aF50
aF125
aF75
aF110
aF125
aF125
aF105
aF110
aF110
aF65
aF105
aF75
aF125
aF75
aF125
aF155
aF105
aF240
aF35
aF70
aF75
aF155
aF120
aF105
aF80
aF70
aF75
aF105
aF30
aF30
aF210
aF15
aF110
aF140
aF105
aF95
aF140
aF100
aF75
aF50
aF185
aF105
aF120
aF30
aF165
aF75
aF70
aF105
aF265
aF105
aF105
aF105
aF55
aF110
aF105
aF120
aF105
aF135
aF45
aF85
aF150
aF140
aF215
aF105
aF55
aF80
aF50
aF105
aF120
aF50
aF145
aF105
aF60
aF70
aF75
aF85
aF65
aF70
aF75
aF150
aF155
aF50
aF80
aF75
aF110
aF85
aF90
aF65
aF65
aF50
aF105
aF75
aF155
aF65
aF75
aF75
aF80
aF105
aF30
aF50
aF75
aF125
aF110
aF105
aF110
aF125
aF135
aF80
aF80
aF65
aF50
aF50
aF105
aF50
aF50
aF75
aF105
aF90
aF125
aF105
aF75
aF140
aF105
aF105
aF180
aF50
aF105
aF45
aF50
aF65
aF65
aF50
aF50
aF105
aF105
aF130
aF200
aF120
aF50
aF80
aF75
aF70
aF180
aF80
aF105
aF120
aF165
aF215
aF50
aF165
aF50
aF70
aF170
aF165
aF50
aF135
aF65
aF30
aF75
aF220
aF100
aF50
aF30
aF50
aF65
aF75
aF80
aF60
aF95
aF105
aF75
aF50
aF55
aF50
aF65
aF235
aF75
aF190
aF75
aF75
aF75
aF120
aF80
aF105
aF80
aF105
aF65
aF80
asS'episode'
p6
(lp7
I3000
aI3001
aI3002
aI3003
aI3004
aI3005
aI3006
aI3007
aI3008
aI3009
aI3010
aI3011
aI3012
aI3013
aI3014
aI3015
aI3016
aI3017
aI3018
aI3019
aI3020
aI3021
aI3022
aI3023
aI3024
aI3025
aI3026
aI3027
aI3028
aI3029
aI3030
aI3031
aI3032
aI3033
aI3034
aI3035
aI3036
aI3037
aI3038
aI3039
aI3040
aI3041
aI3042
aI3043
aI3044
aI3045
aI3046
aI3047
aI3048
aI3049
aI3050
aI3051
aI3052
aI3053
aI3054
aI3055
aI3056
aI3057
aI3058
aI3059
aI3060
aI3061
aI3062
aI3063
aI3064
aI3065
aI3066
aI3067
aI3068
aI3069
aI3070
aI3071
aI3072
aI3073
aI3074
aI3075
aI3076
aI3077
aI3078
aI3079
aI3080
aI3081
aI3082
aI3083
aI3084
aI3085
aI3086
aI3087
aI3088
aI3089
aI3090
aI3091
aI3092
aI3093
aI3094
aI3095
aI3096
aI3097
aI3098
aI3099
aI3100
aI3101
aI3102
aI3103
aI3104
aI3105
aI3106
aI3107
aI3108
aI3109
aI3110
aI3111
aI3112
aI3113
aI3114
aI3115
aI3116
aI3117
aI3118
aI3119
aI3120
aI3121
aI3122
aI3123
aI3124
aI3125
aI3126
aI3127
aI3128
aI3129
aI3130
aI3131
aI3132
aI3133
aI3134
aI3135
aI3136
aI3137
aI3138
aI3139
aI3140
aI3141
aI3142
aI3143
aI3144
aI3145
aI3146
aI3147
aI3148
aI3149
aI3150
aI3151
aI3152
aI3153
aI3154
aI3155
aI3156
aI3157
aI3158
aI3159
aI3160
aI3161
aI3162
aI3163
aI3164
aI3165
aI3166
aI3167
aI3168
aI3169
aI3170
aI3171
aI3172
aI3173
aI3174
aI3175
aI3176
aI3177
aI3178
aI3179
aI3180
aI3181
aI3182
aI3183
aI3184
aI3185
aI3186
aI3187
aI3188
aI3189
aI3190
aI3191
aI3192
aI3193
aI3194
aI3195
aI3196
aI3197
aI3198
aI3199
aI3200
aI3201
aI3202
aI3203
aI3204
aI3205
aI3206
aI3207
aI3208
aI3209
aI3210
aI3211
aI3212
aI3213
aI3214
aI3215
aI3216
aI3217
aI3218
aI3219
aI3220
aI3221
aI3222
aI3223
aI3224
aI3225
aI3226
aI3227
aI3228
aI3229
aI3230
aI3231
aI3232
aI3233
aI3234
aI3235
aI3236
aI3237
aI3238
aI3239
aI3240
aI3241
aI3242
aI3243
aI3244
aI3245
aI3246
aI3247
aI3248
aI3249
aI3250
aI3251
aI3252
aI3253
aI3254
aI3255
aI3256
aI3257
aI3258
aI3259
aI3260
aI3261
aI3262
aI3263
aI3264
aI3265
aI3266
aI3267
aI3268
aI3269
aI3270
aI3271
aI3272
aI3273
aI3274
aI3275
aI3276
aI3277
aI3278
aI3279
aI3280
aI3281
aI3282
aI3283
aI3284
aI3285
aI3286
aI3287
aI3288
aI3289
aI3290
aI3291
aI3292
aI3293
aI3294
aI3295
aI3296
aI3297
aI3298
aI3299
aI3300
aI3301
aI3302
aI3303
aI3304
aI3305
aI3306
aI3307
aI3308
aI3309
aI3310
aI3311
aI3312
aI3313
aI3314
aI3315
aI3316
aI3317
aI3318
aI3319
aI3320
aI3321
aI3322
aI3323
aI3324
aI3325
aI3326
aI3327
aI3328
aI3329
aI3330
aI3331
aI3332
aI3333
aI3334
aI3335
aI3336
aI3337
aI3338
aI3339
aI3340
aI3341
aI3342
aI3343
aI3344
aI3345
aI3346
aI3347
aI3348
aI3349
aI3350
aI3351
aI3352
aI3353
aI3354
aI3355
aI3356
aI3357
aI3358
aI3359
aI3360
aI3361
aI3362
aI3363
aI3364
aI3365
aI3366
aI3367
aI3368
aI3369
aI3370
aI3371
aI3372
aI3373
aI3374
aI3375
aI3376
aI3377
aI3378
aI3379
aI3380
aI3381
aI3382
aI3383
aI3384
aI3385
aI3386
aI3387
aI3388
aI3389
aI3390
aI3391
aI3392
aI3393
aI3394
aI3395
aI3396
aI3397
aI3398
aI3399
aI3400
aI3401
aI3402
aI3403
aI3404
aI3405
aI3406
aI3407
aI3408
aI3409
aI3410
aI3411
aI3412
aI3413
aI3414
aI3415
aI3416
aI3417
aI3418
aI3419
aI3420
aI3421
aI3422
aI3423
aI3424
aI3425
aI3426
aI3427
aI3428
aI3429
aI3430
aI3431
aI3432
aI3433
aI3434
aI3435
aI3436
aI3437
aI3438
aI3439
aI3440
aI3441
aI3442
aI3443
aI3444
aI3445
aI3446
aI3447
aI3448
aI3449
aI3450
aI3451
aI3452
aI3453
aI3454
aI3455
aI3456
aI3457
aI3458
aI3459
aI3460
aI3461
aI3462
aI3463
aI3464
aI3465
aI3466
aI3467
aI3468
aI3469
aI3470
aI3471
aI3472
aI3473
aI3474
aI3475
aI3476
aI3477
aI3478
aI3479
aI3480
aI3481
aI3482
aI3483
aI3484
aI3485
aI3486
aI3487
aI3488
aI3489
aI3490
aI3491
aI3492
aI3493
aI3494
aI3495
aI3496
aI3497
aI3498
aI3499
aI3500
aI3501
aI3502
aI3503
aI3504
aI3505
aI3506
aI3507
aI3508
aI3509
aI3510
aI3511
aI3512
aI3513
aI3514
aI3515
aI3516
aI3517
aI3518
aI3519
aI3520
aI3521
aI3522
aI3523
aI3524
aI3525
aI3526
aI3527
aI3528
aI3529
aI3530
aI3531
aI3532
aI3533
aI3534
aI3535
aI3536
aI3537
aI3538
aI3539
aI3540
aI3541
aI3542
aI3543
aI3544
aI3545
aI3546
aI3547
aI3548
aI3549
aI3550
aI3551
aI3552
aI3553
aI3554
aI3555
aI3556
aI3557
aI3558
aI3559
aI3560
aI3561
aI3562
aI3563
aI3564
aI3565
aI3566
aI3567
aI3568
aI3569
aI3570
aI3571
aI3572
aI3573
aI3574
aI3575
aI3576
aI3577
aI3578
aI3579
aI3580
aI3581
aI3582
aI3583
aI3584
aI3585
aI3586
aI3587
aI3588
aI3589
aI3590
aI3591
aI3592
aI3593
aI3594
aI3595
aI3596
aI3597
aI3598
aI3599
aI3600
aI3601
aI3602
aI3603
aI3604
aI3605
aI3606
aI3607
aI3608
aI3609
aI3610
aI3611
aI3612
aI3613
aI3614
aI3615
aI3616
aI3617
aI3618
aI3619
aI3620
aI3621
aI3622
aI3623
aI3624
aI3625
aI3626
aI3627
aI3628
aI3629
aI3630
aI3631
aI3632
aI3633
aI3634
aI3635
aI3636
aI3637
aI3638
aI3639
aI3640
aI3641
aI3642
aI3643
aI3644
aI3645
aI3646
aI3647
aI3648
aI3649
aI3650
aI3651
aI3652
aI3653
aI3654
aI3655
aI3656
aI3657
aI3658
aI3659
aI3660
aI3661
aI3662
aI3663
aI3664
aI3665
aI3666
aI3667
aI3668
aI3669
aI3670
aI3671
aI3672
aI3673
aI3674
aI3675
aI3676
aI3677
aI3678
aI3679
aI3680
aI3681
aI3682
aI3683
aI3684
aI3685
aI3686
aI3687
aI3688
aI3689
aI3690
aI3691
aI3692
aI3693
aI3694
aI3695
aI3696
aI3697
aI3698
aI3699
aI3700
aI3701
aI3702
aI3703
aI3704
aI3705
aI3706
aI3707
aI3708
aI3709
aI3710
aI3711
aI3712
aI3713
aI3714
aI3715
aI3716
aI3717
aI3718
aI3719
aI3720
aI3721
aI3722
aI3723
aI3724
aI3725
aI3726
aI3727
aI3728
aI3729
aI3730
aI3731
aI3732
aI3733
aI3734
aI3735
aI3736
aI3737
aI3738
aI3739
aI3740
aI3741
aI3742
aI3743
aI3744
aI3745
aI3746
aI3747
aI3748
aI3749
aI3750
aI3751
aI3752
aI3753
aI3754
aI3755
aI3756
aI3757
aI3758
aI3759
aI3760
aI3761
aI3762
aI3763
aI3764
aI3765
aI3766
aI3767
aI3768
aI3769
aI3770
aI3771
aI3772
aI3773
aI3774
aI3775
aI3776
aI3777
aI3778
aI3779
aI3780
aI3781
aI3782
aI3783
aI3784
aI3785
aI3786
aI3787
aI3788
aI3789
aI3790
aI3791
aI3792
aI3793
aI3794
aI3795
aI3796
aI3797
aI3798
aI3799
aI3800
aI3801
aI3802
aI3803
aI3804
aI3805
aI3806
aI3807
aI3808
aI3809
aI3810
aI3811
aI3812
aI3813
aI3814
aI3815
aI3816
aI3817
aI3818
aI3819
aI3820
aI3821
aI3822
aI3823
aI3824
aI3825
aI3826
aI3827
aI3828
aI3829
aI3830
aI3831
aI3832
aI3833
aI3834
aI3835
aI3836
aI3837
aI3838
aI3839
aI3840
aI3841
aI3842
aI3843
aI3844
aI3845
aI3846
aI3847
aI3848
aI3849
aI3850
aI3851
aI3852
aI3853
aI3854
aI3855
aI3856
aI3857
aI3858
aI3859
aI3860
aI3861
aI3862
aI3863
aI3864
aI3865
aI3866
aI3867
aI3868
aI3869
aI3870
aI3871
aI3872
aI3873
aI3874
aI3875
aI3876
aI3877
aI3878
aI3879
aI3880
aI3881
aI3882
aI3883
aI3884
aI3885
aI3886
aI3887
aI3888
aI3889
aI3890
aI3891
aI3892
aI3893
aI3894
aI3895
aI3896
aI3897
aI3898
aI3899
aI3900
aI3901
aI3902
aI3903
aI3904
aI3905
aI3906
aI3907
aI3908
aI3909
aI3910
aI3911
aI3912
aI3913
aI3914
aI3915
aI3916
aI3917
aI3918
aI3919
aI3920
aI3921
aI3922
aI3923
aI3924
aI3925
aI3926
aI3927
aI3928
aI3929
aI3930
aI3931
aI3932
aI3933
aI3934
aI3935
aI3936
aI3937
aI3938
aI3939
aI3940
aI3941
aI3942
aI3943
aI3944
aI3945
aI3946
aI3947
aI3948
aI3949
aI3950
aI3951
aI3952
aI3953
aI3954
aI3955
aI3956
aI3957
aI3958
aI3959
aI3960
aI3961
aI3962
aI3963
aI3964
aI3965
aI3966
aI3967
aI3968
aI3969
aI3970
aI3971
aI3972
aI3973
aI3974
aI3975
aI3976
aI3977
aI3978
aI3979
aI3980
aI3981
aI3982
aI3983
aI3984
aI3985
aI3986
aI3987
aI3988
aI3989
aI3990
aI3991
aI3992
aI3993
aI3994
aI3995
aI3996
aI3997
aI3998
aI3999
aI4000
aI4001
aI4002
aI4003
aI4004
aI4005
aI4006
aI4007
aI4008
aI4009
aI4010
aI4011
aI4012
aI4013
aI4014
aI4015
aI4016
aI4017
aI4018
aI4019
aI4020
aI4021
aI4022
aI4023
aI4024
aI4025
aI4026
aI4027
aI4028
aI4029
aI4030
aI4031
aI4032
aI4033
aI4034
aI4035
aI4036
aI4037
aI4038
aI4039
aI4040
aI4041
aI4042
aI4043
aI4044
aI4045
aI4046
aI4047
aI4048
aI4049
aI4050
aI4051
aI4052
aI4053
aI4054
aI4055
aI4056
aI4057
aI4058
aI4059
aI4060
aI4061
aI4062
aI4063
aI4064
aI4065
aI4066
aI4067
aI4068
aI4069
aI4070
aI4071
aI4072
aI4073
aI4074
aI4075
aI4076
aI4077
aI4078
aI4079
aI4080
aI4081
aI4082
aI4083
aI4084
aI4085
aI4086
aI4087
aI4088
aI4089
aI4090
aI4091
aI4092
aI4093
aI4094
aI4095
aI4096
aI4097
aI4098
aI4099
aI4100
aI4101
aI4102
aI4103
aI4104
aI4105
aI4106
aI4107
aI4108
aI4109
aI4110
aI4111
aI4112
aI4113
aI4114
aI4115
aI4116
aI4117
aI4118
aI4119
aI4120
aI4121
aI4122
aI4123
aI4124
aI4125
aI4126
aI4127
aI4128
aI4129
aI4130
aI4131
aI4132
aI4133
aI4134
aI4135
aI4136
aI4137
aI4138
aI4139
aI4140
aI4141
aI4142
aI4143
aI4144
aI4145
aI4146
aI4147
aI4148
aI4149
aI4150
aI4151
aI4152
aI4153
aI4154
aI4155
aI4156
aI4157
aI4158
aI4159
aI4160
aI4161
aI4162
aI4163
aI4164
aI4165
aI4166
aI4167
aI4168
aI4169
aI4170
aI4171
aI4172
aI4173
aI4174
aI4175
aI4176
aI4177
aI4178
aI4179
aI4180
aI4181
aI4182
aI4183
aI4184
aI4185
aI4186
aI4187
aI4188
aI4189
aI4190
aI4191
aI4192
aI4193
aI4194
aI4195
aI4196
aI4197
aI4198
aI4199
aI4200
aI4201
aI4202
aI4203
aI4204
aI4205
aI4206
aI4207
aI4208
aI4209
aI4210
aI4211
aI4212
aI4213
aI4214
aI4215
aI4216
aI4217
aI4218
aI4219
aI4220
aI4221
aI4222
aI4223
aI4224
aI4225
aI4226
aI4227
aI4228
aI4229
aI4230
aI4231
aI4232
aI4233
aI4234
aI4235
aI4236
aI4237
aI4238
aI4239
aI4240
aI4241
aI4242
aI4243
aI4244
aI4245
aI4246
aI4247
aI4248
aI4249
aI4250
aI4251
aI4252
aI4253
aI4254
aI4255
aI4256
aI4257
aI4258
aI4259
aI4260
aI4261
aI4262
aI4263
aI4264
aI4265
aI4266
aI4267
aI4268
aI4269
aI4270
aI4271
aI4272
aI4273
aI4274
aI4275
aI4276
aI4277
aI4278
aI4279
aI4280
aI4281
aI4282
aI4283
aI4284
aI4285
aI4286
aI4287
aI4288
aI4289
aI4290
aI4291
aI4292
aI4293
aI4294
aI4295
aI4296
aI4297
aI4298
aI4299
aI4300
aI4301
aI4302
aI4303
aI4304
aI4305
aI4306
aI4307
aI4308
aI4309
aI4310
aI4311
aI4312
aI4313
aI4314
aI4315
aI4316
aI4317
aI4318
aI4319
aI4320
aI4321
aI4322
aI4323
aI4324
aI4325
aI4326
aI4327
aI4328
aI4329
aI4330
aI4331
aI4332
aI4333
aI4334
aI4335
aI4336
aI4337
aI4338
aI4339
aI4340
aI4341
aI4342
aI4343
aI4344
aI4345
aI4346
aI4347
aI4348
aI4349
aI4350
aI4351
aI4352
aI4353
aI4354
aI4355
aI4356
aI4357
aI4358
aI4359
aI4360
aI4361
aI4362
aI4363
aI4364
aI4365
aI4366
aI4367
aI4368
aI4369
aI4370
aI4371
aI4372
aI4373
aI4374
aI4375
aI4376
aI4377
aI4378
aI4379
aI4380
aI4381
aI4382
aI4383
aI4384
aI4385
aI4386
aI4387
aI4388
aI4389
aI4390
aI4391
aI4392
aI4393
aI4394
aI4395
aI4396
aI4397
aI4398
aI4399
aI4400
aI4401
aI4402
aI4403
aI4404
aI4405
aI4406
aI4407
aI4408
aI4409
aI4410
aI4411
aI4412
aI4413
aI4414
aI4415
aI4416
aI4417
aI4418
aI4419
aI4420
aI4421
aI4422
aI4423
aI4424
aI4425
aI4426
aI4427
aI4428
aI4429
aI4430
aI4431
aI4432
aI4433
aI4434
aI4435
aI4436
aI4437
aI4438
aI4439
aI4440
aI4441
aI4442
aI4443
aI4444
aI4445
aI4446
aI4447
aI4448
aI4449
aI4450
aI4451
aI4452
aI4453
aI4454
aI4455
aI4456
aI4457
aI4458
aI4459
aI4460
aI4461
aI4462
aI4463
aI4464
aI4465
aI4466
aI4467
aI4468
aI4469
aI4470
aI4471
aI4472
aI4473
aI4474
aI4475
aI4476
aI4477
aI4478
aI4479
aI4480
aI4481
aI4482
aI4483
aI4484
aI4485
aI4486
aI4487
aI4488
aI4489
aI4490
aI4491
aI4492
aI4493
aI4494
aI4495
aI4496
aI4497
aI4498
aI4499
aI4500
aI4501
aI4502
aI4503
aI4504
aI4505
aI4506
aI4507
aI4508
aI4509
aI4510
aI4511
aI4512
aI4513
aI4514
aI4515
aI4516
aI4517
aI4518
aI4519
aI4520
aI4521
aI4522
aI4523
aI4524
aI4525
aI4526
aI4527
aI4528
aI4529
aI4530
aI4531
aI4532
aI4533
aI4534
aI4535
aI4536
aI4537
aI4538
aI4539
aI4540
aI4541
aI4542
aI4543
aI4544
aI4545
aI4546
aI4547
aI4548
aI4549
aI4550
aI4551
aI4552
aI4553
aI4554
aI4555
aI4556
aI4557
aI4558
aI4559
aI4560
aI4561
aI4562
aI4563
aI4564
aI4565
aI4566
aI4567
aI4568
aI4569
aI4570
aI4571
aI4572
aI4573
aI4574
aI4575
aI4576
aI4577
aI4578
aI4579
aI4580
aI4581
aI4582
aI4583
aI4584
aI4585
aI4586
aI4587
aI4588
aI4589
aI4590
aI4591
aI4592
aI4593
aI4594
aI4595
aI4596
aI4597
aI4598
aI4599
aI4600
aI4601
aI4602
aI4603
aI4604
aI4605
aI4606
aI4607
aI4608
aI4609
aI4610
aI4611
aI4612
aI4613
aI4614
aI4615
aI4616
aI4617
aI4618
aI4619
aI4620
aI4621
aI4622
aI4623
aI4624
aI4625
aI4626
aI4627
aI4628
aI4629
aI4630
aI4631
aI4632
aI4633
aI4634
aI4635
aI4636
aI4637
aI4638
aI4639
aI4640
aI4641
aI4642
aI4643
aI4644
aI4645
aI4646
aI4647
aI4648
aI4649
aI4650
aI4651
aI4652
aI4653
aI4654
aI4655
aI4656
aI4657
aI4658
aI4659
aI4660
aI4661
aI4662
aI4663
aI4664
aI4665
aI4666
aI4667
aI4668
aI4669
aI4670
aI4671
aI4672
aI4673
aI4674
aI4675
aI4676
aI4677
aI4678
aI4679
aI4680
aI4681
aI4682
aI4683
aI4684
aI4685
aI4686
aI4687
aI4688
aI4689
aI4690
aI4691
aI4692
aI4693
aI4694
aI4695
aI4696
aI4697
aI4698
aI4699
aI4700
aI4701
aI4702
aI4703
aI4704
aI4705
aI4706
aI4707
aI4708
aI4709
aI4710
aI4711
aI4712
aI4713
aI4714
aI4715
aI4716
aI4717
aI4718
aI4719
aI4720
aI4721
aI4722
aI4723
aI4724
aI4725
aI4726
aI4727
aI4728
aI4729
aI4730
aI4731
aI4732
aI4733
aI4734
aI4735
aI4736
aI4737
aI4738
aI4739
aI4740
aI4741
aI4742
aI4743
aI4744
aI4745
aI4746
aI4747
aI4748
aI4749
aI4750
aI4751
aI4752
aI4753
aI4754
aI4755
aI4756
aI4757
aI4758
aI4759
aI4760
aI4761
aI4762
aI4763
aI4764
aI4765
aI4766
aI4767
aI4768
aI4769
aI4770
aI4771
aI4772
aI4773
aI4774
aI4775
aI4776
aI4777
aI4778
aI4779
aI4780
aI4781
aI4782
aI4783
aI4784
aI4785
aI4786
aI4787
aI4788
aI4789
aI4790
aI4791
aI4792
aI4793
aI4794
aI4795
aI4796
aI4797
aI4798
aI4799
aI4800
aI4801
aI4802
aI4803
aI4804
aI4805
aI4806
aI4807
aI4808
aI4809
aI4810
aI4811
aI4812
aI4813
aI4814
aI4815
aI4816
aI4817
aI4818
aI4819
aI4820
aI4821
aI4822
aI4823
aI4824
aI4825
aI4826
aI4827
aI4828
aI4829
aI4830
aI4831
aI4832
aI4833
aI4834
aI4835
aI4836
aI4837
aI4838
aI4839
aI4840
aI4841
aI4842
aI4843
aI4844
aI4845
aI4846
aI4847
aI4848
aI4849
aI4850
aI4851
aI4852
aI4853
aI4854
aI4855
aI4856
aI4857
aI4858
aI4859
aI4860
aI4861
aI4862
aI4863
aI4864
aI4865
aI4866
aI4867
aI4868
aI4869
aI4870
aI4871
aI4872
aI4873
aI4874
aI4875
aI4876
aI4877
aI4878
aI4879
aI4880
aI4881
aI4882
aI4883
aI4884
aI4885
aI4886
aI4887
aI4888
aI4889
aI4890
aI4891
aI4892
aI4893
aI4894
aI4895
aI4896
aI4897
aI4898
aI4899
aI4900
aI4901
aI4902
aI4903
aI4904
aI4905
aI4906
aI4907
aI4908
aI4909
aI4910
aI4911
aI4912
aI4913
aI4914
aI4915
aI4916
aI4917
aI4918
aI4919
aI4920
aI4921
aI4922
aI4923
aI4924
aI4925
aI4926
aI4927
aI4928
aI4929
aI4930
aI4931
aI4932
aI4933
aI4934
aI4935
aI4936
aI4937
aI4938
aI4939
aI4940
aI4941
aI4942
aI4943
aI4944
aI4945
aI4946
aI4947
aI4948
aI4949
aI4950
aI4951
aI4952
aI4953
aI4954
aI4955
aI4956
aI4957
aI4958
aI4959
aI4960
aI4961
aI4962
aI4963
aI4964
aI4965
aI4966
aI4967
aI4968
aI4969
aI4970
aI4971
aI4972
aI4973
aI4974
aI4975
aI4976
aI4977
aI4978
aI4979
aI4980
aI4981
aI4982
aI4983
aI4984
aI4985
aI4986
aI4987
aI4988
aI4989
aI4990
aI4991
aI4992
aI4993
aI4994
aI4995
aI4996
aI4997
aI4998
aI4999
aI5000
aI5001
aI5002
aI5003
aI5004
aI5005
aI5006
aI5007
aI5008
aI5009
aI5010
aI5011
aI5012
aI5013
aI5014
aI5015
aI5016
aI5017
aI5018
aI5019
aI5020
aI5021
aI5022
aI5023
aI5024
aI5025
aI5026
aI5027
aI5028
aI5029
aI5030
aI5031
aI5032
aI5033
aI5034
aI5035
aI5036
aI5037
aI5038
aI5039
aI5040
aI5041
aI5042
aI5043
aI5044
aI5045
aI5046
aI5047
aI5048
aI5049
aI5050
aI5051
aI5052
aI5053
aI5054
aI5055
aI5056
aI5057
aI5058
aI5059
aI5060
aI5061
aI5062
aI5063
aI5064
aI5065
aI5066
aI5067
aI5068
aI5069
aI5070
aI5071
aI5072
aI5073
aI5074
aI5075
aI5076
aI5077
aI5078
aI5079
aI5080
aI5081
aI5082
aI5083
aI5084
aI5085
aI5086
aI5087
aI5088
aI5089
aI5090
aI5091
aI5092
aI5093
aI5094
aI5095
aI5096
aI5097
aI5098
aI5099
aI5100
aI5101
aI5102
aI5103
aI5104
aI5105
aI5106
aI5107
aI5108
aI5109
aI5110
aI5111
aI5112
aI5113
aI5114
aI5115
aI5116
aI5117
aI5118
aI5119
aI5120
aI5121
aI5122
aI5123
aI5124
aI5125
aI5126
aI5127
aI5128
aI5129
aI5130
aI5131
aI5132
aI5133
aI5134
aI5135
aI5136
aI5137
aI5138
aI5139
aI5140
aI5141
aI5142
aI5143
aI5144
aI5145
aI5146
aI5147
aI5148
aI5149
aI5150
aI5151
aI5152
aI5153
aI5154
aI5155
aI5156
aI5157
aI5158
aI5159
aI5160
aI5161
aI5162
aI5163
aI5164
aI5165
aI5166
aI5167
aI5168
aI5169
aI5170
aI5171
aI5172
aI5173
aI5174
aI5175
aI5176
aI5177
aI5178
aI5179
aI5180
aI5181
aI5182
aI5183
aI5184
aI5185
aI5186
aI5187
aI5188
aI5189
aI5190
aI5191
aI5192
aI5193
aI5194
aI5195
aI5196
aI5197
aI5198
aI5199
aI5200
aI5201
aI5202
aI5203
aI5204
aI5205
aI5206
aI5207
aI5208
aI5209
aI5210
aI5211
aI5212
aI5213
aI5214
aI5215
aI5216
aI5217
aI5218
aI5219
aI5220
aI5221
aI5222
aI5223
aI5224
aI5225
aI5226
aI5227
aI5228
aI5229
aI5230
aI5231
aI5232
aI5233
aI5234
aI5235
aI5236
aI5237
aI5238
aI5239
aI5240
aI5241
aI5242
aI5243
aI5244
aI5245
aI5246
aI5247
aI5248
aI5249
aI5250
aI5251
aI5252
aI5253
aI5254
aI5255
aI5256
aI5257
aI5258
aI5259
aI5260
aI5261
aI5262
aI5263
aI5264
aI5265
aI5266
aI5267
aI5268
aI5269
aI5270
aI5271
aI5272
aI5273
aI5274
aI5275
aI5276
aI5277
aI5278
aI5279
aI5280
aI5281
aI5282
aI5283
aI5284
aI5285
aI5286
aI5287
aI5288
aI5289
aI5290
aI5291
aI5292
aI5293
aI5294
aI5295
aI5296
aI5297
aI5298
aI5299
aI5300
aI5301
aI5302
aI5303
aI5304
aI5305
aI5306
aI5307
aI5308
aI5309
aI5310
aI5311
aI5312
aI5313
aI5314
aI5315
aI5316
aI5317
aI5318
aI5319
aI5320
aI5321
aI5322
aI5323
aI5324
aI5325
aI5326
aI5327
aI5328
aI5329
aI5330
aI5331
aI5332
aI5333
aI5334
aI5335
aI5336
aI5337
aI5338
aI5339
aI5340
aI5341
aI5342
aI5343
aI5344
aI5345
aI5346
aI5347
aI5348
aI5349
aI5350
aI5351
aI5352
aI5353
aI5354
aI5355
aI5356
aI5357
aI5358
aI5359
aI5360
aI5361
aI5362
aI5363
aI5364
aI5365
aI5366
aI5367
aI5368
aI5369
aI5370
aI5371
aI5372
aI5373
aI5374
aI5375
aI5376
aI5377
aI5378
aI5379
aI5380
aI5381
aI5382
aI5383
aI5384
aI5385
aI5386
aI5387
aI5388
aI5389
aI5390
aI5391
aI5392
aI5393
aI5394
aI5395
aI5396
aI5397
aI5398
aI5399
aI5400
aI5401
aI5402
aI5403
aI5404
aI5405
aI5406
aI5407
aI5408
aI5409
aI5410
aI5411
aI5412
aI5413
aI5414
aI5415
aI5416
aI5417
aI5418
aI5419
aI5420
aI5421
aI5422
aI5423
aI5424
aI5425
aI5426
aI5427
aI5428
aI5429
aI5430
aI5431
aI5432
aI5433
aI5434
aI5435
aI5436
aI5437
aI5438
aI5439
aI5440
aI5441
aI5442
aI5443
aI5444
aI5445
aI5446
aI5447
aI5448
aI5449
aI5450
aI5451
aI5452
aI5453
aI5454
aI5455
aI5456
aI5457
aI5458
aI5459
aI5460
aI5461
aI5462
aI5463
aI5464
aI5465
aI5466
aI5467
aI5468
aI5469
aI5470
aI5471
aI5472
aI5473
aI5474
aI5475
aI5476
aI5477
aI5478
aI5479
aI5480
aI5481
aI5482
aI5483
aI5484
aI5485
aI5486
aI5487
aI5488
aI5489
aI5490
aI5491
aI5492
aI5493
aI5494
aI5495
aI5496
aI5497
aI5498
aI5499
aI5500
aI5501
aI5502
aI5503
aI5504
aI5505
aI5506
aI5507
aI5508
aI5509
aI5510
aI5511
aI5512
aI5513
aI5514
aI5515
aI5516
aI5517
aI5518
aI5519
aI5520
aI5521
aI5522
aI5523
aI5524
aI5525
aI5526
aI5527
aI5528
aI5529
aI5530
aI5531
aI5532
aI5533
aI5534
aI5535
aI5536
aI5537
aI5538
aI5539
aI5540
aI5541
aI5542
aI5543
aI5544
aI5545
aI5546
aI5547
aI5548
aI5549
aI5550
aI5551
aI5552
aI5553
aI5554
aI5555
aI5556
aI5557
aI5558
aI5559
aI5560
aI5561
aI5562
aI5563
aI5564
aI5565
aI5566
aI5567
aI5568
aI5569
aI5570
aI5571
aI5572
aI5573
aI5574
aI5575
aI5576
aI5577
aI5578
aI5579
aI5580
aI5581
aI5582
aI5583
aI5584
aI5585
aI5586
aI5587
aI5588
aI5589
aI5590
aI5591
aI5592
aI5593
aI5594
aI5595
aI5596
aI5597
aI5598
aI5599
aI5600
aI5601
aI5602
aI5603
aI5604
aI5605
aI5606
aI5607
aI5608
aI5609
aI5610
aI5611
aI5612
aI5613
aI5614
aI5615
aI5616
aI5617
aI5618
aI5619
aI5620
aI5621
aI5622
aI5623
aI5624
aI5625
aI5626
aI5627
aI5628
aI5629
aI5630
aI5631
aI5632
aI5633
aI5634
aI5635
aI5636
aI5637
aI5638
aI5639
aI5640
aI5641
aI5642
aI5643
aI5644
aI5645
aI5646
aI5647
aI5648
aI5649
aI5650
aI5651
aI5652
aI5653
aI5654
aI5655
aI5656
aI5657
aI5658
aI5659
aI5660
aI5661
aI5662
aI5663
aI5664
aI5665
aI5666
aI5667
aI5668
aI5669
aI5670
aI5671
aI5672
aI5673
aI5674
aI5675
aI5676
aI5677
aI5678
aI5679
aI5680
aI5681
aI5682
aI5683
aI5684
aI5685
aI5686
aI5687
aI5688
aI5689
aI5690
aI5691
aI5692
aI5693
aI5694
aI5695
aI5696
aI5697
aI5698
aI5699
aI5700
aI5701
aI5702
aI5703
aI5704
aI5705
aI5706
aI5707
aI5708
aI5709
aI5710
aI5711
aI5712
aI5713
aI5714
aI5715
aI5716
aI5717
aI5718
aI5719
aI5720
aI5721
aI5722
aI5723
aI5724
aI5725
aI5726
aI5727
aI5728
aI5729
aI5730
aI5731
aI5732
aI5733
aI5734
aI5735
aI5736
aI5737
aI5738
aI5739
aI5740
aI5741
aI5742
aI5743
aI5744
aI5745
aI5746
aI5747
aI5748
aI5749
aI5750
aI5751
aI5752
aI5753
aI5754
aI5755
aI5756
aI5757
aI5758
aI5759
aI5760
aI5761
aI5762
aI5763
aI5764
aI5765
aI5766
aI5767
aI5768
aI5769
aI5770
aI5771
aI5772
aI5773
aI5774
aI5775
aI5776
aI5777
aI5778
aI5779
aI5780
aI5781
aI5782
aI5783
aI5784
aI5785
aI5786
aI5787
aI5788
aI5789
aI5790
aI5791
aI5792
aI5793
aI5794
aI5795
aI5796
aI5797
aI5798
aI5799
aI5800
aI5801
aI5802
aI5803
aI5804
aI5805
aI5806
aI5807
aI5808
aI5809
aI5810
aI5811
aI5812
aI5813
aI5814
aI5815
aI5816
aI5817
aI5818
aI5819
aI5820
aI5821
aI5822
aI5823
aI5824
aI5825
aI5826
aI5827
aI5828
aI5829
aI5830
aI5831
aI5832
aI5833
aI5834
aI5835
aI5836
aI5837
aI5838
aI5839
aI5840
aI5841
aI5842
aI5843
aI5844
aI5845
aI5846
aI5847
aI5848
aI5849
aI5850
aI5851
aI5852
aI5853
aI5854
aI5855
aI5856
aI5857
aI5858
aI5859
aI5860
aI5861
aI5862
aI5863
aI5864
aI5865
aI5866
aI5867
aI5868
aI5869
aI5870
aI5871
aI5872
aI5873
aI5874
aI5875
aI5876
aI5877
aI5878
aI5879
aI5880
aI5881
aI5882
aI5883
aI5884
aI5885
aI5886
aI5887
aI5888
aI5889
aI5890
aI5891
aI5892
aI5893
aI5894
aI5895
aI5896
aI5897
aI5898
aI5899
aI5900
aI5901
aI5902
aI5903
aI5904
aI5905
aI5906
aI5907
aI5908
aI5909
aI5910
aI5911
aI5912
aI5913
aI5914
aI5915
aI5916
aI5917
aI5918
aI5919
aI5920
aI5921
aI5922
aI5923
aI5924
aI5925
aI5926
aI5927
aI5928
aI5929
aI5930
aI5931
aI5932
aI5933
aI5934
aI5935
aI5936
aI5937
aI5938
aI5939
aI5940
aI5941
aI5942
aI5943
aI5944
aI5945
aI5946
aI5947
aI5948
aI5949
aI5950
aI5951
aI5952
aI5953
aI5954
aI5955
aI5956
aI5957
aI5958
aI5959
aI5960
aI5961
aI5962
aI5963
aI5964
aI5965
aI5966
aI5967
aI5968
aI5969
aI5970
aI5971
aI5972
aI5973
aI5974
aI5975
aI5976
aI5977
aI5978
aI5979
aI5980
aI5981
aI5982
aI5983
aI5984
aI5985
aI5986
aI5987
aI5988
aI5989
aI5990
aI5991
aI5992
aI5993
aI5994
aI5995
aI5996
aI5997
aI5998
aI5999
as.