(dp1
S'steps'
p2
(lp3
I66
aI126
aI82
aI65
aI82
aI124
aI82
aI82
aI82
aI82
aI82
aI82
aI51
aI82
aI83
aI82
aI82
aI82
aI66
aI82
aI82
aI101
aI66
aI81
aI82
aI82
aI82
aI82
aI81
aI82
aI84
aI65
aI84
aI84
aI100
aI82
aI82
aI82
aI84
aI125
aI82
aI82
aI82
aI69
aI82
aI126
aI82
aI82
aI82
aI82
aI82
aI84
aI86
aI65
aI99
aI66
aI65
aI82
aI82
aI82
aI48
aI82
aI82
aI82
aI83
aI65
aI82
aI111
aI67
aI67
aI68
aI82
aI66
aI81
aI82
aI98
aI65
aI82
aI66
aI51
aI69
aI82
aI66
aI99
aI49
aI86
aI87
aI82
aI70
aI109
aI93
aI103
aI66
aI82
aI51
aI82
aI82
aI41
aI84
aI82
aI82
aI82
aI82
aI81
aI82
aI82
aI85
aI66
aI70
aI82
aI83
aI51
aI66
aI82
aI82
aI83
aI81
aI82
aI51
aI82
aI68
aI52
aI51
aI51
aI82
aI69
aI65
aI80
aI82
aI67
aI109
aI51
aI67
aI83
aI69
aI49
aI69
aI109
aI152
aI62
aI82
aI65
aI111
aI83
aI52
aI83
aI51
aI51
aI95
aI65
aI82
aI41
aI82
aI51
aI72
aI65
aI82
aI72
aI82
aI84
aI51
aI83
aI82
aI39
aI68
aI85
aI66
aI65
aI70
aI82
aI51
aI88
aI90
aI61
aI87
aI86
aI148
aI51
aI67
aI65
aI109
aI51
aI51
aI83
aI70
aI81
aI65
aI56
aI41
aI85
aI87
aI111
aI51
aI82
aI51
aI86
aI71
aI51
aI51
aI49
aI49
aI83
aI65
aI51
aI53
aI85
aI85
aI52
aI98
aI81
aI65
aI51
aI138
aI51
aI70
aI84
aI84
aI51
aI157
aI39
aI49
aI83
aI51
aI65
aI51
aI82
aI82
aI52
aI83
aI140
aI89
aI82
aI65
aI102
aI51
aI52
aI51
aI51
aI48
aI82
aI71
aI102
aI49
aI85
aI98
aI84
aI51
aI83
aI83
aI51
aI65
aI51
aI51
aI51
aI82
aI51
aI52
aI53
aI48
aI63
aI56
aI57
aI65
aI84
aI49
aI92
aI101
aI51
aI51
aI51
aI68
aI82
aI81
aI83
aI51
aI52
aI83
aI51
aI82
aI51
aI70
aI51
aI49
aI67
aI49
aI49
aI54
aI85
aI58
aI73
aI79
aI85
aI69
aI65
aI69
aI51
aI69
aI51
aI54
aI49
aI51
aI56
aI52
aI69
aI51
aI84
aI110
aI83
aI66
aI84
aI86
aI67
aI51
aI83
aI70
aI66
aI67
aI83
aI51
aI51
aI114
aI82
aI51
aI69
aI81
aI83
aI51
aI71
aI131
aI51
aI99
aI53
aI80
aI54
aI51
aI69
aI51
aI81
aI76
aI81
aI41
aI62
aI122
aI100
aI82
aI82
aI81
aI37
aI92
aI65
aI83
aI104
aI70
aI65
aI118
aI51
aI39
aI68
aI102
aI99
aI162
aI82
aI41
aI84
aI51
aI101
aI66
aI54
aI100
aI51
aI66
aI52
aI54
aI82
aI100
aI51
aI110
aI99
aI88
aI86
aI51
aI111
aI51
aI86
aI72
aI95
aI81
aI69
aI52
aI40
aI54
aI62
aI73
aI118
aI49
aI68
aI100
aI82
aI67
aI77
aI51
aI103
aI81
aI156
aI39
aI54
aI84
aI65
aI51
aI71
aI85
aI68
aI143
aI110
aI51
aI49
aI102
aI54
aI87
aI49
aI98
aI111
aI112
aI51
aI61
aI83
aI54
aI103
aI54
aI83
aI68
aI101
aI51
aI52
aI41
aI51
aI142
aI51
aI99
aI136
aI109
aI109
aI51
aI51
aI68
aI68
aI60
aI67
aI50
aI49
aI123
aI89
aI103
aI81
aI51
aI52
aI56
aI98
aI131
aI72
aI84
aI104
aI103
aI82
aI121
aI100
aI68
aI44
aI40
aI67
aI86
aI100
aI82
aI41
aI67
aI74
aI54
aI118
aI89
aI66
aI63
aI61
aI99
aI99
aI51
aI66
aI66
aI54
aI54
aI118
aI71
aI66
aI58
aI90
aI65
aI67
aI39
aI98
aI147
aI67
aI54
aI54
aI101
aI87
aI54
aI100
aI136
aI51
aI136
aI70
aI42
aI54
aI149
aI82
aI90
aI173
aI65
aI51
aI112
aI89
aI49
aI85
aI118
aI144
aI82
aI82
aI86
aI60
aI59
aI97
aI67
aI82
aI82
aI82
aI51
aI84
aI85
aI69
aI68
aI142
aI68
aI68
aI82
aI68
aI124
aI89
aI152
aI81
aI78
aI159
aI49
aI117
aI83
aI68
aI72
aI144
aI55
aI85
aI65
aI62
aI82
aI85
aI68
aI49
aI53
aI73
aI85
aI66
aI54
aI74
aI112
aI87
aI66
aI98
aI82
aI110
aI82
aI82
aI103
aI66
aI73
aI54
aI81
aI100
aI54
aI100
aI152
aI82
aI82
aI41
aI84
aI159
aI140
aI51
aI54
aI114
aI84
aI150
aI49
aI83
aI49
aI89
aI87
aI51
aI100
aI83
aI119
aI82
aI41
aI85
aI88
aI89
aI49
aI148
aI114
aI83
aI51
aI85
aI85
aI59
aI83
aI68
aI83
aI97
aI89
aI149
aI49
aI82
aI49
aI86
aI54
aI81
aI104
aI55
aI51
aI86
aI94
aI49
aI94
aI99
aI66
aI156
aI68
aI105
aI82
aI91
aI53
aI86
aI110
aI89
aI70
aI51
aI85
aI55
aI84
aI65
aI93
aI49
aI81
aI81
aI54
aI85
aI54
aI162
aI49
aI103
aI110
aI86
aI62
aI59
aI83
aI100
aI66
aI49
aI81
aI54
aI83
aI130
aI54
aI85
aI82
aI51
aI51
aI116
aI49
aI86
aI86
aI118
aI119
aI83
aI49
aI89
aI118
aI108
aI62
aI85
aI104
aI86
aI144
aI49
aI120
aI92
aI52
aI51
aI85
aI99
aI84
aI83
aI82
aI82
aI83
aI46
aI88
aI83
aI54
aI67
aI41
aI86
aI99
aI55
aI87
aI94
aI82
aI84
aI67
aI82
aI51
aI52
aI46
aI52
aI85
aI100
aI126
aI82
aI51
aI68
aI144
aI83
aI49
aI52
aI84
aI85
aI81
aI87
aI83
aI71
aI49
aI109
aI90
aI105
aI51
aI69
aI89
aI49
aI87
aI64
aI84
aI108
aI70
aI51
aI121
aI146
aI83
aI51
aI83
aI52
aI73
aI62
aI41
aI66
aI68
aI54
aI103
aI83
aI49
aI139
aI54
aI86
aI41
aI66
aI55
aI41
aI82
aI113
aI51
aI138
aI69
aI51
aI92
aI54
aI88
aI65
aI81
aI82
aI85
aI85
aI110
aI98
aI108
aI51
aI68
aI86
aI51
aI51
aI81
aI41
aI86
aI54
aI61
aI78
aI82
aI75
aI86
aI102
aI41
aI83
aI85
aI85
aI50
aI64
aI50
aI86
aI83
aI90
aI45
aI76
aI82
aI70
aI54
aI49
aI54
aI65
aI82
aI54
aI54
aI101
aI84
aI39
aI147
aI82
aI51
aI51
aI54
aI95
aI79
aI72
aI65
aI49
aI54
aI54
aI54
aI84
aI51
aI55
aI56
aI44
aI101
aI54
aI81
aI54
aI144
aI51
aI49
aI53
aI81
aI73
aI54
aI54
aI87
aI85
aI68
aI81
aI81
aI87
aI96
aI82
aI67
aI83
aI95
aI105
aI82
aI84
aI54
aI50
aI54
aI84
aI44
aI101
aI111
aI66
aI84
aI76
aI54
aI83
aI158
aI92
aI90
aI93
aI51
aI68
aI79
aI56
aI99
aI77
aI56
aI89
aI119
aI68
aI63
aI100
aI63
aI71
aI90
aI137
aI39
aI54
aI76
aI65
aI70
aI53
aI68
aI60
aI68
aI87
aI56
aI82
aI54
aI56
aI57
aI101
aI52
aI109
aI109
aI87
aI49
aI54
aI54
aI85
aI154
aI48
aI57
aI73
aI57
aI64
aI81
aI58
aI62
aI129
aI53
aI49
aI90
aI49
aI116
aI117
aI83
aI51
aI49
aI96
aI54
aI71
aI67
aI52
aI83
aI71
aI159
aI41
aI84
aI73
aI94
aI54
aI86
aI82
aI56
aI54
aI46
aI81
aI55
aI120
aI100
aI118
aI46
aI95
aI101
aI109
aI54
aI49
aI126
aI143
aI124
aI68
aI51
aI49
aI77
aI73
aI111
aI49
aI90
aI122
aI86
aI57
aI110
aI65
aI53
aI83
aI68
aI71
aI60
aI92
aI97
aI49
aI57
aI80
aI71
aI90
aI104
aI89
aI90
aI109
aI63
aI93
aI76
aI77
aI65
aI72
aI126
aI49
aI68
aI108
aI100
aI64
aI77
aI49
aI87
aI83
aI56
aI72
aI71
aI103
aI77
aI54
aI90
aI111
aI62
aI56
aI62
aI52
aI81
aI83
aI100
aI86
aI69
aI67
aI147
aI57
aI54
aI105
aI89
aI52
aI62
aI92
aI51
aI56
aI89
aI88
aI87
aI90
aI71
aI64
aI99
aI84
aI51
aI104
aI70
aI59
aI56
aI60
aI54
aI84
aI70
aI75
aI60
aI66
aI82
aI72
aI82
aI83
aI86
aI73
aI56
aI104
aI99
aI51
aI47
aI84
aI118
aI54
aI48
aI102
aI51
aI122
aI51
aI56
aI90
aI99
aI49
aI68
aI90
aI72
aI86
aI55
aI90
aI40
aI71
aI49
aI67
aI72
aI62
aI56
aI90
aI73
aI90
aI74
aI65
aI53
aI71
aI85
aI74
aI59
aI66
aI62
aI74
aI109
aI51
aI67
aI56
aI56
aI48
aI66
aI108
aI54
aI85
aI76
aI56
aI56
aI62
aI100
aI59
aI57
aI113
aI116
aI49
aI105
aI99
aI87
aI56
aI55
aI90
aI56
aI76
aI102
aI86
aI48
aI83
aI46
aI71
aI148
aI51
aI92
aI66
aI70
aI77
aI54
aI56
aI52
aI78
aI126
aI63
aI40
aI100
aI55
aI86
aI51
aI100
aI54
aI56
aI56
aI73
aI55
aI68
aI92
aI56
aI56
aI56
aI92
aI49
aI121
aI56
aI74
aI63
aI100
aI68
aI110
aI106
aI49
aI75
aI90
aI126
aI99
aI51
aI41
aI82
aI84
aI46
aI153
aI129
aI90
aI84
aI127
aI53
aI56
aI101
aI56
aI90
aI56
aI75
aI90
aI104
aI99
aI88
aI87
aI59
aI86
aI46
aI96
aI50
aI40
aI147
aI83
aI49
aI83
aI82
aI46
aI115
aI83
aI97
aI90
aI134
aI51
aI122
aI68
aI103
aI116
aI89
aI131
aI167
aI56
aI46
aI78
aI56
aI111
aI102
aI79
aI107
aI81
aI73
aI104
aI84
aI86
aI92
aI50
aI103
aI76
aI61
aI51
aI99
aI105
aI60
aI56
aI120
aI48
aI89
aI86
aI51
aI66
aI67
aI54
aI50
aI62
aI81
aI87
aI46
aI52
aI68
aI112
aI99
aI51
aI51
aI84
aI111
aI102
aI148
aI51
aI49
aI115
aI68
aI111
aI51
aI143
aI100
aI52
aI57
aI98
aI51
aI71
aI96
aI51
aI46
aI101
aI123
aI58
aI51
aI84
aI109
aI141
aI51
aI45
aI96
aI51
aI98
aI49
aI84
aI99
aI54
aI83
aI101
aI100
aI49
aI68
aI83
aI96
aI39
aI54
aI137
aI70
aI81
aI51
aI68
aI45
aI46
aI103
aI77
aI72
aI56
aI56
aI67
aI60
aI56
aI56
aI97
aI49
aI56
aI56
aI67
aI107
aI53
aI91
aI91
aI66
aI82
aI73
aI97
aI103
aI120
aI91
aI63
aI40
aI61
aI79
aI56
aI86
aI75
aI60
aI54
aI40
aI145
aI82
aI87
aI74
aI62
aI73
aI73
aI67
aI54
aI54
aI95
aI49
aI68
aI61
aI69
aI52
aI73
aI79
aI55
aI63
aI66
aI101
aI81
aI90
aI84
aI49
aI105
aI51
aI49
aI81
aI83
aI100
aI71
aI73
aI83
aI55
aI129
aI54
aI48
aI91
aI105
aI111
aI86
aI60
aI57
aI103
aI81
aI79
aI49
aI168
aI82
aI66
aI110
aI92
aI49
aI86
aI80
aI75
aI48
aI76
aI93
aI77
aI50
aI125
aI52
aI73
aI104
aI50
aI90
aI56
aI60
aI67
aI83
aI64
aI66
aI129
aI49
aI123
aI77
aI56
aI111
aI49
aI94
aI112
aI49
aI64
aI70
aI93
aI73
aI65
aI68
aI134
aI80
aI75
aI68
aI45
aI73
aI68
aI108
aI51
aI51
aI87
aI56
aI59
aI91
aI74
aI70
aI80
aI106
aI85
aI54
aI48
aI55
aI85
aI143
aI66
aI142
aI64
aI83
aI99
aI54
aI52
aI69
aI71
aI98
aI90
aI67
aI69
aI49
aI56
aI38
aI68
aI100
aI63
aI75
aI40
aI60
aI60
aI79
aI73
aI107
aI56
aI66
aI94
aI73
aI133
aI92
aI42
aI130
aI48
aI49
aI83
aI115
aI158
aI106
aI49
aI90
aI64
aI99
aI73
aI81
aI68
aI84
aI43
aI84
aI85
aI51
aI53
aI127
aI53
aI83
aI66
aI74
aI51
aI42
aI59
aI90
aI49
aI92
aI66
aI63
aI82
aI60
aI49
aI72
aI72
aI74
aI93
aI54
aI99
aI191
aI51
aI49
aI108
aI56
aI53
aI77
aI64
aI108
aI56
aI99
aI89
aI88
aI90
aI70
aI73
aI50
aI97
aI83
aI67
aI114
aI48
aI54
aI98
aI91
aI52
aI53
aI109
aI57
aI106
aI83
aI87
aI73
aI114
aI78
aI77
aI74
aI98
aI71
aI86
aI86
aI69
aI57
aI49
aI49
aI113
aI90
aI72
aI140
aI73
aI95
aI70
aI94
aI92
aI96
aI66
aI73
aI48
aI103
aI63
aI94
aI127
aI40
aI86
aI55
aI53
aI91
aI84
aI57
aI89
aI52
aI34
aI65
aI112
aI61
aI70
aI73
aI60
aI84
aI63
aI54
aI52
aI94
aI85
aI49
aI67
aI56
aI96
aI51
aI71
aI66
aI74
aI74
aI81
aI82
aI54
aI88
aI96
aI56
aI126
aI103
aI80
aI62
aI155
aI68
aI67
aI86
aI89
aI50
aI86
aI100
aI49
aI84
aI73
aI49
aI55
aI108
aI113
aI147
aI73
aI72
aI79
aI59
aI96
aI73
aI70
aI129
aI150
aI102
aI54
aI90
aI81
aI95
aI83
aI63
aI50
aI67
aI65
aI102
aI74
aI123
aI89
aI79
aI70
aI73
aI67
aI50
aI110
aI111
aI63
aI95
aI90
aI95
aI62
aI98
aI70
aI42
aI60
aI146
aI69
aI76
aI92
aI77
aI77
aI50
aI94
aI88
aI49
aI103
aI64
aI85
aI64
aI63
aI79
aI76
aI80
aI59
aI63
aI71
aI124
aI91
aI39
aI99
aI86
aI65
aI49
aI115
aI60
aI82
aI54
aI87
aI59
aI80
aI65
aI65
aI61
aI49
aI153
aI142
aI54
aI81
aI96
aI110
aI67
aI71
aI67
aI68
aI51
aI35
aI130
aI81
aI94
aI70
aI144
aI133
aI71
aI49
aI64
aI70
aI110
aI69
aI67
aI50
aI53
aI55
aI64
aI53
aI54
aI93
aI49
aI75
aI53
aI71
aI64
aI97
aI100
aI70
aI70
aI91
aI69
aI106
aI99
aI92
aI82
aI94
aI89
aI74
aI39
aI51
aI49
aI68
aI113
aI50
aI124
aI88
aI59
aI119
aI82
aI80
aI103
aI82
aI98
aI94
aI117
aI95
aI92
aI83
aI60
aI67
aI87
aI104
aI73
aI88
aI104
aI109
aI69
aI116
aI110
aI110
aI103
aI82
aI91
aI69
aI112
aI55
aI74
aI106
aI64
aI103
aI86
aI44
aI92
aI88
aI101
aI93
aI45
aI50
aI81
aI101
aI87
aI70
aI66
aI67
aI96
aI84
aI56
aI99
aI89
aI57
aI84
aI53
aI114
aI79
aI80
aI41
aI132
aI49
aI85
aI65
aI115
aI54
aI135
aI75
aI92
aI65
aI64
aI94
aI49
aI156
aI50
aI95
aI83
aI94
aI119
aI46
aI49
aI121
aI126
aI125
aI109
aI56
aI98
aI102
aI51
aI95
aI81
aI65
aI91
aI94
aI82
aI86
aI64
aI98
aI86
aI130
aI88
aI67
aI100
aI73
aI125
aI77
aI109
aI80
aI88
aI82
aI91
aI131
aI73
aI70
aI66
aI76
aI52
aI54
aI54
aI69
aI95
aI77
aI77
aI84
aI95
aI92
aI60
aI104
aI83
aI64
aI65
aI111
aI107
aI65
aI85
aI84
aI64
aI70
aI73
aI120
aI57
aI86
aI105
aI103
aI97
aI51
aI62
aI52
aI105
aI78
aI91
aI49
aI100
aI76
aI89
aI105
aI62
aI137
aI52
aI96
aI121
aI65
aI94
aI89
aI93
aI87
aI65
aI54
aI55
aI110
aI96
aI66
aI70
aI109
aI50
aI98
aI48
aI94
aI49
aI54
aI64
aI68
aI53
aI89
aI36
aI80
aI120
aI65
aI58
aI76
aI53
aI53
aI90
aI118
aI66
aI80
aI69
aI100
aI83
aI79
aI64
aI66
aI53
aI97
aI87
aI93
aI66
aI38
aI54
aI88
aI74
aI49
aI56
aI96
aI91
aI56
aI86
aI54
aI87
aI93
aI136
aI122
aI67
aI72
aI75
aI99
aI53
aI82
aI99
aI94
aI108
aI115
aI64
aI67
aI140
aI86
aI52
aI70
aI54
aI70
aI65
aI112
aI82
aI82
aI76
aI70
aI52
aI62
aI88
aI84
aI107
aI66
aI78
aI91
aI86
aI34
aI94
aI75
aI53
aI47
aI157
aI66
aI87
aI89
aI100
aI121
aI89
aI76
aI53
aI102
aI97
aI53
aI99
aI49
aI85
aI97
aI69
aI66
aI89
aI95
aI95
aI72
aI51
aI62
aI51
aI67
aI113
aI113
aI64
aI74
aI109
aI83
aI69
aI85
aI74
aI41
aI65
aI67
aI82
aI98
aI103
aI54
aI52
aI42
aI106
aI131
aI159
aI152
aI95
aI99
aI74
aI77
aI97
aI79
aI50
aI69
aI92
aI91
aI105
aI65
aI70
aI68
aI64
aI67
aI70
aI114
aI77
aI150
aI50
aI65
aI75
aI88
aI74
aI95
aI56
aI88
aI76
aI103
aI80
aI103
aI104
aI79
aI82
aI101
aI80
aI61
aI76
aI95
aI98
aI106
aI71
aI60
aI93
aI68
aI56
aI64
aI94
aI119
aI125
aI160
aI54
aI74
aI124
aI96
aI89
aI82
aI79
aI77
aI70
aI82
aI79
aI106
aI92
aI90
aI65
aI84
aI51
aI95
aI110
aI80
aI103
aI116
aI87
aI93
aI100
aI133
aI67
aI105
aI40
aI69
aI108
aI63
aI85
aI123
aI74
aI99
aI74
aI84
aI56
aI89
aI99
aI91
aI82
aI92
aI43
aI108
aI89
aI129
aI92
aI110
aI91
aI87
aI91
aI84
aI81
aI117
aI70
aI54
aI92
aI87
aI78
aI81
aI92
aI53
aI103
aI92
aI67
aI87
aI123
aI93
aI47
aI136
aI96
aI92
aI56
aI78
aI53
aI60
aI72
aI85
aI83
aI53
aI90
aI92
aI86
aI62
aI102
aI91
aI90
aI66
aI108
aI40
aI87
aI87
aI101
aI62
aI45
aI116
aI76
aI99
aI89
aI111
aI89
aI80
aI86
aI87
aI130
aI90
aI49
aI51
aI142
aI51
aI58
aI63
aI98
aI62
aI39
aI77
aI133
aI53
aI88
aI97
aI82
aI68
aI57
aI68
aI70
aI112
aI74
aI134
aI93
aI94
aI92
aI90
aI73
aI109
aI52
aI87
aI109
aI78
aI86
aI90
aI81
aI59
aI95
aI134
aI120
aI51
aI67
aI109
aI98
aI95
aI94
aI65
aI113
aI104
aI89
aI49
aI104
aI90
aI54
aI94
aI103
aI143
aI40
aI107
aI82
aI83
aI64
aI100
aI131
aI80
aI49
aI55
aI160
aI88
aI84
aI136
aI93
aI93
aI100
aI73
aI64
aI83
aI50
aI52
aI44
aI75
aI132
aI112
aI47
aI87
aI77
aI93
aI64
aI150
aI68
aI81
aI77
aI89
aI81
aI82
aI87
aI97
aI56
aI61
aI98
aI91
aI65
aI106
aI87
aI54
aI103
aI78
aI110
aI94
aI87
aI111
aI54
aI84
aI99
aI90
aI89
aI78
aI49
aI69
aI55
aI83
aI92
aI89
aI105
aI81
aI79
aI127
aI54
aI113
aI120
aI40
aI76
aI148
aI69
aI41
aI98
aI81
aI107
aI91
aI46
aI134
aI104
aI70
aI75
aI89
aI88
aI88
aI68
aI56
aI98
aI108
aI93
aI85
aI131
aI109
aI111
aI112
aI119
aI100
aI40
aI91
aI46
aI54
aI155
aI70
aI114
aI88
aI80
aI57
aI79
aI47
aI69
aI62
aI128
aI87
aI96
aI147
aI95
aI145
aI100
aI81
aI140
aI64
aI77
aI65
aI63
aI107
aI64
aI104
aI81
aI86
aI93
aI88
aI95
aI110
aI54
aI128
aI87
aI53
aI168
aI50
aI88
aI125
aI147
aI76
aI112
aI106
aI73
aI146
aI115
aI100
aI57
aI109
aI41
aI45
aI75
aI67
aI75
aI74
aI74
aI62
aI77
aI93
aI56
aI65
aI67
aI99
aI72
aI91
aI60
aI62
aI131
aI66
aI69
aI89
aI94
aI93
aI54
aI96
aI94
aI86
aI95
aI124
aI44
aI72
aI95
aI74
aI87
aI114
aI53
aI93
aI106
aI104
aI50
aI99
aI50
aI97
aI111
aI42
aI54
aI92
aI131
aI87
aI131
aI141
aI68
aI79
aI90
aI65
aI108
aI102
aI55
aI81
aI54
aI96
aI71
aI89
aI102
aI160
aI62
aI102
aI79
aI60
aI65
aI115
aI97
aI63
aI109
aI90
aI101
aI100
aI63
aI131
aI108
aI107
aI91
aI110
aI102
aI97
aI77
aI42
aI93
aI56
aI111
aI56
aI93
aI69
aI92
aI93
aI92
aI83
aI99
aI97
aI98
aI115
aI96
aI96
aI95
aI87
aI109
aI68
aI66
aI158
aI71
aI53
aI96
aI61
aI87
aI60
aI86
aI113
aI62
aI82
aI93
aI93
aI85
aI79
aI92
aI54
aI101
aI133
aI95
aI95
aI84
aI89
aI47
aI89
aI93
aI135
aI50
aI115
aI85
aI115
aI90
aI93
aI87
aI53
aI111
aI79
aI93
aI85
aI70
aI46
aI114
aI90
aI87
aI53
aI90
aI112
aI73
aI80
aI90
aI93
aI81
aI38
aI51
aI59
aI91
aI150
aI84
aI56
aI108
aI47
aI82
aI52
aI78
aI152
aI83
aI99
aI111
aI87
aI59
aI80
aI99
aI97
aI91
aI90
aI127
aI103
aI88
aI62
aI123
aI65
aI106
aI151
aI141
aI42
aI92
aI141
aI53
aI75
aI73
aI96
aI117
aI100
aI61
aI160
aI152
aI41
aI103
aI92
aI79
aI111
aI93
aI69
aI58
aI61
aI73
aI63
aI91
aI63
aI63
aI130
aI57
aI74
aI110
aI93
aI176
aI165
aI46
aI66
aI83
aI110
aI80
aI53
aI89
aI98
aI83
aI85
aI64
aI52
aI126
aI138
aI53
aI52
aI135
aI143
aI54
aI98
aI53
aI68
aI100
aI86
aI63
aI71
aI111
aI53
aI95
aI100
aI92
aI104
aI94
aI84
aI47
aI68
aI79
aI115
aI81
aI92
aI103
aI41
aI129
aI102
aI112
aI97
aI95
aI93
aI92
aI93
aI85
aI93
aI79
aI93
aI65
aI68
aI70
aI88
aI54
aI125
aI72
aI117
aI45
aI77
aI103
aI87
aI92
aI91
aI98
aI47
aI38
aI53
aI99
aI81
aI87
aI145
aI77
aI99
aI69
aI90
aI81
aI89
aI53
aI108
aI95
aI106
aI94
aI98
aI53
aI40
aI77
aI66
aI74
aI76
aI72
aI74
aI75
aI93
aI79
aI83
aI91
aI78
aI63
aI84
aI56
aI74
aI162
aI85
aI93
aI99
aI87
aI161
aI116
aI103
aI147
aI67
aI68
aI52
aI106
aI47
aI63
aI58
aI67
aI98
aI89
aI122
aI99
aI53
aI93
aI49
aI126
aI101
aI99
aI82
aI61
aI112
aI93
aI87
aI94
aI94
aI69
aI105
aI88
aI64
aI110
aI93
aI117
aI100
aI53
aI155
aI53
aI96
aI90
aI83
aI88
aI93
aI74
aI104
aI66
aI90
aI117
aI150
aI52
aI51
aI99
aI112
aI84
aI163
aI95
aI115
aI120
aI99
aI49
aI153
aI84
aI77
aI74
aI96
aI45
aI66
aI96
aI114
aI100
aI109
aI91
aI87
aI111
aI99
aI107
aI89
aI81
aI148
aI57
aI58
aI99
aI93
aI99
aI104
aI121
aI113
aI126
aI92
aI78
aI80
aI101
aI48
aI94
aI95
aI82
aI126
aI137
aI54
aI103
aI79
aI95
aI91
aI87
aI53
aI72
aI98
aI92
aI73
aI73
aI87
aI154
aI79
aI94
aI95
aI78
aI92
aI93
aI67
aI128
aI93
aI97
aI69
aI95
aI83
aI105
aI80
aI66
aI102
aI99
aI93
aI88
aI75
aI53
aI53
aI54
aI110
aI77
aI138
aI88
aI101
aI87
aI126
aI96
aI93
aI84
aI83
aI57
aI52
aI69
aI115
aI81
asS'reward'
p4
(lp5
F105
aF465
aF180
aF210
aF180
aF460
aF180
aF155
aF180
aF180
aF180
aF180
aF105
aF180
aF210
aF180
aF155
aF180
aF180
aF180
aF180
aF470
aF155
aF135
aF180
aF155
aF210
aF180
aF210
aF180
aF180
aF180
aF195
aF210
aF260
aF180
aF180
aF180
aF255
aF345
aF210
aF180
aF180
aF110
aF180
aF460
aF210
aF210
aF180
aF180
aF180
aF210
aF180
aF180
aF240
aF110
aF180
aF180
aF180
aF180
aF120
aF180
aF180
aF180
aF210
aF135
aF180
aF300
aF155
aF210
aF180
aF180
aF110
aF180
aF210
aF470
aF155
aF155
aF110
aF105
aF105
aF180
aF180
aF285
aF150
aF410
aF380
aF180
aF150
aF210
aF410
aF300
aF105
aF180
aF105
aF210
aF180
aF75
aF210
aF180
aF180
aF180
aF180
aF180
aF180
aF155
aF210
aF105
aF150
aF180
aF210
aF105
aF180
aF180
aF155
aF210
aF210
aF180
aF75
aF155
aF120
aF180
aF105
aF105
aF210
aF120
aF155
aF180
aF210
aF120
aF210
aF105
aF135
aF155
aF110
aF125
aF240
aF210
aF560
aF180
aF180
aF135
aF285
aF180
aF180
aF160
aF105
aF105
aF210
aF120
aF210
aF80
aF180
aF105
aF240
aF120
aF210
aF150
aF180
aF210
aF105
aF380
aF155
aF80
aF105
aF410
aF105
aF120
aF150
aF155
aF135
aF180
aF285
aF90
aF210
aF180
aF285
aF105
aF210
aF120
aF255
aF105
aF105
aF210
aF180
aF180
aF210
aF120
aF75
aF260
aF410
aF285
aF75
aF240
aF105
aF410
aF155
aF105
aF105
aF125
aF125
aF210
aF180
aF105
aF105
aF210
aF210
aF155
aF485
aF380
aF180
aF105
aF340
aF105
aF180
aF165
aF210
aF75
aF485
aF80
aF125
aF260
aF105
aF210
aF75
aF180
aF185
aF155
aF240
aF660
aF235
aF155
aF120
aF385
aF105
aF180
aF105
aF105
aF105
aF180
aF155
aF260
aF120
aF210
aF240
aF210
aF105
aF210
aF180
aF105
aF135
aF105
aF105
aF105
aF185
aF105
aF180
aF55
aF125
aF200
aF150
aF205
aF135
aF180
aF125
aF485
aF240
aF105
aF105
aF105
aF260
aF180
aF180
aF210
aF105
aF155
aF210
aF105
aF180
aF105
aF230
aF105
aF125
aF120
aF125
aF125
aF125
aF240
aF180
aF230
aF180
aF505
aF110
aF110
aF155
aF105
aF230
aF105
aF105
aF125
aF105
aF125
aF155
aF260
aF75
aF210
aF500
aF210
aF105
aF210
aF180
aF210
aF75
aF210
aF110
aF105
aF180
aF210
aF105
aF105
aF580
aF210
aF105
aF210
aF180
aF380
aF105
aF180
aF335
aF105
aF440
aF90
aF180
aF125
aF120
aF205
aF135
aF240
aF260
aF260
aF75
aF150
aF360
aF460
aF180
aF210
aF155
aF85
aF485
aF120
aF180
aF260
aF150
aF180
aF310
aF105
aF80
aF255
aF260
aF240
aF590
aF215
aF75
aF435
aF105
aF470
aF110
aF150
aF260
aF180
aF180
aF180
aF105
aF185
aF270
aF75
aF410
aF550
aF260
aF230
aF105
aF285
aF105
aF215
aF210
aF560
aF180
aF105
aF155
aF105
aF90
aF150
aF210
aF310
aF125
aF180
aF460
aF180
aF150
aF285
aF105
aF275
aF180
aF655
aF105
aF125
aF210
aF155
aF105
aF180
aF260
aF180
aF390
aF435
aF105
aF125
aF260
aF125
aF210
aF120
aF460
aF285
aF285
aF105
aF180
aF215
aF150
aF265
aF150
aF190
aF210
aF240
aF105
aF180
aF80
aF120
aF460
aF105
aF260
aF420
aF210
aF210
aF105
aF180
aF180
aF180
aF150
aF155
aF150
aF105
aF295
aF205
aF335
aF380
aF105
aF105
aF125
aF330
aF475
aF380
aF210
aF320
aF275
aF180
aF370
aF260
aF195
aF105
aF110
aF210
aF180
aF460
aF180
aF80
aF180
aF245
aF150
aF310
aF540
aF110
aF195
aF165
aF440
aF460
aF105
aF225
aF105
aF105
aF105
aF320
aF230
aF260
aF195
aF305
aF155
aF180
aF80
aF485
aF390
aF120
aF125
aF105
aF315
aF210
aF125
aF460
aF335
aF105
aF420
aF150
aF75
aF150
aF645
aF155
aF490
aF435
aF210
aF125
aF465
aF380
aF125
aF330
aF470
aF580
aF210
aF180
aF210
aF170
aF95
aF235
aF210
aF210
aF210
aF210
aF105
aF260
aF210
aF155
aF170
aF345
aF180
aF180
aF235
aF180
aF330
aF380
aF625
aF180
aF460
aF425
aF125
aF345
aF210
aF180
aF180
aF260
aF80
aF230
aF240
aF180
aF225
aF210
aF110
aF125
aF150
aF230
aF210
aF135
aF125
aF215
aF505
aF240
aF195
aF440
aF210
aF490
aF180
aF155
aF260
aF195
aF230
aF125
aF155
aF240
aF125
aF460
aF370
aF180
aF180
aF75
aF210
aF490
aF365
aF120
aF125
aF305
aF210
aF390
aF125
aF210
aF120
aF380
aF315
aF105
aF460
aF210
aF315
aF155
aF75
aF210
aF210
aF380
aF125
aF365
aF390
aF255
aF105
aF210
aF210
aF135
aF410
aF180
aF390
aF255
aF210
aF625
aF125
aF255
aF125
aF410
aF125
aF180
aF510
aF165
aF160
aF380
aF380
aF120
aF450
aF435
aF105
aF335
aF180
aF565
aF210
aF510
aF155
aF210
aF565
aF210
aF110
aF120
aF210
aF180
aF210
aF135
aF210
aF125
aF185
aF225
aF125
aF210
aF210
aF370
aF125
aF265
aF305
aF230
aF170
aF220
aF210
aF440
aF155
aF125
aF185
aF125
aF210
aF335
aF125
aF410
aF180
aF105
aF105
aF320
aF125
aF210
aF230
aF310
aF380
aF305
aF125
aF380
aF330
aF270
aF150
aF210
aF305
aF230
aF540
aF125
aF270
aF260
aF110
aF115
aF210
aF240
aF210
aF210
aF155
aF260
aF210
aF105
aF350
aF210
aF150
aF210
aF75
aF210
aF285
aF150
aF380
aF570
aF180
aF210
aF105
aF180
aF105
aF105
aF90
aF105
aF210
aF460
aF285
aF180
aF105
aF225
aF530
aF210
aF120
aF105
aF210
aF210
aF155
aF380
aF480
aF215
aF125
aF300
aF300
aF450
aF105
aF240
aF330
aF125
aF230
aF155
aF430
aF395
aF150
aF135
aF550
aF345
aF460
aF105
aF210
aF155
aF155
aF125
aF90
aF110
aF205
aF125
aF465
aF210
aF125
aF390
aF150
aF210
aF55
aF245
aF150
aF75
aF260
aF310
aF110
aF515
aF210
aF105
aF280
aF150
aF210
aF210
aF180
aF180
aF210
aF210
aF230
aF515
aF390
aF105
aF260
aF410
aF105
aF125
aF180
aF80
aF210
aF125
aF180
aF260
aF210
aF270
aF240
aF245
aF80
aF210
aF210
aF210
aF155
aF155
aF130
aF210
aF210
aF225
aF90
aF460
aF210
aF230
aF210
aF105
aF155
aF165
aF215
aF125
aF125
aF465
aF210
aF80
aF565
aF210
aF75
aF105
aF125
aF490
aF255
aF455
aF180
aF125
aF125
aF125
aF135
aF210
aF155
aF150
aF125
aF75
aF260
aF125
aF180
aF150
aF390
aF105
aF135
aF150
aF240
aF230
aF125
aF125
aF230
aF210
aF155
aF260
aF155
aF380
aF390
aF155
aF180
aF210
aF330
aF500
aF210
aF210
aF125
aF150
aF125
aF210
aF75
aF270
aF345
aF105
aF210
aF260
aF125
aF210
aF120
aF265
aF380
aF200
aF170
aF215
aF265
aF150
aF315
aF285
aF125
aF245
aF370
aF210
aF180
aF215
aF200
aF210
aF380
aF660
aF80
aF125
aF260
aF240
aF230
aF125
aF180
aF225
aF160
aF275
aF135
aF180
aF125
aF125
aF120
aF430
aF125
aF280
aF280
aF260
aF105
aF125
aF125
aF210
aF390
aF110
aF125
aF215
aF205
aF140
aF210
aF185
aF150
aF475
aF165
aF125
aF380
aF125
aF505
aF450
aF180
aF105
aF125
aF285
aF225
aF155
aF150
aF90
aF350
aF240
aF290
aF80
aF210
aF155
aF510
aF150
aF240
aF180
aF125
aF105
aF110
aF275
aF180
aF270
aF260
aF310
aF90
aF255
aF240
aF285
aF150
aF125
aF285
aF340
aF450
aF310
aF105
aF125
aF285
aF260
aF395
aF125
aF380
aF235
aF210
aF210
aF515
aF210
aF180
aF265
aF180
aF260
aF210
aF335
aF360
aF125
aF205
aF310
aF235
aF335
aF390
aF485
aF380
aF210
aF130
aF260
aF240
aF265
aF210
aF255
aF465
aF125
aF215
aF565
aF240
aF220
aF260
aF125
aF210
aF210
aF125
aF210
aF260
aF375
aF270
aF170
aF380
aF295
aF185
aF210
aF205
aF110
aF155
aF235
aF215
aF410
aF230
aF180
aF415
aF150
aF135
aF310
aF365
aF105
aF150
aF555
aF105
aF125
aF305
aF355
aF240
aF380
aF260
aF105
aF460
aF210
aF180
aF295
aF190
aF180
aF120
aF180
aF155
aF260
aF210
aF275
aF210
aF240
aF365
aF180
aF180
aF315
aF210
aF265
aF125
aF565
aF315
aF105
aF105
aF305
aF545
aF150
aF105
aF475
aF105
aF555
aF105
aF210
aF305
aF465
aF105
aF255
aF380
aF180
aF210
aF180
aF380
aF80
aF180
aF105
aF135
aF290
aF195
aF210
aF380
aF155
aF380
aF315
aF160
aF185
aF270
aF355
aF230
aF185
aF230
aF185
aF270
aF465
aF105
aF230
aF210
aF210
aF155
aF225
aF580
aF150
aF185
aF260
aF210
aF210
aF205
aF420
aF110
aF150
aF625
aF315
aF125
aF310
aF255
aF230
aF210
aF180
aF360
aF210
aF270
aF460
aF210
aF105
aF210
aF75
aF135
aF425
aF105
aF330
aF240
aF255
aF240
aF135
aF195
aF100
aF250
aF200
aF205
aF80
aF485
aF90
aF410
aF180
aF460
aF150
aF210
aF210
aF210
aF150
aF210
aF300
aF210
aF210
aF210
aF485
aF125
aF300
aF210
aF225
aF155
aF260
aF255
aF305
aF325
aF125
aF210
aF290
aF365
aF440
aF105
aF55
aF210
aF390
aF90
aF405
aF680
aF210
aF210
aF515
aF155
aF210
aF345
aF210
aF380
aF210
aF210
aF285
aF290
aF330
aF230
aF410
aF165
aF380
aF140
aF490
aF135
aF80
aF420
aF210
aF135
aF210
aF210
aF90
aF585
aF215
aF315
aF480
aF590
aF105
aF420
aF210
aF380
aF320
aF260
aF345
aF645
aF180
aF115
aF415
aF210
aF535
aF240
aF290
aF240
aF210
aF245
aF260
aF240
aF260
aF260
aF155
aF620
aF220
aF210
aF225
aF260
aF300
aF225
aF210
aF485
aF105
aF260
aF260
aF105
aF210
aF260
aF180
aF120
aF120
aF180
aF210
aF75
aF135
aF240
aF520
aF265
aF105
aF105
aF210
aF310
aF270
aF390
aF135
aF150
aF315
aF230
aF485
aF105
aF390
aF460
aF180
aF200
aF500
aF105
aF180
aF515
aF105
aF105
aF260
aF230
aF105
aF185
aF360
aF760
aF300
aF105
aF110
aF490
aF135
aF440
aF125
aF240
aF485
aF150
aF210
aF260
aF460
aF125
aF155
aF210
aF285
aF80
aF90
aF390
aF230
aF180
aF105
aF155
aF90
aF100
aF530
aF265
aF180
aF210
aF210
aF215
aF210
aF210
aF210
aF560
aF125
aF210
aF210
aF180
aF565
aF185
aF365
aF330
aF190
aF300
aF245
aF510
aF265
aF500
aF285
aF240
aF110
aF215
aF295
aF170
aF315
aF245
aF250
aF210
aF80
aF275
aF240
aF270
aF230
aF235
aF245
aF260
aF185
aF125
aF180
aF520
aF125
aF195
aF165
aF210
aF185
aF245
aF260
aF105
aF155
aF110
aF470
aF380
aF230
aF330
aF125
aF440
aF105
aF120
aF155
aF285
aF350
aF180
aF245
aF285
aF105
aF570
aF185
aF105
aF225
aF285
aF260
aF215
aF155
aF180
aF460
aF180
aF285
aF105
aF625
aF210
aF105
aF285
aF240
aF125
aF260
aF210
aF285
aF105
aF210
aF255
aF185
aF135
aF290
aF80
aF285
aF400
aF135
aF380
aF210
aF210
aF255
aF280
aF170
aF210
aF515
aF125
aF415
aF310
aF210
aF525
aF125
aF505
aF520
aF125
aF135
aF195
aF365
aF250
aF220
aF180
aF460
aF285
aF210
aF240
aF105
aF230
aF230
aF565
aF105
aF130
aF410
aF210
aF205
aF380
aF230
aF255
aF490
aF510
aF305
aF150
aF105
aF135
aF215
aF655
aF230
aF610
aF210
aF290
aF385
aF125
aF230
aF205
aF270
aF360
aF380
aF255
aF225
aF170
aF160
aF30
aF150
aF415
aF160
aF275
aF55
aF230
aF185
aF270
aF245
aF430
aF210
aF160
aF315
aF245
aF405
aF305
aF105
aF465
aF160
aF170
aF325
aF260
aF450
aF350
aF125
aF380
aF225
aF410
aF245
aF460
aF255
aF240
aF90
aF315
aF215
aF195
aF210
aF240
aF210
aF285
aF245
aF230
aF140
aF75
aF210
aF380
aF105
aF310
aF230
aF270
aF510
aF185
aF125
aF260
aF240
aF250
aF545
aF180
aF310
aF570
aF105
aF150
aF365
aF210
aF185
aF240
aF185
aF335
aF185
aF370
aF245
aF390
aF340
aF210
aF245
aF155
aF540
aF265
aF255
aF265
aF80
aF185
aF255
aF195
aF110
aF185
aF255
aF210
aF305
aF315
aF380
aF245
aF320
aF290
aF270
aF230
aF440
aF395
aF210
aF215
aF200
aF155
aF120
aF170
aF285
aF260
aF180
aF365
aF245
aF395
aF230
aF270
aF395
aF485
aF105
aF245
aF170
aF315
aF200
aF330
aF340
aF80
aF315
aF140
aF210
aF335
aF285
aF190
aF325
aF225
aF65
aF240
aF490
aF225
aF245
aF245
aF220
aF250
aF160
aF135
aF105
aF470
aF280
aF125
aF230
aF210
aF285
aF120
aF255
aF195
aF230
aF240
aF260
aF265
aF225
aF500
aF255
aF210
aF395
aF355
aF290
aF210
aF900
aF180
aF235
aF215
aF260
aF210
aF515
aF460
aF125
aF210
aF210
aF130
aF210
aF475
aF265
aF425
aF260
aF210
aF255
aF180
aF210
aF245
aF245
aF280
aF210
aF260
aF195
aF360
aF330
aF590
aF230
aF210
aF175
aF255
aF230
aF245
aF205
aF380
aF380
aF260
aF245
aF245
aF255
aF170
aF285
aF240
aF195
aF460
aF305
aF530
aF180
aF335
aF255
aF105
aF185
aF395
aF225
aF245
aF330
aF260
aF260
aF170
aF275
aF490
aF170
aF320
aF255
aF330
aF240
aF215
aF235
aF305
aF255
aF215
aF190
aF290
aF355
aF255
aF110
aF285
aF260
aF130
aF155
aF320
aF125
aF410
aF210
aF260
aF155
aF240
aF225
aF240
aF225
aF170
aF640
aF775
aF125
aF260
aF390
aF290
aF210
aF180
aF230
aF195
aF120
aF85
aF435
aF315
aF330
aF210
aF270
aF300
aF225
aF170
aF255
aF305
aF460
aF325
aF230
aF140
aF225
aF195
aF240
aF195
aF150
aF240
aF170
aF275
aF210
aF240
aF255
aF315
aF520
aF210
aF425
aF385
aF190
aF180
aF270
aF185
aF485
aF330
aF260
aF260
aF110
aF155
aF120
aF230
aF370
aF195
aF315
aF685
aF155
aF285
aF230
aF315
aF465
aF475
aF245
aF330
aF360
aF530
aF360
aF210
aF155
aF180
aF335
aF245
aF210
aF365
aF345
aF360
aF225
aF415
aF225
aF500
aF305
aF280
aF375
aF305
aF275
aF205
aF260
aF795
aF255
aF330
aF310
aF115
aF550
aF530
aF375
aF425
aF105
aF155
aF260
aF360
aF330
aF280
aF240
aF280
aF335
aF470
aF195
aF490
aF260
aF210
aF275
aF225
aF290
aF220
aF225
aF65
aF190
aF140
aF360
aF240
aF490
aF225
aF460
aF260
aF340
aF245
aF155
aF375
aF190
aF655
aF135
aF560
aF355
aF460
aF390
aF120
aF170
aF515
aF470
aF620
aF315
aF180
aF370
aF210
aF180
aF345
aF240
aF220
aF315
aF535
aF235
aF290
aF225
aF260
aF280
aF660
aF260
aF255
aF390
aF240
aF395
aF285
aF550
aF300
aF515
aF340
aF360
aF440
aF245
aF180
aF240
aF315
aF215
aF225
aF225
aF255
aF335
aF285
aF215
aF245
aF250
aF455
aF240
aF290
aF285
aF225
aF240
aF305
aF215
aF160
aF220
aF205
aF225
aF240
aF190
aF245
aF145
aF475
aF315
aF360
aF330
aF185
aF155
aF180
aF670
aF285
aF490
aF160
aF360
aF370
aF245
aF285
aF215
aF430
aF215
aF290
aF240
aF240
aF510
aF305
aF330
aF330
aF240
aF225
aF225
aF200
aF240
aF240
aF300
aF485
aF100
aF560
aF155
aF485
aF170
aF225
aF240
aF240
aF225
aF285
aF45
aF210
aF565
aF195
aF185
aF255
aF210
aF225
aF330
aF395
aF230
aF265
aF225
aF300
aF280
aF285
aF240
aF240
aF225
aF285
aF310
aF490
aF195
aF90
aF215
aF315
aF340
aF170
aF180
aF270
aF270
aF225
aF310
aF225
aF315
aF350
aF300
aF415
aF200
aF240
aF265
aF340
aF150
aF270
aF565
aF350
aF330
aF420
aF220
aF255
aF515
aF265
aF195
aF290
aF225
aF290
aF285
aF495
aF315
aF310
aF260
aF270
aF200
aF210
aF285
aF310
aF470
aF185
aF290
aF340
aF570
aF65
aF205
aF330
aF225
aF145
aF395
aF210
aF315
aF380
aF315
aF325
aF325
aF270
aF225
aF285
aF335
aF225
aF615
aF120
aF375
aF565
aF255
aF140
aF600
aF425
aF320
aF190
aF225
aF210
aF95
aF260
aF260
aF435
aF255
aF300
aF335
aF395
aF230
aF485
aF320
aF80
aF220
aF135
aF285
aF290
aF605
aF210
aF215
aF115
aF285
aF385
aF255
aF470
aF270
aF290
aF200
aF390
aF480
aF230
aF150
aF240
aF480
aF320
aF280
aF240
aF285
aF225
aF220
aF255
aF260
aF390
aF225
aF810
aF105
aF170
aF220
aF295
aF255
aF335
aF240
aF330
aF315
aF460
aF285
aF245
aF425
aF345
aF285
aF440
aF305
aF230
aF315
aF335
aF615
aF295
aF285
aF255
aF250
aF240
aF240
aF260
aF320
aF370
aF485
aF445
aF225
aF240
aF280
aF285
aF295
aF455
aF260
aF290
aF140
aF285
aF245
aF245
aF250
aF310
aF225
aF515
aF170
aF375
aF240
aF225
aF305
aF285
aF295
aF315
aF470
aF440
aF210
aF515
aF85
aF175
aF290
aF195
aF315
aF260
aF260
aF300
aF245
aF315
aF225
aF450
aF300
aF390
aF300
aF345
aF115
aF445
aF285
aF560
aF510
aF425
aF285
aF390
aF375
aF305
aF290
aF290
aF210
aF225
aF300
aF255
aF245
aF245
aF335
aF225
aF410
aF305
aF260
aF365
aF360
aF360
aF150
aF260
aF370
aF275
aF225
aF315
aF225
aF180
aF260
aF320
aF255
aF240
aF370
aF335
aF300
aF225
aF315
aF565
aF285
aF220
aF275
aF80
aF320
aF315
aF315
aF225
aF100
aF285
aF270
aF335
aF335
aF565
aF285
aF260
aF235
aF500
aF335
aF525
aF125
aF65
aF720
aF105
aF225
aF160
aF260
aF180
aF5
aF285
aF300
aF240
aF340
aF495
aF285
aF225
aF285
aF265
aF210
aF340
aF260
aF285
aF360
aF365
aF405
aF285
aF210
aF560
aF130
aF515
aF345
aF275
aF315
aF280
aF345
aF190
aF365
aF315
aF590
aF170
aF220
aF420
aF265
aF260
aF240
aF195
aF500
aF535
aF375
aF125
aF535
aF460
aF180
aF275
aF335
aF595
aF80
aF360
aF405
aF345
aF255
aF320
aF515
aF285
aF160
aF240
aF255
aF315
aF300
aF315
aF335
aF335
aF340
aF285
aF230
aF320
aF135
aF185
aF105
aF205
aF315
aF315
aF170
aF530
aF265
aF330
aF240
aF225
aF230
aF385
aF240
aF280
aF230
aF365
aF335
aF435
aF225
aF200
aF335
aF535
aF180
aF290
aF315
aF200
aF280
aF270
aF245
aF260
aF515
aF490
aF160
aF440
aF290
aF475
aF215
aF300
aF110
aF210
aF225
aF335
aF375
aF285
aF310
aF260
aF320
aF715
aF80
aF515
aF695
aF80
aF225
aF870
aF225
aF80
aF260
aF210
aF225
aF290
aF145
aF490
aF535
aF295
aF305
aF340
aF240
aF345
aF255
aF225
aF330
aF215
aF360
aF305
aF415
aF465
aF565
aF610
aF250
aF345
aF80
aF290
aF145
aF210
aF230
aF225
aF335
aF345
aF260
aF245
aF260
aF140
aF185
aF215
aF455
aF315
aF275
aF415
aF315
aF455
aF300
aF300
aF470
aF200
aF270
aF225
aF240
aF510
aF185
aF560
aF180
aF240
aF235
aF290
aF450
aF320
aF210
aF460
aF715
aF155
aF505
aF165
aF315
aF460
aF365
aF260
aF435
aF500
aF315
aF320
aF290
aF560
aF225
aF590
aF80
aF110
aF270
aF295
aF315
aF285
aF285
aF225
aF300
aF315
aF225
aF225
aF225
aF260
aF245
aF275
aF105
aF170
aF365
aF195
aF185
aF310
aF230
aF315
aF215
aF285
aF360
aF365
aF460
aF460
aF135
aF290
aF555
aF245
aF380
aF350
aF225
aF210
aF490
aF535
aF145
aF260
aF75
aF285
aF395
aF135
aF215
aF410
aF390
aF260
aF320
aF535
aF205
aF265
aF305
aF200
aF240
aF275
aF240
aF265
aF215
aF460
aF210
aF255
aF485
aF680
aF200
aF345
aF255
aF245
aF240
aF515
aF295
aF150
aF305
aF225
aF440
aF285
aF185
aF515
aF295
aF390
aF360
aF315
aF340
aF215
aF265
aF135
aF275
aF225
aF285
aF225
aF335
aF300
aF260
aF370
aF305
aF335
aF440
aF310
aF335
aF315
aF335
aF340
aF335
aF550
aF290
aF260
aF270
aF260
aF225
aF210
aF360
aF260
aF360
aF265
aF540
aF210
aF210
aF310
aF305
aF365
aF375
aF265
aF315
aF240
aF345
aF215
aF345
aF480
aF405
aF295
aF125
aF215
aF330
aF260
aF170
aF260
aF250
aF365
aF285
aF285
aF460
aF210
aF330
aF240
aF515
aF315
aF225
aF110
aF230
aF380
aF315
aF225
aF480
aF345
aF270
aF280
aF305
aF315
aF380
aF105
aF65
aF105
aF195
aF595
aF180
aF155
aF525
aF135
aF255
aF155
aF415
aF315
aF285
aF345
aF230
aF335
aF140
aF250
aF335
aF360
aF365
aF320
aF685
aF330
aF450
aF195
aF685
aF195
aF510
aF665
aF285
aF135
aF560
aF620
aF150
aF295
aF275
aF285
aF505
aF460
aF185
aF470
aF865
aF110
aF265
aF275
aF330
aF290
aF315
aF265
aF230
aF205
aF470
aF230
aF590
aF195
aF210
aF655
aF180
aF180
aF290
aF335
aF485
aF565
aF155
aF265
aF265
aF245
aF560
aF105
aF440
aF515
aF285
aF255
aF190
aF105
aF620
aF590
aF135
aF210
aF825
aF665
aF185
aF270
aF225
aF195
aF335
aF215
aF225
aF245
aF360
aF185
aF345
aF285
aF300
aF280
aF285
aF140
aF0
aF185
aF260
aF345
aF255
aF565
aF605
aF110
aF240
aF395
aF240
aF285
aF255
aF285
aF275
aF335
aF260
aF315
aF310
aF285
aF170
aF215
aF215
aF290
aF225
aF485
aF275
aF315
aF110
aF155
aF340
aF315
aF315
aF590
aF305
aF120
aF90
aF170
aF325
aF360
aF375
aF315
aF275
aF335
aF215
aF245
aF290
aF285
aF210
aF260
aF315
aF325
aF285
aF230
aF100
aF105
aF275
aF235
aF285
aF245
aF300
aF285
aF305
aF390
aF350
aF475
aF275
aF260
aF255
aF345
aF240
aF290
aF210
aF335
aF285
aF335
aF375
aF625
aF560
aF490
aF390
aF235
aF210
aF105
aF490
aF150
aF185
aF125
aF190
aF320
aF255
aF260
aF390
aF215
aF335
aF210
aF230
aF375
aF365
aF305
aF225
aF350
aF225
aF330
aF325
aF350
aF305
aF310
aF260
aF205
aF420
aF335
aF685
aF380
aF210
aF820
aF165
aF250
aF365
aF320
aF370
aF305
aF180
aF300
aF220
aF295
aF285
aF635
aF180
aF205
aF365
aF280
aF330
aF225
aF315
aF455
aF700
aF415
aF180
aF515
aF535
aF285
aF320
aF260
aF100
aF105
aF305
aF345
aF335
aF345
aF330
aF315
aF470
aF215
aF380
aF340
aF595
aF695
aF135
aF155
aF265
aF590
aF285
aF390
aF190
aF350
aF455
aF535
aF260
aF260
aF550
aF110
aF365
aF340
aF580
aF675
aF255
aF245
aF330
aF285
aF310
aF470
aF315
aF165
aF190
aF345
aF210
aF230
aF165
aF260
aF495
aF325
aF515
aF565
aF245
aF345
aF350
aF260
aF450
aF345
aF470
aF215
aF280
aF535
aF485
aF350
aF225
aF385
aF310
aF340
aF590
aF255
aF240
aF225
aF140
aF510
aF105
aF245
aF555
aF240
aF300
aF265
aF230
aF460
aF245
aF325
aF170
aF140
aF240
aF445
aF325
asS'episode'
p6
(lp7
I0
aI1
aI2
aI3
aI4
aI5
aI6
aI7
aI8
aI9
aI10
aI11
aI12
aI13
aI14
aI15
aI16
aI17
aI18
aI19
aI20
aI21
aI22
aI23
aI24
aI25
aI26
aI27
aI28
aI29
aI30
aI31
aI32
aI33
aI34
aI35
aI36
aI37
aI38
aI39
aI40
aI41
aI42
aI43
aI44
aI45
aI46
aI47
aI48
aI49
aI50
aI51
aI52
aI53
aI54
aI55
aI56
aI57
aI58
aI59
aI60
aI61
aI62
aI63
aI64
aI65
aI66
aI67
aI68
aI69
aI70
aI71
aI72
aI73
aI74
aI75
aI76
aI77
aI78
aI79
aI80
aI81
aI82
aI83
aI84
aI85
aI86
aI87
aI88
aI89
aI90
aI91
aI92
aI93
aI94
aI95
aI96
aI97
aI98
aI99
aI100
aI101
aI102
aI103
aI104
aI105
aI106
aI107
aI108
aI109
aI110
aI111
aI112
aI113
aI114
aI115
aI116
aI117
aI118
aI119
aI120
aI121
aI122
aI123
aI124
aI125
aI126
aI127
aI128
aI129
aI130
aI131
aI132
aI133
aI134
aI135
aI136
aI137
aI138
aI139
aI140
aI141
aI142
aI143
aI144
aI145
aI146
aI147
aI148
aI149
aI150
aI151
aI152
aI153
aI154
aI155
aI156
aI157
aI158
aI159
aI160
aI161
aI162
aI163
aI164
aI165
aI166
aI167
aI168
aI169
aI170
aI171
aI172
aI173
aI174
aI175
aI176
aI177
aI178
aI179
aI180
aI181
aI182
aI183
aI184
aI185
aI186
aI187
aI188
aI189
aI190
aI191
aI192
aI193
aI194
aI195
aI196
aI197
aI198
aI199
aI200
aI201
aI202
aI203
aI204
aI205
aI206
aI207
aI208
aI209
aI210
aI211
aI212
aI213
aI214
aI215
aI216
aI217
aI218
aI219
aI220
aI221
aI222
aI223
aI224
aI225
aI226
aI227
aI228
aI229
aI230
aI231
aI232
aI233
aI234
aI235
aI236
aI237
aI238
aI239
aI240
aI241
aI242
aI243
aI244
aI245
aI246
aI247
aI248
aI249
aI250
aI251
aI252
aI253
aI254
aI255
aI256
aI257
aI258
aI259
aI260
aI261
aI262
aI263
aI264
aI265
aI266
aI267
aI268
aI269
aI270
aI271
aI272
aI273
aI274
aI275
aI276
aI277
aI278
aI279
aI280
aI281
aI282
aI283
aI284
aI285
aI286
aI287
aI288
aI289
aI290
aI291
aI292
aI293
aI294
aI295
aI296
aI297
aI298
aI299
aI300
aI301
aI302
aI303
aI304
aI305
aI306
aI307
aI308
aI309
aI310
aI311
aI312
aI313
aI314
aI315
aI316
aI317
aI318
aI319
aI320
aI321
aI322
aI323
aI324
aI325
aI326
aI327
aI328
aI329
aI330
aI331
aI332
aI333
aI334
aI335
aI336
aI337
aI338
aI339
aI340
aI341
aI342
aI343
aI344
aI345
aI346
aI347
aI348
aI349
aI350
aI351
aI352
aI353
aI354
aI355
aI356
aI357
aI358
aI359
aI360
aI361
aI362
aI363
aI364
aI365
aI366
aI367
aI368
aI369
aI370
aI371
aI372
aI373
aI374
aI375
aI376
aI377
aI378
aI379
aI380
aI381
aI382
aI383
aI384
aI385
aI386
aI387
aI388
aI389
aI390
aI391
aI392
aI393
aI394
aI395
aI396
aI397
aI398
aI399
aI400
aI401
aI402
aI403
aI404
aI405
aI406
aI407
aI408
aI409
aI410
aI411
aI412
aI413
aI414
aI415
aI416
aI417
aI418
aI419
aI420
aI421
aI422
aI423
aI424
aI425
aI426
aI427
aI428
aI429
aI430
aI431
aI432
aI433
aI434
aI435
aI436
aI437
aI438
aI439
aI440
aI441
aI442
aI443
aI444
aI445
aI446
aI447
aI448
aI449
aI450
aI451
aI452
aI453
aI454
aI455
aI456
aI457
aI458
aI459
aI460
aI461
aI462
aI463
aI464
aI465
aI466
aI467
aI468
aI469
aI470
aI471
aI472
aI473
aI474
aI475
aI476
aI477
aI478
aI479
aI480
aI481
aI482
aI483
aI484
aI485
aI486
aI487
aI488
aI489
aI490
aI491
aI492
aI493
aI494
aI495
aI496
aI497
aI498
aI499
aI500
aI501
aI502
aI503
aI504
aI505
aI506
aI507
aI508
aI509
aI510
aI511
aI512
aI513
aI514
aI515
aI516
aI517
aI518
aI519
aI520
aI521
aI522
aI523
aI524
aI525
aI526
aI527
aI528
aI529
aI530
aI531
aI532
aI533
aI534
aI535
aI536
aI537
aI538
aI539
aI540
aI541
aI542
aI543
aI544
aI545
aI546
aI547
aI548
aI549
aI550
aI551
aI552
aI553
aI554
aI555
aI556
aI557
aI558
aI559
aI560
aI561
aI562
aI563
aI564
aI565
aI566
aI567
aI568
aI569
aI570
aI571
aI572
aI573
aI574
aI575
aI576
aI577
aI578
aI579
aI580
aI581
aI582
aI583
aI584
aI585
aI586
aI587
aI588
aI589
aI590
aI591
aI592
aI593
aI594
aI595
aI596
aI597
aI598
aI599
aI600
aI601
aI602
aI603
aI604
aI605
aI606
aI607
aI608
aI609
aI610
aI611
aI612
aI613
aI614
aI615
aI616
aI617
aI618
aI619
aI620
aI621
aI622
aI623
aI624
aI625
aI626
aI627
aI628
aI629
aI630
aI631
aI632
aI633
aI634
aI635
aI636
aI637
aI638
aI639
aI640
aI641
aI642
aI643
aI644
aI645
aI646
aI647
aI648
aI649
aI650
aI651
aI652
aI653
aI654
aI655
aI656
aI657
aI658
aI659
aI660
aI661
aI662
aI663
aI664
aI665
aI666
aI667
aI668
aI669
aI670
aI671
aI672
aI673
aI674
aI675
aI676
aI677
aI678
aI679
aI680
aI681
aI682
aI683
aI684
aI685
aI686
aI687
aI688
aI689
aI690
aI691
aI692
aI693
aI694
aI695
aI696
aI697
aI698
aI699
aI700
aI701
aI702
aI703
aI704
aI705
aI706
aI707
aI708
aI709
aI710
aI711
aI712
aI713
aI714
aI715
aI716
aI717
aI718
aI719
aI720
aI721
aI722
aI723
aI724
aI725
aI726
aI727
aI728
aI729
aI730
aI731
aI732
aI733
aI734
aI735
aI736
aI737
aI738
aI739
aI740
aI741
aI742
aI743
aI744
aI745
aI746
aI747
aI748
aI749
aI750
aI751
aI752
aI753
aI754
aI755
aI756
aI757
aI758
aI759
aI760
aI761
aI762
aI763
aI764
aI765
aI766
aI767
aI768
aI769
aI770
aI771
aI772
aI773
aI774
aI775
aI776
aI777
aI778
aI779
aI780
aI781
aI782
aI783
aI784
aI785
aI786
aI787
aI788
aI789
aI790
aI791
aI792
aI793
aI794
aI795
aI796
aI797
aI798
aI799
aI800
aI801
aI802
aI803
aI804
aI805
aI806
aI807
aI808
aI809
aI810
aI811
aI812
aI813
aI814
aI815
aI816
aI817
aI818
aI819
aI820
aI821
aI822
aI823
aI824
aI825
aI826
aI827
aI828
aI829
aI830
aI831
aI832
aI833
aI834
aI835
aI836
aI837
aI838
aI839
aI840
aI841
aI842
aI843
aI844
aI845
aI846
aI847
aI848
aI849
aI850
aI851
aI852
aI853
aI854
aI855
aI856
aI857
aI858
aI859
aI860
aI861
aI862
aI863
aI864
aI865
aI866
aI867
aI868
aI869
aI870
aI871
aI872
aI873
aI874
aI875
aI876
aI877
aI878
aI879
aI880
aI881
aI882
aI883
aI884
aI885
aI886
aI887
aI888
aI889
aI890
aI891
aI892
aI893
aI894
aI895
aI896
aI897
aI898
aI899
aI900
aI901
aI902
aI903
aI904
aI905
aI906
aI907
aI908
aI909
aI910
aI911
aI912
aI913
aI914
aI915
aI916
aI917
aI918
aI919
aI920
aI921
aI922
aI923
aI924
aI925
aI926
aI927
aI928
aI929
aI930
aI931
aI932
aI933
aI934
aI935
aI936
aI937
aI938
aI939
aI940
aI941
aI942
aI943
aI944
aI945
aI946
aI947
aI948
aI949
aI950
aI951
aI952
aI953
aI954
aI955
aI956
aI957
aI958
aI959
aI960
aI961
aI962
aI963
aI964
aI965
aI966
aI967
aI968
aI969
aI970
aI971
aI972
aI973
aI974
aI975
aI976
aI977
aI978
aI979
aI980
aI981
aI982
aI983
aI984
aI985
aI986
aI987
aI988
aI989
aI990
aI991
aI992
aI993
aI994
aI995
aI996
aI997
aI998
aI999
aI1000
aI1001
aI1002
aI1003
aI1004
aI1005
aI1006
aI1007
aI1008
aI1009
aI1010
aI1011
aI1012
aI1013
aI1014
aI1015
aI1016
aI1017
aI1018
aI1019
aI1020
aI1021
aI1022
aI1023
aI1024
aI1025
aI1026
aI1027
aI1028
aI1029
aI1030
aI1031
aI1032
aI1033
aI1034
aI1035
aI1036
aI1037
aI1038
aI1039
aI1040
aI1041
aI1042
aI1043
aI1044
aI1045
aI1046
aI1047
aI1048
aI1049
aI1050
aI1051
aI1052
aI1053
aI1054
aI1055
aI1056
aI1057
aI1058
aI1059
aI1060
aI1061
aI1062
aI1063
aI1064
aI1065
aI1066
aI1067
aI1068
aI1069
aI1070
aI1071
aI1072
aI1073
aI1074
aI1075
aI1076
aI1077
aI1078
aI1079
aI1080
aI1081
aI1082
aI1083
aI1084
aI1085
aI1086
aI1087
aI1088
aI1089
aI1090
aI1091
aI1092
aI1093
aI1094
aI1095
aI1096
aI1097
aI1098
aI1099
aI1100
aI1101
aI1102
aI1103
aI1104
aI1105
aI1106
aI1107
aI1108
aI1109
aI1110
aI1111
aI1112
aI1113
aI1114
aI1115
aI1116
aI1117
aI1118
aI1119
aI1120
aI1121
aI1122
aI1123
aI1124
aI1125
aI1126
aI1127
aI1128
aI1129
aI1130
aI1131
aI1132
aI1133
aI1134
aI1135
aI1136
aI1137
aI1138
aI1139
aI1140
aI1141
aI1142
aI1143
aI1144
aI1145
aI1146
aI1147
aI1148
aI1149
aI1150
aI1151
aI1152
aI1153
aI1154
aI1155
aI1156
aI1157
aI1158
aI1159
aI1160
aI1161
aI1162
aI1163
aI1164
aI1165
aI1166
aI1167
aI1168
aI1169
aI1170
aI1171
aI1172
aI1173
aI1174
aI1175
aI1176
aI1177
aI1178
aI1179
aI1180
aI1181
aI1182
aI1183
aI1184
aI1185
aI1186
aI1187
aI1188
aI1189
aI1190
aI1191
aI1192
aI1193
aI1194
aI1195
aI1196
aI1197
aI1198
aI1199
aI1200
aI1201
aI1202
aI1203
aI1204
aI1205
aI1206
aI1207
aI1208
aI1209
aI1210
aI1211
aI1212
aI1213
aI1214
aI1215
aI1216
aI1217
aI1218
aI1219
aI1220
aI1221
aI1222
aI1223
aI1224
aI1225
aI1226
aI1227
aI1228
aI1229
aI1230
aI1231
aI1232
aI1233
aI1234
aI1235
aI1236
aI1237
aI1238
aI1239
aI1240
aI1241
aI1242
aI1243
aI1244
aI1245
aI1246
aI1247
aI1248
aI1249
aI1250
aI1251
aI1252
aI1253
aI1254
aI1255
aI1256
aI1257
aI1258
aI1259
aI1260
aI1261
aI1262
aI1263
aI1264
aI1265
aI1266
aI1267
aI1268
aI1269
aI1270
aI1271
aI1272
aI1273
aI1274
aI1275
aI1276
aI1277
aI1278
aI1279
aI1280
aI1281
aI1282
aI1283
aI1284
aI1285
aI1286
aI1287
aI1288
aI1289
aI1290
aI1291
aI1292
aI1293
aI1294
aI1295
aI1296
aI1297
aI1298
aI1299
aI1300
aI1301
aI1302
aI1303
aI1304
aI1305
aI1306
aI1307
aI1308
aI1309
aI1310
aI1311
aI1312
aI1313
aI1314
aI1315
aI1316
aI1317
aI1318
aI1319
aI1320
aI1321
aI1322
aI1323
aI1324
aI1325
aI1326
aI1327
aI1328
aI1329
aI1330
aI1331
aI1332
aI1333
aI1334
aI1335
aI1336
aI1337
aI1338
aI1339
aI1340
aI1341
aI1342
aI1343
aI1344
aI1345
aI1346
aI1347
aI1348
aI1349
aI1350
aI1351
aI1352
aI1353
aI1354
aI1355
aI1356
aI1357
aI1358
aI1359
aI1360
aI1361
aI1362
aI1363
aI1364
aI1365
aI1366
aI1367
aI1368
aI1369
aI1370
aI1371
aI1372
aI1373
aI1374
aI1375
aI1376
aI1377
aI1378
aI1379
aI1380
aI1381
aI1382
aI1383
aI1384
aI1385
aI1386
aI1387
aI1388
aI1389
aI1390
aI1391
aI1392
aI1393
aI1394
aI1395
aI1396
aI1397
aI1398
aI1399
aI1400
aI1401
aI1402
aI1403
aI1404
aI1405
aI1406
aI1407
aI1408
aI1409
aI1410
aI1411
aI1412
aI1413
aI1414
aI1415
aI1416
aI1417
aI1418
aI1419
aI1420
aI1421
aI1422
aI1423
aI1424
aI1425
aI1426
aI1427
aI1428
aI1429
aI1430
aI1431
aI1432
aI1433
aI1434
aI1435
aI1436
aI1437
aI1438
aI1439
aI1440
aI1441
aI1442
aI1443
aI1444
aI1445
aI1446
aI1447
aI1448
aI1449
aI1450
aI1451
aI1452
aI1453
aI1454
aI1455
aI1456
aI1457
aI1458
aI1459
aI1460
aI1461
aI1462
aI1463
aI1464
aI1465
aI1466
aI1467
aI1468
aI1469
aI1470
aI1471
aI1472
aI1473
aI1474
aI1475
aI1476
aI1477
aI1478
aI1479
aI1480
aI1481
aI1482
aI1483
aI1484
aI1485
aI1486
aI1487
aI1488
aI1489
aI1490
aI1491
aI1492
aI1493
aI1494
aI1495
aI1496
aI1497
aI1498
aI1499
aI1500
aI1501
aI1502
aI1503
aI1504
aI1505
aI1506
aI1507
aI1508
aI1509
aI1510
aI1511
aI1512
aI1513
aI1514
aI1515
aI1516
aI1517
aI1518
aI1519
aI1520
aI1521
aI1522
aI1523
aI1524
aI1525
aI1526
aI1527
aI1528
aI1529
aI1530
aI1531
aI1532
aI1533
aI1534
aI1535
aI1536
aI1537
aI1538
aI1539
aI1540
aI1541
aI1542
aI1543
aI1544
aI1545
aI1546
aI1547
aI1548
aI1549
aI1550
aI1551
aI1552
aI1553
aI1554
aI1555
aI1556
aI1557
aI1558
aI1559
aI1560
aI1561
aI1562
aI1563
aI1564
aI1565
aI1566
aI1567
aI1568
aI1569
aI1570
aI1571
aI1572
aI1573
aI1574
aI1575
aI1576
aI1577
aI1578
aI1579
aI1580
aI1581
aI1582
aI1583
aI1584
aI1585
aI1586
aI1587
aI1588
aI1589
aI1590
aI1591
aI1592
aI1593
aI1594
aI1595
aI1596
aI1597
aI1598
aI1599
aI1600
aI1601
aI1602
aI1603
aI1604
aI1605
aI1606
aI1607
aI1608
aI1609
aI1610
aI1611
aI1612
aI1613
aI1614
aI1615
aI1616
aI1617
aI1618
aI1619
aI1620
aI1621
aI1622
aI1623
aI1624
aI1625
aI1626
aI1627
aI1628
aI1629
aI1630
aI1631
aI1632
aI1633
aI1634
aI1635
aI1636
aI1637
aI1638
aI1639
aI1640
aI1641
aI1642
aI1643
aI1644
aI1645
aI1646
aI1647
aI1648
aI1649
aI1650
aI1651
aI1652
aI1653
aI1654
aI1655
aI1656
aI1657
aI1658
aI1659
aI1660
aI1661
aI1662
aI1663
aI1664
aI1665
aI1666
aI1667
aI1668
aI1669
aI1670
aI1671
aI1672
aI1673
aI1674
aI1675
aI1676
aI1677
aI1678
aI1679
aI1680
aI1681
aI1682
aI1683
aI1684
aI1685
aI1686
aI1687
aI1688
aI1689
aI1690
aI1691
aI1692
aI1693
aI1694
aI1695
aI1696
aI1697
aI1698
aI1699
aI1700
aI1701
aI1702
aI1703
aI1704
aI1705
aI1706
aI1707
aI1708
aI1709
aI1710
aI1711
aI1712
aI1713
aI1714
aI1715
aI1716
aI1717
aI1718
aI1719
aI1720
aI1721
aI1722
aI1723
aI1724
aI1725
aI1726
aI1727
aI1728
aI1729
aI1730
aI1731
aI1732
aI1733
aI1734
aI1735
aI1736
aI1737
aI1738
aI1739
aI1740
aI1741
aI1742
aI1743
aI1744
aI1745
aI1746
aI1747
aI1748
aI1749
aI1750
aI1751
aI1752
aI1753
aI1754
aI1755
aI1756
aI1757
aI1758
aI1759
aI1760
aI1761
aI1762
aI1763
aI1764
aI1765
aI1766
aI1767
aI1768
aI1769
aI1770
aI1771
aI1772
aI1773
aI1774
aI1775
aI1776
aI1777
aI1778
aI1779
aI1780
aI1781
aI1782
aI1783
aI1784
aI1785
aI1786
aI1787
aI1788
aI1789
aI1790
aI1791
aI1792
aI1793
aI1794
aI1795
aI1796
aI1797
aI1798
aI1799
aI1800
aI1801
aI1802
aI1803
aI1804
aI1805
aI1806
aI1807
aI1808
aI1809
aI1810
aI1811
aI1812
aI1813
aI1814
aI1815
aI1816
aI1817
aI1818
aI1819
aI1820
aI1821
aI1822
aI1823
aI1824
aI1825
aI1826
aI1827
aI1828
aI1829
aI1830
aI1831
aI1832
aI1833
aI1834
aI1835
aI1836
aI1837
aI1838
aI1839
aI1840
aI1841
aI1842
aI1843
aI1844
aI1845
aI1846
aI1847
aI1848
aI1849
aI1850
aI1851
aI1852
aI1853
aI1854
aI1855
aI1856
aI1857
aI1858
aI1859
aI1860
aI1861
aI1862
aI1863
aI1864
aI1865
aI1866
aI1867
aI1868
aI1869
aI1870
aI1871
aI1872
aI1873
aI1874
aI1875
aI1876
aI1877
aI1878
aI1879
aI1880
aI1881
aI1882
aI1883
aI1884
aI1885
aI1886
aI1887
aI1888
aI1889
aI1890
aI1891
aI1892
aI1893
aI1894
aI1895
aI1896
aI1897
aI1898
aI1899
aI1900
aI1901
aI1902
aI1903
aI1904
aI1905
aI1906
aI1907
aI1908
aI1909
aI1910
aI1911
aI1912
aI1913
aI1914
aI1915
aI1916
aI1917
aI1918
aI1919
aI1920
aI1921
aI1922
aI1923
aI1924
aI1925
aI1926
aI1927
aI1928
aI1929
aI1930
aI1931
aI1932
aI1933
aI1934
aI1935
aI1936
aI1937
aI1938
aI1939
aI1940
aI1941
aI1942
aI1943
aI1944
aI1945
aI1946
aI1947
aI1948
aI1949
aI1950
aI1951
aI1952
aI1953
aI1954
aI1955
aI1956
aI1957
aI1958
aI1959
aI1960
aI1961
aI1962
aI1963
aI1964
aI1965
aI1966
aI1967
aI1968
aI1969
aI1970
aI1971
aI1972
aI1973
aI1974
aI1975
aI1976
aI1977
aI1978
aI1979
aI1980
aI1981
aI1982
aI1983
aI1984
aI1985
aI1986
aI1987
aI1988
aI1989
aI1990
aI1991
aI1992
aI1993
aI1994
aI1995
aI1996
aI1997
aI1998
aI1999
aI2000
aI2001
aI2002
aI2003
aI2004
aI2005
aI2006
aI2007
aI2008
aI2009
aI2010
aI2011
aI2012
aI2013
aI2014
aI2015
aI2016
aI2017
aI2018
aI2019
aI2020
aI2021
aI2022
aI2023
aI2024
aI2025
aI2026
aI2027
aI2028
aI2029
aI2030
aI2031
aI2032
aI2033
aI2034
aI2035
aI2036
aI2037
aI2038
aI2039
aI2040
aI2041
aI2042
aI2043
aI2044
aI2045
aI2046
aI2047
aI2048
aI2049
aI2050
aI2051
aI2052
aI2053
aI2054
aI2055
aI2056
aI2057
aI2058
aI2059
aI2060
aI2061
aI2062
aI2063
aI2064
aI2065
aI2066
aI2067
aI2068
aI2069
aI2070
aI2071
aI2072
aI2073
aI2074
aI2075
aI2076
aI2077
aI2078
aI2079
aI2080
aI2081
aI2082
aI2083
aI2084
aI2085
aI2086
aI2087
aI2088
aI2089
aI2090
aI2091
aI2092
aI2093
aI2094
aI2095
aI2096
aI2097
aI2098
aI2099
aI2100
aI2101
aI2102
aI2103
aI2104
aI2105
aI2106
aI2107
aI2108
aI2109
aI2110
aI2111
aI2112
aI2113
aI2114
aI2115
aI2116
aI2117
aI2118
aI2119
aI2120
aI2121
aI2122
aI2123
aI2124
aI2125
aI2126
aI2127
aI2128
aI2129
aI2130
aI2131
aI2132
aI2133
aI2134
aI2135
aI2136
aI2137
aI2138
aI2139
aI2140
aI2141
aI2142
aI2143
aI2144
aI2145
aI2146
aI2147
aI2148
aI2149
aI2150
aI2151
aI2152
aI2153
aI2154
aI2155
aI2156
aI2157
aI2158
aI2159
aI2160
aI2161
aI2162
aI2163
aI2164
aI2165
aI2166
aI2167
aI2168
aI2169
aI2170
aI2171
aI2172
aI2173
aI2174
aI2175
aI2176
aI2177
aI2178
aI2179
aI2180
aI2181
aI2182
aI2183
aI2184
aI2185
aI2186
aI2187
aI2188
aI2189
aI2190
aI2191
aI2192
aI2193
aI2194
aI2195
aI2196
aI2197
aI2198
aI2199
aI2200
aI2201
aI2202
aI2203
aI2204
aI2205
aI2206
aI2207
aI2208
aI2209
aI2210
aI2211
aI2212
aI2213
aI2214
aI2215
aI2216
aI2217
aI2218
aI2219
aI2220
aI2221
aI2222
aI2223
aI2224
aI2225
aI2226
aI2227
aI2228
aI2229
aI2230
aI2231
aI2232
aI2233
aI2234
aI2235
aI2236
aI2237
aI2238
aI2239
aI2240
aI2241
aI2242
aI2243
aI2244
aI2245
aI2246
aI2247
aI2248
aI2249
aI2250
aI2251
aI2252
aI2253
aI2254
aI2255
aI2256
aI2257
aI2258
aI2259
aI2260
aI2261
aI2262
aI2263
aI2264
aI2265
aI2266
aI2267
aI2268
aI2269
aI2270
aI2271
aI2272
aI2273
aI2274
aI2275
aI2276
aI2277
aI2278
aI2279
aI2280
aI2281
aI2282
aI2283
aI2284
aI2285
aI2286
aI2287
aI2288
aI2289
aI2290
aI2291
aI2292
aI2293
aI2294
aI2295
aI2296
aI2297
aI2298
aI2299
aI2300
aI2301
aI2302
aI2303
aI2304
aI2305
aI2306
aI2307
aI2308
aI2309
aI2310
aI2311
aI2312
aI2313
aI2314
aI2315
aI2316
aI2317
aI2318
aI2319
aI2320
aI2321
aI2322
aI2323
aI2324
aI2325
aI2326
aI2327
aI2328
aI2329
aI2330
aI2331
aI2332
aI2333
aI2334
aI2335
aI2336
aI2337
aI2338
aI2339
aI2340
aI2341
aI2342
aI2343
aI2344
aI2345
aI2346
aI2347
aI2348
aI2349
aI2350
aI2351
aI2352
aI2353
aI2354
aI2355
aI2356
aI2357
aI2358
aI2359
aI2360
aI2361
aI2362
aI2363
aI2364
aI2365
aI2366
aI2367
aI2368
aI2369
aI2370
aI2371
aI2372
aI2373
aI2374
aI2375
aI2376
aI2377
aI2378
aI2379
aI2380
aI2381
aI2382
aI2383
aI2384
aI2385
aI2386
aI2387
aI2388
aI2389
aI2390
aI2391
aI2392
aI2393
aI2394
aI2395
aI2396
aI2397
aI2398
aI2399
aI2400
aI2401
aI2402
aI2403
aI2404
aI2405
aI2406
aI2407
aI2408
aI2409
aI2410
aI2411
aI2412
aI2413
aI2414
aI2415
aI2416
aI2417
aI2418
aI2419
aI2420
aI2421
aI2422
aI2423
aI2424
aI2425
aI2426
aI2427
aI2428
aI2429
aI2430
aI2431
aI2432
aI2433
aI2434
aI2435
aI2436
aI2437
aI2438
aI2439
aI2440
aI2441
aI2442
aI2443
aI2444
aI2445
aI2446
aI2447
aI2448
aI2449
aI2450
aI2451
aI2452
aI2453
aI2454
aI2455
aI2456
aI2457
aI2458
aI2459
aI2460
aI2461
aI2462
aI2463
aI2464
aI2465
aI2466
aI2467
aI2468
aI2469
aI2470
aI2471
aI2472
aI2473
aI2474
aI2475
aI2476
aI2477
aI2478
aI2479
aI2480
aI2481
aI2482
aI2483
aI2484
aI2485
aI2486
aI2487
aI2488
aI2489
aI2490
aI2491
aI2492
aI2493
aI2494
aI2495
aI2496
aI2497
aI2498
aI2499
aI2500
aI2501
aI2502
aI2503
aI2504
aI2505
aI2506
aI2507
aI2508
aI2509
aI2510
aI2511
aI2512
aI2513
aI2514
aI2515
aI2516
aI2517
aI2518
aI2519
aI2520
aI2521
aI2522
aI2523
aI2524
aI2525
aI2526
aI2527
aI2528
aI2529
aI2530
aI2531
aI2532
aI2533
aI2534
aI2535
aI2536
aI2537
aI2538
aI2539
aI2540
aI2541
aI2542
aI2543
aI2544
aI2545
aI2546
aI2547
aI2548
aI2549
aI2550
aI2551
aI2552
aI2553
aI2554
aI2555
aI2556
aI2557
aI2558
aI2559
aI2560
aI2561
aI2562
aI2563
aI2564
aI2565
aI2566
aI2567
aI2568
aI2569
aI2570
aI2571
aI2572
aI2573
aI2574
aI2575
aI2576
aI2577
aI2578
aI2579
aI2580
aI2581
aI2582
aI2583
aI2584
aI2585
aI2586
aI2587
aI2588
aI2589
aI2590
aI2591
aI2592
aI2593
aI2594
aI2595
aI2596
aI2597
aI2598
aI2599
aI2600
aI2601
aI2602
aI2603
aI2604
aI2605
aI2606
aI2607
aI2608
aI2609
aI2610
aI2611
aI2612
aI2613
aI2614
aI2615
aI2616
aI2617
aI2618
aI2619
aI2620
aI2621
aI2622
aI2623
aI2624
aI2625
aI2626
aI2627
aI2628
aI2629
aI2630
aI2631
aI2632
aI2633
aI2634
aI2635
aI2636
aI2637
aI2638
aI2639
aI2640
aI2641
aI2642
aI2643
aI2644
aI2645
aI2646
aI2647
aI2648
aI2649
aI2650
aI2651
aI2652
aI2653
aI2654
aI2655
aI2656
aI2657
aI2658
aI2659
aI2660
aI2661
aI2662
aI2663
aI2664
aI2665
aI2666
aI2667
aI2668
aI2669
aI2670
aI2671
aI2672
aI2673
aI2674
aI2675
aI2676
aI2677
aI2678
aI2679
aI2680
aI2681
aI2682
aI2683
aI2684
aI2685
aI2686
aI2687
aI2688
aI2689
aI2690
aI2691
aI2692
aI2693
aI2694
aI2695
aI2696
aI2697
aI2698
aI2699
aI2700
aI2701
aI2702
aI2703
aI2704
aI2705
aI2706
aI2707
aI2708
aI2709
aI2710
aI2711
aI2712
aI2713
aI2714
aI2715
aI2716
aI2717
aI2718
aI2719
aI2720
aI2721
aI2722
aI2723
aI2724
aI2725
aI2726
aI2727
aI2728
aI2729
aI2730
aI2731
aI2732
aI2733
aI2734
aI2735
aI2736
aI2737
aI2738
aI2739
aI2740
aI2741
aI2742
aI2743
aI2744
aI2745
aI2746
aI2747
aI2748
aI2749
aI2750
aI2751
aI2752
aI2753
aI2754
aI2755
aI2756
aI2757
aI2758
aI2759
aI2760
aI2761
aI2762
aI2763
aI2764
aI2765
aI2766
aI2767
aI2768
aI2769
aI2770
aI2771
aI2772
aI2773
aI2774
aI2775
aI2776
aI2777
aI2778
aI2779
aI2780
aI2781
aI2782
aI2783
aI2784
aI2785
aI2786
aI2787
aI2788
aI2789
aI2790
aI2791
aI2792
aI2793
aI2794
aI2795
aI2796
aI2797
aI2798
aI2799
aI2800
aI2801
aI2802
aI2803
aI2804
aI2805
aI2806
aI2807
aI2808
aI2809
aI2810
aI2811
aI2812
aI2813
aI2814
aI2815
aI2816
aI2817
aI2818
aI2819
aI2820
aI2821
aI2822
aI2823
aI2824
aI2825
aI2826
aI2827
aI2828
aI2829
aI2830
aI2831
aI2832
aI2833
aI2834
aI2835
aI2836
aI2837
aI2838
aI2839
aI2840
aI2841
aI2842
aI2843
aI2844
aI2845
aI2846
aI2847
aI2848
aI2849
aI2850
aI2851
aI2852
aI2853
aI2854
aI2855
aI2856
aI2857
aI2858
aI2859
aI2860
aI2861
aI2862
aI2863
aI2864
aI2865
aI2866
aI2867
aI2868
aI2869
aI2870
aI2871
aI2872
aI2873
aI2874
aI2875
aI2876
aI2877
aI2878
aI2879
aI2880
aI2881
aI2882
aI2883
aI2884
aI2885
aI2886
aI2887
aI2888
aI2889
aI2890
aI2891
aI2892
aI2893
aI2894
aI2895
aI2896
aI2897
aI2898
aI2899
aI2900
aI2901
aI2902
aI2903
aI2904
aI2905
aI2906
aI2907
aI2908
aI2909
aI2910
aI2911
aI2912
aI2913
aI2914
aI2915
aI2916
aI2917
aI2918
aI2919
aI2920
aI2921
aI2922
aI2923
aI2924
aI2925
aI2926
aI2927
aI2928
aI2929
aI2930
aI2931
aI2932
aI2933
aI2934
aI2935
aI2936
aI2937
aI2938
aI2939
aI2940
aI2941
aI2942
aI2943
aI2944
aI2945
aI2946
aI2947
aI2948
aI2949
aI2950
aI2951
aI2952
aI2953
aI2954
aI2955
aI2956
aI2957
aI2958
aI2959
aI2960
aI2961
aI2962
aI2963
aI2964
aI2965
aI2966
aI2967
aI2968
aI2969
aI2970
aI2971
aI2972
aI2973
aI2974
aI2975
aI2976
aI2977
aI2978
aI2979
aI2980
aI2981
aI2982
aI2983
aI2984
aI2985
aI2986
aI2987
aI2988
aI2989
aI2990
aI2991
aI2992
aI2993
aI2994
aI2995
aI2996
aI2997
aI2998
aI2999
as.