(dp1
S'steps'
p2
(lp3
I85
aI84
aI84
aI82
aI41
aI82
aI82
aI93
aI85
aI65
aI82
aI51
aI69
aI82
aI82
aI82
aI65
aI83
aI55
aI69
aI82
aI64
aI134
aI51
aI82
aI84
aI83
aI110
aI82
aI83
aI91
aI81
aI82
aI93
aI65
aI82
aI82
aI65
aI82
aI82
aI82
aI82
aI110
aI82
aI110
aI82
aI82
aI69
aI111
aI51
aI82
aI67
aI51
aI51
aI82
aI95
aI81
aI51
aI72
aI82
aI82
aI54
aI70
aI82
aI66
aI84
aI65
aI82
aI84
aI82
aI82
aI70
aI70
aI82
aI65
aI51
aI82
aI82
aI51
aI56
aI83
aI69
aI82
aI156
aI81
aI69
aI65
aI82
aI111
aI82
aI68
aI84
aI86
aI67
aI83
aI82
aI83
aI82
aI89
aI119
aI51
aI51
aI82
aI82
aI66
aI67
aI65
aI82
aI82
aI51
aI84
aI66
aI83
aI81
aI86
aI51
aI68
aI67
aI84
aI83
aI82
aI82
aI93
aI82
aI51
aI82
aI82
aI82
aI49
aI66
aI66
aI65
aI61
aI86
aI82
aI83
aI75
aI87
aI137
aI82
aI68
aI88
aI82
aI93
aI82
aI70
aI53
aI82
aI39
aI82
aI70
aI66
aI51
aI70
aI82
aI51
aI72
aI85
aI55
aI131
aI71
aI62
aI54
aI51
aI69
aI110
aI65
aI82
aI70
aI83
aI51
aI84
aI73
aI74
aI53
aI65
aI51
aI66
aI47
aI68
aI51
aI73
aI109
aI82
aI56
aI86
aI39
aI71
aI81
aI51
aI67
aI51
aI51
aI127
aI65
aI82
aI82
aI51
aI84
aI82
aI82
aI82
aI86
aI82
aI83
aI101
aI83
aI83
aI82
aI83
aI82
aI65
aI66
aI83
aI84
aI65
aI53
aI49
aI58
aI54
aI110
aI81
aI51
aI67
aI67
aI82
aI84
aI110
aI49
aI113
aI81
aI81
aI82
aI36
aI115
aI82
aI82
aI84
aI111
aI66
aI71
aI82
aI92
aI99
aI101
aI51
aI95
aI68
aI176
aI82
aI69
aI85
aI53
aI41
aI106
aI83
aI84
aI83
aI67
aI71
aI141
aI85
aI83
aI109
aI85
aI66
aI55
aI115
aI51
aI86
aI111
aI54
aI69
aI52
aI82
aI82
aI125
aI71
aI116
aI82
aI86
aI54
aI84
aI52
aI54
aI69
aI54
aI71
aI139
aI57
aI65
aI51
aI52
aI50
aI71
aI126
aI82
aI82
aI101
aI66
aI100
aI49
aI71
aI86
aI85
aI71
aI49
aI84
aI54
aI49
aI51
aI49
aI85
aI70
aI79
aI50
aI50
aI97
aI49
aI102
aI99
aI82
aI54
aI49
aI68
aI84
aI49
aI101
aI103
aI51
aI152
aI54
aI86
aI82
aI84
aI49
aI72
aI51
aI49
aI69
aI71
aI52
aI67
aI85
aI51
aI142
aI67
aI84
aI81
aI101
aI49
aI108
aI39
aI81
aI127
aI111
aI41
aI121
aI51
aI111
aI100
aI49
aI52
aI101
aI54
aI142
aI82
aI88
aI86
aI86
aI82
aI51
aI81
aI118
aI66
aI91
aI125
aI49
aI67
aI67
aI85
aI86
aI67
aI99
aI67
aI66
aI103
aI72
aI71
aI71
aI82
aI53
aI89
aI67
aI71
aI85
aI108
aI98
aI84
aI97
aI54
aI71
aI51
aI87
aI49
aI100
aI117
aI51
aI81
aI51
aI110
aI84
aI54
aI118
aI54
aI95
aI118
aI111
aI84
aI82
aI82
aI70
aI99
aI98
aI88
aI86
aI93
aI67
aI49
aI71
aI58
aI72
aI85
aI121
aI84
aI67
aI102
aI55
aI81
aI86
aI138
aI83
aI156
aI53
aI85
aI66
aI71
aI73
aI88
aI85
aI66
aI66
aI84
aI83
aI51
aI113
aI51
aI70
aI68
aI85
aI100
aI51
aI86
aI141
aI108
aI122
aI82
aI83
aI65
aI83
aI82
aI84
aI54
aI87
aI84
aI82
aI88
aI123
aI83
aI117
aI88
aI120
aI81
aI53
aI70
aI76
aI68
aI68
aI85
aI68
aI67
aI84
aI149
aI66
aI117
aI82
aI110
aI51
aI100
aI82
aI85
aI82
aI82
aI86
aI83
aI65
aI81
aI106
aI86
aI82
aI82
aI82
aI168
aI82
aI70
aI84
aI147
aI54
aI141
aI131
aI81
aI82
aI54
aI67
aI140
aI52
aI86
aI46
aI87
aI108
aI85
aI68
aI51
aI68
aI129
aI83
aI51
aI46
aI68
aI69
aI47
aI69
aI84
aI49
aI68
aI96
aI81
aI143
aI118
aI82
aI70
aI51
aI74
aI84
aI83
aI85
aI83
aI68
aI101
aI51
aI86
aI82
aI82
aI84
aI68
aI73
aI66
aI81
aI84
aI69
aI86
aI71
aI86
aI106
aI111
aI141
aI82
aI41
aI82
aI115
aI109
aI54
aI72
aI63
aI67
aI100
aI144
aI83
aI99
aI70
aI84
aI51
aI102
aI79
aI85
aI101
aI51
aI81
aI99
aI128
aI84
aI109
aI147
aI70
aI81
aI85
aI85
aI102
aI83
aI85
aI71
aI67
aI87
aI85
aI85
aI54
aI53
aI82
aI51
aI49
aI88
aI82
aI84
aI134
aI107
aI65
aI82
aI82
aI82
aI66
aI82
aI84
aI39
aI84
aI67
aI67
aI51
aI136
aI83
aI87
aI158
aI51
aI49
aI82
aI100
aI66
aI83
aI84
aI51
aI87
aI52
aI82
aI67
aI40
aI107
aI82
aI82
aI54
aI68
aI86
aI85
aI85
aI81
aI64
aI39
aI41
aI158
aI65
aI100
aI83
aI82
aI51
aI84
aI147
aI82
aI83
aI84
aI144
aI108
aI82
aI39
aI83
aI82
aI178
aI115
aI82
aI82
aI81
aI79
aI86
aI82
aI67
aI85
aI103
aI66
aI51
aI82
aI85
aI54
aI70
aI37
aI73
aI88
aI73
aI91
aI49
aI85
aI67
aI85
aI120
aI49
aI40
aI82
aI66
aI67
aI146
aI49
aI81
aI129
aI51
aI65
aI71
aI44
aI85
aI117
aI53
aI85
aI100
aI69
aI71
aI110
aI142
aI82
aI51
aI55
aI142
aI85
aI85
aI84
aI51
aI142
aI83
aI83
aI51
aI97
aI82
aI127
aI143
aI51
aI67
aI85
aI82
aI100
aI68
aI79
aI103
aI54
aI147
aI66
aI85
aI99
aI85
aI69
aI85
aI86
aI51
aI71
aI100
aI56
aI107
aI151
aI48
aI57
aI82
aI143
aI109
aI83
aI54
aI109
aI82
aI84
aI102
aI68
aI55
aI52
aI88
aI85
aI85
aI40
aI84
aI67
aI84
aI84
aI71
aI47
aI64
aI86
aI62
aI104
aI144
aI51
aI49
aI82
aI63
aI147
aI82
aI65
aI100
aI66
aI49
aI118
aI77
aI77
aI88
aI173
aI65
aI92
aI107
aI87
aI49
aI71
aI55
aI54
aI61
aI99
aI100
aI83
aI83
aI85
aI50
aI55
aI65
aI68
aI177
aI82
aI65
aI103
aI99
aI83
aI83
aI130
aI82
aI90
aI38
aI50
aI81
aI101
aI67
aI112
aI148
aI49
aI83
aI95
aI85
aI67
aI59
aI54
aI85
aI81
aI85
aI83
aI85
aI101
aI81
aI81
aI83
aI65
aI82
aI103
aI101
aI101
aI85
aI151
aI82
aI81
aI69
aI83
aI86
aI68
aI108
aI107
aI51
aI87
aI87
aI103
aI142
aI83
aI39
aI68
aI85
aI55
aI85
aI85
aI78
aI82
aI85
aI101
aI69
aI54
aI83
aI102
aI65
aI117
aI84
aI85
aI79
aI59
aI85
aI81
aI82
aI71
aI49
aI77
aI89
aI95
aI51
aI89
aI68
aI67
aI55
aI111
aI87
aI83
aI43
aI62
aI81
aI151
aI47
aI71
aI54
aI69
aI66
aI112
aI51
aI147
aI66
aI118
aI71
aI98
aI68
aI85
aI73
aI102
aI98
aI131
aI49
aI153
aI70
aI87
aI64
aI51
aI111
aI71
aI84
aI66
aI81
aI85
aI67
aI97
aI46
aI39
aI84
aI66
aI84
aI54
aI49
aI85
aI86
aI81
aI87
aI86
aI81
aI110
aI83
aI118
aI71
aI147
aI86
aI85
aI56
aI39
aI67
aI39
aI69
aI124
aI67
aI101
aI112
aI56
aI47
aI65
aI51
aI51
aI97
aI50
aI46
aI46
aI68
aI54
aI67
aI99
aI142
aI98
aI41
aI44
aI93
aI110
aI70
aI54
aI52
aI53
aI85
aI56
aI47
aI84
aI146
aI51
aI89
aI54
aI67
aI72
aI48
aI78
aI51
aI98
aI107
aI67
aI49
aI67
aI103
aI90
aI69
aI67
aI108
aI118
aI49
aI87
aI56
aI100
aI66
aI111
aI65
aI67
aI43
aI66
aI52
aI100
aI100
aI146
aI81
aI82
aI65
aI51
aI84
aI118
aI54
aI55
aI65
aI92
aI66
aI112
aI49
aI81
aI103
aI112
aI86
aI46
aI82
aI67
aI93
aI145
aI51
aI83
aI94
aI81
aI147
aI66
aI111
aI100
aI51
aI66
aI82
aI81
aI113
aI82
aI81
aI71
aI57
aI100
aI85
aI84
aI66
aI54
aI84
aI89
aI83
aI84
aI142
aI51
aI83
aI86
aI86
aI62
aI41
aI51
aI93
aI67
aI74
aI67
aI66
aI85
aI85
aI85
aI70
aI85
aI82
aI85
aI83
aI54
aI74
aI68
aI109
aI157
aI82
aI65
aI65
aI147
aI84
aI147
aI49
aI85
aI86
aI66
aI87
aI83
aI81
aI92
aI69
aI101
aI54
aI152
aI141
aI126
aI148
aI87
aI108
aI70
aI54
aI53
aI94
aI112
aI112
aI62
aI101
aI56
aI111
aI49
aI85
aI54
aI53
aI68
aI54
aI99
aI44
aI68
aI86
aI66
aI88
aI122
aI51
aI65
aI46
aI87
aI96
aI66
aI85
aI75
aI155
aI83
aI82
aI82
aI82
aI96
aI82
aI82
aI82
aI84
aI83
aI90
aI39
aI53
aI69
aI127
aI90
aI70
aI66
aI112
aI81
aI81
aI86
aI144
aI81
aI72
aI85
aI70
aI70
aI50
aI137
aI66
aI81
aI67
aI100
aI51
aI52
aI112
aI90
aI101
aI55
aI102
aI117
aI83
aI67
aI99
aI81
aI129
aI49
aI102
aI69
aI68
aI50
aI69
aI86
aI52
aI84
aI77
aI67
aI103
aI54
aI52
aI51
aI97
aI109
aI54
aI129
aI57
aI84
aI65
aI54
aI70
aI108
aI110
aI130
aI51
aI108
aI68
aI103
aI49
aI106
aI72
aI84
aI65
aI83
aI89
aI154
aI82
aI51
aI82
aI67
aI72
aI130
aI61
aI86
aI51
aI104
aI149
aI87
aI68
aI128
aI54
aI94
aI71
aI111
aI39
aI51
aI69
aI50
aI70
aI148
aI67
aI126
aI65
aI84
aI46
aI51
aI52
aI70
aI54
aI90
aI103
aI82
aI71
aI70
aI72
aI81
aI62
aI94
aI63
aI69
aI116
aI49
aI97
aI92
aI54
aI71
aI77
aI52
aI141
aI88
aI54
aI100
aI51
aI102
aI138
aI147
aI113
aI51
aI70
aI71
aI84
aI84
aI81
aI57
aI74
aI88
aI54
aI93
aI54
aI67
aI45
aI68
aI42
aI84
aI86
aI54
aI56
aI81
aI132
aI100
aI74
aI100
aI51
aI50
aI71
aI65
aI41
aI88
aI50
aI49
aI56
aI89
aI73
aI73
aI85
aI49
aI70
aI56
aI56
aI69
aI67
aI90
aI71
aI65
aI87
aI141
aI85
aI99
aI82
aI51
aI67
aI82
aI84
aI82
aI51
aI54
aI54
aI62
aI57
aI135
aI102
aI81
aI84
aI54
aI56
aI57
aI93
aI84
aI82
aI116
aI67
aI95
aI94
aI49
aI100
aI140
aI67
aI82
aI63
aI70
aI100
aI111
aI147
aI68
aI82
aI70
aI69
aI57
aI112
aI115
aI82
aI149
aI82
aI51
aI93
aI99
aI87
aI88
aI117
aI83
aI98
aI82
aI51
aI108
aI83
aI46
aI94
aI66
aI142
aI82
aI97
aI56
aI91
aI77
aI82
aI51
aI54
aI54
aI54
aI107
aI73
aI53
aI95
aI49
aI56
aI86
aI62
aI118
aI88
aI93
aI178
aI54
aI53
aI99
aI95
aI59
aI49
aI73
aI50
aI49
aI114
aI65
aI98
aI51
aI76
aI85
aI49
aI67
aI106
aI86
aI51
aI100
aI82
aI54
aI79
aI147
aI109
aI51
aI73
aI63
aI72
aI108
aI49
aI49
aI84
aI113
aI67
aI96
aI97
aI44
aI71
aI82
aI53
aI117
aI49
aI82
aI115
aI115
aI54
aI56
aI95
aI85
aI67
aI86
aI106
aI54
aI69
aI45
aI85
aI67
aI100
aI70
aI53
aI87
aI63
aI67
aI56
aI98
aI84
aI81
aI85
aI116
aI62
aI87
aI83
aI81
aI71
aI56
aI101
aI51
aI100
aI88
aI111
aI49
aI128
aI63
aI86
aI84
aI84
aI127
aI155
aI83
aI53
aI84
aI141
aI54
aI118
aI84
aI82
aI83
aI51
aI82
aI119
aI84
aI85
aI51
aI99
aI47
aI49
aI95
aI66
aI85
aI85
aI84
aI87
aI81
aI114
aI85
aI83
aI95
aI53
aI88
aI87
aI99
aI82
aI83
aI49
aI69
aI123
aI54
aI86
aI138
aI84
aI51
aI66
aI72
aI82
aI116
aI83
aI54
aI112
aI53
aI130
aI51
aI67
aI117
aI67
aI53
aI73
aI103
aI86
aI112
aI82
aI85
aI82
aI99
aI109
aI99
aI56
aI70
aI52
aI76
aI102
aI67
aI67
aI68
aI54
aI92
aI70
aI54
aI103
aI53
aI96
aI82
aI101
aI96
aI107
aI51
aI88
aI67
aI109
aI87
aI101
aI43
aI67
aI97
aI99
aI68
aI82
aI67
aI85
aI72
aI94
aI79
aI144
aI137
aI81
aI82
aI67
aI89
aI71
aI96
aI103
aI52
aI53
aI164
aI147
aI53
aI53
aI54
aI110
aI53
aI98
aI86
aI84
aI102
aI82
aI91
aI49
aI56
aI80
aI67
aI61
aI86
aI86
aI51
aI84
aI110
aI67
aI82
aI39
aI49
aI46
aI52
aI49
aI84
aI53
aI49
aI93
aI51
aI88
aI57
aI80
aI91
aI79
aI43
aI75
aI102
aI51
aI95
aI141
aI102
aI71
aI67
aI85
aI67
aI156
aI95
aI51
aI69
aI84
aI54
aI107
aI39
aI82
aI67
aI65
aI115
aI54
aI52
aI73
aI69
aI84
aI51
aI82
aI40
aI55
aI133
aI51
aI67
aI52
aI85
aI76
aI49
aI95
aI41
aI55
aI67
aI97
aI107
aI83
aI53
aI51
aI82
aI86
aI82
aI89
aI66
aI40
aI52
aI84
aI51
aI65
aI56
aI64
aI95
aI66
aI84
aI87
aI71
aI67
aI98
aI65
aI89
aI59
aI61
aI55
aI50
aI102
aI78
aI54
aI69
aI56
aI44
aI50
aI92
aI89
aI54
aI84
aI63
aI54
aI111
aI63
aI106
aI67
aI71
aI45
aI56
aI62
aI128
aI84
aI82
aI93
aI69
aI133
aI90
aI54
aI70
aI67
aI111
aI53
aI90
aI49
aI70
aI93
aI88
aI67
aI67
aI74
aI59
aI76
aI94
aI121
aI68
aI48
aI106
aI67
aI53
aI121
aI39
aI76
aI74
aI106
aI72
aI53
aI79
aI122
aI52
aI51
aI126
aI69
aI101
aI81
aI86
aI78
aI147
aI86
aI68
aI76
aI109
aI84
aI72
aI52
aI40
aI91
aI67
aI72
aI83
aI99
aI51
aI67
aI84
aI52
aI87
aI67
aI89
aI108
aI83
aI83
aI90
aI71
aI73
aI67
aI67
aI133
aI49
aI106
aI43
aI64
aI49
aI68
aI80
aI114
aI73
aI137
aI66
aI91
aI84
aI89
aI109
aI51
aI53
aI51
aI66
aI107
aI85
aI96
aI65
aI108
aI108
aI72
aI69
aI50
aI123
aI54
aI49
aI71
aI104
aI104
aI78
aI97
aI101
aI53
aI103
aI114
aI66
aI67
aI66
aI118
aI77
aI49
aI76
aI64
aI77
aI74
aI83
aI86
aI84
aI54
aI91
aI71
aI67
aI84
aI148
aI68
aI48
aI49
aI67
aI70
aI50
aI40
aI124
aI50
aI63
aI71
aI98
aI72
aI68
aI67
aI86
aI90
aI89
aI96
aI82
aI65
aI88
aI48
aI67
aI93
aI65
aI99
aI50
aI67
aI82
aI100
aI75
aI69
aI49
aI67
aI102
aI63
aI92
aI146
aI98
aI67
aI90
aI147
aI64
aI88
aI90
aI110
aI89
aI64
aI67
aI108
aI121
aI63
aI86
aI40
aI85
aI173
aI98
aI67
aI161
aI49
aI86
aI94
aI67
aI64
aI69
aI69
aI84
aI86
aI122
aI79
aI84
aI51
aI40
aI78
aI121
aI56
aI60
aI110
aI51
aI88
aI89
aI54
aI109
aI102
aI82
aI53
aI66
aI50
aI176
aI69
aI68
aI49
aI106
aI99
aI141
aI56
aI87
aI42
aI101
aI88
aI107
aI50
aI128
aI149
aI86
aI48
aI79
aI131
aI139
aI64
aI138
aI100
aI53
aI80
aI76
aI66
aI80
aI43
aI84
aI85
aI84
aI157
aI101
aI115
aI68
aI49
aI99
aI84
aI66
aI106
aI86
aI66
aI99
aI52
aI64
aI64
aI94
aI59
aI50
aI92
aI104
aI35
aI80
aI64
aI100
aI86
aI56
aI92
aI88
aI93
aI56
aI65
aI103
aI69
aI82
aI84
aI95
aI146
aI65
aI89
aI80
aI64
aI76
aI92
aI67
aI76
aI111
aI76
aI79
aI73
aI114
aI71
aI64
aI150
aI98
aI114
aI99
aI97
aI109
aI115
aI55
aI90
aI121
aI133
aI57
aI52
aI66
aI107
aI97
aI49
aI50
aI88
aI157
aI86
aI86
aI82
aI110
aI84
aI49
aI68
aI63
aI53
aI66
aI49
aI96
aI56
aI99
aI88
aI85
aI71
aI115
aI96
aI118
aI49
aI72
aI80
aI84
aI55
aI63
aI70
aI108
aI107
aI87
aI69
aI92
aI90
aI94
aI75
aI83
aI100
aI35
aI89
aI84
aI94
aI90
aI92
aI106
aI79
aI86
aI37
aI118
aI177
aI57
aI149
aI104
aI103
aI55
aI155
aI68
aI94
aI74
aI111
aI41
aI71
aI70
aI47
aI81
aI94
aI52
aI90
aI159
aI85
aI55
aI92
aI149
aI82
aI100
aI84
aI83
aI85
aI148
aI81
aI110
aI51
aI45
aI49
aI75
aI37
aI139
aI86
aI109
aI50
aI136
aI65
aI101
aI104
aI54
aI82
aI99
aI103
aI72
aI65
aI69
aI70
aI53
aI84
aI127
aI90
aI55
aI94
aI42
aI131
aI129
aI66
aI120
aI48
aI114
aI107
aI99
aI66
aI180
aI82
aI82
aI44
aI98
aI53
aI54
aI93
aI76
aI54
aI87
aI112
aI106
aI38
aI70
aI81
aI104
aI49
aI96
aI82
aI114
aI50
aI70
aI81
aI37
aI98
aI143
aI132
aI92
aI39
aI67
aI51
aI154
aI87
aI50
aI128
aI76
aI146
aI68
aI120
aI90
aI132
aI110
aI56
aI101
aI101
aI50
aI166
aI88
aI53
aI67
aI141
aI85
aI155
aI96
aI48
aI81
aI98
aI131
aI144
aI39
aI53
aI64
aI119
aI97
aI93
aI103
aI91
aI117
aI57
aI82
aI98
aI95
aI96
aI95
aI109
aI88
aI75
aI110
aI92
aI86
aI68
aI93
aI83
aI87
aI85
aI65
aI69
aI51
aI50
aI52
aI97
aI101
aI134
aI82
aI47
aI72
aI72
aI134
aI84
aI75
aI52
aI119
aI65
aI54
aI79
aI111
aI67
aI95
aI57
aI120
aI67
aI103
aI77
aI68
aI68
aI97
aI56
aI83
aI92
aI42
aI98
aI97
aI149
aI68
aI52
aI95
aI83
aI116
aI87
aI48
aI139
aI72
aI84
aI64
aI113
aI53
aI149
aI89
aI53
aI107
aI112
aI82
aI82
aI103
aI108
aI51
aI91
aI110
aI94
aI93
aI47
aI100
aI72
aI82
aI96
aI67
aI61
aI51
aI83
aI91
aI83
aI56
aI144
aI154
aI89
aI90
aI122
aI55
aI70
aI52
aI101
aI76
aI53
aI161
aI69
aI71
aI88
aI83
aI85
aI71
aI116
aI51
aI69
aI70
aI54
aI69
aI71
aI89
aI129
aI75
aI79
aI77
aI150
aI94
aI54
aI86
aI82
aI64
aI148
aI77
aI55
aI96
aI100
aI100
aI113
aI103
aI41
aI133
aI53
aI88
aI106
aI52
aI116
aI70
aI155
aI70
aI109
aI144
aI69
aI61
aI82
aI69
aI54
aI77
aI76
aI54
aI92
aI73
aI60
aI65
aI71
aI102
aI68
aI54
aI87
aI51
aI71
aI130
aI66
aI74
aI101
aI54
aI53
aI53
aI96
aI78
aI148
aI91
aI123
aI67
aI68
aI66
aI102
aI127
aI51
aI126
aI77
aI109
aI82
aI70
aI87
aI93
aI85
aI86
aI90
aI158
aI90
aI62
aI53
aI90
aI63
aI166
aI96
aI88
aI89
aI36
aI78
aI62
aI84
aI65
aI79
aI110
aI66
aI95
aI99
aI55
aI60
aI70
aI79
aI72
aI110
aI97
aI54
aI94
aI114
aI63
aI84
aI68
aI74
aI69
aI49
aI63
aI154
aI73
aI62
aI112
aI113
aI49
aI91
aI50
aI50
aI103
aI95
aI86
aI88
aI100
aI71
aI67
aI117
aI51
aI161
aI92
aI109
aI39
aI51
aI97
aI72
aI85
aI53
aI113
aI90
aI113
aI94
aI72
aI144
aI95
aI98
aI85
aI43
aI48
aI81
aI81
aI95
aI80
aI54
aI65
aI95
aI142
aI98
aI65
aI80
aI129
aI47
aI93
aI97
aI164
aI53
aI109
aI51
aI119
aI61
aI54
aI116
aI80
aI83
aI87
aI104
aI108
aI82
aI68
aI51
aI72
aI96
aI113
aI94
aI65
aI77
aI94
aI153
aI61
aI155
aI84
aI55
aI137
aI78
aI55
aI92
aI109
aI72
aI67
aI72
aI88
aI104
aI97
aI134
aI147
aI132
aI70
aI61
aI61
aI68
aI125
aI116
aI155
aI125
aI84
aI74
aI156
aI90
aI104
aI65
aI90
aI57
aI124
aI78
aI71
aI66
aI97
aI133
aI100
aI88
aI83
aI54
aI65
aI72
aI54
aI88
aI54
aI98
aI100
aI71
aI84
aI145
aI70
aI89
aI57
aI72
aI55
aI84
aI56
aI69
aI101
aI59
aI68
aI118
aI70
aI84
aI88
aI94
aI114
aI56
aI122
aI66
aI110
aI53
aI47
aI70
aI86
aI88
aI100
aI55
aI111
aI70
aI54
aI150
aI92
aI83
aI53
aI83
aI154
aI148
aI80
aI94
aI156
aI94
aI78
aI41
aI110
aI55
aI134
aI83
aI71
aI87
aI80
aI102
aI88
aI72
aI79
aI82
aI56
aI108
aI90
aI70
aI56
aI62
aI78
aI92
aI70
aI53
aI134
aI59
aI70
aI70
aI97
aI66
aI55
aI88
aI95
aI39
aI132
aI68
aI85
aI83
aI64
aI50
aI55
aI83
aI101
aI91
aI72
aI94
aI88
aI53
aI93
aI54
aI65
aI99
aI91
aI40
aI39
aI78
aI112
aI69
aI59
aI135
aI69
aI50
aI62
aI113
aI53
aI52
aI98
aI82
aI95
aI54
aI135
aI88
aI139
aI94
aI54
aI100
aI94
aI67
aI95
aI39
aI87
aI63
aI71
aI52
aI99
aI95
aI92
aI88
aI102
aI111
aI56
aI82
aI66
aI153
aI126
aI100
aI49
aI127
aI84
aI77
aI105
aI177
aI90
aI67
aI83
aI121
aI92
aI102
aI96
aI60
aI61
aI53
aI88
aI65
aI68
aI70
aI93
aI68
aI87
aI87
aI98
aI64
aI65
aI53
aI88
aI65
aI90
aI92
aI54
aI72
aI75
aI122
aI79
aI47
aI86
aI96
aI91
aI56
aI83
aI88
aI65
aI106
aI119
aI105
aI88
aI54
aI155
aI122
aI150
aI97
aI65
aI45
aI63
aI32
aI71
aI81
aI72
aI73
aI96
aI87
aI98
aI97
aI103
aI74
aI90
aI53
aI83
aI64
aI63
aI102
aI116
aI93
aI76
aI64
aI49
aI55
aI52
aI67
aI109
aI125
aI125
aI49
aI91
aI87
aI111
aI79
aI135
aI55
aI101
aI58
aI51
aI53
aI130
aI88
aI67
aI146
aI70
aI77
aI69
aI89
aI76
aI70
aI85
aI73
aI88
aI114
aI87
aI89
aI99
aI68
aI165
aI92
aI54
aI102
aI61
aI142
aI90
aI111
aI107
aI70
aI85
aI67
aI97
aI90
aI96
aI65
aI96
aI113
aI151
aI88
aI101
aI54
aI44
aI89
aI82
aI74
aI130
aI83
aI53
aI78
aI150
aI76
aI97
aI87
aI95
aI151
aI86
aI77
aI106
aI65
aI73
aI174
aI103
aI69
aI76
aI77
aI74
aI77
aI105
aI69
aI104
aI72
aI152
aI126
aI53
aI77
aI124
aI93
aI99
aI69
aI110
aI68
aI157
aI100
aI83
aI103
aI119
aI53
aI54
aI69
aI89
asS'reward'
p4
(lp5
F485
aF180
aF210
aF180
aF75
aF180
aF180
aF485
aF180
aF135
aF180
aF160
aF105
aF210
aF155
aF210
aF135
aF160
aF75
aF215
aF180
aF110
aF490
aF105
aF180
aF210
aF215
aF305
aF180
aF210
aF285
aF180
aF180
aF180
aF120
aF180
aF210
aF135
aF180
aF180
aF180
aF180
aF300
aF180
aF295
aF180
aF210
aF110
aF260
aF105
aF210
aF155
aF105
aF105
aF180
aF255
aF355
aF75
aF150
aF210
aF180
aF105
aF180
aF180
aF105
aF210
aF120
aF155
aF210
aF180
aF180
aF150
aF180
aF210
aF135
aF105
aF180
aF210
aF105
aF75
aF210
aF135
aF180
aF470
aF180
aF105
aF110
aF180
aF250
aF180
aF210
aF210
aF185
aF210
aF160
aF155
aF205
aF155
aF210
aF365
aF105
aF105
aF180
aF210
aF105
aF120
aF110
aF155
aF180
aF105
aF150
aF135
aF210
aF210
aF410
aF105
aF180
aF110
aF210
aF180
aF210
aF180
aF410
aF180
aF105
aF180
aF180
aF180
aF210
aF105
aF130
aF105
aF210
aF210
aF210
aF165
aF245
aF460
aF525
aF210
aF225
aF225
aF180
aF380
aF210
aF150
aF105
aF210
aF80
aF210
aF150
aF125
aF105
aF355
aF210
aF105
aF150
aF260
aF80
aF225
aF180
aF120
aF150
aF105
aF105
aF490
aF135
aF210
aF150
aF210
aF105
aF180
aF160
aF155
aF75
aF120
aF75
aF110
aF125
aF125
aF130
aF430
aF210
aF180
aF75
aF180
aF80
aF225
aF180
aF105
aF210
aF105
aF75
aF265
aF120
aF180
aF210
aF105
aF180
aF210
aF210
aF180
aF180
aF210
aF155
aF240
aF180
aF190
aF210
aF180
aF180
aF210
aF155
aF210
aF210
aF135
aF105
aF125
aF75
aF125
aF305
aF185
aF105
aF165
aF180
aF155
aF370
aF285
aF125
aF365
aF380
aF180
aF210
aF130
aF500
aF180
aF180
aF210
aF300
aF105
aF180
aF180
aF265
aF180
aF270
aF105
aF325
aF310
aF530
aF180
aF110
aF210
aF155
aF75
aF440
aF180
aF210
aF260
aF210
aF155
aF275
aF210
aF210
aF210
aF210
aF180
aF180
aF300
aF105
aF410
aF180
aF125
aF155
aF125
aF210
aF210
aF260
aF180
aF515
aF180
aF215
aF125
aF370
aF180
aF105
aF255
aF75
aF195
aF420
aF150
aF210
aF105
aF180
aF155
aF180
aF570
aF180
aF210
aF240
aF135
aF260
aF125
aF180
aF210
aF240
aF180
aF125
aF440
aF125
aF125
aF105
aF135
aF210
aF155
aF180
aF135
aF105
aF260
aF125
aF265
aF505
aF210
aF125
aF125
aF230
aF230
aF125
aF260
aF255
aF105
aF390
aF125
aF210
aF180
aF210
aF125
aF180
aF130
aF105
aF210
aF180
aF110
aF180
aF210
aF105
aF365
aF105
aF180
aF180
aF240
aF125
aF335
aF80
aF185
aF535
aF300
aF75
aF395
aF110
aF310
aF260
aF125
aF180
aF240
aF75
aF365
aF210
aF205
aF210
aF410
aF180
aF105
aF180
aF310
aF110
aF290
aF275
aF180
aF210
aF210
aF210
aF210
aF210
aF255
aF210
aF210
aF240
aF180
aF210
aF180
aF240
aF105
aF380
aF125
aF180
aF210
aF345
aF260
aF210
aF215
aF75
aF155
aF135
aF240
aF105
aF460
aF285
aF105
aF185
aF120
aF430
aF210
aF125
aF310
aF75
aF345
aF310
aF290
aF210
aF210
aF210
aF210
aF255
aF240
aF225
aF255
aF475
aF205
aF125
aF180
aF125
aF225
aF210
aF315
aF210
aF195
aF310
aF125
aF155
aF230
aF310
aF210
aF365
aF75
aF410
aF125
aF180
aF185
aF180
aF210
aF180
aF125
aF210
aF180
aF105
aF230
aF105
aF110
aF135
aF230
aF460
aF105
aF235
aF285
aF290
aF470
aF210
aF210
aF110
aF410
aF210
aF210
aF105
aF380
aF210
aF210
aF230
aF410
aF210
aF285
aF185
aF285
aF285
aF75
aF195
aF295
aF180
aF180
aF210
aF170
aF180
aF180
aF465
aF180
aF390
aF180
aF290
aF105
aF460
aF180
aF210
aF210
aF200
aF410
aF210
aF155
aF155
aF285
aF210
aF380
aF180
aF180
aF540
aF180
aF180
aF210
aF365
aF150
aF290
aF250
aF185
aF210
aF125
aF180
aF395
aF155
aF410
aF90
aF205
aF305
aF260
aF180
aF105
aF180
aF655
aF210
aF105
aF90
aF180
aF230
aF90
aF180
aF370
aF125
aF180
aF545
aF155
aF390
aF470
aF180
aF180
aF105
aF180
aF210
aF185
aF210
aF210
aF110
aF460
aF105
aF210
aF210
aF210
aF210
aF155
aF155
aF105
aF155
aF210
aF180
aF215
aF180
aF285
aF545
aF285
aF690
aF180
aF75
aF185
aF285
aF460
aF125
aF225
aF145
aF135
aF460
aF530
aF210
aF260
aF150
aF210
aF105
aF260
aF125
aF210
aF350
aF105
aF185
aF255
aF210
aF210
aF455
aF365
aF105
aF155
aF210
aF210
aF260
aF400
aF210
aF155
aF210
aF180
aF210
aF210
aF125
aF75
aF240
aF105
aF125
aF265
aF210
aF180
aF340
aF255
aF155
aF210
aF180
aF210
aF125
aF180
aF370
aF80
aF215
aF180
aF180
aF105
aF390
aF210
aF210
aF415
aF105
aF125
aF240
aF460
aF180
aF210
aF210
aF105
aF210
aF75
aF205
aF185
aF80
aF655
aF180
aF210
aF125
aF105
aF210
aF210
aF210
aF165
aF155
aF80
aF75
aF485
aF120
aF210
aF380
aF180
aF105
aF180
aF390
aF180
aF210
aF180
aF365
aF240
aF210
aF80
aF285
aF205
aF385
aF345
aF180
aF180
aF180
aF120
aF410
aF210
aF210
aF210
aF440
aF105
aF105
aF135
aF210
aF125
aF125
aF80
aF155
aF220
aF255
aF470
aF125
aF210
aF180
aF210
aF270
aF125
aF80
aF210
aF105
aF180
aF545
aF125
aF180
aF545
aF105
aF210
aF180
aF105
aF210
aF460
aF105
aF210
aF460
aF105
aF180
aF295
aF420
aF155
aF105
aF150
aF270
aF210
aF210
aF210
aF105
aF395
aF180
aF410
aF105
aF280
aF180
aF370
aF390
aF105
aF180
aF240
aF155
aF225
aF210
aF135
aF260
aF125
aF365
aF105
aF210
aF255
aF210
aF260
aF210
aF410
aF105
aF180
aF280
aF125
aF410
aF395
aF105
aF125
aF155
aF315
aF245
aF260
aF75
aF315
aF210
aF180
aF265
aF205
aF75
aF125
aF210
aF210
aF210
aF80
aF240
aF180
aF305
aF210
aF240
aF155
aF210
aF410
aF110
aF220
aF540
aF105
aF125
aF155
aF155
aF390
aF210
aF120
aF460
aF180
aF125
aF310
aF255
aF285
aF210
aF840
aF180
aF305
aF445
aF245
aF125
aF180
aF150
aF125
aF150
aF310
aF470
aF210
aF180
aF210
aF110
aF150
aF165
aF210
aF755
aF180
aF120
aF265
aF470
aF210
aF210
aF390
aF210
aF230
aF105
aF80
aF155
aF260
aF180
aF345
aF470
aF125
aF210
aF250
aF210
aF225
aF150
aF125
aF410
aF180
aF210
aF215
aF210
aF460
aF165
aF180
aF240
aF105
aF180
aF255
aF260
aF270
aF210
aF680
aF180
aF180
aF210
aF410
aF240
aF180
aF565
aF360
aF120
aF245
aF245
aF265
aF285
aF240
aF105
aF210
aF210
aF75
aF210
aF210
aF270
aF235
aF210
aF460
aF105
aF75
aF210
aF260
aF155
aF260
aF210
aF210
aF230
aF210
aF210
aF180
aF240
aF440
aF125
aF210
aF380
aF335
aF105
aF380
aF225
aF225
aF150
aF440
aF180
aF240
aF90
aF155
aF260
aF390
aF125
aF155
aF165
aF155
aF255
aF290
aF105
aF390
aF155
aF310
aF120
aF265
aF210
aF210
aF240
aF260
aF260
aF620
aF125
aF405
aF225
aF380
aF190
aF145
aF265
aF210
aF255
aF210
aF180
aF210
aF210
aF260
aF100
aF90
aF210
aF210
aF410
aF125
aF125
aF210
aF215
aF180
aF230
aF380
aF260
aF275
aF210
aF310
aF180
aF390
aF180
aF210
aF150
aF80
aF180
aF110
aF210
aF485
aF210
aF455
aF290
aF125
aF180
aF190
aF155
aF120
aF330
aF140
aF135
aF135
aF255
aF185
aF180
aF260
aF390
aF285
aF75
aF75
aF210
aF285
aF240
aF150
aF155
aF110
aF270
aF125
aF125
aF260
aF420
aF105
aF240
aF180
aF210
aF155
aF80
aF485
aF105
aF245
aF230
aF210
aF105
aF210
aF275
aF195
aF135
aF180
aF300
aF310
aF125
aF365
aF155
aF460
aF105
aF290
aF180
aF210
aF65
aF105
aF125
aF240
aF460
aF590
aF180
aF180
aF110
aF105
aF260
aF375
aF150
aF155
aF220
aF230
aF230
aF565
aF125
aF160
aF260
aF315
aF210
aF90
aF210
aF155
aF260
aF535
aF105
aF210
aF485
aF210
aF390
aF110
aF275
aF460
aF105
aF210
aF180
aF185
aF360
aF260
aF150
aF210
aF120
aF265
aF410
aF210
aF105
aF105
aF210
aF275
aF210
aF260
aF420
aF105
aF255
aF215
aF215
aF180
aF110
aF195
aF360
aF155
aF240
aF210
aF210
aF210
aF210
aF210
aF180
aF240
aF210
aF210
aF260
aF125
aF240
aF225
aF490
aF460
aF210
aF105
aF120
aF390
aF240
aF390
aF125
aF210
aF410
aF140
aF195
aF210
aF185
aF285
aF180
aF430
aF180
aF390
aF260
aF305
aF420
aF240
aF510
aF180
aF150
aF155
aF335
aF285
aF335
aF120
aF335
aF110
aF285
aF110
aF410
aF150
aF120
aF210
aF125
aF480
aF75
aF210
aF380
aF210
aF225
aF485
aF105
aF185
aF90
aF240
aF245
aF105
aF155
aF245
aF730
aF210
aF210
aF210
aF195
aF390
aF180
aF210
aF210
aF425
aF200
aF210
aF80
aF155
aF155
aF215
aF390
aF155
aF180
aF340
aF180
aF155
aF210
aF540
aF180
aF185
aF210
aF185
aF225
aF110
aF415
aF210
aF180
aF210
aF460
aF105
aF105
aF310
aF320
aF305
aF165
aF260
aF305
aF260
aF195
aF535
aF180
aF545
aF105
aF240
aF170
aF255
aF155
aF245
aF210
aF135
aF210
aF140
aF255
aF495
aF75
aF135
aF210
aF285
aF260
aF125
aF570
aF135
aF210
aF135
aF125
aF210
aF275
aF275
aF525
aF105
aF290
aF210
aF275
aF105
aF510
aF210
aF210
aF155
aF210
aF385
aF765
aF180
aF105
aF155
aF225
aF135
aF240
aF155
aF215
aF195
aF230
aF450
aF210
aF205
aF530
aF105
aF245
aF225
aF510
aF110
aF195
aF300
aF155
aF230
aF390
aF210
aF235
aF185
aF230
aF90
aF90
aF135
aF230
aF125
aF355
aF265
aF240
aF225
aF255
aF210
aF230
aF150
aF460
aF165
aF240
aF405
aF125
aF425
aF290
aF75
aF210
aF285
aF155
aF340
aF385
aF150
aF230
aF135
aF260
aF395
aF390
aF415
aF105
aF230
aF240
aF210
aF210
aF260
aF125
aF240
aF260
aF125
aF275
aF125
aF155
aF80
aF210
aF75
aF210
aF285
aF125
aF110
aF180
aF490
aF260
aF245
aF460
aF105
aF180
aF210
aF225
aF80
aF315
aF180
aF180
aF125
aF310
aF245
aF245
aF475
aF125
aF245
aF180
aF180
aF225
aF255
aF355
aF230
aF155
aF230
aF280
aF210
aF285
aF240
aF150
aF135
aF240
aF255
aF240
aF180
aF155
aF125
aF150
aF125
aF335
aF260
aF185
aF240
aF125
aF125
aF155
aF305
aF250
aF240
aF440
aF240
aF310
aF195
aF120
aF285
aF390
aF240
aF240
aF210
aF210
aF460
aF290
aF390
aF250
aF240
aF240
aF240
aF125
aF530
aF330
aF210
aF590
aF210
aF105
aF210
aF255
aF380
aF280
aF365
aF210
aF440
aF410
aF105
aF335
aF210
aF90
aF210
aF105
aF485
aF240
aF260
aF180
aF255
aF285
aF280
aF150
aF105
aF105
aF150
aF425
aF210
aF195
aF530
aF125
aF180
aF375
aF180
aF315
aF225
aF210
aF325
aF155
aF80
aF275
aF350
aF150
aF170
aF210
aF165
aF180
aF275
aF175
aF285
aF180
aF285
aF210
aF110
aF210
aF530
aF440
aF105
aF460
aF180
aF105
aF230
aF390
aF285
aF105
aF235
aF180
aF210
aF335
aF125
aF105
aF210
aF280
aF135
aF310
aF285
aF75
aF180
aF180
aF140
aF420
aF125
aF180
aF465
aF305
aF125
aF125
aF455
aF215
aF210
aF410
aF510
aF125
aF185
aF140
aF250
aF210
aF480
aF260
aF165
aF260
aF135
aF175
aF110
aF460
aF210
aF180
aF180
aF245
aF150
aF380
aF210
aF410
aF260
aF75
aF460
aF105
aF460
aF185
aF300
aF135
aF270
aF180
aF210
aF210
aF265
aF510
aF570
aF210
aF165
aF215
aF655
aF125
aF285
aF210
aF155
aF410
aF105
aF155
aF330
aF210
aF210
aF185
aF395
aF125
aF150
aF365
aF210
aF245
aF215
aF210
aF380
aF165
aF330
aF210
aF180
aF515
aF165
aF180
aF225
aF460
aF535
aF210
aF120
aF155
aF615
aF125
aF410
aF365
aF410
aF105
aF105
aF155
aF210
aF545
aF240
aF125
aF300
aF170
aF455
aF155
aF255
aF335
aF255
aF180
aF245
aF265
aF380
aF260
aF180
aF210
aF265
aF260
aF345
aF315
aF195
aF215
aF95
aF250
aF240
aF155
aF215
aF210
aF125
aF275
aF230
aF125
aF490
aF165
aF485
aF210
aF260
aF485
aF535
aF75
aF460
aF195
aF410
aF380
aF240
aF95
aF205
aF260
aF245
aF155
aF210
aF180
aF210
aF180
aF210
aF285
aF535
aF420
aF160
aF210
aF180
aF280
aF230
aF410
aF340
aF150
aF170
aF795
aF390
aF165
aF165
aF125
aF490
aF165
aF285
aF380
aF210
aF465
aF210
aF490
aF125
aF180
aF230
aF155
aF160
aF410
aF380
aF105
aF210
aF315
aF110
aF210
aF80
aF110
aF120
aF120
aF195
aF260
aF190
aF195
aF500
aF135
aF305
aF180
aF290
aF500
aF285
aF105
aF240
aF460
aF105
aF335
aF410
aF260
aF180
aF110
aF340
aF255
aF485
aF500
aF105
aF210
aF255
aF125
aF285
aF80
aF210
aF155
aF270
aF280
aF125
aF120
aF240
aF180
aF230
aF90
aF320
aF80
aF90
aF330
aF225
aF230
aF145
aF225
aF240
aF185
aF290
aF105
aF165
aF155
aF325
aF245
aF285
aF185
aF225
aF275
aF460
aF240
aF215
aF105
aF70
aF195
aF215
aF180
aF105
aF165
aF240
aF335
aF210
aF210
aF430
aF215
aF255
aF460
aF195
aF260
aF155
aF155
aF80
aF155
aF345
aF255
aF125
aF195
aF155
aF160
aF155
aF260
aF260
aF125
aF230
aF120
aF195
aF210
aF210
aF335
aF210
aF255
aF120
aF180
aF145
aF455
aF240
aF180
aF440
aF230
aF850
aF230
aF125
aF255
aF255
aF230
aF125
aF260
aF180
aF285
aF315
aF305
aF255
aF255
aF285
aF195
aF215
aF245
aF240
aF185
aF155
aF260
aF255
aF135
aF485
aF80
aF255
aF230
aF255
aF245
aF135
aF270
aF350
aF185
aF120
aF240
aF225
aF445
aF180
aF230
aF180
aF210
aF410
aF110
aF210
aF490
aF210
aF180
aF155
aF110
aF520
aF210
aF230
aF255
aF460
aF105
aF210
aF210
aF80
aF380
aF135
aF300
aF510
aF210
aF210
aF285
aF240
aF210
aF210
aF210
aF575
aF125
aF345
aF65
aF210
aF155
aF185
aF260
aF195
aF210
aF195
aF210
aF245
aF460
aF260
aF240
aF185
aF200
aF225
aF245
aF255
aF330
aF290
aF185
aF565
aF500
aF180
aF180
aF195
aF430
aF125
aF180
aF225
aF300
aF290
aF290
aF325
aF350
aF240
aF380
aF240
aF245
aF255
aF170
aF255
aF275
aF125
aF245
aF210
aF235
aF240
aF285
aF240
aF270
aF205
aF275
aF230
aF210
aF210
aF365
aF210
aF135
aF155
aF185
aF180
aF110
aF120
aF255
aF185
aF185
aF215
aF250
aF225
aF255
aF255
aF275
aF275
aF260
aF515
aF255
aF210
aF240
aF105
aF210
aF210
aF155
aF180
aF165
aF215
aF260
aF365
aF230
aF225
aF170
aF180
aF260
aF135
aF355
aF210
aF270
aF255
aF280
aF565
aF105
aF275
aF290
aF540
aF260
aF155
aF220
aF275
aF310
aF220
aF210
aF125
aF250
aF390
aF260
aF155
aF445
aF120
aF290
aF330
aF210
aF210
aF180
aF260
aF285
aF290
aF315
aF220
aF290
aF200
aF95
aF225
aF595
aF150
aF180
aF390
aF150
aF445
aF290
aF230
aF490
aF400
aF255
aF110
aF210
aF155
aF540
aF225
aF140
aF135
aF310
aF460
aF440
aF90
aF210
aF105
aF260
aF210
aF300
aF155
aF480
aF365
aF410
aF155
aF320
aF465
aF335
aF255
aF285
aF240
aF240
aF215
aF445
aF110
aF370
aF135
aF175
aF215
aF210
aF315
aF345
aF490
aF185
aF155
aF460
aF210
aF110
aF340
aF210
aF210
aF240
aF195
aF255
aF225
aF520
aF105
aF155
aF230
aF315
aF85
aF215
aF255
aF240
aF245
aF155
aF325
aF500
aF255
aF210
aF210
aF395
aF225
aF260
aF370
aF285
aF260
aF230
aF345
aF290
aF210
aF295
aF500
aF255
aF260
aF195
aF300
aF215
aF260
aF380
aF210
aF195
aF230
aF260
aF485
aF485
aF505
aF490
aF305
aF135
aF255
aF285
aF245
aF225
aF185
aF260
aF600
aF350
aF125
aF135
aF250
aF530
aF410
aF210
aF180
aF300
aF415
aF120
aF255
aF170
aF140
aF210
aF155
aF315
aF155
aF460
aF240
aF315
aF210
aF805
aF535
aF315
aF170
aF245
aF340
aF210
aF210
aF245
aF170
aF230
aF500
aF340
aF215
aF330
aF530
aF305
aF245
aF210
aF395
aF85
aF605
aF280
aF260
aF390
aF260
aF260
aF360
aF255
aF120
aF340
aF290
aF190
aF335
aF350
aF340
aF225
aF440
aF195
aF245
aF170
aF285
aF135
aF240
aF205
aF150
aF260
aF335
aF135
aF240
aF705
aF230
aF190
aF210
aF575
aF210
aF240
aF255
aF255
aF210
aF365
aF265
aF490
aF105
aF110
aF135
aF255
aF105
aF510
aF225
aF155
aF165
aF450
aF210
aF460
aF365
aF105
aF210
aF460
aF240
aF285
aF210
aF220
aF200
aF135
aF315
aF320
aF345
aF180
aF370
aF135
aF285
aF235
aF210
aF285
aF105
aF315
aF300
aF535
aF170
aF765
aF210
aF155
aF90
aF310
aF210
aF225
aF240
aF290
aF225
aF345
aF485
aF315
aF90
aF240
aF285
aF275
aF220
aF300
aF315
aF485
aF135
aF240
aF260
aF75
aF240
aF460
aF545
aF260
aF110
aF255
aF165
aF440
aF335
aF170
aF545
aF285
aF260
aF150
aF515
aF290
aF455
aF365
aF200
aF285
aF280
aF185
aF395
aF330
aF170
aF255
aF215
aF285
aF625
aF315
aF135
aF245
aF345
aF515
aF530
aF125
aF195
aF240
aF365
aF290
aF330
aF475
aF355
aF335
aF225
aF320
aF240
aF275
aF515
aF310
aF320
aF240
aF285
aF525
aF260
aF305
aF250
aF300
aF260
aF270
aF310
aF210
aF210
aF180
aF195
aF175
aF235
aF320
aF695
aF475
aF165
aF320
aF245
aF515
aF525
aF230
aF155
aF285
aF250
aF225
aF290
aF355
aF255
aF305
aF225
aF515
aF255
aF535
aF255
aF260
aF240
aF290
aF195
aF285
aF290
aF140
aF240
aF365
aF695
aF170
aF195
aF300
aF340
aF705
aF380
aF135
aF465
aF230
aF350
aF240
aF275
aF210
aF460
aF305
aF120
aF265
aF300
aF330
aF275
aF340
aF210
aF155
aF285
aF270
aF310
aF335
aF180
aF605
aF180
aF525
aF585
aF120
aF180
aF135
aF260
aF335
aF440
aF120
aF260
aF270
aF155
aF255
aF515
aF155
aF260
aF225
aF360
aF275
aF225
aF175
aF240
aF205
aF370
aF180
aF260
aF210
aF285
aF90
aF225
aF240
aF205
aF215
aF285
aF270
aF515
aF245
aF315
aF240
aF610
aF360
aF170
aF360
aF305
aF230
aF490
aF210
aF260
aF340
aF315
aF365
aF365
aF350
aF115
aF395
aF210
aF460
aF335
aF190
aF485
aF260
aF425
aF260
aF275
aF530
aF245
aF240
aF315
aF205
aF240
aF260
aF320
aF225
aF365
aF260
aF225
aF240
aF255
aF345
aF255
aF140
aF355
aF120
aF195
aF615
aF170
aF490
aF320
aF225
aF225
aF225
aF380
aF255
aF465
aF420
aF515
aF195
aF205
aF155
aF245
aF565
aF125
aF345
aF530
aF460
aF210
aF245
aF285
aF545
aF440
aF360
aF355
aF485
aF260
aF225
aF225
aF310
aF245
aF565
aF265
aF315
aF260
aF45
aF255
aF130
aF300
aF260
aF310
aF360
aF210
aF335
aF365
aF210
aF255
aF250
aF240
aF155
aF270
aF250
aF135
aF225
aF255
aF240
aF315
aF240
aF275
aF255
aF155
aF210
aF240
aF285
aF165
aF275
aF720
aF125
aF535
aF130
aF170
aF500
aF430
aF275
aF535
aF280
aF210
aF260
aF430
aF155
aF460
aF185
aF300
aF80
aF30
aF300
aF210
aF320
aF150
aF515
aF220
aF255
aF520
aF255
aF270
aF335
aF470
aF290
aF155
aF175
aF275
aF250
aF545
aF260
aF240
aF240
aF365
aF290
aF245
aF240
aF220
aF215
aF170
aF365
aF375
aF545
aF180
aF440
aF155
aF300
aF240
aF110
aF340
aF255
aF290
aF280
aF515
aF760
aF470
aF230
aF180
aF245
aF325
aF285
aF485
aF240
aF255
aF350
aF460
aF225
aF825
aF315
aF180
aF500
aF445
aF210
aF245
aF375
aF120
aF100
aF470
aF490
aF295
aF270
aF370
aF290
aF210
aF225
aF240
aF215
aF240
aF225
aF395
aF425
aF410
aF285
aF315
aF415
aF240
aF330
aF240
aF570
aF95
aF265
aF305
aF270
aF250
aF540
aF285
aF350
aF295
aF330
aF225
aF240
aF245
aF225
aF485
aF210
aF530
aF365
aF290
aF260
aF540
aF155
aF535
aF105
aF215
aF140
aF225
aF180
aF210
aF495
aF260
aF255
aF415
aF225
aF285
aF230
aF315
aF485
aF225
aF455
aF230
aF535
aF165
aF110
aF105
aF410
aF180
aF440
aF180
aF525
aF225
aF210
aF485
aF365
aF330
aF195
aF240
aF460
aF380
aF285
aF260
aF285
aF515
aF330
aF115
aF250
aF225
aF315
aF320
aF270
aF305
aF265
aF345
aF335
aF285
aF255
aF285
aF240
aF235
aF310
aF225
aF215
aF240
aF285
aF405
aF260
aF225
aF285
aF240
aF170
aF270
aF350
aF215
aF195
aF365
aF560
aF110
aF400
aF235
aF365
aF520
aF285
aF170
aF210
aF245
aF260
aF345
aF255
aF405
aF290
aF225
aF260
aF225
aF180
aF565
aF390
aF75
aF80
aF240
aF515
aF210
aF245
aF295
aF215
aF95
aF240
aF215
aF225
aF120
aF340
aF300
aF325
aF225
aF425
aF260
aF315
aF345
aF225
aF260
aF440
aF240
aF315
aF80
aF470
aF285
aF240
aF100
aF285
aF310
aF300
aF350
aF530
aF630
aF120
aF230
aF195
aF615
aF425
aF270
aF170
aF275
aF490
aF255
aF330
aF515
aF225
aF225
aF290
aF395
aF225
aF260
aF215
aF260
aF260
aF225
aF290
aF260
aF205
aF220
aF370
aF255
aF360
aF365
aF445
aF225
aF240
aF225
aF390
aF240
aF375
aF335
aF225
aF215
aF255
aF240
aF310
aF180
aF275
aF340
aF545
aF190
aF350
aF345
aF240
aF425
aF255
aF275
aF305
aF210
aF410
aF255
aF410
aF375
aF240
aF100
aF75
aF0
aF230
aF290
aF255
aF315
aF365
aF515
aF260
aF260
aF290
aF260
aF255
aF135
aF360
aF265
aF200
aF305
aF360
aF210
aF290
aF210
aF120
aF210
aF105
aF210
aF285
aF390
aF545
aF95
aF285
aF245
aF350
aF260
aF700
aF210
aF385
aF185
aF195
aF240
aF545
aF590
aF180
aF545
aF225
aF295
aF230
aF355
aF345
aF225
aF360
aF250
aF500
aF290
aF270
aF225
aF460
aF275
aF425
aF335
aF180
aF315
aF225
aF285
aF305
aF405
aF545
aF225
aF440
aF230
aF285
aF275
aF370
aF390
aF255
aF260
aF460
aF210
aF390
aF225
aF110
aF300
aF230
aF285
aF485
aF530
aF135
aF285
aF610
aF415
aF260
aF230
aF285
aF460
aF565
aF305
aF275
aF240
aF290
aF575
aF230
aF405
aF250
aF240
aF240
aF285
aF430
aF260
aF255
aF245
aF240
aF290
aF225
aF315
aF310
aF350
aF545
aF210
aF685
aF185
aF545
aF260
aF320
aF335
aF345
aF225
aF225
aF210
aF365
asS'episode'
p6
(lp7
I3000
aI3001
aI3002
aI3003
aI3004
aI3005
aI3006
aI3007
aI3008
aI3009
aI3010
aI3011
aI3012
aI3013
aI3014
aI3015
aI3016
aI3017
aI3018
aI3019
aI3020
aI3021
aI3022
aI3023
aI3024
aI3025
aI3026
aI3027
aI3028
aI3029
aI3030
aI3031
aI3032
aI3033
aI3034
aI3035
aI3036
aI3037
aI3038
aI3039
aI3040
aI3041
aI3042
aI3043
aI3044
aI3045
aI3046
aI3047
aI3048
aI3049
aI3050
aI3051
aI3052
aI3053
aI3054
aI3055
aI3056
aI3057
aI3058
aI3059
aI3060
aI3061
aI3062
aI3063
aI3064
aI3065
aI3066
aI3067
aI3068
aI3069
aI3070
aI3071
aI3072
aI3073
aI3074
aI3075
aI3076
aI3077
aI3078
aI3079
aI3080
aI3081
aI3082
aI3083
aI3084
aI3085
aI3086
aI3087
aI3088
aI3089
aI3090
aI3091
aI3092
aI3093
aI3094
aI3095
aI3096
aI3097
aI3098
aI3099
aI3100
aI3101
aI3102
aI3103
aI3104
aI3105
aI3106
aI3107
aI3108
aI3109
aI3110
aI3111
aI3112
aI3113
aI3114
aI3115
aI3116
aI3117
aI3118
aI3119
aI3120
aI3121
aI3122
aI3123
aI3124
aI3125
aI3126
aI3127
aI3128
aI3129
aI3130
aI3131
aI3132
aI3133
aI3134
aI3135
aI3136
aI3137
aI3138
aI3139
aI3140
aI3141
aI3142
aI3143
aI3144
aI3145
aI3146
aI3147
aI3148
aI3149
aI3150
aI3151
aI3152
aI3153
aI3154
aI3155
aI3156
aI3157
aI3158
aI3159
aI3160
aI3161
aI3162
aI3163
aI3164
aI3165
aI3166
aI3167
aI3168
aI3169
aI3170
aI3171
aI3172
aI3173
aI3174
aI3175
aI3176
aI3177
aI3178
aI3179
aI3180
aI3181
aI3182
aI3183
aI3184
aI3185
aI3186
aI3187
aI3188
aI3189
aI3190
aI3191
aI3192
aI3193
aI3194
aI3195
aI3196
aI3197
aI3198
aI3199
aI3200
aI3201
aI3202
aI3203
aI3204
aI3205
aI3206
aI3207
aI3208
aI3209
aI3210
aI3211
aI3212
aI3213
aI3214
aI3215
aI3216
aI3217
aI3218
aI3219
aI3220
aI3221
aI3222
aI3223
aI3224
aI3225
aI3226
aI3227
aI3228
aI3229
aI3230
aI3231
aI3232
aI3233
aI3234
aI3235
aI3236
aI3237
aI3238
aI3239
aI3240
aI3241
aI3242
aI3243
aI3244
aI3245
aI3246
aI3247
aI3248
aI3249
aI3250
aI3251
aI3252
aI3253
aI3254
aI3255
aI3256
aI3257
aI3258
aI3259
aI3260
aI3261
aI3262
aI3263
aI3264
aI3265
aI3266
aI3267
aI3268
aI3269
aI3270
aI3271
aI3272
aI3273
aI3274
aI3275
aI3276
aI3277
aI3278
aI3279
aI3280
aI3281
aI3282
aI3283
aI3284
aI3285
aI3286
aI3287
aI3288
aI3289
aI3290
aI3291
aI3292
aI3293
aI3294
aI3295
aI3296
aI3297
aI3298
aI3299
aI3300
aI3301
aI3302
aI3303
aI3304
aI3305
aI3306
aI3307
aI3308
aI3309
aI3310
aI3311
aI3312
aI3313
aI3314
aI3315
aI3316
aI3317
aI3318
aI3319
aI3320
aI3321
aI3322
aI3323
aI3324
aI3325
aI3326
aI3327
aI3328
aI3329
aI3330
aI3331
aI3332
aI3333
aI3334
aI3335
aI3336
aI3337
aI3338
aI3339
aI3340
aI3341
aI3342
aI3343
aI3344
aI3345
aI3346
aI3347
aI3348
aI3349
aI3350
aI3351
aI3352
aI3353
aI3354
aI3355
aI3356
aI3357
aI3358
aI3359
aI3360
aI3361
aI3362
aI3363
aI3364
aI3365
aI3366
aI3367
aI3368
aI3369
aI3370
aI3371
aI3372
aI3373
aI3374
aI3375
aI3376
aI3377
aI3378
aI3379
aI3380
aI3381
aI3382
aI3383
aI3384
aI3385
aI3386
aI3387
aI3388
aI3389
aI3390
aI3391
aI3392
aI3393
aI3394
aI3395
aI3396
aI3397
aI3398
aI3399
aI3400
aI3401
aI3402
aI3403
aI3404
aI3405
aI3406
aI3407
aI3408
aI3409
aI3410
aI3411
aI3412
aI3413
aI3414
aI3415
aI3416
aI3417
aI3418
aI3419
aI3420
aI3421
aI3422
aI3423
aI3424
aI3425
aI3426
aI3427
aI3428
aI3429
aI3430
aI3431
aI3432
aI3433
aI3434
aI3435
aI3436
aI3437
aI3438
aI3439
aI3440
aI3441
aI3442
aI3443
aI3444
aI3445
aI3446
aI3447
aI3448
aI3449
aI3450
aI3451
aI3452
aI3453
aI3454
aI3455
aI3456
aI3457
aI3458
aI3459
aI3460
aI3461
aI3462
aI3463
aI3464
aI3465
aI3466
aI3467
aI3468
aI3469
aI3470
aI3471
aI3472
aI3473
aI3474
aI3475
aI3476
aI3477
aI3478
aI3479
aI3480
aI3481
aI3482
aI3483
aI3484
aI3485
aI3486
aI3487
aI3488
aI3489
aI3490
aI3491
aI3492
aI3493
aI3494
aI3495
aI3496
aI3497
aI3498
aI3499
aI3500
aI3501
aI3502
aI3503
aI3504
aI3505
aI3506
aI3507
aI3508
aI3509
aI3510
aI3511
aI3512
aI3513
aI3514
aI3515
aI3516
aI3517
aI3518
aI3519
aI3520
aI3521
aI3522
aI3523
aI3524
aI3525
aI3526
aI3527
aI3528
aI3529
aI3530
aI3531
aI3532
aI3533
aI3534
aI3535
aI3536
aI3537
aI3538
aI3539
aI3540
aI3541
aI3542
aI3543
aI3544
aI3545
aI3546
aI3547
aI3548
aI3549
aI3550
aI3551
aI3552
aI3553
aI3554
aI3555
aI3556
aI3557
aI3558
aI3559
aI3560
aI3561
aI3562
aI3563
aI3564
aI3565
aI3566
aI3567
aI3568
aI3569
aI3570
aI3571
aI3572
aI3573
aI3574
aI3575
aI3576
aI3577
aI3578
aI3579
aI3580
aI3581
aI3582
aI3583
aI3584
aI3585
aI3586
aI3587
aI3588
aI3589
aI3590
aI3591
aI3592
aI3593
aI3594
aI3595
aI3596
aI3597
aI3598
aI3599
aI3600
aI3601
aI3602
aI3603
aI3604
aI3605
aI3606
aI3607
aI3608
aI3609
aI3610
aI3611
aI3612
aI3613
aI3614
aI3615
aI3616
aI3617
aI3618
aI3619
aI3620
aI3621
aI3622
aI3623
aI3624
aI3625
aI3626
aI3627
aI3628
aI3629
aI3630
aI3631
aI3632
aI3633
aI3634
aI3635
aI3636
aI3637
aI3638
aI3639
aI3640
aI3641
aI3642
aI3643
aI3644
aI3645
aI3646
aI3647
aI3648
aI3649
aI3650
aI3651
aI3652
aI3653
aI3654
aI3655
aI3656
aI3657
aI3658
aI3659
aI3660
aI3661
aI3662
aI3663
aI3664
aI3665
aI3666
aI3667
aI3668
aI3669
aI3670
aI3671
aI3672
aI3673
aI3674
aI3675
aI3676
aI3677
aI3678
aI3679
aI3680
aI3681
aI3682
aI3683
aI3684
aI3685
aI3686
aI3687
aI3688
aI3689
aI3690
aI3691
aI3692
aI3693
aI3694
aI3695
aI3696
aI3697
aI3698
aI3699
aI3700
aI3701
aI3702
aI3703
aI3704
aI3705
aI3706
aI3707
aI3708
aI3709
aI3710
aI3711
aI3712
aI3713
aI3714
aI3715
aI3716
aI3717
aI3718
aI3719
aI3720
aI3721
aI3722
aI3723
aI3724
aI3725
aI3726
aI3727
aI3728
aI3729
aI3730
aI3731
aI3732
aI3733
aI3734
aI3735
aI3736
aI3737
aI3738
aI3739
aI3740
aI3741
aI3742
aI3743
aI3744
aI3745
aI3746
aI3747
aI3748
aI3749
aI3750
aI3751
aI3752
aI3753
aI3754
aI3755
aI3756
aI3757
aI3758
aI3759
aI3760
aI3761
aI3762
aI3763
aI3764
aI3765
aI3766
aI3767
aI3768
aI3769
aI3770
aI3771
aI3772
aI3773
aI3774
aI3775
aI3776
aI3777
aI3778
aI3779
aI3780
aI3781
aI3782
aI3783
aI3784
aI3785
aI3786
aI3787
aI3788
aI3789
aI3790
aI3791
aI3792
aI3793
aI3794
aI3795
aI3796
aI3797
aI3798
aI3799
aI3800
aI3801
aI3802
aI3803
aI3804
aI3805
aI3806
aI3807
aI3808
aI3809
aI3810
aI3811
aI3812
aI3813
aI3814
aI3815
aI3816
aI3817
aI3818
aI3819
aI3820
aI3821
aI3822
aI3823
aI3824
aI3825
aI3826
aI3827
aI3828
aI3829
aI3830
aI3831
aI3832
aI3833
aI3834
aI3835
aI3836
aI3837
aI3838
aI3839
aI3840
aI3841
aI3842
aI3843
aI3844
aI3845
aI3846
aI3847
aI3848
aI3849
aI3850
aI3851
aI3852
aI3853
aI3854
aI3855
aI3856
aI3857
aI3858
aI3859
aI3860
aI3861
aI3862
aI3863
aI3864
aI3865
aI3866
aI3867
aI3868
aI3869
aI3870
aI3871
aI3872
aI3873
aI3874
aI3875
aI3876
aI3877
aI3878
aI3879
aI3880
aI3881
aI3882
aI3883
aI3884
aI3885
aI3886
aI3887
aI3888
aI3889
aI3890
aI3891
aI3892
aI3893
aI3894
aI3895
aI3896
aI3897
aI3898
aI3899
aI3900
aI3901
aI3902
aI3903
aI3904
aI3905
aI3906
aI3907
aI3908
aI3909
aI3910
aI3911
aI3912
aI3913
aI3914
aI3915
aI3916
aI3917
aI3918
aI3919
aI3920
aI3921
aI3922
aI3923
aI3924
aI3925
aI3926
aI3927
aI3928
aI3929
aI3930
aI3931
aI3932
aI3933
aI3934
aI3935
aI3936
aI3937
aI3938
aI3939
aI3940
aI3941
aI3942
aI3943
aI3944
aI3945
aI3946
aI3947
aI3948
aI3949
aI3950
aI3951
aI3952
aI3953
aI3954
aI3955
aI3956
aI3957
aI3958
aI3959
aI3960
aI3961
aI3962
aI3963
aI3964
aI3965
aI3966
aI3967
aI3968
aI3969
aI3970
aI3971
aI3972
aI3973
aI3974
aI3975
aI3976
aI3977
aI3978
aI3979
aI3980
aI3981
aI3982
aI3983
aI3984
aI3985
aI3986
aI3987
aI3988
aI3989
aI3990
aI3991
aI3992
aI3993
aI3994
aI3995
aI3996
aI3997
aI3998
aI3999
aI4000
aI4001
aI4002
aI4003
aI4004
aI4005
aI4006
aI4007
aI4008
aI4009
aI4010
aI4011
aI4012
aI4013
aI4014
aI4015
aI4016
aI4017
aI4018
aI4019
aI4020
aI4021
aI4022
aI4023
aI4024
aI4025
aI4026
aI4027
aI4028
aI4029
aI4030
aI4031
aI4032
aI4033
aI4034
aI4035
aI4036
aI4037
aI4038
aI4039
aI4040
aI4041
aI4042
aI4043
aI4044
aI4045
aI4046
aI4047
aI4048
aI4049
aI4050
aI4051
aI4052
aI4053
aI4054
aI4055
aI4056
aI4057
aI4058
aI4059
aI4060
aI4061
aI4062
aI4063
aI4064
aI4065
aI4066
aI4067
aI4068
aI4069
aI4070
aI4071
aI4072
aI4073
aI4074
aI4075
aI4076
aI4077
aI4078
aI4079
aI4080
aI4081
aI4082
aI4083
aI4084
aI4085
aI4086
aI4087
aI4088
aI4089
aI4090
aI4091
aI4092
aI4093
aI4094
aI4095
aI4096
aI4097
aI4098
aI4099
aI4100
aI4101
aI4102
aI4103
aI4104
aI4105
aI4106
aI4107
aI4108
aI4109
aI4110
aI4111
aI4112
aI4113
aI4114
aI4115
aI4116
aI4117
aI4118
aI4119
aI4120
aI4121
aI4122
aI4123
aI4124
aI4125
aI4126
aI4127
aI4128
aI4129
aI4130
aI4131
aI4132
aI4133
aI4134
aI4135
aI4136
aI4137
aI4138
aI4139
aI4140
aI4141
aI4142
aI4143
aI4144
aI4145
aI4146
aI4147
aI4148
aI4149
aI4150
aI4151
aI4152
aI4153
aI4154
aI4155
aI4156
aI4157
aI4158
aI4159
aI4160
aI4161
aI4162
aI4163
aI4164
aI4165
aI4166
aI4167
aI4168
aI4169
aI4170
aI4171
aI4172
aI4173
aI4174
aI4175
aI4176
aI4177
aI4178
aI4179
aI4180
aI4181
aI4182
aI4183
aI4184
aI4185
aI4186
aI4187
aI4188
aI4189
aI4190
aI4191
aI4192
aI4193
aI4194
aI4195
aI4196
aI4197
aI4198
aI4199
aI4200
aI4201
aI4202
aI4203
aI4204
aI4205
aI4206
aI4207
aI4208
aI4209
aI4210
aI4211
aI4212
aI4213
aI4214
aI4215
aI4216
aI4217
aI4218
aI4219
aI4220
aI4221
aI4222
aI4223
aI4224
aI4225
aI4226
aI4227
aI4228
aI4229
aI4230
aI4231
aI4232
aI4233
aI4234
aI4235
aI4236
aI4237
aI4238
aI4239
aI4240
aI4241
aI4242
aI4243
aI4244
aI4245
aI4246
aI4247
aI4248
aI4249
aI4250
aI4251
aI4252
aI4253
aI4254
aI4255
aI4256
aI4257
aI4258
aI4259
aI4260
aI4261
aI4262
aI4263
aI4264
aI4265
aI4266
aI4267
aI4268
aI4269
aI4270
aI4271
aI4272
aI4273
aI4274
aI4275
aI4276
aI4277
aI4278
aI4279
aI4280
aI4281
aI4282
aI4283
aI4284
aI4285
aI4286
aI4287
aI4288
aI4289
aI4290
aI4291
aI4292
aI4293
aI4294
aI4295
aI4296
aI4297
aI4298
aI4299
aI4300
aI4301
aI4302
aI4303
aI4304
aI4305
aI4306
aI4307
aI4308
aI4309
aI4310
aI4311
aI4312
aI4313
aI4314
aI4315
aI4316
aI4317
aI4318
aI4319
aI4320
aI4321
aI4322
aI4323
aI4324
aI4325
aI4326
aI4327
aI4328
aI4329
aI4330
aI4331
aI4332
aI4333
aI4334
aI4335
aI4336
aI4337
aI4338
aI4339
aI4340
aI4341
aI4342
aI4343
aI4344
aI4345
aI4346
aI4347
aI4348
aI4349
aI4350
aI4351
aI4352
aI4353
aI4354
aI4355
aI4356
aI4357
aI4358
aI4359
aI4360
aI4361
aI4362
aI4363
aI4364
aI4365
aI4366
aI4367
aI4368
aI4369
aI4370
aI4371
aI4372
aI4373
aI4374
aI4375
aI4376
aI4377
aI4378
aI4379
aI4380
aI4381
aI4382
aI4383
aI4384
aI4385
aI4386
aI4387
aI4388
aI4389
aI4390
aI4391
aI4392
aI4393
aI4394
aI4395
aI4396
aI4397
aI4398
aI4399
aI4400
aI4401
aI4402
aI4403
aI4404
aI4405
aI4406
aI4407
aI4408
aI4409
aI4410
aI4411
aI4412
aI4413
aI4414
aI4415
aI4416
aI4417
aI4418
aI4419
aI4420
aI4421
aI4422
aI4423
aI4424
aI4425
aI4426
aI4427
aI4428
aI4429
aI4430
aI4431
aI4432
aI4433
aI4434
aI4435
aI4436
aI4437
aI4438
aI4439
aI4440
aI4441
aI4442
aI4443
aI4444
aI4445
aI4446
aI4447
aI4448
aI4449
aI4450
aI4451
aI4452
aI4453
aI4454
aI4455
aI4456
aI4457
aI4458
aI4459
aI4460
aI4461
aI4462
aI4463
aI4464
aI4465
aI4466
aI4467
aI4468
aI4469
aI4470
aI4471
aI4472
aI4473
aI4474
aI4475
aI4476
aI4477
aI4478
aI4479
aI4480
aI4481
aI4482
aI4483
aI4484
aI4485
aI4486
aI4487
aI4488
aI4489
aI4490
aI4491
aI4492
aI4493
aI4494
aI4495
aI4496
aI4497
aI4498
aI4499
aI4500
aI4501
aI4502
aI4503
aI4504
aI4505
aI4506
aI4507
aI4508
aI4509
aI4510
aI4511
aI4512
aI4513
aI4514
aI4515
aI4516
aI4517
aI4518
aI4519
aI4520
aI4521
aI4522
aI4523
aI4524
aI4525
aI4526
aI4527
aI4528
aI4529
aI4530
aI4531
aI4532
aI4533
aI4534
aI4535
aI4536
aI4537
aI4538
aI4539
aI4540
aI4541
aI4542
aI4543
aI4544
aI4545
aI4546
aI4547
aI4548
aI4549
aI4550
aI4551
aI4552
aI4553
aI4554
aI4555
aI4556
aI4557
aI4558
aI4559
aI4560
aI4561
aI4562
aI4563
aI4564
aI4565
aI4566
aI4567
aI4568
aI4569
aI4570
aI4571
aI4572
aI4573
aI4574
aI4575
aI4576
aI4577
aI4578
aI4579
aI4580
aI4581
aI4582
aI4583
aI4584
aI4585
aI4586
aI4587
aI4588
aI4589
aI4590
aI4591
aI4592
aI4593
aI4594
aI4595
aI4596
aI4597
aI4598
aI4599
aI4600
aI4601
aI4602
aI4603
aI4604
aI4605
aI4606
aI4607
aI4608
aI4609
aI4610
aI4611
aI4612
aI4613
aI4614
aI4615
aI4616
aI4617
aI4618
aI4619
aI4620
aI4621
aI4622
aI4623
aI4624
aI4625
aI4626
aI4627
aI4628
aI4629
aI4630
aI4631
aI4632
aI4633
aI4634
aI4635
aI4636
aI4637
aI4638
aI4639
aI4640
aI4641
aI4642
aI4643
aI4644
aI4645
aI4646
aI4647
aI4648
aI4649
aI4650
aI4651
aI4652
aI4653
aI4654
aI4655
aI4656
aI4657
aI4658
aI4659
aI4660
aI4661
aI4662
aI4663
aI4664
aI4665
aI4666
aI4667
aI4668
aI4669
aI4670
aI4671
aI4672
aI4673
aI4674
aI4675
aI4676
aI4677
aI4678
aI4679
aI4680
aI4681
aI4682
aI4683
aI4684
aI4685
aI4686
aI4687
aI4688
aI4689
aI4690
aI4691
aI4692
aI4693
aI4694
aI4695
aI4696
aI4697
aI4698
aI4699
aI4700
aI4701
aI4702
aI4703
aI4704
aI4705
aI4706
aI4707
aI4708
aI4709
aI4710
aI4711
aI4712
aI4713
aI4714
aI4715
aI4716
aI4717
aI4718
aI4719
aI4720
aI4721
aI4722
aI4723
aI4724
aI4725
aI4726
aI4727
aI4728
aI4729
aI4730
aI4731
aI4732
aI4733
aI4734
aI4735
aI4736
aI4737
aI4738
aI4739
aI4740
aI4741
aI4742
aI4743
aI4744
aI4745
aI4746
aI4747
aI4748
aI4749
aI4750
aI4751
aI4752
aI4753
aI4754
aI4755
aI4756
aI4757
aI4758
aI4759
aI4760
aI4761
aI4762
aI4763
aI4764
aI4765
aI4766
aI4767
aI4768
aI4769
aI4770
aI4771
aI4772
aI4773
aI4774
aI4775
aI4776
aI4777
aI4778
aI4779
aI4780
aI4781
aI4782
aI4783
aI4784
aI4785
aI4786
aI4787
aI4788
aI4789
aI4790
aI4791
aI4792
aI4793
aI4794
aI4795
aI4796
aI4797
aI4798
aI4799
aI4800
aI4801
aI4802
aI4803
aI4804
aI4805
aI4806
aI4807
aI4808
aI4809
aI4810
aI4811
aI4812
aI4813
aI4814
aI4815
aI4816
aI4817
aI4818
aI4819
aI4820
aI4821
aI4822
aI4823
aI4824
aI4825
aI4826
aI4827
aI4828
aI4829
aI4830
aI4831
aI4832
aI4833
aI4834
aI4835
aI4836
aI4837
aI4838
aI4839
aI4840
aI4841
aI4842
aI4843
aI4844
aI4845
aI4846
aI4847
aI4848
aI4849
aI4850
aI4851
aI4852
aI4853
aI4854
aI4855
aI4856
aI4857
aI4858
aI4859
aI4860
aI4861
aI4862
aI4863
aI4864
aI4865
aI4866
aI4867
aI4868
aI4869
aI4870
aI4871
aI4872
aI4873
aI4874
aI4875
aI4876
aI4877
aI4878
aI4879
aI4880
aI4881
aI4882
aI4883
aI4884
aI4885
aI4886
aI4887
aI4888
aI4889
aI4890
aI4891
aI4892
aI4893
aI4894
aI4895
aI4896
aI4897
aI4898
aI4899
aI4900
aI4901
aI4902
aI4903
aI4904
aI4905
aI4906
aI4907
aI4908
aI4909
aI4910
aI4911
aI4912
aI4913
aI4914
aI4915
aI4916
aI4917
aI4918
aI4919
aI4920
aI4921
aI4922
aI4923
aI4924
aI4925
aI4926
aI4927
aI4928
aI4929
aI4930
aI4931
aI4932
aI4933
aI4934
aI4935
aI4936
aI4937
aI4938
aI4939
aI4940
aI4941
aI4942
aI4943
aI4944
aI4945
aI4946
aI4947
aI4948
aI4949
aI4950
aI4951
aI4952
aI4953
aI4954
aI4955
aI4956
aI4957
aI4958
aI4959
aI4960
aI4961
aI4962
aI4963
aI4964
aI4965
aI4966
aI4967
aI4968
aI4969
aI4970
aI4971
aI4972
aI4973
aI4974
aI4975
aI4976
aI4977
aI4978
aI4979
aI4980
aI4981
aI4982
aI4983
aI4984
aI4985
aI4986
aI4987
aI4988
aI4989
aI4990
aI4991
aI4992
aI4993
aI4994
aI4995
aI4996
aI4997
aI4998
aI4999
aI5000
aI5001
aI5002
aI5003
aI5004
aI5005
aI5006
aI5007
aI5008
aI5009
aI5010
aI5011
aI5012
aI5013
aI5014
aI5015
aI5016
aI5017
aI5018
aI5019
aI5020
aI5021
aI5022
aI5023
aI5024
aI5025
aI5026
aI5027
aI5028
aI5029
aI5030
aI5031
aI5032
aI5033
aI5034
aI5035
aI5036
aI5037
aI5038
aI5039
aI5040
aI5041
aI5042
aI5043
aI5044
aI5045
aI5046
aI5047
aI5048
aI5049
aI5050
aI5051
aI5052
aI5053
aI5054
aI5055
aI5056
aI5057
aI5058
aI5059
aI5060
aI5061
aI5062
aI5063
aI5064
aI5065
aI5066
aI5067
aI5068
aI5069
aI5070
aI5071
aI5072
aI5073
aI5074
aI5075
aI5076
aI5077
aI5078
aI5079
aI5080
aI5081
aI5082
aI5083
aI5084
aI5085
aI5086
aI5087
aI5088
aI5089
aI5090
aI5091
aI5092
aI5093
aI5094
aI5095
aI5096
aI5097
aI5098
aI5099
aI5100
aI5101
aI5102
aI5103
aI5104
aI5105
aI5106
aI5107
aI5108
aI5109
aI5110
aI5111
aI5112
aI5113
aI5114
aI5115
aI5116
aI5117
aI5118
aI5119
aI5120
aI5121
aI5122
aI5123
aI5124
aI5125
aI5126
aI5127
aI5128
aI5129
aI5130
aI5131
aI5132
aI5133
aI5134
aI5135
aI5136
aI5137
aI5138
aI5139
aI5140
aI5141
aI5142
aI5143
aI5144
aI5145
aI5146
aI5147
aI5148
aI5149
aI5150
aI5151
aI5152
aI5153
aI5154
aI5155
aI5156
aI5157
aI5158
aI5159
aI5160
aI5161
aI5162
aI5163
aI5164
aI5165
aI5166
aI5167
aI5168
aI5169
aI5170
aI5171
aI5172
aI5173
aI5174
aI5175
aI5176
aI5177
aI5178
aI5179
aI5180
aI5181
aI5182
aI5183
aI5184
aI5185
aI5186
aI5187
aI5188
aI5189
aI5190
aI5191
aI5192
aI5193
aI5194
aI5195
aI5196
aI5197
aI5198
aI5199
aI5200
aI5201
aI5202
aI5203
aI5204
aI5205
aI5206
aI5207
aI5208
aI5209
aI5210
aI5211
aI5212
aI5213
aI5214
aI5215
aI5216
aI5217
aI5218
aI5219
aI5220
aI5221
aI5222
aI5223
aI5224
aI5225
aI5226
aI5227
aI5228
aI5229
aI5230
aI5231
aI5232
aI5233
aI5234
aI5235
aI5236
aI5237
aI5238
aI5239
aI5240
aI5241
aI5242
aI5243
aI5244
aI5245
aI5246
aI5247
aI5248
aI5249
aI5250
aI5251
aI5252
aI5253
aI5254
aI5255
aI5256
aI5257
aI5258
aI5259
aI5260
aI5261
aI5262
aI5263
aI5264
aI5265
aI5266
aI5267
aI5268
aI5269
aI5270
aI5271
aI5272
aI5273
aI5274
aI5275
aI5276
aI5277
aI5278
aI5279
aI5280
aI5281
aI5282
aI5283
aI5284
aI5285
aI5286
aI5287
aI5288
aI5289
aI5290
aI5291
aI5292
aI5293
aI5294
aI5295
aI5296
aI5297
aI5298
aI5299
aI5300
aI5301
aI5302
aI5303
aI5304
aI5305
aI5306
aI5307
aI5308
aI5309
aI5310
aI5311
aI5312
aI5313
aI5314
aI5315
aI5316
aI5317
aI5318
aI5319
aI5320
aI5321
aI5322
aI5323
aI5324
aI5325
aI5326
aI5327
aI5328
aI5329
aI5330
aI5331
aI5332
aI5333
aI5334
aI5335
aI5336
aI5337
aI5338
aI5339
aI5340
aI5341
aI5342
aI5343
aI5344
aI5345
aI5346
aI5347
aI5348
aI5349
aI5350
aI5351
aI5352
aI5353
aI5354
aI5355
aI5356
aI5357
aI5358
aI5359
aI5360
aI5361
aI5362
aI5363
aI5364
aI5365
aI5366
aI5367
aI5368
aI5369
aI5370
aI5371
aI5372
aI5373
aI5374
aI5375
aI5376
aI5377
aI5378
aI5379
aI5380
aI5381
aI5382
aI5383
aI5384
aI5385
aI5386
aI5387
aI5388
aI5389
aI5390
aI5391
aI5392
aI5393
aI5394
aI5395
aI5396
aI5397
aI5398
aI5399
aI5400
aI5401
aI5402
aI5403
aI5404
aI5405
aI5406
aI5407
aI5408
aI5409
aI5410
aI5411
aI5412
aI5413
aI5414
aI5415
aI5416
aI5417
aI5418
aI5419
aI5420
aI5421
aI5422
aI5423
aI5424
aI5425
aI5426
aI5427
aI5428
aI5429
aI5430
aI5431
aI5432
aI5433
aI5434
aI5435
aI5436
aI5437
aI5438
aI5439
aI5440
aI5441
aI5442
aI5443
aI5444
aI5445
aI5446
aI5447
aI5448
aI5449
aI5450
aI5451
aI5452
aI5453
aI5454
aI5455
aI5456
aI5457
aI5458
aI5459
aI5460
aI5461
aI5462
aI5463
aI5464
aI5465
aI5466
aI5467
aI5468
aI5469
aI5470
aI5471
aI5472
aI5473
aI5474
aI5475
aI5476
aI5477
aI5478
aI5479
aI5480
aI5481
aI5482
aI5483
aI5484
aI5485
aI5486
aI5487
aI5488
aI5489
aI5490
aI5491
aI5492
aI5493
aI5494
aI5495
aI5496
aI5497
aI5498
aI5499
aI5500
aI5501
aI5502
aI5503
aI5504
aI5505
aI5506
aI5507
aI5508
aI5509
aI5510
aI5511
aI5512
aI5513
aI5514
aI5515
aI5516
aI5517
aI5518
aI5519
aI5520
aI5521
aI5522
aI5523
aI5524
aI5525
aI5526
aI5527
aI5528
aI5529
aI5530
aI5531
aI5532
aI5533
aI5534
aI5535
aI5536
aI5537
aI5538
aI5539
aI5540
aI5541
aI5542
aI5543
aI5544
aI5545
aI5546
aI5547
aI5548
aI5549
aI5550
aI5551
aI5552
aI5553
aI5554
aI5555
aI5556
aI5557
aI5558
aI5559
aI5560
aI5561
aI5562
aI5563
aI5564
aI5565
aI5566
aI5567
aI5568
aI5569
aI5570
aI5571
aI5572
aI5573
aI5574
aI5575
aI5576
aI5577
aI5578
aI5579
aI5580
aI5581
aI5582
aI5583
aI5584
aI5585
aI5586
aI5587
aI5588
aI5589
aI5590
aI5591
aI5592
aI5593
aI5594
aI5595
aI5596
aI5597
aI5598
aI5599
aI5600
aI5601
aI5602
aI5603
aI5604
aI5605
aI5606
aI5607
aI5608
aI5609
aI5610
aI5611
aI5612
aI5613
aI5614
aI5615
aI5616
aI5617
aI5618
aI5619
aI5620
aI5621
aI5622
aI5623
aI5624
aI5625
aI5626
aI5627
aI5628
aI5629
aI5630
aI5631
aI5632
aI5633
aI5634
aI5635
aI5636
aI5637
aI5638
aI5639
aI5640
aI5641
aI5642
aI5643
aI5644
aI5645
aI5646
aI5647
aI5648
aI5649
aI5650
aI5651
aI5652
aI5653
aI5654
aI5655
aI5656
aI5657
aI5658
aI5659
aI5660
aI5661
aI5662
aI5663
aI5664
aI5665
aI5666
aI5667
aI5668
aI5669
aI5670
aI5671
aI5672
aI5673
aI5674
aI5675
aI5676
aI5677
aI5678
aI5679
aI5680
aI5681
aI5682
aI5683
aI5684
aI5685
aI5686
aI5687
aI5688
aI5689
aI5690
aI5691
aI5692
aI5693
aI5694
aI5695
aI5696
aI5697
aI5698
aI5699
aI5700
aI5701
aI5702
aI5703
aI5704
aI5705
aI5706
aI5707
aI5708
aI5709
aI5710
aI5711
aI5712
aI5713
aI5714
aI5715
aI5716
aI5717
aI5718
aI5719
aI5720
aI5721
aI5722
aI5723
aI5724
aI5725
aI5726
aI5727
aI5728
aI5729
aI5730
aI5731
aI5732
aI5733
aI5734
aI5735
aI5736
aI5737
aI5738
aI5739
aI5740
aI5741
aI5742
aI5743
aI5744
aI5745
aI5746
aI5747
aI5748
aI5749
aI5750
aI5751
aI5752
aI5753
aI5754
aI5755
aI5756
aI5757
aI5758
aI5759
aI5760
aI5761
aI5762
aI5763
aI5764
aI5765
aI5766
aI5767
aI5768
aI5769
aI5770
aI5771
aI5772
aI5773
aI5774
aI5775
aI5776
aI5777
aI5778
aI5779
aI5780
aI5781
aI5782
aI5783
aI5784
aI5785
aI5786
aI5787
aI5788
aI5789
aI5790
aI5791
aI5792
aI5793
aI5794
aI5795
aI5796
aI5797
aI5798
aI5799
aI5800
aI5801
aI5802
aI5803
aI5804
aI5805
aI5806
aI5807
aI5808
aI5809
aI5810
aI5811
aI5812
aI5813
aI5814
aI5815
aI5816
aI5817
aI5818
aI5819
aI5820
aI5821
aI5822
aI5823
aI5824
aI5825
aI5826
aI5827
aI5828
aI5829
aI5830
aI5831
aI5832
aI5833
aI5834
aI5835
aI5836
aI5837
aI5838
aI5839
aI5840
aI5841
aI5842
aI5843
aI5844
aI5845
aI5846
aI5847
aI5848
aI5849
aI5850
aI5851
aI5852
aI5853
aI5854
aI5855
aI5856
aI5857
aI5858
aI5859
aI5860
aI5861
aI5862
aI5863
aI5864
aI5865
aI5866
aI5867
aI5868
aI5869
aI5870
aI5871
aI5872
aI5873
aI5874
aI5875
aI5876
aI5877
aI5878
aI5879
aI5880
aI5881
aI5882
aI5883
aI5884
aI5885
aI5886
aI5887
aI5888
aI5889
aI5890
aI5891
aI5892
aI5893
aI5894
aI5895
aI5896
aI5897
aI5898
aI5899
aI5900
aI5901
aI5902
aI5903
aI5904
aI5905
aI5906
aI5907
aI5908
aI5909
aI5910
aI5911
aI5912
aI5913
aI5914
aI5915
aI5916
aI5917
aI5918
aI5919
aI5920
aI5921
aI5922
aI5923
aI5924
aI5925
aI5926
aI5927
aI5928
aI5929
aI5930
aI5931
aI5932
aI5933
aI5934
aI5935
aI5936
aI5937
aI5938
aI5939
aI5940
aI5941
aI5942
aI5943
aI5944
aI5945
aI5946
aI5947
aI5948
aI5949
aI5950
aI5951
aI5952
aI5953
aI5954
aI5955
aI5956
aI5957
aI5958
aI5959
aI5960
aI5961
aI5962
aI5963
aI5964
aI5965
aI5966
aI5967
aI5968
aI5969
aI5970
aI5971
aI5972
aI5973
aI5974
aI5975
aI5976
aI5977
aI5978
aI5979
aI5980
aI5981
aI5982
aI5983
aI5984
aI5985
aI5986
aI5987
aI5988
aI5989
aI5990
aI5991
aI5992
aI5993
aI5994
aI5995
aI5996
aI5997
aI5998
aI5999
as.