(dp1
S'steps'
p2
(lp3
I97
aI71
aI154
aI100
aI84
aI82
aI51
aI82
aI54
aI81
aI82
aI82
aI98
aI84
aI83
aI51
aI147
aI82
aI52
aI69
aI66
aI82
aI82
aI81
aI83
aI82
aI70
aI70
aI82
aI66
aI83
aI82
aI82
aI41
aI50
aI82
aI82
aI83
aI82
aI69
aI51
aI129
aI82
aI84
aI82
aI82
aI83
aI95
aI69
aI69
aI39
aI63
aI82
aI81
aI82
aI82
aI82
aI84
aI67
aI82
aI82
aI82
aI82
aI70
aI66
aI82
aI114
aI70
aI99
aI68
aI82
aI82
aI82
aI82
aI66
aI67
aI84
aI82
aI85
aI89
aI66
aI84
aI86
aI83
aI82
aI65
aI82
aI84
aI83
aI65
aI83
aI82
aI84
aI82
aI82
aI82
aI90
aI82
aI51
aI65
aI51
aI142
aI82
aI36
aI139
aI70
aI70
aI65
aI65
aI66
aI82
aI65
aI82
aI82
aI83
aI89
aI66
aI53
aI51
aI51
aI67
aI99
aI51
aI58
aI51
aI51
aI88
aI69
aI65
aI51
aI51
aI51
aI52
aI110
aI109
aI94
aI82
aI82
aI99
aI69
aI82
aI82
aI68
aI84
aI82
aI84
aI82
aI66
aI100
aI82
aI82
aI82
aI69
aI66
aI84
aI51
aI63
aI82
aI82
aI51
aI83
aI82
aI81
aI82
aI65
aI82
aI82
aI82
aI51
aI82
aI82
aI51
aI86
aI65
aI85
aI82
aI82
aI143
aI111
aI51
aI69
aI82
aI82
aI111
aI41
aI51
aI81
aI111
aI65
aI82
aI82
aI84
aI82
aI66
aI83
aI94
aI82
aI84
aI67
aI51
aI67
aI83
aI64
aI59
aI83
aI82
aI66
aI54
aI68
aI51
aI74
aI52
aI68
aI52
aI71
aI88
aI81
aI51
aI110
aI81
aI82
aI85
aI70
aI87
aI82
aI51
aI68
aI100
aI69
aI82
aI111
aI82
aI70
aI99
aI82
aI82
aI83
aI51
aI109
aI82
aI83
aI51
aI83
aI82
aI83
aI68
aI92
aI82
aI85
aI71
aI117
aI51
aI84
aI53
aI75
aI55
aI83
aI52
aI66
aI69
aI84
aI83
aI51
aI82
aI51
aI75
aI136
aI51
aI66
aI54
aI83
aI69
aI53
aI77
aI108
aI111
aI82
aI82
aI85
aI69
aI49
aI86
aI84
aI49
aI113
aI117
aI51
aI101
aI101
aI58
aI87
aI57
aI68
aI140
aI69
aI68
aI51
aI66
aI53
aI84
aI87
aI51
aI136
aI84
aI110
aI66
aI82
aI67
aI72
aI72
aI69
aI69
aI55
aI73
aI83
aI83
aI82
aI141
aI82
aI65
aI100
aI62
aI84
aI51
aI52
aI88
aI71
aI92
aI82
aI51
aI110
aI51
aI56
aI62
aI51
aI57
aI71
aI105
aI67
aI70
aI62
aI50
aI62
aI65
aI52
aI56
aI56
aI50
aI89
aI51
aI49
aI108
aI102
aI49
aI54
aI100
aI82
aI85
aI82
aI65
aI51
aI118
aI131
aI51
aI54
aI139
aI82
aI84
aI48
aI88
aI92
aI82
aI49
aI133
aI49
aI101
aI71
aI70
aI71
aI65
aI51
aI84
aI54
aI87
aI97
aI69
aI69
aI56
aI53
aI51
aI84
aI111
aI82
aI51
aI80
aI54
aI58
aI58
aI54
aI54
aI67
aI54
aI81
aI174
aI51
aI137
aI82
aI166
aI67
aI147
aI66
aI82
aI75
aI142
aI93
aI86
aI82
aI147
aI66
aI147
aI68
aI153
aI82
aI49
aI86
aI112
aI101
aI51
aI89
aI121
aI49
aI67
aI97
aI71
aI147
aI51
aI49
aI65
aI54
aI50
aI54
aI53
aI54
aI54
aI66
aI51
aI82
aI71
aI54
aI60
aI71
aI51
aI56
aI66
aI71
aI89
aI85
aI51
aI59
aI106
aI84
aI51
aI49
aI103
aI54
aI51
aI67
aI118
aI53
aI110
aI103
aI54
aI49
aI82
aI146
aI51
aI100
aI82
aI83
aI52
aI66
aI40
aI84
aI102
aI147
aI82
aI83
aI83
aI81
aI53
aI85
aI84
aI82
aI51
aI109
aI51
aI71
aI124
aI68
aI128
aI51
aI71
aI86
aI108
aI102
aI86
aI110
aI82
aI89
aI65
aI66
aI86
aI84
aI52
aI66
aI54
aI99
aI86
aI118
aI72
aI150
aI66
aI52
aI109
aI82
aI101
aI90
aI51
aI93
aI73
aI70
aI135
aI81
aI54
aI39
aI68
aI85
aI118
aI54
aI49
aI81
aI86
aI54
aI71
aI49
aI100
aI84
aI101
aI51
aI102
aI97
aI108
aI50
aI84
aI85
aI54
aI124
aI86
aI49
aI154
aI115
aI88
aI70
aI51
aI51
aI54
aI54
aI85
aI86
aI81
aI83
aI73
aI156
aI84
aI84
aI83
aI87
aI67
aI82
aI85
aI54
aI81
aI87
aI101
aI84
aI81
aI46
aI54
aI108
aI49
aI89
aI51
aI100
aI49
aI82
aI148
aI98
aI84
aI82
aI79
aI84
aI80
aI71
aI66
aI52
aI110
aI76
aI65
aI110
aI109
aI49
aI54
aI86
aI95
aI54
aI86
aI51
aI87
aI84
aI82
aI83
aI77
aI113
aI86
aI83
aI87
aI84
aI65
aI157
aI51
aI140
aI82
aI86
aI51
aI101
aI83
aI51
aI81
aI81
aI82
aI51
aI52
aI72
aI104
aI72
aI97
aI51
aI103
aI66
aI82
aI83
aI97
aI51
aI54
aI83
aI51
aI110
aI51
aI101
aI83
aI83
aI51
aI56
aI86
aI97
aI106
aI54
aI86
aI51
aI75
aI82
aI109
aI95
aI82
aI105
aI84
aI82
aI65
aI85
aI49
aI86
aI54
aI49
aI158
aI107
aI110
aI66
aI107
aI82
aI69
aI84
aI67
aI101
aI51
aI101
aI101
aI103
aI100
aI69
aI51
aI82
aI85
aI85
aI72
aI82
aI99
aI82
aI67
aI82
aI85
aI49
aI85
aI93
aI66
aI110
aI51
aI90
aI54
aI81
aI165
aI49
aI86
aI86
aI71
aI68
aI84
aI94
aI83
aI81
aI101
aI54
aI49
aI70
aI84
aI99
aI103
aI51
aI98
aI86
aI57
aI85
aI67
aI101
aI111
aI73
aI97
aI51
aI103
aI111
aI85
aI51
aI83
aI151
aI49
aI83
aI84
aI91
aI56
aI75
aI58
aI70
aI82
aI69
aI51
aI157
aI51
aI53
aI84
aI119
aI83
aI49
aI68
aI88
aI95
aI81
aI68
aI54
aI137
aI41
aI99
aI82
aI125
aI136
aI51
aI147
aI51
aI85
aI99
aI83
aI144
aI81
aI98
aI68
aI53
aI55
aI84
aI84
aI73
aI84
aI39
aI87
aI68
aI97
aI148
aI51
aI82
aI54
aI81
aI54
aI85
aI101
aI54
aI66
aI54
aI85
aI85
aI85
aI57
aI64
aI54
aI62
aI85
aI85
aI39
aI50
aI92
aI54
aI101
aI67
aI70
aI50
aI64
aI79
aI105
aI115
aI86
aI85
aI84
aI108
aI83
aI52
aI85
aI69
aI109
aI70
aI66
aI71
aI85
aI83
aI54
aI66
aI83
aI84
aI81
aI85
aI85
aI100
aI82
aI54
aI82
aI89
aI84
aI134
aI54
aI82
aI98
aI46
aI51
aI123
aI89
aI84
aI85
aI51
aI83
aI141
aI85
aI69
aI52
aI67
aI51
aI68
aI96
aI110
aI89
aI54
aI100
aI81
aI101
aI54
aI147
aI83
aI54
aI84
aI68
aI68
aI70
aI71
aI71
aI51
aI86
aI73
aI127
aI49
aI80
aI65
aI39
aI68
aI65
aI101
aI85
aI85
aI118
aI66
aI82
aI81
aI82
aI84
aI51
aI86
aI41
aI140
aI41
aI66
aI86
aI162
aI51
aI86
aI51
aI84
aI85
aI101
aI110
aI156
aI48
aI87
aI81
aI89
aI83
aI101
aI89
aI104
aI49
aI101
aI102
aI49
aI72
aI85
aI84
aI71
aI86
aI81
aI141
aI101
aI86
aI51
aI85
aI123
aI39
aI70
aI112
aI85
aI39
aI67
aI67
aI84
aI101
aI144
aI83
aI66
aI69
aI86
aI108
aI52
aI94
aI85
aI118
aI49
aI81
aI70
aI68
aI110
aI130
aI77
aI49
aI88
aI103
aI120
aI70
aI82
aI101
aI94
aI84
aI85
aI51
aI85
aI83
aI85
aI84
aI83
aI85
aI44
aI67
aI68
aI68
aI68
aI68
aI54
aI76
aI68
aI85
aI83
aI85
aI82
aI86
aI77
aI85
aI68
aI70
aI126
aI67
aI54
aI133
aI85
aI82
aI82
aI119
aI39
aI85
aI123
aI84
aI82
aI84
aI89
aI84
aI66
aI113
aI84
aI83
aI143
aI69
aI87
aI93
aI71
aI54
aI70
aI76
aI82
aI40
aI50
aI34
aI81
aI85
aI79
aI85
aI86
aI85
aI70
aI44
aI98
aI83
aI85
aI115
aI127
aI99
aI57
aI56
aI85
aI79
aI110
aI54
aI67
aI85
aI113
aI86
aI100
aI82
aI82
aI83
aI117
aI100
aI86
aI103
aI148
aI51
aI89
aI66
aI54
aI68
aI39
aI85
aI85
aI67
aI103
aI51
aI133
aI51
aI85
aI81
aI81
aI66
aI54
aI99
aI101
aI68
aI72
aI94
aI66
aI51
aI87
aI85
aI88
aI77
aI85
aI101
aI94
aI57
aI53
aI88
aI42
aI127
aI84
aI99
aI121
aI86
aI86
aI142
aI51
aI67
aI147
aI51
aI101
aI98
aI84
aI157
aI82
aI83
aI54
aI122
aI51
aI119
aI67
aI100
aI84
aI147
aI89
aI49
aI95
aI76
aI66
aI52
aI69
aI81
aI102
aI97
aI73
aI76
aI85
aI97
aI68
aI41
aI85
aI51
aI98
aI82
aI68
aI65
aI85
aI54
aI72
aI80
aI67
aI59
aI51
aI113
aI147
aI51
aI83
aI71
aI55
aI49
aI113
aI69
aI114
aI147
aI83
aI54
aI84
aI99
aI91
aI90
aI54
aI121
aI127
aI71
aI56
aI82
aI87
aI51
aI84
aI87
aI126
aI54
aI80
aI106
aI99
aI112
aI81
aI117
aI82
aI54
aI84
aI83
aI69
aI54
aI54
aI82
aI102
aI62
aI80
aI86
aI143
aI49
aI132
aI147
aI177
aI87
aI84
aI94
aI94
aI54
aI84
aI40
aI47
aI66
aI52
aI67
aI107
aI51
aI65
aI66
aI72
aI60
aI54
aI68
aI78
aI71
aI85
aI52
aI102
aI86
aI54
aI100
aI49
aI51
aI85
aI77
aI49
aI96
aI64
aI54
aI91
aI70
aI84
aI94
aI84
aI67
aI109
aI49
aI74
aI85
aI85
aI39
aI71
aI82
aI126
aI41
aI68
aI71
aI86
aI86
aI106
aI84
aI54
aI60
aI50
aI111
aI62
aI56
aI71
aI67
aI114
aI56
aI62
aI55
aI87
aI90
aI68
aI83
aI85
aI72
aI78
aI98
aI103
aI49
aI108
aI97
aI82
aI49
aI98
aI67
aI68
aI68
aI68
aI128
aI67
aI71
aI124
aI118
aI39
aI118
aI76
aI51
aI100
aI68
aI84
aI69
aI77
aI67
aI68
aI54
aI71
aI85
aI87
aI51
aI144
aI162
aI51
aI91
aI67
aI53
aI97
aI67
aI66
aI106
aI51
aI114
aI54
aI51
aI52
aI83
aI117
aI96
aI51
aI53
aI76
aI70
aI162
aI71
aI71
aI50
aI69
aI49
aI94
aI50
aI55
aI95
aI53
aI55
aI108
aI71
aI95
aI134
aI61
aI100
aI67
aI48
aI71
aI47
aI73
aI62
aI101
aI127
aI99
aI49
aI86
aI49
aI148
aI82
aI66
aI65
aI98
aI116
aI86
aI51
aI99
aI82
aI86
aI98
aI81
aI85
aI81
aI108
aI86
aI49
aI160
aI142
aI86
aI69
aI54
aI55
aI96
aI91
aI87
aI68
aI87
aI84
aI40
aI94
aI105
aI49
aI89
aI56
aI111
aI85
aI66
aI86
aI67
aI68
aI68
aI50
aI50
aI57
aI82
aI56
aI73
aI51
aI67
aI49
aI66
aI67
aI51
aI94
aI70
aI98
aI83
aI98
aI67
aI71
aI68
aI67
aI86
aI83
aI109
aI83
aI68
aI113
aI50
aI116
aI89
aI72
aI94
aI49
aI99
aI67
aI55
aI67
aI87
aI51
aI107
aI49
aI135
aI84
aI97
aI67
aI108
aI77
aI109
aI86
aI79
aI77
aI60
aI70
aI111
aI126
aI112
aI67
aI51
aI70
aI71
aI74
aI89
aI74
aI93
aI41
aI73
aI103
aI89
aI148
aI49
aI96
aI50
aI62
aI112
aI149
aI52
aI86
aI54
aI53
aI49
aI82
aI66
aI56
aI50
aI111
aI64
aI66
aI65
aI85
aI64
aI49
aI39
aI53
aI94
aI47
aI49
aI100
aI59
aI65
aI51
aI49
aI94
aI81
aI91
aI62
aI102
aI50
aI100
aI107
aI90
aI89
aI46
aI82
aI109
aI108
aI86
aI98
aI111
aI67
aI90
aI100
aI83
aI104
aI42
aI115
aI89
aI84
aI42
aI39
aI86
aI49
aI103
aI49
aI124
aI81
aI80
aI49
aI67
aI67
aI94
aI52
aI71
aI50
aI71
aI49
aI97
aI108
aI85
aI56
aI71
aI47
aI49
aI154
aI70
aI67
aI94
aI89
aI109
aI88
aI115
aI83
aI69
aI67
aI49
aI67
aI65
aI41
aI50
aI98
aI69
aI104
aI68
aI39
aI51
aI55
aI108
aI115
aI80
aI48
aI42
aI135
aI49
aI78
aI99
aI77
aI76
aI53
aI95
aI112
aI49
aI74
aI94
aI99
aI59
aI74
aI115
aI131
aI90
aI88
aI128
aI114
aI42
aI65
aI76
aI89
aI89
aI84
aI147
aI63
aI83
aI141
aI84
aI118
aI58
aI69
aI46
aI91
aI70
aI83
aI97
aI82
aI82
aI103
aI71
aI97
aI71
aI87
aI90
aI49
aI85
aI65
aI108
aI60
aI49
aI75
aI98
aI68
aI106
aI110
aI110
aI62
aI56
aI70
aI109
aI53
aI74
aI66
aI109
aI83
aI90
aI95
aI88
aI89
aI92
aI69
aI56
aI98
aI44
aI85
aI104
aI49
aI92
aI51
aI88
aI102
aI69
aI67
aI68
aI81
aI67
aI115
aI69
aI99
aI43
aI118
aI49
aI111
aI55
aI102
aI80
aI89
aI74
aI68
aI99
aI69
aI112
aI78
aI82
aI89
aI101
aI88
aI51
aI84
aI101
aI92
aI70
aI76
aI49
aI99
aI55
aI90
aI68
aI135
aI164
aI49
aI92
aI64
aI89
aI70
aI95
aI97
aI96
aI47
aI108
aI84
aI150
aI70
aI69
aI85
aI52
aI105
aI67
aI96
aI69
aI108
aI77
aI67
aI74
aI89
aI49
aI75
aI109
aI71
aI60
aI71
aI76
aI109
aI71
aI105
aI69
aI80
aI102
aI81
aI54
aI59
aI93
aI139
aI75
aI96
aI69
aI89
aI63
aI58
aI130
aI79
aI95
aI132
aI49
aI106
aI59
aI115
aI68
aI105
aI136
aI53
aI111
aI77
aI72
aI65
aI102
aI41
aI168
aI80
aI75
aI93
aI137
aI116
aI86
aI47
aI63
aI101
aI95
aI89
aI139
aI142
aI109
aI58
aI64
aI91
aI115
aI91
aI67
aI56
aI70
aI111
aI55
aI84
aI92
aI68
aI54
aI98
aI61
aI79
aI89
aI86
aI85
aI100
aI54
aI116
aI155
aI147
aI96
aI111
aI49
aI85
aI70
aI99
aI134
aI50
aI165
aI116
aI82
aI93
aI103
aI60
aI83
aI167
aI86
aI115
aI92
aI114
aI117
aI122
aI132
aI63
aI64
aI82
aI69
aI77
aI87
aI45
aI53
aI90
aI80
aI76
aI65
aI53
aI83
aI102
aI69
aI61
aI89
aI61
aI89
aI65
aI50
aI85
aI83
aI133
aI85
aI108
aI53
aI74
aI72
aI66
aI57
aI148
aI79
aI87
aI70
aI86
aI101
aI86
aI112
aI55
aI67
aI162
aI68
aI86
aI95
aI89
aI53
aI101
aI62
aI82
aI85
aI94
aI74
aI89
aI89
aI69
aI54
aI69
aI54
aI70
aI65
aI61
aI117
aI119
aI53
aI109
aI89
aI91
aI53
aI106
aI67
aI102
aI64
aI53
aI53
aI139
aI139
aI77
aI86
aI79
aI82
aI100
aI67
aI87
aI54
aI53
aI107
aI77
aI51
aI34
aI65
aI49
aI87
aI100
aI107
aI78
aI70
aI84
aI98
aI65
aI53
aI112
aI96
aI92
aI64
aI49
aI111
aI101
aI97
aI94
aI49
aI65
aI66
aI69
aI50
aI49
aI69
aI104
aI51
aI65
aI87
aI97
aI64
aI77
aI65
aI92
aI91
aI54
aI82
aI115
aI87
aI65
aI127
aI100
aI70
aI69
aI60
aI87
aI67
aI115
aI70
aI94
aI73
aI63
aI97
aI65
aI65
aI148
aI67
aI88
aI125
aI83
aI65
aI65
aI108
aI114
aI65
aI138
aI70
aI59
aI69
aI106
aI117
aI61
aI107
aI107
aI76
aI107
aI117
aI107
aI53
aI55
aI81
aI53
aI91
aI131
aI95
aI84
aI89
aI87
aI39
aI97
aI53
aI54
aI122
aI60
aI134
aI81
aI94
aI74
aI94
aI52
aI54
aI66
aI119
aI96
aI84
aI115
aI56
aI91
aI80
aI84
aI69
aI71
aI54
aI101
aI67
aI98
aI52
aI74
aI131
aI94
aI77
aI90
aI77
aI79
aI54
aI89
aI52
aI104
aI103
aI80
aI94
aI54
aI68
aI124
aI65
aI54
aI68
aI70
aI96
aI68
aI47
aI95
aI48
aI93
aI64
aI91
aI96
aI65
aI88
aI74
aI62
aI53
aI92
aI94
aI55
aI68
aI108
aI88
aI77
aI110
aI45
aI150
aI96
aI90
aI65
aI69
aI104
aI93
aI64
aI60
aI93
aI44
aI83
aI99
aI53
aI65
aI84
aI53
aI42
aI67
aI51
aI115
aI135
aI69
aI95
aI116
aI55
aI107
aI69
aI42
aI74
aI38
aI82
aI95
aI77
aI67
aI95
aI78
aI106
aI78
aI65
aI93
aI60
aI113
aI57
aI119
aI52
aI79
aI141
aI75
aI49
aI112
aI92
aI108
aI78
aI150
aI97
aI74
aI109
aI49
aI139
aI80
aI49
aI158
aI95
aI113
aI63
aI156
aI115
aI94
aI116
aI92
aI54
aI70
aI97
aI87
aI72
aI53
aI54
aI99
aI58
aI53
aI125
aI134
aI74
aI83
aI72
aI77
aI95
aI54
aI56
aI92
aI66
aI151
aI92
aI66
aI97
aI97
aI72
aI52
aI95
aI53
aI70
aI97
aI124
aI70
aI125
aI99
aI135
aI70
aI65
aI97
aI98
aI65
aI54
aI87
aI94
aI44
aI68
aI49
aI100
aI108
aI93
aI93
aI54
aI40
aI108
aI64
aI97
aI79
aI94
aI63
aI136
aI75
aI78
aI71
aI93
aI102
aI99
aI49
aI63
aI85
aI53
aI91
aI77
aI94
aI93
aI96
aI67
aI69
aI61
aI48
aI53
aI91
aI63
aI86
aI99
aI74
aI94
aI85
aI73
aI94
aI67
aI54
aI82
aI91
aI49
aI94
aI97
aI85
aI139
aI58
aI60
aI86
aI62
aI132
aI41
aI50
aI44
aI67
aI81
aI52
aI92
aI65
aI87
aI89
aI80
aI134
aI86
aI54
aI84
aI68
aI71
aI129
aI156
aI49
aI109
aI84
aI117
aI112
aI139
aI131
aI70
aI132
aI124
aI94
aI65
aI142
aI99
aI62
aI129
aI54
aI115
aI54
aI94
aI152
aI65
aI64
aI137
aI84
aI73
aI86
aI50
aI87
aI118
aI87
aI42
aI118
aI96
aI81
aI94
aI50
aI166
aI116
aI82
aI99
aI123
aI98
aI96
aI71
aI81
aI110
aI95
aI66
aI66
aI64
aI83
aI76
aI54
aI89
aI94
aI61
aI83
aI156
aI95
aI102
aI89
aI90
aI77
aI83
aI80
aI93
aI124
aI84
aI49
aI71
aI95
aI130
aI87
aI99
aI86
aI58
aI131
aI50
aI52
aI96
aI152
aI98
aI105
aI49
aI130
aI83
aI91
aI93
aI65
aI96
aI85
aI107
aI116
aI138
aI84
aI65
aI99
aI72
aI78
aI97
aI126
aI88
aI110
aI66
aI105
aI109
aI70
aI100
aI52
aI50
aI99
aI147
aI82
aI50
aI69
aI50
aI47
aI62
aI75
aI144
aI89
aI94
aI69
aI90
aI91
aI105
aI150
aI57
aI90
aI104
aI51
aI139
aI76
aI54
aI87
aI111
aI68
aI44
aI110
aI65
aI92
aI72
aI156
aI109
aI67
aI88
aI72
aI91
aI62
aI75
aI85
aI131
aI59
aI96
aI150
aI64
aI80
aI140
aI55
aI91
aI103
aI62
aI88
aI115
aI90
aI94
aI53
aI94
aI129
aI80
aI117
aI90
aI94
aI38
aI51
aI64
aI102
aI53
aI133
aI144
aI93
aI80
aI93
aI54
aI88
aI92
aI55
aI139
aI104
aI168
aI111
aI79
aI118
aI91
aI107
aI100
aI77
aI64
aI49
aI51
aI53
aI92
aI82
aI61
aI99
aI76
aI158
aI162
aI89
aI106
aI81
aI151
aI120
aI105
aI101
aI105
aI104
aI58
aI82
aI140
aI69
aI102
aI90
aI75
aI93
aI149
aI73
aI84
aI123
aI68
aI82
aI65
aI101
aI116
aI98
aI68
aI48
aI63
aI72
aI99
aI99
aI121
aI47
aI96
aI54
aI75
aI88
aI93
aI66
aI106
aI83
aI93
aI69
aI89
aI145
aI90
aI80
aI93
aI63
aI94
aI64
aI100
aI53
aI98
aI69
aI68
aI55
aI88
aI89
aI78
aI76
aI72
aI82
aI93
aI49
aI123
aI54
aI79
aI156
aI67
aI72
aI140
aI49
aI150
aI91
aI102
aI111
aI92
aI92
aI172
aI141
aI117
aI69
aI136
aI49
aI62
aI119
aI50
aI93
aI69
aI61
aI95
aI136
aI70
aI47
aI151
aI92
aI50
aI68
aI108
aI87
aI135
aI119
aI53
aI54
aI66
aI50
aI112
aI64
aI126
aI131
aI102
aI118
aI155
aI98
aI84
aI94
aI56
aI87
aI104
aI116
aI102
aI131
aI75
aI85
aI88
aI88
aI96
aI93
aI79
aI115
aI52
aI94
aI94
aI60
aI84
aI106
aI101
aI86
aI128
aI58
aI65
aI92
aI87
aI92
aI82
aI81
aI50
aI64
aI90
aI93
aI73
aI74
aI72
aI89
aI52
aI176
aI117
aI61
aI73
aI98
aI83
aI109
aI133
aI92
aI73
aI66
aI98
aI96
aI53
aI126
aI57
aI69
aI95
aI114
aI113
aI93
aI80
aI93
aI95
aI71
aI65
aI54
aI37
aI79
aI101
aI53
aI163
aI75
aI103
aI95
aI87
aI85
aI81
aI84
aI63
aI81
aI89
aI133
aI109
aI111
aI78
aI82
aI76
aI132
aI83
aI67
aI115
aI91
aI49
aI147
aI112
aI84
aI102
aI107
aI82
aI83
aI85
aI113
aI76
aI75
aI104
aI90
aI114
aI133
aI73
aI61
aI101
aI77
aI79
aI99
aI42
aI99
aI90
aI104
aI93
aI68
aI53
aI76
aI87
aI90
aI87
aI118
aI62
aI62
aI120
aI64
aI110
aI64
aI79
aI137
aI101
aI69
aI89
aI53
aI73
aI81
aI156
aI85
aI40
aI88
aI93
aI150
aI40
aI151
aI87
aI131
aI101
aI88
aI55
aI119
aI88
aI103
aI66
aI110
aI103
aI94
aI83
aI102
aI41
aI70
aI83
aI89
aI110
aI53
aI142
aI70
aI53
aI76
aI39
aI98
aI39
aI108
aI53
aI51
aI85
aI143
aI71
aI119
aI83
aI85
aI128
aI81
aI63
aI91
aI69
aI54
aI87
aI67
aI86
aI99
aI114
aI135
aI93
aI101
aI65
aI100
aI150
aI83
aI97
aI111
aI93
aI101
aI110
aI154
aI53
aI122
aI104
aI103
aI103
aI65
aI92
aI79
aI74
aI51
aI86
aI44
aI119
aI112
aI86
aI87
aI100
aI109
aI82
aI52
aI68
aI50
aI107
aI65
aI79
aI74
aI77
aI96
aI86
aI150
aI48
aI87
aI61
aI110
aI58
aI85
aI56
aI46
aI66
aI85
aI70
aI69
aI101
aI94
aI121
aI105
aI95
aI121
aI94
aI107
aI76
aI80
aI69
aI38
aI136
aI69
aI121
aI75
aI136
aI67
aI86
aI170
aI60
aI94
aI151
aI156
aI44
aI71
aI88
aI131
aI42
aI48
aI125
aI137
aI98
aI111
aI68
aI94
aI104
aI131
aI80
aI82
aI53
aI79
aI126
aI68
aI133
aI50
aI136
aI125
aI56
aI128
aI81
aI90
aI94
aI96
aI98
aI93
aI123
aI95
aI124
aI88
aI79
aI131
aI54
aI110
aI84
aI110
aI68
aI122
aI93
aI66
aI53
aI89
aI150
aI57
aI79
aI94
aI127
aI123
aI120
aI84
aI51
aI96
aI93
aI44
aI96
aI89
aI99
aI126
aI116
aI133
aI69
aI93
aI159
aI92
aI63
aI110
aI53
aI87
aI87
aI75
aI85
aI55
aI135
aI103
aI86
aI98
aI107
aI89
aI169
aI83
aI114
asS'reward'
p4
(lp5
F45
aF220
aF365
aF305
aF180
aF180
aF105
aF180
aF105
aF180
aF210
aF210
aF285
aF255
aF210
aF105
aF565
aF180
aF105
aF105
aF105
aF180
aF180
aF210
aF190
aF180
aF180
aF150
aF180
aF110
aF210
aF180
aF210
aF75
aF155
aF180
aF210
aF195
aF210
aF210
aF105
aF225
aF210
aF210
aF180
aF180
aF210
aF255
aF135
aF155
aF80
aF95
aF210
aF180
aF210
aF180
aF180
aF210
aF105
aF180
aF180
aF180
aF180
aF180
aF180
aF180
aF290
aF155
aF270
aF180
aF180
aF180
aF210
aF180
aF180
aF120
aF210
aF180
aF210
aF185
aF105
aF210
aF220
aF210
aF180
aF135
aF210
aF210
aF180
aF155
aF160
aF180
aF210
aF180
aF210
aF180
aF230
aF180
aF105
aF155
aF105
aF365
aF155
aF130
aF360
aF150
aF150
aF120
aF120
aF155
aF180
aF120
aF180
aF210
aF210
aF235
aF105
aF110
aF105
aF75
aF115
aF260
aF75
aF105
aF75
aF105
aF200
aF135
aF105
aF75
aF75
aF75
aF110
aF275
aF210
aF210
aF180
aF155
aF285
aF105
aF210
aF210
aF210
aF210
aF180
aF210
aF210
aF105
aF260
aF210
aF180
aF180
aF135
aF155
aF210
aF105
aF120
aF210
aF210
aF105
aF210
aF180
aF180
aF180
aF135
aF180
aF180
aF155
aF105
aF155
aF180
aF105
aF185
aF135
aF440
aF155
aF180
aF590
aF300
aF105
aF180
aF180
aF155
aF300
aF75
aF105
aF210
aF290
aF120
aF180
aF210
aF210
aF180
aF180
aF180
aF385
aF180
aF225
aF105
aF105
aF185
aF180
aF155
aF205
aF210
aF180
aF105
aF75
aF225
aF105
aF205
aF180
aF210
aF80
aF230
aF535
aF180
aF65
aF425
aF210
aF210
aF210
aF150
aF380
aF180
aF105
aF225
aF260
aF110
aF180
aF300
aF180
aF150
aF470
aF185
aF155
aF210
aF105
aF490
aF180
aF210
aF120
aF210
aF210
aF210
aF120
aF230
aF210
aF210
aF155
aF345
aF105
aF260
aF105
aF255
aF150
aF210
aF180
aF170
aF180
aF210
aF225
aF105
aF180
aF105
aF180
aF240
aF105
aF125
aF105
aF210
aF320
aF135
aF285
aF440
aF300
aF210
aF180
aF265
aF180
aF125
aF180
aF210
aF125
aF335
aF335
aF105
aF240
aF240
aF135
aF215
aF135
aF180
aF645
aF135
aF210
aF105
aF120
aF165
aF240
aF255
aF105
aF415
aF180
aF435
aF105
aF210
aF185
aF180
aF180
aF155
aF245
aF180
aF230
aF230
aF210
aF210
aF460
aF155
aF155
aF460
aF150
aF210
aF105
aF150
aF205
aF150
aF315
aF180
aF105
aF520
aF90
aF125
aF170
aF180
aF210
aF225
aF390
aF105
aF185
aF155
aF180
aF150
aF240
aF110
aF150
aF155
aF180
aF500
aF75
aF125
aF345
aF260
aF125
aF180
aF460
aF210
aF210
aF155
aF155
aF105
aF355
aF610
aF105
aF150
aF540
aF180
aF210
aF120
aF440
aF485
aF180
aF125
aF390
aF125
aF240
aF180
aF210
aF155
aF155
aF105
aF210
aF150
aF230
aF225
aF200
aF200
aF150
aF125
aF140
aF240
aF300
aF305
aF105
aF135
aF150
aF185
aF185
aF125
aF125
aF210
aF150
aF210
aF1035
aF75
aF390
aF180
aF530
aF120
aF390
aF155
aF180
aF180
aF365
aF180
aF410
aF180
aF365
aF105
aF390
aF210
aF495
aF210
aF125
aF210
aF250
aF460
aF75
aF260
aF300
aF125
aF105
aF315
aF180
aF390
aF105
aF95
aF230
aF150
aF135
aF125
aF105
aF110
aF125
aF170
aF105
aF180
aF155
aF125
aF255
aF150
aF170
aF110
aF215
aF180
aF220
aF375
aF120
aF125
aF510
aF210
aF105
aF125
aF275
aF150
aF105
aF180
aF315
aF75
aF285
aF265
aF150
aF125
aF180
aF385
aF105
aF460
aF180
aF180
aF155
aF125
aF125
aF210
aF240
aF365
aF180
aF210
aF210
aF180
aF90
aF260
aF210
aF155
aF120
aF310
aF105
aF210
aF470
aF215
aF515
aF105
aF155
aF215
aF360
aF420
aF150
aF435
aF180
aF210
aF150
aF105
aF265
aF190
aF105
aF155
aF150
aF240
aF200
aF310
aF150
aF390
aF105
aF125
aF225
aF210
aF240
aF335
aF135
aF280
aF230
aF230
aF375
aF185
aF150
aF80
aF210
aF280
aF485
aF150
aF125
aF260
aF410
aF75
aF155
aF125
aF270
aF210
aF270
aF105
aF260
aF315
aF335
aF135
aF195
aF425
aF125
aF490
aF380
aF125
aF305
aF330
aF535
aF150
aF105
aF155
aF155
aF125
aF215
aF380
aF380
aF210
aF180
aF535
aF210
aF210
aF210
aF230
aF210
aF180
aF260
aF150
aF185
aF240
aF465
aF210
aF180
aF90
aF125
aF305
aF105
aF380
aF180
aF260
aF125
aF240
aF390
aF260
aF210
aF210
aF120
aF210
aF160
aF180
aF230
aF80
aF515
aF260
aF155
aF435
aF210
aF125
aF125
aF210
aF285
aF150
aF180
aF105
aF380
aF210
aF210
aF180
aF285
aF265
aF240
aF210
aF210
aF210
aF155
aF715
aF105
aF300
aF180
aF210
aF105
aF270
aF210
aF75
aF135
aF380
aF210
aF105
aF180
aF180
aF260
aF210
aF260
aF105
aF265
aF105
aF210
aF380
aF180
aF150
aF125
aF210
aF120
aF360
aF105
aF270
aF210
aF180
aF155
aF120
aF210
aF335
aF285
aF150
aF380
aF105
aF260
aF225
aF310
aF555
aF180
aF360
aF410
aF210
aF135
aF210
aF125
aF380
aF125
aF125
aF460
aF290
aF435
aF110
aF415
aF180
aF260
aF210
aF105
aF270
aF105
aF260
aF240
aF275
aF550
aF110
aF105
aF180
aF210
aF210
aF180
aF210
aF540
aF180
aF165
aF210
aF185
aF125
aF210
aF515
aF105
aF435
aF105
aF255
aF150
aF180
aF395
aF125
aF380
aF240
aF195
aF185
aF210
aF215
aF210
aF180
aF270
aF185
aF125
aF230
aF180
aF270
aF265
aF105
aF240
aF255
aF125
aF210
aF210
aF265
aF315
aF230
aF520
aF105
aF260
aF500
aF210
aF105
aF180
aF430
aF125
aF210
aF255
aF285
aF210
aF285
aF195
aF225
aF180
aF180
aF90
aF685
aF105
aF105
aF210
aF470
aF210
aF125
aF180
aF385
aF285
aF185
aF180
aF125
aF545
aF75
aF230
aF180
aF345
aF390
aF105
aF390
aF105
aF380
aF540
aF160
aF540
aF210
aF285
aF180
aF155
aF150
aF210
aF210
aF155
aF210
aF80
aF180
aF210
aF225
aF330
aF105
aF210
aF125
aF285
aF150
aF210
aF260
aF125
aF210
aF125
aF210
aF210
aF210
aF125
aF225
aF125
aF185
aF210
aF355
aF80
aF125
aF300
aF150
aF260
aF120
aF180
aF95
aF185
aF255
aF265
aF300
aF265
aF210
aF225
aF290
aF410
aF105
aF210
aF210
aF320
aF180
aF195
aF180
aF260
aF315
aF150
aF155
aF240
aF230
aF180
aF210
aF260
aF460
aF180
aF125
aF240
aF380
aF410
aF385
aF150
aF260
aF265
aF90
aF120
aF280
aF380
aF210
aF305
aF105
aF210
aF260
aF210
aF195
aF120
aF180
aF105
aF180
aF225
aF225
aF380
aF125
aF260
aF185
aF315
aF150
aF420
aF180
aF210
aF210
aF180
aF180
aF240
aF240
aF210
aF180
aF225
aF230
aF340
aF125
aF160
aF110
aF80
aF145
aF140
aF240
aF210
aF210
aF310
aF210
aF210
aF155
aF210
aF180
aF105
aF410
aF110
aF330
aF75
aF105
aF410
aF605
aF75
aF230
aF105
aF215
aF210
aF285
aF455
aF460
aF105
aF380
aF185
aF210
aF210
aF270
aF380
aF465
aF135
aF470
aF280
aF125
aF180
aF210
aF210
aF205
aF210
aF155
aF260
aF260
aF380
aF105
aF210
aF535
aF80
aF165
aF280
aF210
aF80
aF155
aF180
aF260
aF270
aF540
aF210
aF135
aF135
aF380
aF485
aF80
aF270
aF210
aF310
aF125
aF185
aF150
aF185
aF215
aF445
aF285
aF125
aF180
aF460
aF435
aF150
aF210
aF240
aF335
aF210
aF210
aF180
aF210
aF210
aF210
aF210
aF210
aF210
aF105
aF180
aF180
aF180
aF110
aF180
aF125
aF225
aF155
aF210
aF260
aF210
aF235
aF260
aF285
aF210
aF180
aF200
aF545
aF210
aF150
aF405
aF210
aF410
aF180
aF230
aF80
aF410
aF475
aF210
aF180
aF210
aF380
aF210
aF155
aF310
aF210
aF180
aF260
aF225
aF215
aF200
aF155
aF155
aF310
aF260
aF185
aF80
aF195
aF65
aF155
aF135
aF290
aF210
aF180
aF210
aF240
aF75
aF240
aF210
aF210
aF270
aF340
aF255
aF205
aF230
aF240
aF305
aF545
aF125
aF210
aF210
aF310
aF210
aF460
aF155
aF240
aF210
aF315
aF460
aF210
aF275
aF365
aF105
aF380
aF115
aF125
aF120
aF80
aF210
aF305
aF210
aF490
aF105
aF820
aF105
aF210
aF285
aF180
aF195
aF125
aF435
aF260
aF155
aF440
aF210
aF180
aF150
aF245
aF210
aF210
aF285
aF210
aF460
aF270
aF135
aF50
aF130
aF80
aF445
aF180
aF335
aF390
aF215
aF210
aF420
aF105
aF225
aF390
aF105
aF260
aF260
aF210
aF660
aF180
aF210
aF150
aF370
aF105
aF390
aF120
aF460
aF210
aF390
aF380
aF125
aF295
aF260
aF195
aF120
aF210
aF245
aF245
aF225
aF155
aF220
aF260
aF270
aF210
aF75
aF210
aF180
aF240
aF210
aF210
aF180
aF210
aF125
aF155
aF155
aF210
aF215
aF165
aF420
aF390
aF105
aF210
aF210
aF105
aF135
aF240
aF240
aF565
aF390
aF180
aF150
aF155
aF260
aF290
aF295
aF125
aF485
aF365
aF180
aF155
aF210
aF260
aF165
aF225
aF180
aF295
aF125
aF255
aF315
aF285
aF210
aF180
aF470
aF210
aF75
aF210
aF240
aF185
aF180
aF125
aF210
aF260
aF180
aF240
aF285
aF565
aF125
aF470
aF390
aF620
aF215
aF210
aF290
aF295
aF105
aF210
aF110
aF105
aF260
aF120
aF210
aF580
aF105
aF210
aF155
aF235
aF200
aF125
aF210
aF270
aF215
aF210
aF110
aF460
aF210
aF150
aF460
aF125
aF105
aF210
aF230
aF195
aF310
aF210
aF125
aF290
aF215
aF315
aF340
aF210
aF170
aF310
aF125
aF210
aF240
aF240
aF80
aF120
aF155
aF180
aF90
aF210
aF180
aF240
aF245
aF330
aF180
aF160
aF235
aF135
aF300
aF235
aF155
aF210
aF180
aF180
aF195
aF210
aF180
aF265
aF295
aF210
aF410
aF415
aF195
aF270
aF285
aF460
aF125
aF335
aF315
aF210
aF125
aF285
aF135
aF225
aF225
aF225
aF235
aF255
aF155
aF255
aF265
aF80
aF530
aF410
aF105
aF260
aF210
aF260
aF240
aF260
aF180
aF225
aF195
aF240
aF210
aF410
aF105
aF540
aF465
aF180
aF335
aF225
aF155
aF265
aF305
aF225
aF530
aF155
aF615
aF185
aF120
aF105
aF285
aF450
aF485
aF105
aF165
aF240
aF225
aF425
aF155
aF210
aF155
aF210
aF170
aF245
aF170
aF225
aF330
aF185
aF200
aF180
aF225
aF330
aF260
aF225
aF460
aF210
aF90
aF180
aF105
aF275
aF210
aF285
aF310
aF440
aF125
aF380
aF125
aF390
aF180
aF185
aF170
aF260
aF260
aF380
aF105
aF240
aF185
aF410
aF260
aF260
aF225
aF210
aF290
aF410
aF120
aF260
aF285
aF410
aF105
aF135
aF140
aF240
aF230
aF315
aF240
aF385
aF210
aF80
aF350
aF440
aF125
aF260
aF125
aF630
aF260
aF180
aF260
aF210
aF230
aF215
aF195
aF195
aF210
aF275
aF210
aF245
aF225
aF255
aF170
aF185
aF255
aF225
aF380
aF210
aF260
aF215
aF260
aF225
aF180
aF120
aF210
aF265
aF255
aF510
aF210
aF180
aF365
aF180
aF515
aF260
aF210
aF345
aF170
aF315
aF255
aF225
aF255
aF345
aF225
aF160
aF180
aF285
aF290
aF260
aF255
aF460
aF280
aF320
aF240
aF240
aF285
aF195
aF225
aF315
aF225
aF270
aF255
aF225
aF240
aF240
aF300
aF260
aF230
aF560
aF110
aF210
aF460
aF380
aF390
aF125
aF210
aF195
aF210
aF495
aF515
aF135
aF215
aF125
aF135
aF135
aF305
aF225
aF180
aF155
aF305
aF230
aF255
aF225
aF290
aF210
aF135
aF80
aF135
aF395
aF125
aF155
aF335
aF180
aF180
aF165
aF180
aF330
aF485
aF230
aF215
aF215
aF135
aF245
aF410
aF260
aF380
aF90
aF240
aF310
aF335
aF380
aF485
aF420
aF215
aF210
aF315
aF210
aF260
aF105
aF305
aF265
aF210
aF75
aF80
aF240
aF180
aF240
aF135
aF620
aF210
aF255
aF180
aF255
aF285
aF455
aF180
aF240
aF195
aF235
aF155
aF485
aF335
aF285
aF180
aF265
aF150
aF170
aF390
aF240
aF255
aF330
aF260
aF285
aF210
aF335
aF210
aF260
aF210
aF155
aF215
aF210
aF135
aF155
aF240
aF205
aF240
aF155
aF100
aF135
aF120
aF270
aF365
aF255
aF105
aF105
aF260
aF180
aF500
aF240
aF230
aF255
aF195
aF475
aF235
aF180
aF275
aF530
aF245
aF215
aF170
aF205
aF195
aF260
aF265
aF315
aF290
aF105
aF210
aF245
aF260
aF260
aF335
aF365
aF210
aF210
aF705
aF235
aF320
aF210
aF260
aF120
aF215
aF230
aF285
aF320
aF235
aF460
aF265
aF210
aF240
aF180
aF285
aF285
aF180
aF315
aF215
aF410
aF180
aF180
aF275
aF345
aF150
aF255
aF350
aF485
aF155
aF210
aF225
aF315
aF210
aF240
aF225
aF345
aF265
aF275
aF410
aF300
aF260
aF360
aF195
aF155
aF345
aF115
aF250
aF315
aF180
aF485
aF185
aF345
aF310
aF225
aF180
aF175
aF275
aF210
aF365
aF225
aF395
aF110
aF375
aF180
aF345
aF155
aF290
aF255
aF280
aF255
aF225
aF285
aF200
aF360
aF275
aF290
aF530
aF470
aF500
aF105
aF290
aF260
aF545
aF230
aF240
aF155
aF285
aF210
aF240
aF180
aF315
aF155
aF165
aF515
aF210
aF260
aF210
aF265
aF210
aF220
aF135
aF290
aF315
aF510
aF240
aF225
aF310
aF180
aF260
aF255
aF255
aF225
aF515
aF285
aF180
aF260
aF605
aF105
aF210
aF620
aF210
aF210
aF210
aF210
aF310
aF180
aF285
aF215
aF275
aF395
aF220
aF225
aF225
aF350
aF235
aF315
aF525
aF215
aF530
aF210
aF195
aF425
aF325
aF435
aF440
aF180
aF285
aF170
aF460
aF210
aF240
aF365
aF190
aF265
aF260
aF230
aF240
aF430
aF90
aF575
aF280
aF155
aF265
aF300
aF270
aF240
aF150
aF210
aF320
aF360
aF225
aF570
aF395
aF275
aF185
aF240
aF150
aF490
aF305
aF210
aF155
aF225
aF285
aF210
aF335
aF390
aF170
aF225
aF380
aF260
aF410
aF240
aF295
aF315
aF315
aF225
aF285
aF215
aF210
aF650
aF485
aF125
aF475
aF120
aF240
aF510
aF195
aF325
aF260
aF250
aF550
aF250
aF225
aF240
aF460
aF330
aF215
aF350
aF300
aF300
aF260
aF640
aF165
aF260
aF220
aF240
aF260
aF515
aF95
aF210
aF230
aF300
aF230
aF240
aF225
aF500
aF275
aF215
aF260
aF290
aF170
aF270
aF215
aF155
aF300
aF230
aF415
aF265
aF260
aF225
aF310
aF220
aF200
aF225
aF320
aF265
aF315
aF220
aF300
aF340
aF290
aF285
aF225
aF245
aF430
aF225
aF345
aF305
aF360
aF225
aF200
aF225
aF205
aF360
aF260
aF240
aF275
aF300
aF210
aF210
aF255
aF225
aF230
aF240
aF240
aF265
aF560
aF165
aF490
aF210
aF230
aF170
aF500
aF255
aF320
aF260
aF225
aF225
aF290
aF240
aF240
aF515
aF290
aF315
aF320
aF255
aF290
aF225
aF225
aF215
aF270
aF225
aF65
aF210
aF135
aF240
aF310
aF300
aF260
aF255
aF305
aF380
aF240
aF225
aF515
aF365
aF245
aF255
aF170
aF495
aF290
aF315
aF330
aF170
aF195
aF225
aF265
aF220
aF135
aF240
aF515
aF225
aF240
aF590
aF290
aF240
aF280
aF270
aF200
aF260
aF225
aF370
aF260
aF300
aF260
aF460
aF380
aF285
aF255
aF260
aF315
aF220
aF240
aF225
aF345
aF255
aF220
aF285
aF240
aF240
aF250
aF230
aF205
aF285
aF255
aF270
aF225
aF275
aF425
aF220
aF490
aF225
aF170
aF225
aF405
aF485
aF195
aF285
aF210
aF285
aF485
aF470
aF265
aF225
aF225
aF330
aF215
aF285
aF535
aF315
aF535
aF335
aF325
aF135
aF260
aF225
aF225
aF240
aF215
aF485
aF385
aF330
aF255
aF310
aF95
aF165
aF260
aF350
aF315
aF335
aF460
aF195
aF560
aF270
aF375
aF205
aF225
aF215
aF530
aF260
aF345
aF140
aF255
aF510
aF375
aF255
aF350
aF300
aF335
aF225
aF415
aF180
aF520
aF475
aF185
aF235
aF225
aF260
aF420
aF240
aF225
aF240
aF240
aF315
aF255
aF155
aF240
aF120
aF240
aF225
aF265
aF475
aF210
aF380
aF240
aF240
aF225
aF265
aF300
aF225
aF255
aF265
aF260
aF265
aF495
aF85
aF410
aF485
aF340
aF240
aF240
aF385
aF375
aF255
aF225
aF285
aF110
aF390
aF300
aF225
aF260
aF320
aF225
aF140
aF215
aF195
aF240
aF490
aF215
aF315
aF495
aF225
aF260
aF260
aF120
aF230
aF105
aF210
aF210
aF260
aF240
aF260
aF255
aF320
aF300
aF260
aF585
aF240
aF610
aF175
aF610
aF135
aF255
aF365
aF200
aF170
aF415
aF340
aF210
aF265
aF240
aF320
aF245
aF460
aF170
aF640
aF230
aF170
aF225
aF610
aF340
aF185
aF645
aF305
aF300
aF260
aF265
aF210
aF240
aF265
aF290
aF255
aF225
aF225
aF350
aF185
aF170
aF450
aF280
aF260
aF600
aF305
aF280
aF340
aF225
aF220
aF220
aF260
aF685
aF340
aF230
aF285
aF290
aF200
aF155
aF460
aF190
aF225
aF380
aF520
aF225
aF505
aF550
aF285
aF290
aF260
aF595
aF240
aF260
aF225
aF335
aF330
aF105
aF195
aF110
aF370
aF415
aF340
aF285
aF225
aF85
aF255
aF190
aF465
aF255
aF330
aF195
aF430
aF230
aF275
aF240
aF530
aF300
aF465
aF170
aF225
aF315
aF145
aF290
aF320
aF260
aF420
aF430
aF205
aF240
aF240
aF140
aF180
aF355
aF240
aF305
aF370
aF285
aF315
aF355
aF270
aF450
aF255
aF225
aF375
aF350
aF170
aF230
aF300
aF280
aF815
aF165
aF190
aF565
aF260
aF725
aF75
aF170
aF110
aF225
aF265
aF105
aF315
aF120
aF390
aF310
aF365
aF460
aF290
aF225
aF310
aF240
aF250
aF530
aF485
aF170
aF315
aF280
aF230
aF260
aF520
aF485
aF245
aF415
aF550
aF385
aF230
aF620
aF300
aF180
aF350
aF225
aF300
aF215
aF245
aF640
aF185
aF240
aF605
aF330
aF240
aF360
aF150
aF270
aF315
aF255
aF120
aF545
aF425
aF210
aF315
aF135
aF390
aF515
aF305
aF405
aF395
aF515
aF370
aF275
aF155
aF285
aF300
aF220
aF260
aF225
aF515
aF285
aF195
aF390
aF365
aF150
aF260
aF425
aF290
aF315
aF260
aF360
aF255
aF285
aF235
aF310
aF220
aF315
aF210
aF310
aF310
aF545
aF295
aF290
aF260
aF210
aF515
aF165
aF90
aF175
aF285
aF535
aF395
aF170
aF465
aF530
aF350
aF585
aF210
aF360
aF415
aF390
aF485
aF480
aF285
aF300
aF360
aF315
aF270
aF470
aF595
aF210
aF240
aF260
aF715
aF525
aF225
aF270
aF185
aF120
aF460
aF670
aF210
aF210
aF230
aF0
aF105
aF195
aF285
aF415
aF390
aF460
aF225
aF470
aF270
aF545
aF435
aF150
aF285
aF450
aF170
aF475
aF285
aF225
aF310
aF250
aF255
aF90
aF225
aF155
aF255
aF285
aF410
aF335
aF180
aF485
aF210
aF285
aF225
aF230
aF330
aF390
aF110
aF290
aF610
aF225
aF260
aF285
aF190
aF275
aF545
aF225
aF345
aF270
aF255
aF310
aF225
aF265
aF595
aF210
aF225
aF335
aF320
aF105
aF180
aF235
aF365
aF185
aF440
aF485
aF595
aF210
aF400
aF225
aF300
aF315
aF225
aF650
aF495
aF485
aF410
aF310
aF595
aF225
aF515
aF305
aF285
aF160
aF110
aF155
aF180
aF590
aF485
aF210
aF485
aF280
aF260
aF225
aF255
aF225
aF370
aF625
aF465
aF570
aF270
aF285
aF300
aF230
aF320
aF465
aF225
aF340
aF310
aF245
aF330
aF440
aF210
aF295
aF210
aF130
aF240
aF225
aF375
aF565
aF380
aF265
aF125
aF30
aF105
aF260
aF235
aF240
aF105
aF190
aF190
aF315
aF515
aF280
aF180
aF420
aF285
aF335
aF270
aF390
aF650
aF290
aF320
aF330
aF210
aF275
aF225
aF335
aF225
aF325
aF230
aF355
aF225
aF305
aF395
aF315
aF285
aF305
aF440
aF315
aF165
aF645
aF195
aF310
aF415
aF225
aF320
aF620
aF170
aF495
aF290
aF455
aF505
aF260
aF360
aF550
aF600
aF485
aF185
aF585
aF155
aF235
aF490
aF160
aF620
aF230
aF240
aF390
aF660
aF180
aF110
aF460
aF290
aF205
aF240
aF260
aF315
aF610
aF480
aF170
aF215
aF155
aF160
aF285
aF215
aF260
aF460
aF325
aF390
aF440
aF240
aF295
aF255
aF200
aF270
aF520
aF370
aF290
aF690
aF210
aF370
aF210
aF240
aF350
aF200
aF255
aF470
aF215
aF315
aF260
aF255
aF275
aF305
aF310
aF275
aF565
aF225
aF260
aF315
aF335
aF465
aF260
aF355
aF180
aF165
aF290
aF315
aF230
aF255
aF310
aF365
aF195
aF390
aF500
aF245
aF275
aF345
aF345
aF595
aF500
aF300
aF260
aF210
aF330
aF305
aF210
aF505
aF210
aF230
aF315
aF510
aF500
aF345
aF320
aF570
aF170
aF300
aF260
aF155
aF110
aF235
aF295
aF195
aF680
aF310
aF475
aF420
aF315
aF300
aF330
aF310
aF270
aF315
aF285
aF260
aF210
aF430
aF315
aF290
aF280
aF460
aF260
aF210
aF265
aF325
aF115
aF535
aF265
aF320
aF365
aF510
aF350
aF330
aF280
aF305
aF255
aF285
aF285
aF240
aF470
aF640
aF240
aF245
aF210
aF225
aF195
aF575
aF155
aF300
aF370
aF350
aF425
aF215
aF210
aF270
aF345
aF530
aF340
aF430
aF230
aF260
aF345
aF210
aF535
aF215
aF290
aF495
aF385
aF230
aF280
aF225
aF270
aF290
aF425
aF335
aF90
aF315
aF380
aF610
aF80
aF460
aF515
aF495
aF250
aF330
aF190
aF680
aF210
aF300
aF225
aF215
aF560
aF510
aF225
aF285
aF110
aF180
aF480
aF585
aF325
aF165
aF695
aF185
aF210
aF315
aF130
aF475
aF95
aF150
aF130
aF0
aF250
aF345
aF195
aF555
aF225
aF465
aF440
aF315
aF210
aF490
aF225
aF225
aF515
aF215
aF310
aF665
aF320
aF300
aF275
aF285
aF110
aF315
aF610
aF335
aF485
aF370
aF290
aF475
aF280
aF620
aF170
aF565
aF290
aF305
aF330
aF260
aF335
aF245
aF275
aF160
aF475
aF155
aF315
aF240
aF315
aF260
aF390
aF210
aF310
aF145
aF210
aF15
aF510
aF160
aF240
aF345
aF265
aF280
aF435
aF285
aF115
aF460
aF205
aF515
aF155
aF330
aF210
aF120
aF200
aF270
aF225
aF230
aF345
aF440
aF420
aF305
aF525
aF540
aF410
aF510
aF230
aF240
aF230
aF35
aF455
aF230
aF480
aF240
aF870
aF195
aF405
aF280
aF155
aF440
aF465
aF610
aF65
aF205
aF315
aF660
aF155
aF135
aF405
aF260
aF290
aF315
aF250
aF345
aF485
aF620
aF350
aF225
aF210
aF215
aF435
aF245
aF760
aF150
aF620
aF450
aF195
aF485
aF285
aF345
aF290
aF200
aF300
aF340
aF260
aF405
aF685
aF345
aF320
aF470
aF140
aF300
aF240
aF320
aF285
aF275
aF310
aF245
aF210
aF225
aF425
aF120
aF265
aF290
aF465
aF685
aF470
aF530
aF180
aF250
aF275
aF105
aF160
aF200
aF300
aF490
aF435
aF340
aF255
aF410
aF710
aF285
aF230
aF465
aF210
aF310
aF315
aF245
aF240
aF220
aF475
aF260
aF285
aF365
aF210
aF285
aF435
aF285
aF305
asS'episode'
p6
(lp7
I12000
aI12001
aI12002
aI12003
aI12004
aI12005
aI12006
aI12007
aI12008
aI12009
aI12010
aI12011
aI12012
aI12013
aI12014
aI12015
aI12016
aI12017
aI12018
aI12019
aI12020
aI12021
aI12022
aI12023
aI12024
aI12025
aI12026
aI12027
aI12028
aI12029
aI12030
aI12031
aI12032
aI12033
aI12034
aI12035
aI12036
aI12037
aI12038
aI12039
aI12040
aI12041
aI12042
aI12043
aI12044
aI12045
aI12046
aI12047
aI12048
aI12049
aI12050
aI12051
aI12052
aI12053
aI12054
aI12055
aI12056
aI12057
aI12058
aI12059
aI12060
aI12061
aI12062
aI12063
aI12064
aI12065
aI12066
aI12067
aI12068
aI12069
aI12070
aI12071
aI12072
aI12073
aI12074
aI12075
aI12076
aI12077
aI12078
aI12079
aI12080
aI12081
aI12082
aI12083
aI12084
aI12085
aI12086
aI12087
aI12088
aI12089
aI12090
aI12091
aI12092
aI12093
aI12094
aI12095
aI12096
aI12097
aI12098
aI12099
aI12100
aI12101
aI12102
aI12103
aI12104
aI12105
aI12106
aI12107
aI12108
aI12109
aI12110
aI12111
aI12112
aI12113
aI12114
aI12115
aI12116
aI12117
aI12118
aI12119
aI12120
aI12121
aI12122
aI12123
aI12124
aI12125
aI12126
aI12127
aI12128
aI12129
aI12130
aI12131
aI12132
aI12133
aI12134
aI12135
aI12136
aI12137
aI12138
aI12139
aI12140
aI12141
aI12142
aI12143
aI12144
aI12145
aI12146
aI12147
aI12148
aI12149
aI12150
aI12151
aI12152
aI12153
aI12154
aI12155
aI12156
aI12157
aI12158
aI12159
aI12160
aI12161
aI12162
aI12163
aI12164
aI12165
aI12166
aI12167
aI12168
aI12169
aI12170
aI12171
aI12172
aI12173
aI12174
aI12175
aI12176
aI12177
aI12178
aI12179
aI12180
aI12181
aI12182
aI12183
aI12184
aI12185
aI12186
aI12187
aI12188
aI12189
aI12190
aI12191
aI12192
aI12193
aI12194
aI12195
aI12196
aI12197
aI12198
aI12199
aI12200
aI12201
aI12202
aI12203
aI12204
aI12205
aI12206
aI12207
aI12208
aI12209
aI12210
aI12211
aI12212
aI12213
aI12214
aI12215
aI12216
aI12217
aI12218
aI12219
aI12220
aI12221
aI12222
aI12223
aI12224
aI12225
aI12226
aI12227
aI12228
aI12229
aI12230
aI12231
aI12232
aI12233
aI12234
aI12235
aI12236
aI12237
aI12238
aI12239
aI12240
aI12241
aI12242
aI12243
aI12244
aI12245
aI12246
aI12247
aI12248
aI12249
aI12250
aI12251
aI12252
aI12253
aI12254
aI12255
aI12256
aI12257
aI12258
aI12259
aI12260
aI12261
aI12262
aI12263
aI12264
aI12265
aI12266
aI12267
aI12268
aI12269
aI12270
aI12271
aI12272
aI12273
aI12274
aI12275
aI12276
aI12277
aI12278
aI12279
aI12280
aI12281
aI12282
aI12283
aI12284
aI12285
aI12286
aI12287
aI12288
aI12289
aI12290
aI12291
aI12292
aI12293
aI12294
aI12295
aI12296
aI12297
aI12298
aI12299
aI12300
aI12301
aI12302
aI12303
aI12304
aI12305
aI12306
aI12307
aI12308
aI12309
aI12310
aI12311
aI12312
aI12313
aI12314
aI12315
aI12316
aI12317
aI12318
aI12319
aI12320
aI12321
aI12322
aI12323
aI12324
aI12325
aI12326
aI12327
aI12328
aI12329
aI12330
aI12331
aI12332
aI12333
aI12334
aI12335
aI12336
aI12337
aI12338
aI12339
aI12340
aI12341
aI12342
aI12343
aI12344
aI12345
aI12346
aI12347
aI12348
aI12349
aI12350
aI12351
aI12352
aI12353
aI12354
aI12355
aI12356
aI12357
aI12358
aI12359
aI12360
aI12361
aI12362
aI12363
aI12364
aI12365
aI12366
aI12367
aI12368
aI12369
aI12370
aI12371
aI12372
aI12373
aI12374
aI12375
aI12376
aI12377
aI12378
aI12379
aI12380
aI12381
aI12382
aI12383
aI12384
aI12385
aI12386
aI12387
aI12388
aI12389
aI12390
aI12391
aI12392
aI12393
aI12394
aI12395
aI12396
aI12397
aI12398
aI12399
aI12400
aI12401
aI12402
aI12403
aI12404
aI12405
aI12406
aI12407
aI12408
aI12409
aI12410
aI12411
aI12412
aI12413
aI12414
aI12415
aI12416
aI12417
aI12418
aI12419
aI12420
aI12421
aI12422
aI12423
aI12424
aI12425
aI12426
aI12427
aI12428
aI12429
aI12430
aI12431
aI12432
aI12433
aI12434
aI12435
aI12436
aI12437
aI12438
aI12439
aI12440
aI12441
aI12442
aI12443
aI12444
aI12445
aI12446
aI12447
aI12448
aI12449
aI12450
aI12451
aI12452
aI12453
aI12454
aI12455
aI12456
aI12457
aI12458
aI12459
aI12460
aI12461
aI12462
aI12463
aI12464
aI12465
aI12466
aI12467
aI12468
aI12469
aI12470
aI12471
aI12472
aI12473
aI12474
aI12475
aI12476
aI12477
aI12478
aI12479
aI12480
aI12481
aI12482
aI12483
aI12484
aI12485
aI12486
aI12487
aI12488
aI12489
aI12490
aI12491
aI12492
aI12493
aI12494
aI12495
aI12496
aI12497
aI12498
aI12499
aI12500
aI12501
aI12502
aI12503
aI12504
aI12505
aI12506
aI12507
aI12508
aI12509
aI12510
aI12511
aI12512
aI12513
aI12514
aI12515
aI12516
aI12517
aI12518
aI12519
aI12520
aI12521
aI12522
aI12523
aI12524
aI12525
aI12526
aI12527
aI12528
aI12529
aI12530
aI12531
aI12532
aI12533
aI12534
aI12535
aI12536
aI12537
aI12538
aI12539
aI12540
aI12541
aI12542
aI12543
aI12544
aI12545
aI12546
aI12547
aI12548
aI12549
aI12550
aI12551
aI12552
aI12553
aI12554
aI12555
aI12556
aI12557
aI12558
aI12559
aI12560
aI12561
aI12562
aI12563
aI12564
aI12565
aI12566
aI12567
aI12568
aI12569
aI12570
aI12571
aI12572
aI12573
aI12574
aI12575
aI12576
aI12577
aI12578
aI12579
aI12580
aI12581
aI12582
aI12583
aI12584
aI12585
aI12586
aI12587
aI12588
aI12589
aI12590
aI12591
aI12592
aI12593
aI12594
aI12595
aI12596
aI12597
aI12598
aI12599
aI12600
aI12601
aI12602
aI12603
aI12604
aI12605
aI12606
aI12607
aI12608
aI12609
aI12610
aI12611
aI12612
aI12613
aI12614
aI12615
aI12616
aI12617
aI12618
aI12619
aI12620
aI12621
aI12622
aI12623
aI12624
aI12625
aI12626
aI12627
aI12628
aI12629
aI12630
aI12631
aI12632
aI12633
aI12634
aI12635
aI12636
aI12637
aI12638
aI12639
aI12640
aI12641
aI12642
aI12643
aI12644
aI12645
aI12646
aI12647
aI12648
aI12649
aI12650
aI12651
aI12652
aI12653
aI12654
aI12655
aI12656
aI12657
aI12658
aI12659
aI12660
aI12661
aI12662
aI12663
aI12664
aI12665
aI12666
aI12667
aI12668
aI12669
aI12670
aI12671
aI12672
aI12673
aI12674
aI12675
aI12676
aI12677
aI12678
aI12679
aI12680
aI12681
aI12682
aI12683
aI12684
aI12685
aI12686
aI12687
aI12688
aI12689
aI12690
aI12691
aI12692
aI12693
aI12694
aI12695
aI12696
aI12697
aI12698
aI12699
aI12700
aI12701
aI12702
aI12703
aI12704
aI12705
aI12706
aI12707
aI12708
aI12709
aI12710
aI12711
aI12712
aI12713
aI12714
aI12715
aI12716
aI12717
aI12718
aI12719
aI12720
aI12721
aI12722
aI12723
aI12724
aI12725
aI12726
aI12727
aI12728
aI12729
aI12730
aI12731
aI12732
aI12733
aI12734
aI12735
aI12736
aI12737
aI12738
aI12739
aI12740
aI12741
aI12742
aI12743
aI12744
aI12745
aI12746
aI12747
aI12748
aI12749
aI12750
aI12751
aI12752
aI12753
aI12754
aI12755
aI12756
aI12757
aI12758
aI12759
aI12760
aI12761
aI12762
aI12763
aI12764
aI12765
aI12766
aI12767
aI12768
aI12769
aI12770
aI12771
aI12772
aI12773
aI12774
aI12775
aI12776
aI12777
aI12778
aI12779
aI12780
aI12781
aI12782
aI12783
aI12784
aI12785
aI12786
aI12787
aI12788
aI12789
aI12790
aI12791
aI12792
aI12793
aI12794
aI12795
aI12796
aI12797
aI12798
aI12799
aI12800
aI12801
aI12802
aI12803
aI12804
aI12805
aI12806
aI12807
aI12808
aI12809
aI12810
aI12811
aI12812
aI12813
aI12814
aI12815
aI12816
aI12817
aI12818
aI12819
aI12820
aI12821
aI12822
aI12823
aI12824
aI12825
aI12826
aI12827
aI12828
aI12829
aI12830
aI12831
aI12832
aI12833
aI12834
aI12835
aI12836
aI12837
aI12838
aI12839
aI12840
aI12841
aI12842
aI12843
aI12844
aI12845
aI12846
aI12847
aI12848
aI12849
aI12850
aI12851
aI12852
aI12853
aI12854
aI12855
aI12856
aI12857
aI12858
aI12859
aI12860
aI12861
aI12862
aI12863
aI12864
aI12865
aI12866
aI12867
aI12868
aI12869
aI12870
aI12871
aI12872
aI12873
aI12874
aI12875
aI12876
aI12877
aI12878
aI12879
aI12880
aI12881
aI12882
aI12883
aI12884
aI12885
aI12886
aI12887
aI12888
aI12889
aI12890
aI12891
aI12892
aI12893
aI12894
aI12895
aI12896
aI12897
aI12898
aI12899
aI12900
aI12901
aI12902
aI12903
aI12904
aI12905
aI12906
aI12907
aI12908
aI12909
aI12910
aI12911
aI12912
aI12913
aI12914
aI12915
aI12916
aI12917
aI12918
aI12919
aI12920
aI12921
aI12922
aI12923
aI12924
aI12925
aI12926
aI12927
aI12928
aI12929
aI12930
aI12931
aI12932
aI12933
aI12934
aI12935
aI12936
aI12937
aI12938
aI12939
aI12940
aI12941
aI12942
aI12943
aI12944
aI12945
aI12946
aI12947
aI12948
aI12949
aI12950
aI12951
aI12952
aI12953
aI12954
aI12955
aI12956
aI12957
aI12958
aI12959
aI12960
aI12961
aI12962
aI12963
aI12964
aI12965
aI12966
aI12967
aI12968
aI12969
aI12970
aI12971
aI12972
aI12973
aI12974
aI12975
aI12976
aI12977
aI12978
aI12979
aI12980
aI12981
aI12982
aI12983
aI12984
aI12985
aI12986
aI12987
aI12988
aI12989
aI12990
aI12991
aI12992
aI12993
aI12994
aI12995
aI12996
aI12997
aI12998
aI12999
aI13000
aI13001
aI13002
aI13003
aI13004
aI13005
aI13006
aI13007
aI13008
aI13009
aI13010
aI13011
aI13012
aI13013
aI13014
aI13015
aI13016
aI13017
aI13018
aI13019
aI13020
aI13021
aI13022
aI13023
aI13024
aI13025
aI13026
aI13027
aI13028
aI13029
aI13030
aI13031
aI13032
aI13033
aI13034
aI13035
aI13036
aI13037
aI13038
aI13039
aI13040
aI13041
aI13042
aI13043
aI13044
aI13045
aI13046
aI13047
aI13048
aI13049
aI13050
aI13051
aI13052
aI13053
aI13054
aI13055
aI13056
aI13057
aI13058
aI13059
aI13060
aI13061
aI13062
aI13063
aI13064
aI13065
aI13066
aI13067
aI13068
aI13069
aI13070
aI13071
aI13072
aI13073
aI13074
aI13075
aI13076
aI13077
aI13078
aI13079
aI13080
aI13081
aI13082
aI13083
aI13084
aI13085
aI13086
aI13087
aI13088
aI13089
aI13090
aI13091
aI13092
aI13093
aI13094
aI13095
aI13096
aI13097
aI13098
aI13099
aI13100
aI13101
aI13102
aI13103
aI13104
aI13105
aI13106
aI13107
aI13108
aI13109
aI13110
aI13111
aI13112
aI13113
aI13114
aI13115
aI13116
aI13117
aI13118
aI13119
aI13120
aI13121
aI13122
aI13123
aI13124
aI13125
aI13126
aI13127
aI13128
aI13129
aI13130
aI13131
aI13132
aI13133
aI13134
aI13135
aI13136
aI13137
aI13138
aI13139
aI13140
aI13141
aI13142
aI13143
aI13144
aI13145
aI13146
aI13147
aI13148
aI13149
aI13150
aI13151
aI13152
aI13153
aI13154
aI13155
aI13156
aI13157
aI13158
aI13159
aI13160
aI13161
aI13162
aI13163
aI13164
aI13165
aI13166
aI13167
aI13168
aI13169
aI13170
aI13171
aI13172
aI13173
aI13174
aI13175
aI13176
aI13177
aI13178
aI13179
aI13180
aI13181
aI13182
aI13183
aI13184
aI13185
aI13186
aI13187
aI13188
aI13189
aI13190
aI13191
aI13192
aI13193
aI13194
aI13195
aI13196
aI13197
aI13198
aI13199
aI13200
aI13201
aI13202
aI13203
aI13204
aI13205
aI13206
aI13207
aI13208
aI13209
aI13210
aI13211
aI13212
aI13213
aI13214
aI13215
aI13216
aI13217
aI13218
aI13219
aI13220
aI13221
aI13222
aI13223
aI13224
aI13225
aI13226
aI13227
aI13228
aI13229
aI13230
aI13231
aI13232
aI13233
aI13234
aI13235
aI13236
aI13237
aI13238
aI13239
aI13240
aI13241
aI13242
aI13243
aI13244
aI13245
aI13246
aI13247
aI13248
aI13249
aI13250
aI13251
aI13252
aI13253
aI13254
aI13255
aI13256
aI13257
aI13258
aI13259
aI13260
aI13261
aI13262
aI13263
aI13264
aI13265
aI13266
aI13267
aI13268
aI13269
aI13270
aI13271
aI13272
aI13273
aI13274
aI13275
aI13276
aI13277
aI13278
aI13279
aI13280
aI13281
aI13282
aI13283
aI13284
aI13285
aI13286
aI13287
aI13288
aI13289
aI13290
aI13291
aI13292
aI13293
aI13294
aI13295
aI13296
aI13297
aI13298
aI13299
aI13300
aI13301
aI13302
aI13303
aI13304
aI13305
aI13306
aI13307
aI13308
aI13309
aI13310
aI13311
aI13312
aI13313
aI13314
aI13315
aI13316
aI13317
aI13318
aI13319
aI13320
aI13321
aI13322
aI13323
aI13324
aI13325
aI13326
aI13327
aI13328
aI13329
aI13330
aI13331
aI13332
aI13333
aI13334
aI13335
aI13336
aI13337
aI13338
aI13339
aI13340
aI13341
aI13342
aI13343
aI13344
aI13345
aI13346
aI13347
aI13348
aI13349
aI13350
aI13351
aI13352
aI13353
aI13354
aI13355
aI13356
aI13357
aI13358
aI13359
aI13360
aI13361
aI13362
aI13363
aI13364
aI13365
aI13366
aI13367
aI13368
aI13369
aI13370
aI13371
aI13372
aI13373
aI13374
aI13375
aI13376
aI13377
aI13378
aI13379
aI13380
aI13381
aI13382
aI13383
aI13384
aI13385
aI13386
aI13387
aI13388
aI13389
aI13390
aI13391
aI13392
aI13393
aI13394
aI13395
aI13396
aI13397
aI13398
aI13399
aI13400
aI13401
aI13402
aI13403
aI13404
aI13405
aI13406
aI13407
aI13408
aI13409
aI13410
aI13411
aI13412
aI13413
aI13414
aI13415
aI13416
aI13417
aI13418
aI13419
aI13420
aI13421
aI13422
aI13423
aI13424
aI13425
aI13426
aI13427
aI13428
aI13429
aI13430
aI13431
aI13432
aI13433
aI13434
aI13435
aI13436
aI13437
aI13438
aI13439
aI13440
aI13441
aI13442
aI13443
aI13444
aI13445
aI13446
aI13447
aI13448
aI13449
aI13450
aI13451
aI13452
aI13453
aI13454
aI13455
aI13456
aI13457
aI13458
aI13459
aI13460
aI13461
aI13462
aI13463
aI13464
aI13465
aI13466
aI13467
aI13468
aI13469
aI13470
aI13471
aI13472
aI13473
aI13474
aI13475
aI13476
aI13477
aI13478
aI13479
aI13480
aI13481
aI13482
aI13483
aI13484
aI13485
aI13486
aI13487
aI13488
aI13489
aI13490
aI13491
aI13492
aI13493
aI13494
aI13495
aI13496
aI13497
aI13498
aI13499
aI13500
aI13501
aI13502
aI13503
aI13504
aI13505
aI13506
aI13507
aI13508
aI13509
aI13510
aI13511
aI13512
aI13513
aI13514
aI13515
aI13516
aI13517
aI13518
aI13519
aI13520
aI13521
aI13522
aI13523
aI13524
aI13525
aI13526
aI13527
aI13528
aI13529
aI13530
aI13531
aI13532
aI13533
aI13534
aI13535
aI13536
aI13537
aI13538
aI13539
aI13540
aI13541
aI13542
aI13543
aI13544
aI13545
aI13546
aI13547
aI13548
aI13549
aI13550
aI13551
aI13552
aI13553
aI13554
aI13555
aI13556
aI13557
aI13558
aI13559
aI13560
aI13561
aI13562
aI13563
aI13564
aI13565
aI13566
aI13567
aI13568
aI13569
aI13570
aI13571
aI13572
aI13573
aI13574
aI13575
aI13576
aI13577
aI13578
aI13579
aI13580
aI13581
aI13582
aI13583
aI13584
aI13585
aI13586
aI13587
aI13588
aI13589
aI13590
aI13591
aI13592
aI13593
aI13594
aI13595
aI13596
aI13597
aI13598
aI13599
aI13600
aI13601
aI13602
aI13603
aI13604
aI13605
aI13606
aI13607
aI13608
aI13609
aI13610
aI13611
aI13612
aI13613
aI13614
aI13615
aI13616
aI13617
aI13618
aI13619
aI13620
aI13621
aI13622
aI13623
aI13624
aI13625
aI13626
aI13627
aI13628
aI13629
aI13630
aI13631
aI13632
aI13633
aI13634
aI13635
aI13636
aI13637
aI13638
aI13639
aI13640
aI13641
aI13642
aI13643
aI13644
aI13645
aI13646
aI13647
aI13648
aI13649
aI13650
aI13651
aI13652
aI13653
aI13654
aI13655
aI13656
aI13657
aI13658
aI13659
aI13660
aI13661
aI13662
aI13663
aI13664
aI13665
aI13666
aI13667
aI13668
aI13669
aI13670
aI13671
aI13672
aI13673
aI13674
aI13675
aI13676
aI13677
aI13678
aI13679
aI13680
aI13681
aI13682
aI13683
aI13684
aI13685
aI13686
aI13687
aI13688
aI13689
aI13690
aI13691
aI13692
aI13693
aI13694
aI13695
aI13696
aI13697
aI13698
aI13699
aI13700
aI13701
aI13702
aI13703
aI13704
aI13705
aI13706
aI13707
aI13708
aI13709
aI13710
aI13711
aI13712
aI13713
aI13714
aI13715
aI13716
aI13717
aI13718
aI13719
aI13720
aI13721
aI13722
aI13723
aI13724
aI13725
aI13726
aI13727
aI13728
aI13729
aI13730
aI13731
aI13732
aI13733
aI13734
aI13735
aI13736
aI13737
aI13738
aI13739
aI13740
aI13741
aI13742
aI13743
aI13744
aI13745
aI13746
aI13747
aI13748
aI13749
aI13750
aI13751
aI13752
aI13753
aI13754
aI13755
aI13756
aI13757
aI13758
aI13759
aI13760
aI13761
aI13762
aI13763
aI13764
aI13765
aI13766
aI13767
aI13768
aI13769
aI13770
aI13771
aI13772
aI13773
aI13774
aI13775
aI13776
aI13777
aI13778
aI13779
aI13780
aI13781
aI13782
aI13783
aI13784
aI13785
aI13786
aI13787
aI13788
aI13789
aI13790
aI13791
aI13792
aI13793
aI13794
aI13795
aI13796
aI13797
aI13798
aI13799
aI13800
aI13801
aI13802
aI13803
aI13804
aI13805
aI13806
aI13807
aI13808
aI13809
aI13810
aI13811
aI13812
aI13813
aI13814
aI13815
aI13816
aI13817
aI13818
aI13819
aI13820
aI13821
aI13822
aI13823
aI13824
aI13825
aI13826
aI13827
aI13828
aI13829
aI13830
aI13831
aI13832
aI13833
aI13834
aI13835
aI13836
aI13837
aI13838
aI13839
aI13840
aI13841
aI13842
aI13843
aI13844
aI13845
aI13846
aI13847
aI13848
aI13849
aI13850
aI13851
aI13852
aI13853
aI13854
aI13855
aI13856
aI13857
aI13858
aI13859
aI13860
aI13861
aI13862
aI13863
aI13864
aI13865
aI13866
aI13867
aI13868
aI13869
aI13870
aI13871
aI13872
aI13873
aI13874
aI13875
aI13876
aI13877
aI13878
aI13879
aI13880
aI13881
aI13882
aI13883
aI13884
aI13885
aI13886
aI13887
aI13888
aI13889
aI13890
aI13891
aI13892
aI13893
aI13894
aI13895
aI13896
aI13897
aI13898
aI13899
aI13900
aI13901
aI13902
aI13903
aI13904
aI13905
aI13906
aI13907
aI13908
aI13909
aI13910
aI13911
aI13912
aI13913
aI13914
aI13915
aI13916
aI13917
aI13918
aI13919
aI13920
aI13921
aI13922
aI13923
aI13924
aI13925
aI13926
aI13927
aI13928
aI13929
aI13930
aI13931
aI13932
aI13933
aI13934
aI13935
aI13936
aI13937
aI13938
aI13939
aI13940
aI13941
aI13942
aI13943
aI13944
aI13945
aI13946
aI13947
aI13948
aI13949
aI13950
aI13951
aI13952
aI13953
aI13954
aI13955
aI13956
aI13957
aI13958
aI13959
aI13960
aI13961
aI13962
aI13963
aI13964
aI13965
aI13966
aI13967
aI13968
aI13969
aI13970
aI13971
aI13972
aI13973
aI13974
aI13975
aI13976
aI13977
aI13978
aI13979
aI13980
aI13981
aI13982
aI13983
aI13984
aI13985
aI13986
aI13987
aI13988
aI13989
aI13990
aI13991
aI13992
aI13993
aI13994
aI13995
aI13996
aI13997
aI13998
aI13999
aI14000
aI14001
aI14002
aI14003
aI14004
aI14005
aI14006
aI14007
aI14008
aI14009
aI14010
aI14011
aI14012
aI14013
aI14014
aI14015
aI14016
aI14017
aI14018
aI14019
aI14020
aI14021
aI14022
aI14023
aI14024
aI14025
aI14026
aI14027
aI14028
aI14029
aI14030
aI14031
aI14032
aI14033
aI14034
aI14035
aI14036
aI14037
aI14038
aI14039
aI14040
aI14041
aI14042
aI14043
aI14044
aI14045
aI14046
aI14047
aI14048
aI14049
aI14050
aI14051
aI14052
aI14053
aI14054
aI14055
aI14056
aI14057
aI14058
aI14059
aI14060
aI14061
aI14062
aI14063
aI14064
aI14065
aI14066
aI14067
aI14068
aI14069
aI14070
aI14071
aI14072
aI14073
aI14074
aI14075
aI14076
aI14077
aI14078
aI14079
aI14080
aI14081
aI14082
aI14083
aI14084
aI14085
aI14086
aI14087
aI14088
aI14089
aI14090
aI14091
aI14092
aI14093
aI14094
aI14095
aI14096
aI14097
aI14098
aI14099
aI14100
aI14101
aI14102
aI14103
aI14104
aI14105
aI14106
aI14107
aI14108
aI14109
aI14110
aI14111
aI14112
aI14113
aI14114
aI14115
aI14116
aI14117
aI14118
aI14119
aI14120
aI14121
aI14122
aI14123
aI14124
aI14125
aI14126
aI14127
aI14128
aI14129
aI14130
aI14131
aI14132
aI14133
aI14134
aI14135
aI14136
aI14137
aI14138
aI14139
aI14140
aI14141
aI14142
aI14143
aI14144
aI14145
aI14146
aI14147
aI14148
aI14149
aI14150
aI14151
aI14152
aI14153
aI14154
aI14155
aI14156
aI14157
aI14158
aI14159
aI14160
aI14161
aI14162
aI14163
aI14164
aI14165
aI14166
aI14167
aI14168
aI14169
aI14170
aI14171
aI14172
aI14173
aI14174
aI14175
aI14176
aI14177
aI14178
aI14179
aI14180
aI14181
aI14182
aI14183
aI14184
aI14185
aI14186
aI14187
aI14188
aI14189
aI14190
aI14191
aI14192
aI14193
aI14194
aI14195
aI14196
aI14197
aI14198
aI14199
aI14200
aI14201
aI14202
aI14203
aI14204
aI14205
aI14206
aI14207
aI14208
aI14209
aI14210
aI14211
aI14212
aI14213
aI14214
aI14215
aI14216
aI14217
aI14218
aI14219
aI14220
aI14221
aI14222
aI14223
aI14224
aI14225
aI14226
aI14227
aI14228
aI14229
aI14230
aI14231
aI14232
aI14233
aI14234
aI14235
aI14236
aI14237
aI14238
aI14239
aI14240
aI14241
aI14242
aI14243
aI14244
aI14245
aI14246
aI14247
aI14248
aI14249
aI14250
aI14251
aI14252
aI14253
aI14254
aI14255
aI14256
aI14257
aI14258
aI14259
aI14260
aI14261
aI14262
aI14263
aI14264
aI14265
aI14266
aI14267
aI14268
aI14269
aI14270
aI14271
aI14272
aI14273
aI14274
aI14275
aI14276
aI14277
aI14278
aI14279
aI14280
aI14281
aI14282
aI14283
aI14284
aI14285
aI14286
aI14287
aI14288
aI14289
aI14290
aI14291
aI14292
aI14293
aI14294
aI14295
aI14296
aI14297
aI14298
aI14299
aI14300
aI14301
aI14302
aI14303
aI14304
aI14305
aI14306
aI14307
aI14308
aI14309
aI14310
aI14311
aI14312
aI14313
aI14314
aI14315
aI14316
aI14317
aI14318
aI14319
aI14320
aI14321
aI14322
aI14323
aI14324
aI14325
aI14326
aI14327
aI14328
aI14329
aI14330
aI14331
aI14332
aI14333
aI14334
aI14335
aI14336
aI14337
aI14338
aI14339
aI14340
aI14341
aI14342
aI14343
aI14344
aI14345
aI14346
aI14347
aI14348
aI14349
aI14350
aI14351
aI14352
aI14353
aI14354
aI14355
aI14356
aI14357
aI14358
aI14359
aI14360
aI14361
aI14362
aI14363
aI14364
aI14365
aI14366
aI14367
aI14368
aI14369
aI14370
aI14371
aI14372
aI14373
aI14374
aI14375
aI14376
aI14377
aI14378
aI14379
aI14380
aI14381
aI14382
aI14383
aI14384
aI14385
aI14386
aI14387
aI14388
aI14389
aI14390
aI14391
aI14392
aI14393
aI14394
aI14395
aI14396
aI14397
aI14398
aI14399
aI14400
aI14401
aI14402
aI14403
aI14404
aI14405
aI14406
aI14407
aI14408
aI14409
aI14410
aI14411
aI14412
aI14413
aI14414
aI14415
aI14416
aI14417
aI14418
aI14419
aI14420
aI14421
aI14422
aI14423
aI14424
aI14425
aI14426
aI14427
aI14428
aI14429
aI14430
aI14431
aI14432
aI14433
aI14434
aI14435
aI14436
aI14437
aI14438
aI14439
aI14440
aI14441
aI14442
aI14443
aI14444
aI14445
aI14446
aI14447
aI14448
aI14449
aI14450
aI14451
aI14452
aI14453
aI14454
aI14455
aI14456
aI14457
aI14458
aI14459
aI14460
aI14461
aI14462
aI14463
aI14464
aI14465
aI14466
aI14467
aI14468
aI14469
aI14470
aI14471
aI14472
aI14473
aI14474
aI14475
aI14476
aI14477
aI14478
aI14479
aI14480
aI14481
aI14482
aI14483
aI14484
aI14485
aI14486
aI14487
aI14488
aI14489
aI14490
aI14491
aI14492
aI14493
aI14494
aI14495
aI14496
aI14497
aI14498
aI14499
aI14500
aI14501
aI14502
aI14503
aI14504
aI14505
aI14506
aI14507
aI14508
aI14509
aI14510
aI14511
aI14512
aI14513
aI14514
aI14515
aI14516
aI14517
aI14518
aI14519
aI14520
aI14521
aI14522
aI14523
aI14524
aI14525
aI14526
aI14527
aI14528
aI14529
aI14530
aI14531
aI14532
aI14533
aI14534
aI14535
aI14536
aI14537
aI14538
aI14539
aI14540
aI14541
aI14542
aI14543
aI14544
aI14545
aI14546
aI14547
aI14548
aI14549
aI14550
aI14551
aI14552
aI14553
aI14554
aI14555
aI14556
aI14557
aI14558
aI14559
aI14560
aI14561
aI14562
aI14563
aI14564
aI14565
aI14566
aI14567
aI14568
aI14569
aI14570
aI14571
aI14572
aI14573
aI14574
aI14575
aI14576
aI14577
aI14578
aI14579
aI14580
aI14581
aI14582
aI14583
aI14584
aI14585
aI14586
aI14587
aI14588
aI14589
aI14590
aI14591
aI14592
aI14593
aI14594
aI14595
aI14596
aI14597
aI14598
aI14599
aI14600
aI14601
aI14602
aI14603
aI14604
aI14605
aI14606
aI14607
aI14608
aI14609
aI14610
aI14611
aI14612
aI14613
aI14614
aI14615
aI14616
aI14617
aI14618
aI14619
aI14620
aI14621
aI14622
aI14623
aI14624
aI14625
aI14626
aI14627
aI14628
aI14629
aI14630
aI14631
aI14632
aI14633
aI14634
aI14635
aI14636
aI14637
aI14638
aI14639
aI14640
aI14641
aI14642
aI14643
aI14644
aI14645
aI14646
aI14647
aI14648
aI14649
aI14650
aI14651
aI14652
aI14653
aI14654
aI14655
aI14656
aI14657
aI14658
aI14659
aI14660
aI14661
aI14662
aI14663
aI14664
aI14665
aI14666
aI14667
aI14668
aI14669
aI14670
aI14671
aI14672
aI14673
aI14674
aI14675
aI14676
aI14677
aI14678
aI14679
aI14680
aI14681
aI14682
aI14683
aI14684
aI14685
aI14686
aI14687
aI14688
aI14689
aI14690
aI14691
aI14692
aI14693
aI14694
aI14695
aI14696
aI14697
aI14698
aI14699
aI14700
aI14701
aI14702
aI14703
aI14704
aI14705
aI14706
aI14707
aI14708
aI14709
aI14710
aI14711
aI14712
aI14713
aI14714
aI14715
aI14716
aI14717
aI14718
aI14719
aI14720
aI14721
aI14722
aI14723
aI14724
aI14725
aI14726
aI14727
aI14728
aI14729
aI14730
aI14731
aI14732
aI14733
aI14734
aI14735
aI14736
aI14737
aI14738
aI14739
aI14740
aI14741
aI14742
aI14743
aI14744
aI14745
aI14746
aI14747
aI14748
aI14749
aI14750
aI14751
aI14752
aI14753
aI14754
aI14755
aI14756
aI14757
aI14758
aI14759
aI14760
aI14761
aI14762
aI14763
aI14764
aI14765
aI14766
aI14767
aI14768
aI14769
aI14770
aI14771
aI14772
aI14773
aI14774
aI14775
aI14776
aI14777
aI14778
aI14779
aI14780
aI14781
aI14782
aI14783
aI14784
aI14785
aI14786
aI14787
aI14788
aI14789
aI14790
aI14791
aI14792
aI14793
aI14794
aI14795
aI14796
aI14797
aI14798
aI14799
aI14800
aI14801
aI14802
aI14803
aI14804
aI14805
aI14806
aI14807
aI14808
aI14809
aI14810
aI14811
aI14812
aI14813
aI14814
aI14815
aI14816
aI14817
aI14818
aI14819
aI14820
aI14821
aI14822
aI14823
aI14824
aI14825
aI14826
aI14827
aI14828
aI14829
aI14830
aI14831
aI14832
aI14833
aI14834
aI14835
aI14836
aI14837
aI14838
aI14839
aI14840
aI14841
aI14842
aI14843
aI14844
aI14845
aI14846
aI14847
aI14848
aI14849
aI14850
aI14851
aI14852
aI14853
aI14854
aI14855
aI14856
aI14857
aI14858
aI14859
aI14860
aI14861
aI14862
aI14863
aI14864
aI14865
aI14866
aI14867
aI14868
aI14869
aI14870
aI14871
aI14872
aI14873
aI14874
aI14875
aI14876
aI14877
aI14878
aI14879
aI14880
aI14881
aI14882
aI14883
aI14884
aI14885
aI14886
aI14887
aI14888
aI14889
aI14890
aI14891
aI14892
aI14893
aI14894
aI14895
aI14896
aI14897
aI14898
aI14899
aI14900
aI14901
aI14902
aI14903
aI14904
aI14905
aI14906
aI14907
aI14908
aI14909
aI14910
aI14911
aI14912
aI14913
aI14914
aI14915
aI14916
aI14917
aI14918
aI14919
aI14920
aI14921
aI14922
aI14923
aI14924
aI14925
aI14926
aI14927
aI14928
aI14929
aI14930
aI14931
aI14932
aI14933
aI14934
aI14935
aI14936
aI14937
aI14938
aI14939
aI14940
aI14941
aI14942
aI14943
aI14944
aI14945
aI14946
aI14947
aI14948
aI14949
aI14950
aI14951
aI14952
aI14953
aI14954
aI14955
aI14956
aI14957
aI14958
aI14959
aI14960
aI14961
aI14962
aI14963
aI14964
aI14965
aI14966
aI14967
aI14968
aI14969
aI14970
aI14971
aI14972
aI14973
aI14974
aI14975
aI14976
aI14977
aI14978
aI14979
aI14980
aI14981
aI14982
aI14983
aI14984
aI14985
aI14986
aI14987
aI14988
aI14989
aI14990
aI14991
aI14992
aI14993
aI14994
aI14995
aI14996
aI14997
aI14998
aI14999
as.