(dp1
S'steps'
p2
(lp3
I116
aI66
aI51
aI82
aI82
aI82
aI89
aI65
aI65
aI126
aI51
aI94
aI82
aI82
aI82
aI82
aI85
aI82
aI82
aI70
aI66
aI82
aI82
aI82
aI82
aI82
aI82
aI81
aI85
aI67
aI81
aI81
aI81
aI129
aI81
aI81
aI101
aI160
aI68
aI82
aI69
aI66
aI62
aI62
aI92
aI66
aI53
aI69
aI32
aI52
aI93
aI68
aI123
aI67
aI147
aI81
aI81
aI127
aI91
aI129
aI66
aI62
aI161
aI126
aI67
aI67
aI67
aI67
aI67
aI67
aI39
aI51
aI65
aI97
aI67
aI67
aI67
aI67
aI67
aI67
aI67
aI67
aI70
aI68
aI67
aI65
aI67
aI53
aI95
aI176
aI66
aI62
aI116
aI92
aI51
aI127
aI53
aI88
aI65
aI141
aI92
aI67
aI68
aI49
aI69
aI108
aI73
aI146
aI100
aI53
aI50
aI133
aI66
aI52
aI97
aI52
aI126
aI51
aI55
aI52
aI132
aI112
aI100
aI128
aI96
aI53
aI50
aI90
aI46
aI41
aI64
aI64
aI68
aI93
aI68
aI123
aI67
aI80
aI113
aI65
aI50
aI72
aI65
aI68
aI68
aI42
aI125
aI65
aI67
aI67
aI69
aI67
aI67
aI66
aI54
aI100
aI98
aI67
aI69
aI128
aI67
aI128
aI53
aI52
aI72
aI101
aI51
aI54
aI52
aI53
aI104
aI60
aI68
aI67
aI71
aI122
aI41
aI53
aI49
aI54
aI89
aI65
aI100
aI98
aI55
aI64
aI64
aI67
aI42
aI67
aI70
aI105
aI50
aI41
aI122
aI49
aI66
aI68
aI62
aI42
aI95
aI66
aI93
aI112
aI96
aI64
aI126
aI73
aI52
aI67
aI73
aI67
aI67
aI48
aI51
aI127
aI55
aI54
aI68
aI70
aI67
aI66
aI89
aI51
aI104
aI50
aI59
aI89
aI52
aI60
aI97
aI95
aI123
aI98
aI58
aI120
aI55
aI128
aI66
aI65
aI129
aI67
aI67
aI67
aI67
aI66
aI67
aI71
aI68
aI67
aI71
aI68
aI71
aI62
aI99
aI87
aI43
aI91
aI68
aI69
aI57
aI63
aI96
aI56
aI75
aI99
aI84
aI70
aI67
aI67
aI66
aI125
aI67
aI65
aI48
aI60
aI70
aI68
aI66
aI98
aI49
aI72
aI54
aI78
aI91
aI67
aI67
aI67
aI67
aI67
aI96
aI54
aI67
aI93
aI51
aI85
aI67
aI67
aI66
aI40
aI56
aI63
aI61
aI61
aI92
aI75
aI61
aI94
aI66
aI98
aI98
aI66
aI89
aI122
aI69
aI97
aI52
aI37
aI153
aI62
aI64
aI95
aI64
aI61
aI70
aI52
aI93
aI67
aI93
aI68
aI61
aI61
aI50
aI68
aI64
aI39
aI53
aI50
aI39
aI67
aI59
aI62
aI50
aI66
aI113
aI62
aI50
aI46
aI68
aI92
aI73
aI81
aI64
aI72
aI91
aI51
aI50
aI61
aI61
aI106
aI56
aI61
aI65
aI59
aI100
aI47
aI52
aI53
aI46
aI52
aI127
aI63
aI65
aI96
aI161
aI70
aI44
aI104
aI49
aI95
aI163
aI39
aI66
aI38
aI69
aI93
aI63
aI38
aI48
aI48
aI62
aI120
aI91
aI89
aI49
aI94
aI50
aI46
aI79
aI50
aI68
aI67
aI49
aI47
aI114
aI63
aI36
aI107
aI46
aI35
aI99
aI50
aI63
aI48
aI46
aI48
aI51
aI33
aI81
aI37
aI65
aI58
aI92
aI66
aI48
aI64
aI45
aI55
aI52
aI91
aI85
aI50
aI45
aI46
aI50
aI95
aI65
aI81
aI49
aI69
aI52
aI49
aI51
aI94
aI120
aI90
aI48
aI68
aI78
aI74
aI57
aI104
aI63
aI93
aI48
aI96
aI48
aI48
aI48
aI48
aI106
aI48
aI57
aI39
aI63
aI35
aI65
aI50
aI136
aI35
aI63
aI34
aI67
aI72
aI148
aI65
aI37
aI45
aI37
aI48
aI50
aI37
aI50
aI45
aI48
aI45
aI74
aI92
aI55
aI67
aI35
aI145
aI94
aI50
aI51
aI38
aI49
aI66
aI49
aI49
aI45
aI50
aI37
aI37
aI48
aI45
aI71
aI61
aI63
aI48
aI37
aI52
aI45
aI63
aI104
aI123
aI121
aI66
aI90
aI66
aI63
aI83
aI49
aI45
aI70
aI41
aI92
aI51
aI51
aI51
aI36
aI66
aI63
aI34
aI65
aI36
aI38
aI90
aI38
aI45
aI54
aI67
aI98
aI35
aI64
aI37
aI70
aI52
aI35
aI50
aI64
aI37
aI53
aI95
aI89
aI61
aI83
aI51
aI93
aI42
aI67
aI64
aI37
aI122
aI37
aI63
aI89
aI77
aI94
aI68
aI66
aI36
aI36
aI150
aI65
aI63
aI69
aI37
aI95
aI62
aI118
aI127
aI66
aI69
aI81
aI52
aI69
aI49
aI70
aI68
aI96
aI108
aI66
aI103
aI61
aI96
aI61
aI62
aI62
aI64
aI93
aI61
aI46
aI79
aI39
aI60
aI35
aI51
aI68
aI49
aI70
aI93
aI67
aI66
aI70
aI39
aI64
aI91
aI113
aI67
aI64
aI158
aI65
aI93
aI52
aI64
aI44
aI67
aI37
aI98
aI64
aI107
aI67
aI70
aI37
aI76
aI46
aI128
aI94
aI123
aI119
aI64
aI33
aI37
aI64
aI64
aI96
aI64
aI97
aI67
aI97
aI34
aI63
aI65
aI81
aI71
aI64
aI95
aI34
aI34
aI34
aI70
aI70
aI93
aI49
aI91
aI77
aI42
aI41
aI50
aI68
aI89
aI37
aI37
aI49
aI69
aI97
aI113
aI37
aI61
aI54
aI37
aI70
aI90
aI52
aI121
aI37
aI63
aI37
aI48
aI37
aI53
aI37
aI37
aI63
aI64
aI82
aI63
aI65
aI97
aI50
aI34
aI102
aI38
aI48
aI37
aI66
aI33
aI34
aI63
aI51
aI37
aI37
aI65
aI37
aI37
aI64
aI37
aI65
aI64
aI37
aI49
aI107
aI88
aI46
aI68
aI65
aI71
aI93
aI93
aI93
aI70
aI98
aI38
aI67
aI100
aI94
aI44
aI36
aI36
aI42
aI82
aI70
aI68
aI64
aI39
aI68
aI39
aI64
aI36
aI42
aI68
aI71
aI38
aI121
aI37
aI38
aI67
aI69
aI70
aI64
aI67
aI85
aI72
aI37
aI66
aI80
aI52
aI67
aI37
aI68
aI51
aI92
aI90
aI79
aI71
aI70
aI97
aI63
aI126
aI95
aI51
aI106
aI67
aI67
aI57
aI37
aI111
aI47
aI163
aI41
aI51
aI96
aI108
aI51
aI51
aI97
aI104
aI96
aI62
aI44
aI101
aI89
aI46
aI46
aI42
aI45
aI52
aI68
aI70
aI93
aI70
aI68
aI52
aI52
aI53
aI64
aI53
aI36
aI162
aI57
aI52
aI72
aI91
aI42
aI42
aI60
aI123
aI67
aI66
aI89
aI65
aI52
aI82
aI38
aI37
aI37
aI51
aI48
aI37
aI61
aI124
aI37
aI69
aI82
aI38
aI76
aI37
aI96
aI132
aI131
aI108
aI37
aI51
aI37
aI116
aI95
aI63
aI97
aI71
aI79
aI70
aI37
aI70
aI37
aI84
aI51
aI100
aI37
aI52
aI74
aI74
aI106
aI37
aI52
aI48
aI81
aI66
aI64
aI49
aI35
aI51
aI64
aI70
aI90
aI64
aI90
aI50
aI37
aI37
aI99
aI82
aI55
aI62
aI69
aI37
aI37
aI48
aI51
aI111
aI52
aI99
aI55
aI32
aI48
aI35
aI35
aI68
aI106
aI111
aI68
aI106
aI47
aI62
aI37
aI100
aI38
aI62
aI69
aI69
aI63
aI74
aI51
aI69
aI37
aI37
aI38
aI66
aI59
aI37
aI44
aI44
aI70
aI118
aI67
aI54
aI55
aI51
aI37
aI37
aI90
aI37
aI56
aI55
aI70
aI54
aI56
aI50
aI65
aI49
aI106
aI35
aI37
aI37
aI93
aI65
aI93
aI37
aI68
aI69
aI58
aI47
aI36
aI36
aI152
aI89
aI37
aI37
aI62
aI68
aI84
aI48
aI66
aI54
aI35
aI52
aI37
aI66
aI48
aI68
aI62
aI72
aI90
aI93
aI37
aI99
aI51
aI37
aI34
aI37
aI36
aI38
aI70
aI89
aI41
aI67
aI67
aI66
aI151
aI66
aI66
aI97
aI75
aI32
aI63
aI44
aI70
aI49
aI48
aI51
aI54
aI37
aI122
aI33
aI57
aI73
aI69
aI35
aI35
aI55
aI69
aI36
aI73
aI66
aI127
aI35
aI50
aI57
aI42
aI44
aI44
aI44
aI44
aI51
aI52
aI52
aI37
aI51
aI45
aI37
aI50
aI65
aI50
aI54
aI81
aI64
aI52
aI67
aI127
aI92
aI67
aI69
aI38
aI68
aI65
aI92
aI52
aI46
aI37
aI51
aI52
aI50
aI67
aI116
aI75
aI36
aI37
aI81
aI66
aI37
aI90
aI68
aI64
aI36
aI37
aI90
aI63
aI68
aI64
aI125
aI39
aI36
aI36
aI37
aI37
aI67
aI37
aI37
aI67
aI37
aI37
aI37
aI64
aI38
aI64
aI124
aI52
aI135
aI69
aI88
aI73
aI71
aI38
aI35
aI108
aI73
aI92
aI53
aI51
aI52
aI50
aI50
aI89
aI90
aI76
aI88
aI49
aI94
aI44
aI62
aI85
aI51
aI91
aI111
aI79
aI37
aI74
aI36
aI73
aI67
aI57
aI61
aI70
aI52
aI63
aI66
aI63
aI96
aI121
aI123
aI103
aI67
aI39
aI66
aI62
aI70
aI68
aI39
aI124
aI75
aI69
aI72
aI92
aI37
aI38
aI42
aI68
aI38
aI37
aI128
aI93
aI68
aI71
aI37
aI37
aI68
aI62
aI123
aI73
aI38
aI92
aI35
aI35
aI35
aI140
aI51
aI50
aI102
aI42
aI36
aI46
aI123
aI93
aI65
aI47
aI36
aI42
aI129
aI64
aI66
aI52
aI97
aI67
aI66
aI66
aI67
aI67
aI66
aI67
aI70
aI66
aI66
aI66
aI67
aI67
aI67
aI67
aI67
aI67
aI94
aI66
aI67
aI67
aI82
aI67
aI67
aI66
aI67
aI67
aI67
aI71
aI94
aI51
aI67
aI38
aI68
aI72
aI80
aI66
aI104
aI44
aI48
aI51
aI48
aI77
aI46
aI97
aI49
aI56
aI83
aI35
aI63
aI35
aI64
aI40
aI67
aI64
aI79
aI63
aI65
aI128
aI37
aI85
aI63
aI65
aI59
aI113
aI67
aI70
aI95
aI42
aI50
aI36
aI49
aI37
aI59
aI62
aI38
aI37
aI125
aI49
aI69
aI69
aI34
aI47
aI62
aI62
aI37
aI37
aI68
aI69
aI62
aI129
aI35
aI116
aI66
aI35
aI86
aI70
aI65
aI66
aI79
aI70
aI68
aI35
aI47
aI65
aI65
aI64
aI37
aI37
aI92
aI122
aI66
aI109
aI37
aI75
aI94
aI93
aI42
aI51
aI125
aI121
aI111
aI37
aI85
aI66
aI68
aI37
aI120
aI37
aI83
aI97
aI96
aI96
aI53
aI33
aI109
aI37
aI94
aI81
aI69
aI38
aI40
aI50
aI121
aI99
aI37
aI50
aI50
aI40
aI48
aI153
aI79
aI53
aI95
aI48
aI52
aI72
aI97
aI68
aI107
aI60
aI63
aI37
aI82
aI82
aI111
aI91
aI94
aI37
aI68
aI66
aI69
aI67
aI69
aI71
aI63
aI65
aI68
aI88
aI38
aI88
aI52
aI74
aI101
aI162
aI71
aI65
aI87
aI37
aI123
aI108
aI68
aI68
aI65
aI49
aI69
aI93
aI38
aI41
aI55
aI68
aI33
aI37
aI37
aI37
aI37
aI65
aI95
aI94
aI67
aI66
aI158
aI49
aI37
aI37
aI64
aI37
aI37
aI92
aI37
aI37
aI66
aI54
aI37
aI37
aI66
aI35
aI91
aI72
aI34
aI37
aI53
aI37
aI108
aI73
aI34
aI53
aI69
aI34
aI68
aI35
aI88
aI74
aI70
aI37
aI51
aI98
aI34
aI34
aI51
aI65
aI34
aI34
aI64
aI34
aI71
aI42
aI121
aI45
aI37
aI66
aI92
aI96
aI43
aI38
aI50
aI62
aI35
aI107
aI38
aI62
aI99
aI62
aI62
aI62
aI37
aI61
aI87
aI39
aI63
aI38
aI64
aI69
aI119
aI70
aI62
aI68
aI62
aI63
aI62
aI38
aI36
aI96
aI92
aI69
aI38
aI84
aI64
aI81
aI62
aI50
aI66
aI96
aI140
aI52
aI55
aI38
aI64
aI49
aI107
aI54
aI91
aI79
aI51
aI51
aI66
aI92
aI41
aI64
aI70
aI61
aI39
aI92
aI100
aI89
aI46
aI85
aI112
aI38
aI97
aI98
aI66
aI117
aI44
aI85
aI56
aI51
aI68
aI52
aI52
aI52
aI108
aI68
aI95
aI52
aI52
aI50
aI111
aI52
aI63
aI101
aI68
aI69
aI63
aI38
aI65
aI38
aI38
aI69
aI35
aI64
aI92
aI55
aI73
aI92
aI96
aI139
aI77
aI66
aI40
aI65
aI33
aI93
aI99
aI35
aI39
aI37
aI63
aI68
aI83
aI63
aI37
aI92
aI65
aI77
aI121
aI65
aI67
aI97
aI38
aI91
aI36
aI64
aI64
aI63
aI92
aI93
aI121
aI40
aI62
aI91
aI62
aI93
aI37
aI45
aI62
aI57
aI65
aI124
aI33
aI74
aI39
aI70
aI72
aI104
aI49
aI55
aI54
aI112
aI49
aI57
aI53
aI108
aI96
aI72
aI67
aI66
aI93
aI98
aI65
aI61
aI47
aI69
aI72
aI49
aI85
aI80
aI38
aI80
aI44
aI106
aI50
aI61
aI64
aI68
aI65
aI68
aI93
aI51
aI78
aI91
aI50
aI54
aI66
aI50
aI55
aI65
aI36
aI35
aI35
aI92
aI91
aI49
aI162
aI68
aI74
aI65
aI52
aI55
aI119
aI55
aI90
aI68
aI70
aI49
aI49
aI49
aI56
aI71
aI69
aI66
aI68
aI120
aI93
aI66
aI35
aI93
aI38
aI38
aI106
aI91
aI63
aI94
aI97
aI50
aI119
aI53
aI54
aI40
aI84
aI91
aI38
aI38
aI35
aI38
aI92
aI40
aI81
aI54
aI61
aI67
aI63
aI92
aI93
aI72
aI121
aI79
aI80
aI65
aI91
aI57
aI84
aI74
aI38
aI65
aI83
aI65
aI65
aI52
aI71
aI64
aI66
aI94
aI54
aI47
aI69
aI67
aI81
aI67
aI68
aI38
aI63
aI124
aI51
aI53
aI51
aI53
aI65
aI65
aI51
aI53
aI53
aI56
aI90
aI55
aI47
aI46
aI38
aI46
aI46
aI95
aI61
aI57
aI121
aI68
aI82
aI47
aI72
aI80
aI53
aI65
aI64
aI79
aI66
aI38
aI161
aI96
aI81
aI34
aI101
aI91
aI78
aI62
aI97
aI52
aI52
aI67
aI38
aI70
aI65
aI50
aI100
aI99
aI129
aI93
aI98
aI55
aI49
aI51
aI69
aI51
aI44
aI63
aI72
aI79
aI92
aI102
aI55
aI56
aI92
aI81
aI123
aI73
aI67
aI151
aI50
aI95
aI97
aI51
aI95
aI38
aI38
aI37
aI87
aI82
aI63
aI82
aI86
aI53
aI51
aI58
aI47
aI48
aI107
aI67
aI70
aI66
aI66
aI66
aI64
aI66
aI66
aI66
aI66
aI66
aI66
aI64
aI67
aI66
aI125
aI51
aI65
aI65
aI57
aI152
aI119
aI93
aI69
aI64
aI63
aI82
aI68
aI37
aI47
aI81
aI67
aI49
aI64
aI41
aI72
aI125
aI66
aI76
aI74
aI41
aI68
aI64
aI125
aI93
aI81
aI64
aI65
aI49
aI39
aI95
aI93
aI51
aI52
aI51
aI51
aI52
aI47
aI51
aI68
aI84
aI122
aI63
aI68
aI68
aI38
aI76
aI123
aI82
aI68
aI65
aI65
aI63
aI37
aI51
aI62
aI114
aI69
aI61
aI90
aI93
aI65
aI62
aI38
aI95
aI65
aI93
aI73
aI68
aI70
aI56
aI46
aI110
aI67
aI95
aI70
aI38
aI65
aI96
aI55
aI93
aI52
aI52
aI65
aI68
aI121
aI54
aI64
aI96
aI82
aI109
aI98
aI92
aI54
aI92
aI69
aI129
aI63
aI46
aI139
aI37
aI129
aI69
aI91
aI81
aI68
aI62
aI65
aI76
aI95
aI116
aI39
aI51
aI85
aI62
aI101
aI72
aI92
aI54
aI75
aI67
aI62
aI65
aI62
aI47
aI83
aI47
aI92
aI96
aI92
aI62
aI73
aI68
aI47
aI44
aI62
aI76
aI38
aI67
aI47
aI64
aI92
aI87
aI54
aI54
aI70
aI91
aI40
aI114
aI68
aI121
aI62
aI47
aI66
aI48
aI67
aI96
aI38
aI92
aI66
aI62
aI80
aI38
aI70
aI41
aI38
aI38
aI97
aI38
aI38
aI65
aI122
aI124
aI112
aI64
aI93
aI114
aI63
aI99
aI66
aI78
aI62
aI62
aI138
aI90
aI120
aI54
aI67
aI59
aI96
aI66
aI68
aI64
aI70
aI61
aI82
aI65
aI95
aI71
aI63
aI64
aI70
aI62
aI72
aI93
aI65
aI65
aI68
aI37
aI55
aI66
aI63
aI64
aI91
aI51
aI54
aI72
aI94
aI156
aI68
aI54
aI36
aI36
aI64
aI52
aI96
aI67
aI85
aI36
aI80
aI69
aI92
aI36
aI66
aI69
aI34
aI121
aI95
aI63
aI80
aI93
aI66
aI69
aI65
aI107
aI98
aI98
aI38
aI111
aI136
aI120
aI123
aI38
aI82
aI38
aI63
aI163
aI69
aI97
aI79
aI87
aI69
aI64
aI69
aI63
aI69
aI62
aI64
aI123
aI65
aI141
aI71
aI76
aI38
aI81
aI48
aI128
aI126
aI70
aI66
aI73
aI71
aI122
aI64
aI65
aI71
aI63
aI138
aI72
aI80
aI94
aI53
aI97
aI124
aI71
aI40
aI91
aI70
aI92
aI48
aI48
aI85
aI91
aI90
aI71
aI65
aI107
aI38
aI59
aI38
aI71
aI77
aI76
aI80
aI63
aI48
aI53
aI78
aI118
aI54
aI51
aI67
aI122
aI62
aI66
aI56
aI92
aI48
aI98
aI120
aI54
aI55
aI69
aI81
aI97
aI85
aI63
aI63
aI48
aI48
aI199
aI91
aI50
aI70
aI94
aI64
aI100
aI57
aI95
aI68
aI138
aI78
aI85
aI104
aI46
aI79
aI51
aI38
aI40
aI102
aI81
aI102
aI68
aI70
aI156
aI94
aI66
aI66
aI63
aI63
aI64
aI81
aI51
aI49
aI63
aI64
aI67
aI66
aI66
aI72
aI68
aI54
aI71
aI94
aI55
aI65
aI66
aI52
aI38
aI92
aI50
aI59
aI98
aI53
aI120
aI151
aI123
aI127
aI66
aI66
aI50
aI74
aI54
aI65
aI109
aI72
aI52
aI124
aI130
aI67
aI108
aI98
aI71
aI61
aI71
aI70
aI63
aI55
aI66
aI110
aI64
aI131
aI64
aI103
aI121
aI72
aI70
aI152
aI93
aI98
aI66
aI107
aI93
aI92
aI96
aI121
aI80
aI69
aI47
aI98
aI150
aI97
aI70
aI51
aI69
aI79
aI125
aI63
aI93
aI147
aI126
aI101
aI61
aI65
aI40
aI70
aI96
aI108
aI81
aI93
aI54
aI149
aI51
aI38
aI155
aI91
aI129
aI62
aI97
aI98
aI96
aI153
aI108
aI44
aI34
aI92
aI36
aI66
aI36
aI38
aI38
aI38
aI38
aI132
aI68
aI67
aI55
aI34
aI79
aI62
aI64
aI91
aI48
aI66
aI67
aI49
aI72
aI34
aI69
aI34
aI93
aI88
aI115
aI90
aI61
aI96
aI47
aI133
aI53
aI111
aI61
aI94
aI47
aI47
aI38
aI52
aI84
aI101
aI82
aI47
aI34
aI47
aI137
aI68
aI44
aI66
aI54
aI71
aI61
aI71
aI71
aI56
aI92
aI71
aI65
aI71
aI70
aI94
aI93
aI107
aI130
aI98
aI98
aI66
aI88
aI92
aI73
aI65
aI104
aI67
aI62
aI66
aI70
aI52
aI63
aI84
aI36
aI85
aI119
aI89
aI114
aI52
aI47
aI70
aI53
aI97
aI53
aI67
aI65
aI91
aI65
aI52
aI66
aI68
aI89
aI36
aI78
aI67
aI91
aI107
aI57
aI70
aI65
aI98
aI125
aI96
aI121
aI67
aI71
aI67
aI52
aI99
aI51
aI71
aI73
aI59
aI38
aI50
aI98
aI67
aI109
aI81
aI57
aI70
aI124
aI180
aI49
aI90
aI70
aI120
aI51
aI51
aI66
aI51
aI51
aI54
aI65
aI37
aI52
aI92
aI68
aI150
aI52
aI51
aI68
aI70
aI55
aI70
aI130
aI92
aI69
aI97
aI96
aI125
aI67
aI134
aI44
aI122
aI81
aI62
aI64
aI66
aI66
aI95
aI56
aI70
aI67
aI60
aI157
aI53
aI92
aI72
aI36
aI94
aI44
aI104
aI51
aI119
aI69
aI66
aI156
aI54
aI91
aI70
aI110
aI62
aI62
aI62
aI112
aI92
aI94
aI93
aI93
aI50
aI54
aI38
aI85
aI54
aI86
aI81
aI62
aI75
aI68
aI121
aI41
aI72
aI41
aI89
aI93
aI123
aI98
aI41
aI106
aI106
aI54
aI65
aI40
aI40
aI53
aI38
aI68
aI69
aI67
aI59
aI97
aI66
aI56
aI66
aI53
aI70
aI76
aI136
aI93
aI65
aI66
aI66
aI139
aI125
aI38
aI150
aI66
aI54
aI113
aI79
aI49
aI107
aI88
aI53
aI49
aI152
aI63
aI51
aI78
aI38
aI65
aI69
aI66
aI66
aI99
aI67
aI118
aI67
aI64
aI94
aI83
aI129
aI65
aI53
aI107
aI57
aI66
aI50
aI80
aI126
aI150
aI96
aI67
aI65
aI68
aI70
aI69
aI65
aI69
aI77
aI94
aI53
aI54
aI103
aI71
aI54
aI83
aI54
aI39
aI64
aI37
aI57
aI95
aI78
aI122
aI69
aI55
aI92
aI66
aI66
aI97
aI64
aI53
aI68
aI53
aI123
aI53
aI84
aI154
aI98
aI54
aI71
aI87
aI95
aI71
aI100
aI64
aI58
aI68
aI109
aI97
aI131
aI97
aI133
aI91
aI54
aI108
aI93
aI57
aI98
aI104
aI132
aI82
aI90
aI67
aI71
aI64
aI63
aI55
aI64
aI66
aI66
aI76
aI56
aI68
aI53
aI118
aI83
aI91
aI98
aI127
aI69
aI123
aI54
aI69
aI125
aI86
aI66
aI88
aI54
aI123
aI38
aI57
aI69
aI66
aI70
aI64
aI70
aI92
aI52
aI64
aI54
aI96
aI94
aI98
aI70
aI38
aI71
aI97
aI98
aI150
aI51
aI54
aI36
aI88
aI78
aI66
aI68
aI152
aI51
aI54
aI54
aI54
aI57
aI53
aI37
aI118
aI68
aI77
aI68
aI93
aI50
aI36
aI86
aI71
aI64
aI84
aI37
aI117
aI99
aI54
aI35
aI92
aI71
aI69
aI91
aI55
aI72
aI70
aI65
aI65
aI38
aI134
aI43
aI65
aI37
aI38
aI38
aI64
aI117
aI136
aI70
aI64
aI54
aI70
aI70
aI94
aI120
aI94
aI156
aI49
aI38
aI105
aI52
aI54
aI52
aI99
aI93
aI104
aI127
aI62
aI57
aI75
aI67
aI68
aI75
aI90
aI65
aI53
aI107
aI83
aI104
aI121
aI58
aI37
aI96
aI91
aI50
aI53
aI94
aI66
aI37
aI98
aI63
aI92
aI68
aI91
aI92
aI97
aI124
aI68
aI72
aI70
aI64
aI49
aI56
aI59
aI104
aI123
aI38
aI97
aI64
aI39
aI37
aI98
aI65
aI161
aI56
aI62
aI67
aI67
aI124
aI77
aI56
aI69
aI68
aI37
aI113
aI95
aI139
aI88
aI71
aI39
aI93
aI66
aI67
aI68
aI103
aI124
aI122
aI51
aI53
aI57
aI97
aI92
aI68
aI65
aI52
aI72
aI65
aI52
aI55
aI40
aI123
aI64
aI128
aI66
aI69
aI79
aI54
aI56
aI52
aI98
aI51
aI81
aI52
aI88
aI49
aI38
aI125
aI66
aI54
aI53
aI37
aI52
aI96
aI92
aI51
aI51
aI52
aI48
aI68
aI69
aI67
aI68
aI68
aI63
aI84
aI54
aI128
aI54
aI70
aI87
aI40
aI131
aI71
aI49
aI49
aI76
aI38
aI94
aI122
aI66
aI50
aI57
aI50
aI50
aI49
aI49
aI71
aI52
aI63
aI91
aI51
aI51
aI62
aI72
aI54
aI60
aI50
aI80
aI49
aI49
aI54
aI56
aI109
aI126
aI52
aI119
aI122
aI94
aI72
aI67
aI51
aI49
aI51
aI122
aI34
aI65
aI91
aI52
aI50
aI46
aI67
aI71
aI49
aI68
aI37
aI66
aI51
aI70
aI83
aI84
aI69
aI138
aI97
aI52
aI55
aI51
aI53
aI132
aI50
aI73
aI71
aI58
aI52
aI121
aI108
aI94
aI73
aI49
aI65
aI161
aI52
aI69
aI50
aI53
aI126
aI112
aI81
aI122
aI65
aI65
aI35
aI116
aI86
aI69
aI48
aI97
aI84
asS'reward'
p4
(lp5
F30
aF125
aF105
aF180
aF180
aF180
aF205
aF135
aF135
aF465
aF105
aF410
aF210
aF180
aF180
aF180
aF210
aF180
aF180
aF180
aF150
aF180
aF180
aF180
aF210
aF180
aF155
aF135
aF180
aF105
aF120
aF120
aF120
aF110
aF135
aF120
aF250
aF210
aF180
aF120
aF120
aF180
aF150
aF150
aF295
aF175
aF115
aF85
aF45
aF45
aF155
aF105
aF135
aF105
aF180
aF105
aF105
aF105
aF180
aF275
aF120
aF150
aF210
aF110
aF105
aF105
aF105
aF105
aF105
aF105
aF80
aF85
aF155
aF200
aF105
aF105
aF105
aF105
aF105
aF105
aF105
aF105
aF150
aF105
aF105
aF90
aF105
aF75
aF130
aF105
aF155
aF110
aF215
aF435
aF105
aF310
aF125
aF285
aF155
aF290
aF165
aF105
aF105
aF35
aF95
aF185
aF195
aF100
aF205
aF105
aF90
aF160
aF105
aF50
aF215
aF50
aF185
aF105
aF125
aF105
aF155
aF335
aF270
aF365
aF230
aF105
aF125
aF220
aF135
aF75
aF80
aF80
aF150
aF400
aF75
aF100
aF60
aF65
aF225
aF120
aF110
aF80
aF120
aF105
aF105
aF80
aF200
aF75
aF75
aF75
aF125
aF105
aF105
aF105
aF125
aF200
aF215
aF105
aF310
aF485
aF105
aF380
aF75
aF105
aF200
aF145
aF105
aF125
aF105
aF135
aF270
aF75
aF105
aF105
aF90
aF125
aF50
aF90
aF75
aF30
aF180
aF75
aF155
aF170
aF70
aF85
aF110
aF125
aF50
aF105
aF95
aF215
aF95
aF50
aF140
aF65
aF135
aF150
aF105
aF50
aF125
aF165
aF190
aF395
aF155
aF100
aF225
aF195
aF75
aF180
aF105
aF135
aF105
aF60
aF105
aF150
aF155
aF125
aF155
aF130
aF50
aF35
aF155
aF170
aF240
aF90
aF100
aF145
aF65
aF105
aF190
aF180
aF130
aF170
aF155
aF305
aF155
aF230
aF110
aF65
aF180
aF105
aF105
aF105
aF105
aF75
aF75
aF110
aF100
aF75
aF180
aF135
aF260
aF155
aF130
aF180
aF105
aF190
aF110
aF170
aF80
aF90
aF230
aF155
aF160
aF330
aF175
aF255
aF205
aF120
aF210
aF235
aF210
aF45
aF0
aF30
aF195
aF205
aF130
aF135
aF125
aF155
aF155
aF240
aF290
aF105
aF80
aF75
aF75
aF75
aF230
aF105
aF75
aF260
aF105
aF110
aF75
aF30
aF35
aF45
aF55
aF80
aF185
aF150
aF190
aF235
aF125
aF165
aF115
aF205
aF140
aF85
aF260
aF140
aF80
aF265
aF80
aF80
aF510
aF120
aF110
aF150
aF75
aF125
aF140
aF55
aF425
aF110
aF105
aF125
aF90
aF65
aF125
aF305
aF65
aF125
aF110
aF125
aF125
aF160
aF210
aF95
aF105
aF140
aF395
aF95
aF105
aF120
aF90
aF330
aF110
aF180
aF105
aF125
aF225
aF125
aF120
aF75
aF65
aF430
aF135
aF215
aF110
aF75
aF405
aF155
aF105
aF155
aF155
aF115
aF205
aF115
aF75
aF50
aF585
aF155
aF120
aF390
aF120
aF180
aF255
aF105
aF40
aF15
aF210
aF370
aF95
aF75
aF180
aF180
aF110
aF210
aF210
aF200
aF120
aF210
aF105
aF105
aF180
aF105
aF210
aF160
aF105
aF90
aF195
aF165
aF80
aF195
aF125
aF75
aF255
aF155
aF105
aF120
aF140
aF125
aF140
aF15
aF260
aF105
aF125
aF135
aF185
aF145
aF120
aF135
aF110
aF75
aF155
aF135
aF300
aF140
aF110
aF110
aF50
aF120
aF135
aF300
aF105
aF165
aF120
aF90
aF125
aF130
aF135
aF105
aF120
aF105
aF225
aF220
aF180
aF265
aF85
aF185
aF135
aF270
aF125
aF125
aF125
aF125
aF195
aF125
aF155
aF50
aF120
aF75
aF105
aF90
aF55
aF75
aF75
aF80
aF110
aF60
aF210
aF105
aF120
aF110
aF105
aF105
aF105
aF105
aF105
aF110
aF120
aF110
aF105
aF105
aF135
aF125
aF50
aF145
aF135
aF105
aF95
aF85
aF105
aF105
aF105
aF105
aF110
aF75
aF105
aF105
aF120
aF110
aF120
aF90
aF105
aF105
aF105
aF120
aF105
aF110
aF395
aF195
aF355
aF105
aF235
aF135
aF110
aF225
aF105
aF105
aF65
aF75
aF110
aF80
aF105
aF105
aF85
aF140
aF105
aF75
aF125
aF80
aF80
aF260
aF80
aF135
aF125
aF130
aF25
aF75
aF105
aF50
aF120
aF50
aF30
aF75
aF80
aF50
aF80
aF105
aF180
aF105
aF110
aF105
aF395
aF50
aF100
aF105
aF50
aF120
aF105
aF75
aF105
aF60
aF60
aF70
aF45
aF50
aF50
aF185
aF110
aF105
aF65
aF105
aF180
aF105
aF220
aF660
aF90
aF265
aF385
aF50
aF155
aF50
aF180
aF105
aF200
aF105
aF35
aF200
aF140
aF415
aF150
aF135
aF80
aF105
aF60
aF65
aF75
aF110
aF0
aF0
aF75
aF55
aF10
aF0
aF90
aF380
aF75
aF50
aF50
aF15
aF105
aF380
aF195
aF75
aF105
aF175
aF125
aF125
aF95
aF125
aF90
aF105
aF105
aF170
aF105
aF335
aF75
aF125
aF90
aF230
aF80
aF155
aF45
aF35
aF55
aF80
aF0
aF0
aF105
aF105
aF140
aF105
aF320
aF75
aF395
aF90
aF180
aF125
aF290
aF115
aF65
aF210
aF90
aF90
aF90
aF200
aF200
aF100
aF75
aF195
aF290
aF50
aF50
aF65
aF175
aF105
aF105
aF105
aF105
aF85
aF135
aF225
aF105
aF105
aF110
aF105
aF200
aF190
aF75
aF220
aF105
aF105
aF105
aF105
aF105
aF75
aF105
aF105
aF120
aF80
aF170
aF65
aF80
aF145
aF65
aF80
aF150
aF65
aF105
aF105
aF120
aF75
aF85
aF55
aF60
aF105
aF105
aF120
aF105
aF105
aF110
aF105
aF135
aF105
aF105
aF105
aF180
aF155
aF90
aF75
aF20
aF90
aF165
aF185
aF185
aF85
aF110
aF65
aF170
aF95
aF45
aF90
aF75
aF55
aF80
aF155
aF50
aF105
aF30
aF50
aF65
aF15
aF40
aF45
aF40
aF370
aF45
aF50
aF170
aF75
aF90
aF120
aF110
aF155
aF105
aF105
aF275
aF125
aF105
aF215
aF120
aF60
aF135
aF105
aF170
aF120
aF150
aF160
aF255
aF200
aF110
aF65
aF105
aF185
aF160
aF105
aF340
aF100
aF120
aF50
aF105
aF155
aF50
aF605
aF50
aF100
aF150
aF460
aF60
aF105
aF230
aF255
aF225
aF105
aF125
aF155
aF185
aF105
aF125
aF55
aF135
aF150
aF100
aF50
aF80
aF65
aF175
aF65
aF65
aF35
aF30
aF30
aF50
aF415
aF90
aF150
aF170
aF120
aF0
aF0
aF70
aF210
aF120
aF75
aF50
aF100
aF85
aF170
aF65
aF105
aF105
aF120
aF105
aF105
aF155
aF150
aF105
aF150
aF400
aF75
aF130
aF105
aF200
aF235
aF105
aF105
aF75
aF155
aF90
aF415
aF90
aF50
aF155
aF125
aF120
aF100
aF105
aF155
aF105
aF215
aF50
aF205
aF105
aF110
aF105
aF105
aF105
aF105
aF110
aF135
aF135
aF95
aF65
aF0
aF50
aF50
aF50
aF125
aF105
aF0
aF280
aF65
aF105
aF105
aF205
aF110
aF55
aF110
aF140
aF105
aF105
aF120
aF120
aF90
aF45
aF90
aF0
aF5
aF5
aF50
aF50
aF110
aF155
aF130
aF30
aF35
aF0
aF0
aF5
aF295
aF80
aF65
aF125
aF35
aF0
aF50
aF50
aF155
aF105
aF120
aF50
aF150
aF210
aF105
aF105
aF105
aF210
aF240
aF240
aF120
aF135
aF75
aF105
aF105
aF105
aF105
aF135
aF80
aF120
aF55
aF0
aF5
aF95
aF0
aF110
aF5
aF105
aF105
aF40
aF0
aF165
aF0
aF25
aF0
aF0
aF5
aF75
aF75
aF370
aF130
aF105
aF105
aF110
aF95
aF90
aF15
aF75
aF0
aF50
aF55
aF75
aF75
aF50
aF105
aF0
aF0
aF30
aF170
aF105
aF205
aF75
aF105
aF85
aF105
aF40
aF50
aF140
aF380
aF50
aF75
aF75
aF50
aF95
aF60
aF35
aF45
aF140
aF5
aF50
aF0
aF80
aF0
aF15
aF50
aF0
aF75
aF80
aF50
aF30
aF75
aF75
aF30
aF30
aF45
aF110
aF75
aF30
aF15
aF355
aF75
aF105
aF155
aF105
aF105
aF105
aF105
aF105
aF120
aF105
aF105
aF105
aF105
aF135
aF90
aF105
aF120
aF105
aF110
aF90
aF105
aF105
aF90
aF150
aF380
aF75
aF325
aF50
aF105
aF15
aF155
aF105
aF50
aF105
aF120
aF105
aF145
aF75
aF140
aF20
aF30
aF105
aF105
aF30
aF105
aF195
aF155
aF105
aF75
aF105
aF120
aF0
aF80
aF0
aF15
aF0
aF75
aF75
aF105
aF105
aF120
aF105
aF105
aF120
aF105
aF75
aF105
aF135
aF90
aF105
aF365
aF80
aF195
aF75
aF105
aF55
aF55
aF75
aF75
aF170
aF105
aF140
aF135
aF55
aF140
aF105
aF105
aF120
aF185
aF120
aF120
aF120
aF120
aF105
aF120
aF300
aF105
aF385
aF165
aF120
aF105
aF425
aF35
aF210
aF45
aF65
aF15
aF60
aF50
aF15
aF15
aF0
aF100
aF95
aF100
aF105
aF15
aF0
aF15
aF30
aF55
aF50
aF0
aF65
aF80
aF30
aF45
aF105
aF0
aF15
aF30
aF75
aF0
aF0
aF215
aF50
aF20
aF100
aF0
aF15
aF75
aF0
aF65
aF50
aF5
aF120
aF50
aF50
aF50
aF150
aF105
aF105
aF80
aF0
aF0
aF0
aF65
aF70
aF0
aF0
aF0
aF30
aF10
aF30
aF35
aF35
aF155
aF75
aF50
aF50
aF50
aF50
aF35
aF50
aF55
aF30
aF50
aF30
aF50
aF50
aF50
aF50
aF50
aF75
aF75
aF50
aF50
aF50
aF70
aF50
aF50
aF35
aF50
aF50
aF50
aF60
aF50
aF50
aF50
aF25
aF100
aF350
aF420
aF75
aF225
aF105
aF90
aF105
aF125
aF205
aF105
aF185
aF105
aF140
aF200
aF75
aF160
aF75
aF140
aF35
aF105
aF30
aF15
aF125
aF125
aF155
aF105
aF105
aF125
aF125
aF80
aF155
aF80
aF145
aF200
aF55
aF50
aF50
aF105
aF105
aF45
aF45
aF105
aF105
aF185
aF110
aF105
aF50
aF30
aF105
aF50
aF90
aF105
aF105
aF180
aF125
aF105
aF210
aF75
aF325
aF120
aF75
aF40
aF125
aF0
aF15
aF325
aF125
aF105
aF75
aF105
aF75
aF135
aF105
aF105
aF120
aF110
aF170
aF125
aF135
aF105
aF110
aF410
aF205
aF50
aF90
aF290
aF110
aF320
aF105
aF215
aF180
aF100
aF75
aF125
aF50
aF105
aF320
aF225
aF140
aF20
aF15
aF30
aF105
aF160
aF425
aF100
aF50
aF50
aF105
aF415
aF225
aF105
aF105
aF105
aF50
aF95
aF185
aF105
aF135
aF105
aF105
aF120
aF105
aF95
aF95
aF105
aF70
aF105
aF105
aF130
aF105
aF90
aF130
aF70
aF15
aF90
aF5
aF20
aF0
aF75
aF50
aF0
aF0
aF75
aF120
aF15
aF105
aF65
aF130
aF165
aF60
aF95
aF15
aF55
aF15
aF90
aF130
aF120
aF135
aF80
aF50
aF130
aF80
aF75
aF50
aF135
aF80
aF50
aF105
aF105
aF105
aF105
aF85
aF80
aF135
aF50
aF35
aF160
aF120
aF105
aF105
aF110
aF105
aF105
aF135
aF105
aF105
aF90
aF65
aF105
aF105
aF155
aF50
aF155
aF130
aF90
aF105
aF105
aF105
aF125
aF170
aF30
aF15
aF120
aF30
aF55
aF50
aF35
aF80
aF45
aF15
aF50
aF150
aF30
aF30
aF60
aF75
aF30
aF30
aF105
aF30
aF155
aF115
aF215
aF105
aF105
aF155
aF185
aF40
aF75
aF75
aF120
aF110
aF75
aF160
aF75
aF110
aF155
aF65
aF110
aF125
aF115
aF140
aF200
aF105
aF100
aF80
aF95
aF90
aF65
aF130
aF90
aF70
aF70
aF100
aF55
aF30
aF30
aF125
aF165
aF125
aF75
aF275
aF135
aF65
aF55
aF65
aF155
aF140
aF210
aF50
aF100
aF75
aF70
aF105
aF110
aF75
aF115
aF305
aF50
aF105
aF75
aF355
aF50
aF65
aF135
aF120
aF105
aF340
aF230
aF100
aF105
aF225
aF210
aF35
aF100
aF185
aF80
aF455
aF105
aF200
aF135
aF50
aF90
aF50
aF105
aF105
aF125
aF90
aF125
aF105
aF105
aF95
aF200
aF110
aF75
aF155
aF130
aF140
aF135
aF75
aF105
aF75
aF75
aF105
aF75
aF90
aF130
aF75
aF135
aF410
aF155
aF225
aF170
aF115
aF55
aF90
aF30
aF155
aF45
aF0
aF50
aF15
aF75
aF35
aF160
aF50
aF55
aF185
aF105
aF85
aF110
aF105
aF80
aF65
aF15
aF50
aF30
aF110
aF30
aF50
aF135
aF295
aF110
aF55
aF75
aF215
aF80
aF120
aF85
aF50
aF105
aF60
aF100
aF100
aF15
aF65
aF30
aF105
aF65
aF450
aF50
aF100
aF35
aF230
aF45
aF45
aF45
aF175
aF165
aF95
aF110
aF110
aF110
aF75
aF85
aF100
aF30
aF95
aF100
aF60
aF155
aF185
aF75
aF140
aF90
aF215
aF105
aF30
aF100
aF95
aF90
aF65
aF80
aF30
aF180
aF410
aF25
aF65
aF50
aF50
aF80
aF55
aF30
aF50
aF50
aF65
aF130
aF90
aF110
aF155
aF155
aF75
aF50
aF80
aF170
aF55
aF415
aF50
aF165
aF50
aF50
aF50
aF75
aF155
aF80
aF105
aF115
aF95
aF170
aF105
aF65
aF155
aF75
aF75
aF200
aF220
aF125
aF110
aF215
aF105
aF125
aF90
aF50
aF55
aF165
aF200
aF75
aF75
aF40
aF30
aF170
aF45
aF105
aF50
aF45
aF75
aF50
aF135
aF65
aF85
aF85
aF200
aF220
aF105
aF165
aF135
aF70
aF195
aF15
aF90
aF360
aF125
aF80
aF105
aF125
aF75
aF80
aF180
aF55
aF30
aF30
aF40
aF55
aF50
aF55
aF30
aF50
aF115
aF50
aF30
aF50
aF50
aF50
aF45
aF10
aF30
aF30
aF35
aF415
aF55
aF70
aF105
aF75
aF105
aF75
aF195
aF125
aF230
aF425
aF240
aF80
aF60
aF200
aF160
aF60
aF55
aF75
aF185
aF95
aF75
aF60
aF175
aF290
aF80
aF260
aF150
aF380
aF120
aF185
aF65
aF50
aF70
aF50
aF100
aF90
aF30
aF225
aF175
aF120
aF205
aF45
aF30
aF55
aF30
aF105
aF30
aF40
aF30
aF150
aF155
aF65
aF180
aF15
aF35
aF50
aF90
aF80
aF75
aF80
aF35
aF30
aF55
aF335
aF100
aF125
aF55
aF55
aF90
aF215
aF170
aF35
aF95
aF215
aF30
aF30
aF80
aF45
aF75
aF135
aF50
aF65
aF15
aF15
aF15
aF25
aF30
aF15
aF35
aF35
aF35
aF35
aF35
aF55
aF30
aF80
aF30
aF30
aF30
aF75
aF190
aF65
aF135
aF110
aF105
aF60
aF160
aF90
aF80
aF45
aF165
aF30
aF10
aF60
aF45
aF45
aF160
aF60
aF95
aF165
aF45
aF90
aF90
aF370
aF145
aF75
aF105
aF60
aF5
aF25
aF110
aF435
aF105
aF30
aF40
aF55
aF50
aF75
aF105
aF105
aF150
aF95
aF45
aF120
aF125
aF75
aF180
aF250
aF225
aF125
aF85
aF45
aF140
aF90
aF45
aF150
aF75
aF110
aF125
aF70
aF130
aF145
aF130
aF55
aF355
aF75
aF435
aF195
aF70
aF130
aF60
aF85
aF190
aF75
aF120
aF135
aF75
aF165
aF125
aF80
aF65
aF50
aF80
aF45
aF65
aF60
aF45
aF35
aF115
aF160
aF135
aF70
aF375
aF50
aF75
aF65
aF50
aF30
aF15
aF180
aF90
aF125
aF155
aF230
aF370
aF90
aF75
aF30
aF60
aF90
aF75
aF15
aF40
aF140
aF30
aF65
aF145
aF100
aF45
aF85
aF75
aF60
aF75
aF60
aF30
aF50
aF20
aF155
aF75
aF80
aF30
aF145
aF150
aF30
aF30
aF125
aF80
aF50
aF90
aF30
aF105
aF375
aF155
aF65
aF55
aF110
aF170
aF100
aF220
aF125
aF245
aF60
aF10
aF90
aF75
aF125
aF185
aF65
aF165
aF170
aF90
aF185
aF60
aF105
aF45
aF105
aF105
aF385
aF105
aF105
aF195
aF355
aF285
aF210
aF80
aF340
aF385
aF65
aF115
aF125
aF110
aF105
aF105
aF130
aF60
aF105
aF35
aF30
aF100
aF60
aF30
aF70
aF50
aF25
aF30
aF360
aF65
aF165
aF105
aF45
aF60
aF125
aF65
aF105
aF430
aF85
aF110
aF120
aF80
aF60
aF35
aF5
aF5
aF35
aF30
aF45
aF130
aF85
aF210
aF170
aF90
aF80
aF80
aF180
aF115
aF285
aF125
aF155
aF50
aF250
aF145
aF180
aF50
aF105
aF135
aF80
aF180
aF210
aF125
aF290
aF55
aF90
aF135
aF105
aF105
aF150
aF155
aF30
aF170
aF430
aF180
aF170
aF80
aF215
aF80
aF145
aF420
aF185
aF75
aF160
aF395
aF210
aF130
aF170
aF135
aF120
aF65
aF65
aF225
aF65
aF390
aF140
aF185
aF75
aF195
aF75
aF160
aF115
aF35
aF130
aF120
aF135
aF75
aF40
aF45
aF95
aF65
aF155
aF75
aF135
aF315
aF35
aF310
aF115
aF65
aF40
aF120
aF95
aF160
aF75
aF75
aF180
aF185
aF230
aF195
aF240
aF275
aF80
aF95
aF80
aF185
aF140
aF185
aF120
aF85
aF75
aF135
aF170
aF90
aF45
aF30
aF75
aF120
aF50
aF125
aF80
aF105
aF75
aF280
aF70
aF55
aF70
aF120
aF120
aF275
aF250
aF140
aF90
aF75
aF75
aF305
aF140
aF75
aF95
aF135
aF205
aF115
aF135
aF265
aF150
aF165
aF135
aF430
aF225
aF50
aF55
aF35
aF50
aF15
aF255
aF160
aF185
aF95
aF130
aF95
aF135
aF120
aF120
aF75
aF170
aF185
aF210
aF115
aF115
aF110
aF95
aF135
aF155
aF120
aF170
aF55
aF45
aF225
aF105
aF50
aF80
aF75
aF30
aF50
aF60
aF15
aF105
aF130
aF105
aF140
aF70
aF80
aF120
aF60
aF80
aF30
aF85
aF110
aF95
aF95
aF95
aF50
aF70
aF75
aF50
aF190
aF135
aF105
aF65
aF75
aF245
aF75
aF80
aF80
aF115
aF110
aF255
aF150
aF485
aF105
aF135
aF150
aF155
aF95
aF45
aF160
aF110
aF145
aF190
aF180
aF610
aF50
aF140
aF75
aF110
aF140
aF80
aF90
aF50
aF155
aF110
aF120
aF30
aF135
aF255
aF410
aF295
aF140
aF170
aF35
aF80
aF150
aF65
aF110
aF50
aF45
aF155
aF30
aF50
aF115
aF45
aF125
aF70
aF60
aF250
aF120
aF100
aF145
aF110
aF105
aF140
aF95
aF230
aF95
aF90
aF90
aF90
aF90
aF230
aF110
aF125
aF85
aF95
aF420
aF80
aF90
aF175
aF65
aF150
aF165
aF75
aF105
aF95
aF165
aF95
aF140
aF135
aF50
aF120
aF90
aF145
aF75
aF280
aF100
aF380
aF50
aF310
aF75
aF75
aF105
aF65
aF315
aF295
aF180
aF75
aF95
aF75
aF195
aF55
aF30
aF250
aF145
aF75
aF150
aF55
aF130
aF60
aF125
aF145
aF45
aF90
aF50
aF90
aF75
aF135
aF140
aF150
aF175
aF45
aF460
aF155
aF180
aF105
aF135
aF95
aF150
aF60
aF65
aF50
aF140
aF225
aF80
aF160
aF200
aF85
aF120
aF50
aF30
aF35
aF45
aF105
aF45
aF45
aF120
aF65
aF170
aF105
aF150
aF125
aF110
aF75
aF235
aF75
aF105
aF65
aF45
aF35
aF95
aF125
aF150
aF180
aF70
aF65
aF210
aF115
aF105
aF120
aF15
aF120
aF70
aF80
aF50
aF75
aF120
aF45
aF50
aF120
aF45
aF125
aF115
aF335
aF10
aF355
aF70
aF115
aF50
aF40
aF45
aF50
aF50
aF70
aF120
aF60
aF65
aF125
aF130
aF180
aF30
aF30
aF160
aF155
aF65
aF85
aF215
aF110
aF135
aF55
aF55
aF165
aF240
aF265
aF30
aF290
aF115
aF55
aF35
aF60
aF60
aF135
aF60
aF130
aF65
aF65
aF180
aF45
aF85
aF75
aF80
aF170
aF30
aF210
aF155
aF370
aF140
aF130
aF205
aF150
aF110
aF90
aF655
aF80
aF80
aF65
aF145
aF100
aF120
aF150
aF415
aF50
aF75
aF55
aF135
aF120
aF150
aF95
aF115
aF140
aF150
aF435
aF75
aF150
aF50
aF170
aF175
aF425
aF165
aF50
aF240
aF150
aF55
aF55
aF40
aF40
aF55
aF55
aF65
aF80
aF155
aF75
aF160
aF65
aF60
aF60
aF45
aF195
aF210
aF150
aF385
aF175
aF110
aF230
aF230
aF105
aF55
aF215
aF80
aF55
aF140
aF185
aF30
aF310
aF35
aF45
aF55
aF200
aF85
aF50
aF130
aF50
aF65
aF45
aF60
aF45
aF105
aF55
aF260
aF115
aF225
aF210
aF160
aF110
aF80
aF45
aF110
aF45
aF25
aF75
aF80
aF120
aF400
aF110
aF40
aF35
aF80
aF80
aF80
aF35
aF80
aF90
aF190
aF60
aF155
aF260
aF210
aF70
aF135
aF45
aF45
aF155
aF45
aF115
aF150
aF190
aF195
aF35
aF80
aF55
aF60
aF60
aF65
aF55
aF45
aF105
aF45
aF170
aF45
aF260
aF190
aF220
aF45
aF135
aF465
aF140
aF145
aF110
aF55
aF105
aF60
aF410
aF245
aF305
aF105
aF145
aF90
aF60
aF95
aF105
aF45
aF150
aF285
aF220
aF190
aF230
aF200
aF120
aF125
aF100
aF105
aF75
aF60
aF60
aF205
aF110
aF130
aF45
aF290
aF150
aF160
aF280
aF140
aF70
aF130
aF45
aF160
aF80
aF60
aF45
aF155
aF45
aF95
aF30
aF45
aF65
aF155
aF45
aF55
aF45
aF390
aF135
aF115
aF95
aF390
aF135
aF305
aF150
aF30
aF105
aF100
aF305
aF205
aF155
aF120
aF80
aF205
aF95
aF330
aF60
aF170
aF30
aF60
aF80
aF60
aF125
aF40
aF30
aF210
aF45
aF155
aF60
aF160
aF75
aF65
aF265
aF90
aF125
aF215
aF20
aF140
aF45
aF65
aF45
aF200
aF60
aF60
aF60
aF80
aF75
aF55
aF65
aF150
aF50
aF190
aF45
aF125
aF65
aF30
aF30
aF70
aF210
aF340
aF95
aF130
aF65
aF45
aF110
aF225
aF135
aF105
aF90
aF0
aF25
aF195
aF50
aF45
aF45
aF280
aF70
aF60
aF85
aF70
aF105
aF165
aF80
aF50
aF165
aF370
aF75
aF50
aF160
aF185
aF250
aF185
aF120
aF30
aF430
aF165
aF50
aF115
aF65
aF205
aF15
aF180
aF155
aF175
aF325
aF340
aF175
aF165
aF165
aF155
aF65
aF45
aF135
aF50
aF65
aF80
aF245
aF350
aF50
aF105
aF100
aF65
aF75
aF145
aF155
aF140
aF85
aF80
aF165
aF155
aF175
aF230
aF105
aF80
aF185
aF45
aF285
aF120
aF435
aF240
aF85
aF5
aF185
aF80
aF120
aF150
aF220
aF385
aF320
aF105
aF125
aF115
aF150
aF130
aF175
aF145
aF90
aF55
aF65
aF80
aF50
aF25
aF180
aF105
aF170
aF110
aF155
aF115
aF90
aF100
aF80
aF70
aF75
aF100
aF90
aF170
aF50
aF50
aF120
aF105
aF155
aF130
aF75
aF115
aF285
aF180
aF50
aF75
aF75
aF75
aF215
aF160
aF155
aF90
aF110
aF105
aF120
aF30
aF120
aF55
aF95
aF180
aF30
aF195
aF135
aF5
aF5
aF195
aF110
aF160
aF170
aF200
aF60
aF135
aF115
aF80
aF55
aF30
aF135
aF115
aF135
aF95
aF0
aF15
aF65
aF80
aF80
aF125
aF75
aF120
aF50
aF50
aF95
aF100
aF100
aF255
aF105
aF135
aF105
aF125
aF105
aF205
aF185
aF80
aF170
aF240
aF110
aF210
aF200
aF75
aF110
aF105
aF115
aF260
aF55
aF120
aF75
aF180
aF75
aF100
aF165
aF105
aF150
aF120
aF105
aF65
aF105
aF55
aF125
aF240
aF55
aF105
aF125
aF135
aF105
aF105
aF255
aF115
aF105
aF95
aF205
aF150
aF75
aF80
aF50
aF100
aF485
aF475
aF210
aF175
aF135
aF155
aF65
aF240
aF245
aF305
aF75
aF210
aF205
asS'episode'
p6
(lp7
I0
aI1
aI2
aI3
aI4
aI5
aI6
aI7
aI8
aI9
aI10
aI11
aI12
aI13
aI14
aI15
aI16
aI17
aI18
aI19
aI20
aI21
aI22
aI23
aI24
aI25
aI26
aI27
aI28
aI29
aI30
aI31
aI32
aI33
aI34
aI35
aI36
aI37
aI38
aI39
aI40
aI41
aI42
aI43
aI44
aI45
aI46
aI47
aI48
aI49
aI50
aI51
aI52
aI53
aI54
aI55
aI56
aI57
aI58
aI59
aI60
aI61
aI62
aI63
aI64
aI65
aI66
aI67
aI68
aI69
aI70
aI71
aI72
aI73
aI74
aI75
aI76
aI77
aI78
aI79
aI80
aI81
aI82
aI83
aI84
aI85
aI86
aI87
aI88
aI89
aI90
aI91
aI92
aI93
aI94
aI95
aI96
aI97
aI98
aI99
aI100
aI101
aI102
aI103
aI104
aI105
aI106
aI107
aI108
aI109
aI110
aI111
aI112
aI113
aI114
aI115
aI116
aI117
aI118
aI119
aI120
aI121
aI122
aI123
aI124
aI125
aI126
aI127
aI128
aI129
aI130
aI131
aI132
aI133
aI134
aI135
aI136
aI137
aI138
aI139
aI140
aI141
aI142
aI143
aI144
aI145
aI146
aI147
aI148
aI149
aI150
aI151
aI152
aI153
aI154
aI155
aI156
aI157
aI158
aI159
aI160
aI161
aI162
aI163
aI164
aI165
aI166
aI167
aI168
aI169
aI170
aI171
aI172
aI173
aI174
aI175
aI176
aI177
aI178
aI179
aI180
aI181
aI182
aI183
aI184
aI185
aI186
aI187
aI188
aI189
aI190
aI191
aI192
aI193
aI194
aI195
aI196
aI197
aI198
aI199
aI200
aI201
aI202
aI203
aI204
aI205
aI206
aI207
aI208
aI209
aI210
aI211
aI212
aI213
aI214
aI215
aI216
aI217
aI218
aI219
aI220
aI221
aI222
aI223
aI224
aI225
aI226
aI227
aI228
aI229
aI230
aI231
aI232
aI233
aI234
aI235
aI236
aI237
aI238
aI239
aI240
aI241
aI242
aI243
aI244
aI245
aI246
aI247
aI248
aI249
aI250
aI251
aI252
aI253
aI254
aI255
aI256
aI257
aI258
aI259
aI260
aI261
aI262
aI263
aI264
aI265
aI266
aI267
aI268
aI269
aI270
aI271
aI272
aI273
aI274
aI275
aI276
aI277
aI278
aI279
aI280
aI281
aI282
aI283
aI284
aI285
aI286
aI287
aI288
aI289
aI290
aI291
aI292
aI293
aI294
aI295
aI296
aI297
aI298
aI299
aI300
aI301
aI302
aI303
aI304
aI305
aI306
aI307
aI308
aI309
aI310
aI311
aI312
aI313
aI314
aI315
aI316
aI317
aI318
aI319
aI320
aI321
aI322
aI323
aI324
aI325
aI326
aI327
aI328
aI329
aI330
aI331
aI332
aI333
aI334
aI335
aI336
aI337
aI338
aI339
aI340
aI341
aI342
aI343
aI344
aI345
aI346
aI347
aI348
aI349
aI350
aI351
aI352
aI353
aI354
aI355
aI356
aI357
aI358
aI359
aI360
aI361
aI362
aI363
aI364
aI365
aI366
aI367
aI368
aI369
aI370
aI371
aI372
aI373
aI374
aI375
aI376
aI377
aI378
aI379
aI380
aI381
aI382
aI383
aI384
aI385
aI386
aI387
aI388
aI389
aI390
aI391
aI392
aI393
aI394
aI395
aI396
aI397
aI398
aI399
aI400
aI401
aI402
aI403
aI404
aI405
aI406
aI407
aI408
aI409
aI410
aI411
aI412
aI413
aI414
aI415
aI416
aI417
aI418
aI419
aI420
aI421
aI422
aI423
aI424
aI425
aI426
aI427
aI428
aI429
aI430
aI431
aI432
aI433
aI434
aI435
aI436
aI437
aI438
aI439
aI440
aI441
aI442
aI443
aI444
aI445
aI446
aI447
aI448
aI449
aI450
aI451
aI452
aI453
aI454
aI455
aI456
aI457
aI458
aI459
aI460
aI461
aI462
aI463
aI464
aI465
aI466
aI467
aI468
aI469
aI470
aI471
aI472
aI473
aI474
aI475
aI476
aI477
aI478
aI479
aI480
aI481
aI482
aI483
aI484
aI485
aI486
aI487
aI488
aI489
aI490
aI491
aI492
aI493
aI494
aI495
aI496
aI497
aI498
aI499
aI500
aI501
aI502
aI503
aI504
aI505
aI506
aI507
aI508
aI509
aI510
aI511
aI512
aI513
aI514
aI515
aI516
aI517
aI518
aI519
aI520
aI521
aI522
aI523
aI524
aI525
aI526
aI527
aI528
aI529
aI530
aI531
aI532
aI533
aI534
aI535
aI536
aI537
aI538
aI539
aI540
aI541
aI542
aI543
aI544
aI545
aI546
aI547
aI548
aI549
aI550
aI551
aI552
aI553
aI554
aI555
aI556
aI557
aI558
aI559
aI560
aI561
aI562
aI563
aI564
aI565
aI566
aI567
aI568
aI569
aI570
aI571
aI572
aI573
aI574
aI575
aI576
aI577
aI578
aI579
aI580
aI581
aI582
aI583
aI584
aI585
aI586
aI587
aI588
aI589
aI590
aI591
aI592
aI593
aI594
aI595
aI596
aI597
aI598
aI599
aI600
aI601
aI602
aI603
aI604
aI605
aI606
aI607
aI608
aI609
aI610
aI611
aI612
aI613
aI614
aI615
aI616
aI617
aI618
aI619
aI620
aI621
aI622
aI623
aI624
aI625
aI626
aI627
aI628
aI629
aI630
aI631
aI632
aI633
aI634
aI635
aI636
aI637
aI638
aI639
aI640
aI641
aI642
aI643
aI644
aI645
aI646
aI647
aI648
aI649
aI650
aI651
aI652
aI653
aI654
aI655
aI656
aI657
aI658
aI659
aI660
aI661
aI662
aI663
aI664
aI665
aI666
aI667
aI668
aI669
aI670
aI671
aI672
aI673
aI674
aI675
aI676
aI677
aI678
aI679
aI680
aI681
aI682
aI683
aI684
aI685
aI686
aI687
aI688
aI689
aI690
aI691
aI692
aI693
aI694
aI695
aI696
aI697
aI698
aI699
aI700
aI701
aI702
aI703
aI704
aI705
aI706
aI707
aI708
aI709
aI710
aI711
aI712
aI713
aI714
aI715
aI716
aI717
aI718
aI719
aI720
aI721
aI722
aI723
aI724
aI725
aI726
aI727
aI728
aI729
aI730
aI731
aI732
aI733
aI734
aI735
aI736
aI737
aI738
aI739
aI740
aI741
aI742
aI743
aI744
aI745
aI746
aI747
aI748
aI749
aI750
aI751
aI752
aI753
aI754
aI755
aI756
aI757
aI758
aI759
aI760
aI761
aI762
aI763
aI764
aI765
aI766
aI767
aI768
aI769
aI770
aI771
aI772
aI773
aI774
aI775
aI776
aI777
aI778
aI779
aI780
aI781
aI782
aI783
aI784
aI785
aI786
aI787
aI788
aI789
aI790
aI791
aI792
aI793
aI794
aI795
aI796
aI797
aI798
aI799
aI800
aI801
aI802
aI803
aI804
aI805
aI806
aI807
aI808
aI809
aI810
aI811
aI812
aI813
aI814
aI815
aI816
aI817
aI818
aI819
aI820
aI821
aI822
aI823
aI824
aI825
aI826
aI827
aI828
aI829
aI830
aI831
aI832
aI833
aI834
aI835
aI836
aI837
aI838
aI839
aI840
aI841
aI842
aI843
aI844
aI845
aI846
aI847
aI848
aI849
aI850
aI851
aI852
aI853
aI854
aI855
aI856
aI857
aI858
aI859
aI860
aI861
aI862
aI863
aI864
aI865
aI866
aI867
aI868
aI869
aI870
aI871
aI872
aI873
aI874
aI875
aI876
aI877
aI878
aI879
aI880
aI881
aI882
aI883
aI884
aI885
aI886
aI887
aI888
aI889
aI890
aI891
aI892
aI893
aI894
aI895
aI896
aI897
aI898
aI899
aI900
aI901
aI902
aI903
aI904
aI905
aI906
aI907
aI908
aI909
aI910
aI911
aI912
aI913
aI914
aI915
aI916
aI917
aI918
aI919
aI920
aI921
aI922
aI923
aI924
aI925
aI926
aI927
aI928
aI929
aI930
aI931
aI932
aI933
aI934
aI935
aI936
aI937
aI938
aI939
aI940
aI941
aI942
aI943
aI944
aI945
aI946
aI947
aI948
aI949
aI950
aI951
aI952
aI953
aI954
aI955
aI956
aI957
aI958
aI959
aI960
aI961
aI962
aI963
aI964
aI965
aI966
aI967
aI968
aI969
aI970
aI971
aI972
aI973
aI974
aI975
aI976
aI977
aI978
aI979
aI980
aI981
aI982
aI983
aI984
aI985
aI986
aI987
aI988
aI989
aI990
aI991
aI992
aI993
aI994
aI995
aI996
aI997
aI998
aI999
aI1000
aI1001
aI1002
aI1003
aI1004
aI1005
aI1006
aI1007
aI1008
aI1009
aI1010
aI1011
aI1012
aI1013
aI1014
aI1015
aI1016
aI1017
aI1018
aI1019
aI1020
aI1021
aI1022
aI1023
aI1024
aI1025
aI1026
aI1027
aI1028
aI1029
aI1030
aI1031
aI1032
aI1033
aI1034
aI1035
aI1036
aI1037
aI1038
aI1039
aI1040
aI1041
aI1042
aI1043
aI1044
aI1045
aI1046
aI1047
aI1048
aI1049
aI1050
aI1051
aI1052
aI1053
aI1054
aI1055
aI1056
aI1057
aI1058
aI1059
aI1060
aI1061
aI1062
aI1063
aI1064
aI1065
aI1066
aI1067
aI1068
aI1069
aI1070
aI1071
aI1072
aI1073
aI1074
aI1075
aI1076
aI1077
aI1078
aI1079
aI1080
aI1081
aI1082
aI1083
aI1084
aI1085
aI1086
aI1087
aI1088
aI1089
aI1090
aI1091
aI1092
aI1093
aI1094
aI1095
aI1096
aI1097
aI1098
aI1099
aI1100
aI1101
aI1102
aI1103
aI1104
aI1105
aI1106
aI1107
aI1108
aI1109
aI1110
aI1111
aI1112
aI1113
aI1114
aI1115
aI1116
aI1117
aI1118
aI1119
aI1120
aI1121
aI1122
aI1123
aI1124
aI1125
aI1126
aI1127
aI1128
aI1129
aI1130
aI1131
aI1132
aI1133
aI1134
aI1135
aI1136
aI1137
aI1138
aI1139
aI1140
aI1141
aI1142
aI1143
aI1144
aI1145
aI1146
aI1147
aI1148
aI1149
aI1150
aI1151
aI1152
aI1153
aI1154
aI1155
aI1156
aI1157
aI1158
aI1159
aI1160
aI1161
aI1162
aI1163
aI1164
aI1165
aI1166
aI1167
aI1168
aI1169
aI1170
aI1171
aI1172
aI1173
aI1174
aI1175
aI1176
aI1177
aI1178
aI1179
aI1180
aI1181
aI1182
aI1183
aI1184
aI1185
aI1186
aI1187
aI1188
aI1189
aI1190
aI1191
aI1192
aI1193
aI1194
aI1195
aI1196
aI1197
aI1198
aI1199
aI1200
aI1201
aI1202
aI1203
aI1204
aI1205
aI1206
aI1207
aI1208
aI1209
aI1210
aI1211
aI1212
aI1213
aI1214
aI1215
aI1216
aI1217
aI1218
aI1219
aI1220
aI1221
aI1222
aI1223
aI1224
aI1225
aI1226
aI1227
aI1228
aI1229
aI1230
aI1231
aI1232
aI1233
aI1234
aI1235
aI1236
aI1237
aI1238
aI1239
aI1240
aI1241
aI1242
aI1243
aI1244
aI1245
aI1246
aI1247
aI1248
aI1249
aI1250
aI1251
aI1252
aI1253
aI1254
aI1255
aI1256
aI1257
aI1258
aI1259
aI1260
aI1261
aI1262
aI1263
aI1264
aI1265
aI1266
aI1267
aI1268
aI1269
aI1270
aI1271
aI1272
aI1273
aI1274
aI1275
aI1276
aI1277
aI1278
aI1279
aI1280
aI1281
aI1282
aI1283
aI1284
aI1285
aI1286
aI1287
aI1288
aI1289
aI1290
aI1291
aI1292
aI1293
aI1294
aI1295
aI1296
aI1297
aI1298
aI1299
aI1300
aI1301
aI1302
aI1303
aI1304
aI1305
aI1306
aI1307
aI1308
aI1309
aI1310
aI1311
aI1312
aI1313
aI1314
aI1315
aI1316
aI1317
aI1318
aI1319
aI1320
aI1321
aI1322
aI1323
aI1324
aI1325
aI1326
aI1327
aI1328
aI1329
aI1330
aI1331
aI1332
aI1333
aI1334
aI1335
aI1336
aI1337
aI1338
aI1339
aI1340
aI1341
aI1342
aI1343
aI1344
aI1345
aI1346
aI1347
aI1348
aI1349
aI1350
aI1351
aI1352
aI1353
aI1354
aI1355
aI1356
aI1357
aI1358
aI1359
aI1360
aI1361
aI1362
aI1363
aI1364
aI1365
aI1366
aI1367
aI1368
aI1369
aI1370
aI1371
aI1372
aI1373
aI1374
aI1375
aI1376
aI1377
aI1378
aI1379
aI1380
aI1381
aI1382
aI1383
aI1384
aI1385
aI1386
aI1387
aI1388
aI1389
aI1390
aI1391
aI1392
aI1393
aI1394
aI1395
aI1396
aI1397
aI1398
aI1399
aI1400
aI1401
aI1402
aI1403
aI1404
aI1405
aI1406
aI1407
aI1408
aI1409
aI1410
aI1411
aI1412
aI1413
aI1414
aI1415
aI1416
aI1417
aI1418
aI1419
aI1420
aI1421
aI1422
aI1423
aI1424
aI1425
aI1426
aI1427
aI1428
aI1429
aI1430
aI1431
aI1432
aI1433
aI1434
aI1435
aI1436
aI1437
aI1438
aI1439
aI1440
aI1441
aI1442
aI1443
aI1444
aI1445
aI1446
aI1447
aI1448
aI1449
aI1450
aI1451
aI1452
aI1453
aI1454
aI1455
aI1456
aI1457
aI1458
aI1459
aI1460
aI1461
aI1462
aI1463
aI1464
aI1465
aI1466
aI1467
aI1468
aI1469
aI1470
aI1471
aI1472
aI1473
aI1474
aI1475
aI1476
aI1477
aI1478
aI1479
aI1480
aI1481
aI1482
aI1483
aI1484
aI1485
aI1486
aI1487
aI1488
aI1489
aI1490
aI1491
aI1492
aI1493
aI1494
aI1495
aI1496
aI1497
aI1498
aI1499
aI1500
aI1501
aI1502
aI1503
aI1504
aI1505
aI1506
aI1507
aI1508
aI1509
aI1510
aI1511
aI1512
aI1513
aI1514
aI1515
aI1516
aI1517
aI1518
aI1519
aI1520
aI1521
aI1522
aI1523
aI1524
aI1525
aI1526
aI1527
aI1528
aI1529
aI1530
aI1531
aI1532
aI1533
aI1534
aI1535
aI1536
aI1537
aI1538
aI1539
aI1540
aI1541
aI1542
aI1543
aI1544
aI1545
aI1546
aI1547
aI1548
aI1549
aI1550
aI1551
aI1552
aI1553
aI1554
aI1555
aI1556
aI1557
aI1558
aI1559
aI1560
aI1561
aI1562
aI1563
aI1564
aI1565
aI1566
aI1567
aI1568
aI1569
aI1570
aI1571
aI1572
aI1573
aI1574
aI1575
aI1576
aI1577
aI1578
aI1579
aI1580
aI1581
aI1582
aI1583
aI1584
aI1585
aI1586
aI1587
aI1588
aI1589
aI1590
aI1591
aI1592
aI1593
aI1594
aI1595
aI1596
aI1597
aI1598
aI1599
aI1600
aI1601
aI1602
aI1603
aI1604
aI1605
aI1606
aI1607
aI1608
aI1609
aI1610
aI1611
aI1612
aI1613
aI1614
aI1615
aI1616
aI1617
aI1618
aI1619
aI1620
aI1621
aI1622
aI1623
aI1624
aI1625
aI1626
aI1627
aI1628
aI1629
aI1630
aI1631
aI1632
aI1633
aI1634
aI1635
aI1636
aI1637
aI1638
aI1639
aI1640
aI1641
aI1642
aI1643
aI1644
aI1645
aI1646
aI1647
aI1648
aI1649
aI1650
aI1651
aI1652
aI1653
aI1654
aI1655
aI1656
aI1657
aI1658
aI1659
aI1660
aI1661
aI1662
aI1663
aI1664
aI1665
aI1666
aI1667
aI1668
aI1669
aI1670
aI1671
aI1672
aI1673
aI1674
aI1675
aI1676
aI1677
aI1678
aI1679
aI1680
aI1681
aI1682
aI1683
aI1684
aI1685
aI1686
aI1687
aI1688
aI1689
aI1690
aI1691
aI1692
aI1693
aI1694
aI1695
aI1696
aI1697
aI1698
aI1699
aI1700
aI1701
aI1702
aI1703
aI1704
aI1705
aI1706
aI1707
aI1708
aI1709
aI1710
aI1711
aI1712
aI1713
aI1714
aI1715
aI1716
aI1717
aI1718
aI1719
aI1720
aI1721
aI1722
aI1723
aI1724
aI1725
aI1726
aI1727
aI1728
aI1729
aI1730
aI1731
aI1732
aI1733
aI1734
aI1735
aI1736
aI1737
aI1738
aI1739
aI1740
aI1741
aI1742
aI1743
aI1744
aI1745
aI1746
aI1747
aI1748
aI1749
aI1750
aI1751
aI1752
aI1753
aI1754
aI1755
aI1756
aI1757
aI1758
aI1759
aI1760
aI1761
aI1762
aI1763
aI1764
aI1765
aI1766
aI1767
aI1768
aI1769
aI1770
aI1771
aI1772
aI1773
aI1774
aI1775
aI1776
aI1777
aI1778
aI1779
aI1780
aI1781
aI1782
aI1783
aI1784
aI1785
aI1786
aI1787
aI1788
aI1789
aI1790
aI1791
aI1792
aI1793
aI1794
aI1795
aI1796
aI1797
aI1798
aI1799
aI1800
aI1801
aI1802
aI1803
aI1804
aI1805
aI1806
aI1807
aI1808
aI1809
aI1810
aI1811
aI1812
aI1813
aI1814
aI1815
aI1816
aI1817
aI1818
aI1819
aI1820
aI1821
aI1822
aI1823
aI1824
aI1825
aI1826
aI1827
aI1828
aI1829
aI1830
aI1831
aI1832
aI1833
aI1834
aI1835
aI1836
aI1837
aI1838
aI1839
aI1840
aI1841
aI1842
aI1843
aI1844
aI1845
aI1846
aI1847
aI1848
aI1849
aI1850
aI1851
aI1852
aI1853
aI1854
aI1855
aI1856
aI1857
aI1858
aI1859
aI1860
aI1861
aI1862
aI1863
aI1864
aI1865
aI1866
aI1867
aI1868
aI1869
aI1870
aI1871
aI1872
aI1873
aI1874
aI1875
aI1876
aI1877
aI1878
aI1879
aI1880
aI1881
aI1882
aI1883
aI1884
aI1885
aI1886
aI1887
aI1888
aI1889
aI1890
aI1891
aI1892
aI1893
aI1894
aI1895
aI1896
aI1897
aI1898
aI1899
aI1900
aI1901
aI1902
aI1903
aI1904
aI1905
aI1906
aI1907
aI1908
aI1909
aI1910
aI1911
aI1912
aI1913
aI1914
aI1915
aI1916
aI1917
aI1918
aI1919
aI1920
aI1921
aI1922
aI1923
aI1924
aI1925
aI1926
aI1927
aI1928
aI1929
aI1930
aI1931
aI1932
aI1933
aI1934
aI1935
aI1936
aI1937
aI1938
aI1939
aI1940
aI1941
aI1942
aI1943
aI1944
aI1945
aI1946
aI1947
aI1948
aI1949
aI1950
aI1951
aI1952
aI1953
aI1954
aI1955
aI1956
aI1957
aI1958
aI1959
aI1960
aI1961
aI1962
aI1963
aI1964
aI1965
aI1966
aI1967
aI1968
aI1969
aI1970
aI1971
aI1972
aI1973
aI1974
aI1975
aI1976
aI1977
aI1978
aI1979
aI1980
aI1981
aI1982
aI1983
aI1984
aI1985
aI1986
aI1987
aI1988
aI1989
aI1990
aI1991
aI1992
aI1993
aI1994
aI1995
aI1996
aI1997
aI1998
aI1999
aI2000
aI2001
aI2002
aI2003
aI2004
aI2005
aI2006
aI2007
aI2008
aI2009
aI2010
aI2011
aI2012
aI2013
aI2014
aI2015
aI2016
aI2017
aI2018
aI2019
aI2020
aI2021
aI2022
aI2023
aI2024
aI2025
aI2026
aI2027
aI2028
aI2029
aI2030
aI2031
aI2032
aI2033
aI2034
aI2035
aI2036
aI2037
aI2038
aI2039
aI2040
aI2041
aI2042
aI2043
aI2044
aI2045
aI2046
aI2047
aI2048
aI2049
aI2050
aI2051
aI2052
aI2053
aI2054
aI2055
aI2056
aI2057
aI2058
aI2059
aI2060
aI2061
aI2062
aI2063
aI2064
aI2065
aI2066
aI2067
aI2068
aI2069
aI2070
aI2071
aI2072
aI2073
aI2074
aI2075
aI2076
aI2077
aI2078
aI2079
aI2080
aI2081
aI2082
aI2083
aI2084
aI2085
aI2086
aI2087
aI2088
aI2089
aI2090
aI2091
aI2092
aI2093
aI2094
aI2095
aI2096
aI2097
aI2098
aI2099
aI2100
aI2101
aI2102
aI2103
aI2104
aI2105
aI2106
aI2107
aI2108
aI2109
aI2110
aI2111
aI2112
aI2113
aI2114
aI2115
aI2116
aI2117
aI2118
aI2119
aI2120
aI2121
aI2122
aI2123
aI2124
aI2125
aI2126
aI2127
aI2128
aI2129
aI2130
aI2131
aI2132
aI2133
aI2134
aI2135
aI2136
aI2137
aI2138
aI2139
aI2140
aI2141
aI2142
aI2143
aI2144
aI2145
aI2146
aI2147
aI2148
aI2149
aI2150
aI2151
aI2152
aI2153
aI2154
aI2155
aI2156
aI2157
aI2158
aI2159
aI2160
aI2161
aI2162
aI2163
aI2164
aI2165
aI2166
aI2167
aI2168
aI2169
aI2170
aI2171
aI2172
aI2173
aI2174
aI2175
aI2176
aI2177
aI2178
aI2179
aI2180
aI2181
aI2182
aI2183
aI2184
aI2185
aI2186
aI2187
aI2188
aI2189
aI2190
aI2191
aI2192
aI2193
aI2194
aI2195
aI2196
aI2197
aI2198
aI2199
aI2200
aI2201
aI2202
aI2203
aI2204
aI2205
aI2206
aI2207
aI2208
aI2209
aI2210
aI2211
aI2212
aI2213
aI2214
aI2215
aI2216
aI2217
aI2218
aI2219
aI2220
aI2221
aI2222
aI2223
aI2224
aI2225
aI2226
aI2227
aI2228
aI2229
aI2230
aI2231
aI2232
aI2233
aI2234
aI2235
aI2236
aI2237
aI2238
aI2239
aI2240
aI2241
aI2242
aI2243
aI2244
aI2245
aI2246
aI2247
aI2248
aI2249
aI2250
aI2251
aI2252
aI2253
aI2254
aI2255
aI2256
aI2257
aI2258
aI2259
aI2260
aI2261
aI2262
aI2263
aI2264
aI2265
aI2266
aI2267
aI2268
aI2269
aI2270
aI2271
aI2272
aI2273
aI2274
aI2275
aI2276
aI2277
aI2278
aI2279
aI2280
aI2281
aI2282
aI2283
aI2284
aI2285
aI2286
aI2287
aI2288
aI2289
aI2290
aI2291
aI2292
aI2293
aI2294
aI2295
aI2296
aI2297
aI2298
aI2299
aI2300
aI2301
aI2302
aI2303
aI2304
aI2305
aI2306
aI2307
aI2308
aI2309
aI2310
aI2311
aI2312
aI2313
aI2314
aI2315
aI2316
aI2317
aI2318
aI2319
aI2320
aI2321
aI2322
aI2323
aI2324
aI2325
aI2326
aI2327
aI2328
aI2329
aI2330
aI2331
aI2332
aI2333
aI2334
aI2335
aI2336
aI2337
aI2338
aI2339
aI2340
aI2341
aI2342
aI2343
aI2344
aI2345
aI2346
aI2347
aI2348
aI2349
aI2350
aI2351
aI2352
aI2353
aI2354
aI2355
aI2356
aI2357
aI2358
aI2359
aI2360
aI2361
aI2362
aI2363
aI2364
aI2365
aI2366
aI2367
aI2368
aI2369
aI2370
aI2371
aI2372
aI2373
aI2374
aI2375
aI2376
aI2377
aI2378
aI2379
aI2380
aI2381
aI2382
aI2383
aI2384
aI2385
aI2386
aI2387
aI2388
aI2389
aI2390
aI2391
aI2392
aI2393
aI2394
aI2395
aI2396
aI2397
aI2398
aI2399
aI2400
aI2401
aI2402
aI2403
aI2404
aI2405
aI2406
aI2407
aI2408
aI2409
aI2410
aI2411
aI2412
aI2413
aI2414
aI2415
aI2416
aI2417
aI2418
aI2419
aI2420
aI2421
aI2422
aI2423
aI2424
aI2425
aI2426
aI2427
aI2428
aI2429
aI2430
aI2431
aI2432
aI2433
aI2434
aI2435
aI2436
aI2437
aI2438
aI2439
aI2440
aI2441
aI2442
aI2443
aI2444
aI2445
aI2446
aI2447
aI2448
aI2449
aI2450
aI2451
aI2452
aI2453
aI2454
aI2455
aI2456
aI2457
aI2458
aI2459
aI2460
aI2461
aI2462
aI2463
aI2464
aI2465
aI2466
aI2467
aI2468
aI2469
aI2470
aI2471
aI2472
aI2473
aI2474
aI2475
aI2476
aI2477
aI2478
aI2479
aI2480
aI2481
aI2482
aI2483
aI2484
aI2485
aI2486
aI2487
aI2488
aI2489
aI2490
aI2491
aI2492
aI2493
aI2494
aI2495
aI2496
aI2497
aI2498
aI2499
aI2500
aI2501
aI2502
aI2503
aI2504
aI2505
aI2506
aI2507
aI2508
aI2509
aI2510
aI2511
aI2512
aI2513
aI2514
aI2515
aI2516
aI2517
aI2518
aI2519
aI2520
aI2521
aI2522
aI2523
aI2524
aI2525
aI2526
aI2527
aI2528
aI2529
aI2530
aI2531
aI2532
aI2533
aI2534
aI2535
aI2536
aI2537
aI2538
aI2539
aI2540
aI2541
aI2542
aI2543
aI2544
aI2545
aI2546
aI2547
aI2548
aI2549
aI2550
aI2551
aI2552
aI2553
aI2554
aI2555
aI2556
aI2557
aI2558
aI2559
aI2560
aI2561
aI2562
aI2563
aI2564
aI2565
aI2566
aI2567
aI2568
aI2569
aI2570
aI2571
aI2572
aI2573
aI2574
aI2575
aI2576
aI2577
aI2578
aI2579
aI2580
aI2581
aI2582
aI2583
aI2584
aI2585
aI2586
aI2587
aI2588
aI2589
aI2590
aI2591
aI2592
aI2593
aI2594
aI2595
aI2596
aI2597
aI2598
aI2599
aI2600
aI2601
aI2602
aI2603
aI2604
aI2605
aI2606
aI2607
aI2608
aI2609
aI2610
aI2611
aI2612
aI2613
aI2614
aI2615
aI2616
aI2617
aI2618
aI2619
aI2620
aI2621
aI2622
aI2623
aI2624
aI2625
aI2626
aI2627
aI2628
aI2629
aI2630
aI2631
aI2632
aI2633
aI2634
aI2635
aI2636
aI2637
aI2638
aI2639
aI2640
aI2641
aI2642
aI2643
aI2644
aI2645
aI2646
aI2647
aI2648
aI2649
aI2650
aI2651
aI2652
aI2653
aI2654
aI2655
aI2656
aI2657
aI2658
aI2659
aI2660
aI2661
aI2662
aI2663
aI2664
aI2665
aI2666
aI2667
aI2668
aI2669
aI2670
aI2671
aI2672
aI2673
aI2674
aI2675
aI2676
aI2677
aI2678
aI2679
aI2680
aI2681
aI2682
aI2683
aI2684
aI2685
aI2686
aI2687
aI2688
aI2689
aI2690
aI2691
aI2692
aI2693
aI2694
aI2695
aI2696
aI2697
aI2698
aI2699
aI2700
aI2701
aI2702
aI2703
aI2704
aI2705
aI2706
aI2707
aI2708
aI2709
aI2710
aI2711
aI2712
aI2713
aI2714
aI2715
aI2716
aI2717
aI2718
aI2719
aI2720
aI2721
aI2722
aI2723
aI2724
aI2725
aI2726
aI2727
aI2728
aI2729
aI2730
aI2731
aI2732
aI2733
aI2734
aI2735
aI2736
aI2737
aI2738
aI2739
aI2740
aI2741
aI2742
aI2743
aI2744
aI2745
aI2746
aI2747
aI2748
aI2749
aI2750
aI2751
aI2752
aI2753
aI2754
aI2755
aI2756
aI2757
aI2758
aI2759
aI2760
aI2761
aI2762
aI2763
aI2764
aI2765
aI2766
aI2767
aI2768
aI2769
aI2770
aI2771
aI2772
aI2773
aI2774
aI2775
aI2776
aI2777
aI2778
aI2779
aI2780
aI2781
aI2782
aI2783
aI2784
aI2785
aI2786
aI2787
aI2788
aI2789
aI2790
aI2791
aI2792
aI2793
aI2794
aI2795
aI2796
aI2797
aI2798
aI2799
aI2800
aI2801
aI2802
aI2803
aI2804
aI2805
aI2806
aI2807
aI2808
aI2809
aI2810
aI2811
aI2812
aI2813
aI2814
aI2815
aI2816
aI2817
aI2818
aI2819
aI2820
aI2821
aI2822
aI2823
aI2824
aI2825
aI2826
aI2827
aI2828
aI2829
aI2830
aI2831
aI2832
aI2833
aI2834
aI2835
aI2836
aI2837
aI2838
aI2839
aI2840
aI2841
aI2842
aI2843
aI2844
aI2845
aI2846
aI2847
aI2848
aI2849
aI2850
aI2851
aI2852
aI2853
aI2854
aI2855
aI2856
aI2857
aI2858
aI2859
aI2860
aI2861
aI2862
aI2863
aI2864
aI2865
aI2866
aI2867
aI2868
aI2869
aI2870
aI2871
aI2872
aI2873
aI2874
aI2875
aI2876
aI2877
aI2878
aI2879
aI2880
aI2881
aI2882
aI2883
aI2884
aI2885
aI2886
aI2887
aI2888
aI2889
aI2890
aI2891
aI2892
aI2893
aI2894
aI2895
aI2896
aI2897
aI2898
aI2899
aI2900
aI2901
aI2902
aI2903
aI2904
aI2905
aI2906
aI2907
aI2908
aI2909
aI2910
aI2911
aI2912
aI2913
aI2914
aI2915
aI2916
aI2917
aI2918
aI2919
aI2920
aI2921
aI2922
aI2923
aI2924
aI2925
aI2926
aI2927
aI2928
aI2929
aI2930
aI2931
aI2932
aI2933
aI2934
aI2935
aI2936
aI2937
aI2938
aI2939
aI2940
aI2941
aI2942
aI2943
aI2944
aI2945
aI2946
aI2947
aI2948
aI2949
aI2950
aI2951
aI2952
aI2953
aI2954
aI2955
aI2956
aI2957
aI2958
aI2959
aI2960
aI2961
aI2962
aI2963
aI2964
aI2965
aI2966
aI2967
aI2968
aI2969
aI2970
aI2971
aI2972
aI2973
aI2974
aI2975
aI2976
aI2977
aI2978
aI2979
aI2980
aI2981
aI2982
aI2983
aI2984
aI2985
aI2986
aI2987
aI2988
aI2989
aI2990
aI2991
aI2992
aI2993
aI2994
aI2995
aI2996
aI2997
aI2998
aI2999
as.