(dp1
S'steps'
p2
(lp3
I93
aI61
aI82
aI67
aI86
aI82
aI82
aI82
aI82
aI120
aI83
aI65
aI109
aI82
aI82
aI56
aI85
aI82
aI82
aI140
aI82
aI82
aI89
aI89
aI99
aI82
aI81
aI82
aI81
aI82
aI109
aI82
aI81
aI81
aI51
aI111
aI65
aI53
aI52
aI68
aI62
aI69
aI36
aI42
aI129
aI67
aI50
aI91
aI69
aI158
aI51
aI63
aI81
aI68
aI66
aI53
aI51
aI82
aI67
aI67
aI51
aI67
aI67
aI85
aI67
aI67
aI67
aI67
aI67
aI67
aI67
aI67
aI67
aI67
aI72
aI67
aI67
aI67
aI67
aI67
aI67
aI91
aI51
aI156
aI63
aI123
aI98
aI56
aI62
aI70
aI95
aI67
aI67
aI123
aI127
aI67
aI67
aI82
aI67
aI66
aI92
aI67
aI68
aI67
aI81
aI67
aI67
aI67
aI126
aI66
aI67
aI68
aI65
aI67
aI67
aI67
aI67
aI67
aI39
aI68
aI67
aI67
aI66
aI67
aI67
aI67
aI111
aI68
aI94
aI72
aI72
aI67
aI127
aI44
aI95
aI66
aI91
aI120
aI70
aI66
aI69
aI66
aI94
aI99
aI68
aI144
aI109
aI88
aI92
aI119
aI95
aI65
aI71
aI69
aI67
aI67
aI67
aI67
aI143
aI67
aI67
aI67
aI67
aI67
aI92
aI65
aI51
aI68
aI67
aI67
aI72
aI67
aI67
aI67
aI67
aI67
aI68
aI67
aI66
aI67
aI67
aI67
aI67
aI67
aI67
aI92
aI98
aI71
aI52
aI65
aI98
aI43
aI66
aI69
aI70
aI112
aI65
aI122
aI66
aI137
aI109
aI61
aI90
aI50
aI61
aI67
aI67
aI107
aI67
aI67
aI93
aI67
aI67
aI98
aI48
aI67
aI67
aI66
aI67
aI67
aI67
aI67
aI52
aI67
aI68
aI92
aI65
aI125
aI59
aI43
aI67
aI67
aI52
aI66
aI67
aI68
aI66
aI67
aI67
aI66
aI67
aI67
aI67
aI67
aI67
aI67
aI67
aI67
aI100
aI68
aI67
aI67
aI39
aI66
aI67
aI67
aI67
aI67
aI67
aI67
aI67
aI67
aI68
aI66
aI66
aI97
aI97
aI66
aI40
aI68
aI67
aI67
aI67
aI107
aI125
aI122
aI129
aI91
aI67
aI67
aI67
aI66
aI66
aI109
aI79
aI63
aI122
aI63
aI95
aI67
aI67
aI67
aI54
aI67
aI91
aI96
aI55
aI99
aI77
aI62
aI109
aI57
aI144
aI115
aI96
aI100
aI56
aI123
aI66
aI68
aI53
aI67
aI67
aI67
aI66
aI67
aI67
aI66
aI67
aI66
aI72
aI84
aI67
aI52
aI67
aI111
aI68
aI44
aI81
aI93
aI111
aI49
aI93
aI154
aI113
aI67
aI63
aI65
aI75
aI81
aI63
aI99
aI63
aI110
aI61
aI69
aI99
aI84
aI151
aI93
aI81
aI97
aI63
aI153
aI120
aI61
aI72
aI94
aI120
aI63
aI121
aI66
aI96
aI130
aI92
aI98
aI110
aI86
aI86
aI99
aI64
aI62
aI109
aI122
aI67
aI95
aI81
aI44
aI126
aI63
aI70
aI64
aI66
aI67
aI71
aI66
aI66
aI67
aI67
aI67
aI67
aI67
aI66
aI67
aI67
aI67
aI65
aI65
aI65
aI67
aI95
aI126
aI40
aI128
aI62
aI125
aI74
aI120
aI70
aI71
aI99
aI69
aI111
aI82
aI70
aI66
aI68
aI67
aI67
aI66
aI50
aI67
aI69
aI67
aI119
aI65
aI52
aI69
aI69
aI64
aI54
aI125
aI69
aI68
aI94
aI51
aI145
aI65
aI66
aI94
aI66
aI68
aI67
aI67
aI66
aI66
aI67
aI67
aI65
aI67
aI67
aI64
aI65
aI67
aI65
aI98
aI92
aI66
aI109
aI54
aI57
aI91
aI64
aI69
aI112
aI63
aI64
aI51
aI63
aI52
aI68
aI41
aI127
aI51
aI35
aI118
aI124
aI67
aI94
aI95
aI95
aI82
aI67
aI67
aI95
aI92
aI36
aI95
aI56
aI61
aI66
aI68
aI94
aI93
aI51
aI65
aI64
aI66
aI49
aI152
aI49
aI92
aI65
aI72
aI54
aI38
aI128
aI96
aI69
aI50
aI122
aI51
aI96
aI75
aI57
aI94
aI66
aI54
aI74
aI50
aI51
aI64
aI93
aI64
aI38
aI36
aI91
aI36
aI53
aI35
aI96
aI123
aI82
aI98
aI82
aI64
aI68
aI71
aI65
aI39
aI142
aI51
aI139
aI102
aI94
aI64
aI63
aI108
aI64
aI71
aI38
aI68
aI110
aI84
aI41
aI68
aI69
aI121
aI51
aI125
aI67
aI69
aI119
aI62
aI62
aI110
aI51
aI92
aI41
aI106
aI67
aI69
aI70
aI48
aI53
aI53
aI55
aI54
aI96
aI67
aI67
aI64
aI71
aI69
aI52
aI50
aI68
aI64
aI91
aI53
aI121
aI66
aI51
aI119
aI66
aI52
aI96
aI68
aI66
aI51
aI67
aI67
aI67
aI67
aI66
aI67
aI67
aI53
aI65
aI67
aI67
aI67
aI67
aI67
aI67
aI71
aI82
aI51
aI96
aI68
aI69
aI67
aI67
aI67
aI69
aI90
aI80
aI66
aI67
aI67
aI67
aI67
aI41
aI66
aI66
aI80
aI84
aI70
aI84
aI83
aI41
aI45
aI72
aI92
aI67
aI67
aI71
aI84
aI67
aI82
aI81
aI66
aI66
aI68
aI66
aI66
aI66
aI66
aI67
aI66
aI56
aI66
aI80
aI66
aI66
aI66
aI66
aI69
aI67
aI66
aI66
aI66
aI67
aI110
aI67
aI66
aI66
aI73
aI66
aI66
aI122
aI80
aI66
aI82
aI54
aI66
aI66
aI66
aI98
aI73
aI41
aI82
aI45
aI56
aI67
aI69
aI66
aI66
aI66
aI66
aI70
aI81
aI55
aI64
aI67
aI80
aI66
aI115
aI67
aI84
aI67
aI49
aI126
aI80
aI51
aI65
aI65
aI55
aI65
aI63
aI69
aI98
aI120
aI65
aI144
aI71
aI63
aI94
aI55
aI82
aI93
aI104
aI104
aI84
aI89
aI95
aI69
aI66
aI64
aI61
aI96
aI55
aI56
aI67
aI67
aI64
aI64
aI91
aI41
aI64
aI63
aI45
aI67
aI66
aI51
aI65
aI94
aI67
aI48
aI41
aI41
aI66
aI69
aI65
aI67
aI104
aI71
aI51
aI109
aI95
aI94
aI158
aI55
aI150
aI148
aI64
aI91
aI67
aI63
aI40
aI63
aI126
aI65
aI68
aI76
aI107
aI48
aI97
aI90
aI65
aI77
aI61
aI66
aI49
aI50
aI51
aI62
aI69
aI54
aI63
aI55
aI51
aI55
aI51
aI102
aI162
aI93
aI61
aI49
aI63
aI82
aI63
aI67
aI100
aI63
aI94
aI69
aI125
aI65
aI128
aI153
aI92
aI71
aI65
aI42
aI39
aI48
aI55
aI68
aI50
aI93
aI120
aI69
aI114
aI63
aI143
aI108
aI96
aI82
aI69
aI146
aI62
aI66
aI123
aI71
aI70
aI95
aI128
aI99
aI140
aI56
aI81
aI93
aI111
aI69
aI68
aI130
aI63
aI94
aI72
aI65
aI73
aI59
aI143
aI115
aI40
aI39
aI131
aI94
aI63
aI76
aI80
aI70
aI70
aI64
aI65
aI37
aI93
aI68
aI68
aI78
aI71
aI92
aI63
aI67
aI63
aI64
aI67
aI64
aI131
aI64
aI53
aI121
aI119
aI129
aI66
aI95
aI112
aI151
aI95
aI99
aI80
aI71
aI96
aI68
aI97
aI49
aI73
aI82
aI79
aI64
aI52
aI63
aI91
aI68
aI105
aI130
aI96
aI66
aI37
aI65
aI48
aI160
aI64
aI63
aI62
aI49
aI69
aI68
aI120
aI89
aI80
aI68
aI70
aI67
aI93
aI66
aI50
aI144
aI64
aI150
aI92
aI71
aI93
aI69
aI55
aI65
aI143
aI97
aI115
aI64
aI54
aI71
aI230
aI87
aI67
aI54
aI92
aI51
aI65
aI40
aI35
aI70
aI51
aI37
aI132
aI69
aI65
aI96
aI63
aI71
aI69
aI131
aI64
aI67
aI94
aI46
aI46
aI89
aI99
aI125
aI43
aI43
aI91
aI95
aI70
aI67
aI64
aI121
aI46
aI66
aI84
aI90
aI65
aI54
aI49
aI123
aI96
aI40
aI108
aI119
aI67
aI49
aI86
aI123
aI71
aI65
aI87
aI71
aI68
aI48
aI49
aI67
aI123
aI120
aI112
aI90
aI67
aI83
aI36
aI122
aI64
aI66
aI48
aI37
aI91
aI70
aI130
aI67
aI91
aI66
aI63
aI48
aI67
aI112
aI124
aI91
aI67
aI67
aI89
aI49
aI95
aI67
aI48
aI50
aI40
aI67
aI68
aI87
aI69
aI94
aI116
aI66
aI67
aI63
aI100
aI69
aI112
aI67
aI95
aI63
aI76
aI66
aI49
aI66
aI69
aI71
aI81
aI108
aI64
aI68
aI96
aI113
aI67
aI71
aI68
aI75
aI63
aI66
aI85
aI37
aI72
aI68
aI68
aI67
aI50
aI38
aI94
aI97
aI126
aI63
aI96
aI110
aI67
aI67
aI95
aI122
aI68
aI68
aI124
aI99
aI125
aI63
aI159
aI66
aI65
aI69
aI122
aI96
aI96
aI63
aI85
aI34
aI126
aI120
aI64
aI91
aI125
aI121
aI93
aI93
aI37
aI123
aI119
aI66
aI63
aI95
aI67
aI92
aI153
aI92
aI68
aI121
aI119
aI156
aI121
aI92
aI84
aI34
aI123
aI156
aI67
aI94
aI66
aI131
aI37
aI69
aI39
aI64
aI67
aI68
aI65
aI125
aI66
aI63
aI148
aI34
aI145
aI38
aI90
aI69
aI95
aI64
aI64
aI37
aI64
aI166
aI95
aI67
aI68
aI66
aI68
aI68
aI50
aI126
aI64
aI90
aI111
aI121
aI94
aI63
aI68
aI68
aI69
aI91
aI67
aI68
aI36
aI64
aI90
aI37
aI68
aI66
aI71
aI94
aI38
aI37
aI69
aI36
aI95
aI37
aI67
aI91
aI48
aI152
aI63
aI95
aI113
aI147
aI64
aI64
aI69
aI66
aI68
aI90
aI53
aI48
aI37
aI88
aI67
aI121
aI96
aI66
aI121
aI71
aI65
aI152
aI64
aI93
aI153
aI65
aI97
aI65
aI49
aI80
aI64
aI69
aI92
aI96
aI96
aI67
aI109
aI93
aI79
aI64
aI65
aI63
aI65
aI68
aI65
aI85
aI121
aI69
aI122
aI91
aI50
aI90
aI71
aI71
aI38
aI94
aI104
aI122
aI128
aI70
aI68
aI154
aI38
aI70
aI36
aI124
aI66
aI149
aI67
aI67
aI71
aI71
aI66
aI63
aI123
aI63
aI63
aI124
aI51
aI85
aI64
aI122
aI93
aI124
aI122
aI66
aI68
aI122
aI137
aI38
aI70
aI49
aI69
aI66
aI63
aI63
aI67
aI63
aI63
aI109
aI105
aI95
aI38
aI49
aI77
aI53
aI66
aI122
aI36
aI52
aI91
aI64
aI88
aI69
aI148
aI65
aI91
aI63
aI93
aI37
aI70
aI71
aI63
aI65
aI64
aI63
aI65
aI91
aI63
aI80
aI68
aI90
aI91
aI65
aI69
aI71
aI63
aI70
aI64
aI63
aI63
aI63
aI54
aI50
aI93
aI50
aI70
aI64
aI63
aI121
aI64
aI90
aI118
aI95
aI69
aI68
aI63
aI91
aI50
aI81
aI38
aI67
aI50
aI63
aI63
aI63
aI49
aI63
aI63
aI63
aI68
aI63
aI94
aI150
aI98
aI72
aI63
aI63
aI37
aI104
aI49
aI105
aI96
aI124
aI94
aI87
aI69
aI92
aI63
aI63
aI63
aI63
aI80
aI49
aI80
aI125
aI63
aI64
aI91
aI157
aI126
aI64
aI92
aI63
aI92
aI63
aI89
aI66
aI66
aI40
aI39
aI67
aI63
aI157
aI64
aI70
aI122
aI64
aI67
aI71
aI66
aI39
aI66
aI65
aI131
aI65
aI49
aI139
aI64
aI69
aI64
aI64
aI64
aI64
aI64
aI120
aI93
aI67
aI68
aI62
aI64
aI64
aI70
aI64
aI64
aI64
aI48
aI130
aI118
aI151
aI38
aI65
aI64
aI109
aI68
aI154
aI63
aI127
aI87
aI123
aI134
aI78
aI64
aI65
aI64
aI66
aI50
aI91
aI70
aI48
aI92
aI71
aI63
aI63
aI49
aI64
aI39
aI39
aI39
aI39
aI38
aI40
aI65
aI68
aI66
aI87
aI72
aI96
aI93
aI150
aI123
aI98
aI150
aI65
aI72
aI65
aI64
aI95
aI40
aI125
aI102
aI125
aI54
aI109
aI66
aI67
aI67
aI104
aI97
aI63
aI63
aI66
aI97
aI49
aI63
aI90
aI65
aI63
aI63
aI50
aI66
aI63
aI96
aI96
aI123
aI63
aI78
aI96
aI113
aI67
aI66
aI116
aI67
aI92
aI92
aI96
aI93
aI122
aI52
aI130
aI69
aI36
aI104
aI69
aI53
aI41
aI90
aI111
aI37
aI79
aI81
aI123
aI49
aI73
aI64
aI70
aI95
aI105
aI68
aI67
aI67
aI79
aI51
aI112
aI95
aI104
aI50
aI76
aI63
aI49
aI103
aI92
aI51
aI67
aI70
aI91
aI66
aI65
aI69
aI65
aI64
aI65
aI69
aI96
aI89
aI103
aI90
aI91
aI49
aI51
aI34
aI34
aI42
aI50
aI53
aI98
aI66
aI64
aI51
aI34
aI172
aI66
aI34
aI66
aI64
aI110
aI62
aI34
aI63
aI65
aI38
aI128
aI96
aI90
aI64
aI94
aI86
aI72
aI77
aI103
aI92
aI49
aI51
aI50
aI99
aI53
aI93
aI68
aI53
aI128
aI51
aI96
aI41
aI55
aI50
aI54
aI54
aI95
aI54
aI71
aI89
aI55
aI67
aI97
aI52
aI109
aI68
aI95
aI38
aI65
aI122
aI150
aI148
aI34
aI63
aI50
aI56
aI59
aI124
aI67
aI39
aI52
aI49
aI64
aI123
aI90
aI95
aI79
aI68
aI63
aI91
aI92
aI94
aI52
aI106
aI67
aI34
aI66
aI90
aI127
aI69
aI70
aI95
aI72
aI70
aI34
aI99
aI95
aI111
aI50
aI72
aI123
aI68
aI72
aI108
aI75
aI122
aI80
aI88
aI63
aI71
aI65
aI121
aI40
aI129
aI124
aI52
aI128
aI38
aI68
aI108
aI100
aI117
aI55
aI86
aI93
aI84
aI112
aI34
aI62
aI42
aI204
aI66
aI63
aI68
aI56
aI51
aI51
aI54
aI69
aI69
aI66
aI99
aI94
aI129
aI93
aI68
aI73
aI149
aI94
aI51
aI111
aI97
aI120
aI71
aI64
aI91
aI118
aI69
aI55
aI52
aI64
aI47
aI124
aI69
aI96
aI67
aI64
aI69
aI34
aI139
aI97
aI67
aI91
aI78
aI107
aI125
aI66
aI94
aI65
aI66
aI92
aI64
aI113
aI94
aI72
aI50
aI55
aI112
aI160
aI112
aI72
aI68
aI37
aI83
aI116
aI95
aI75
aI96
aI73
aI89
aI71
aI94
aI114
aI46
aI73
aI65
aI66
aI125
aI50
aI68
aI108
aI41
aI61
aI68
aI67
aI56
aI62
aI67
aI54
aI50
aI42
aI91
aI71
aI52
aI68
aI60
aI81
aI116
aI53
aI50
aI92
aI130
aI38
aI90
aI67
aI53
aI54
aI110
aI95
aI122
aI110
aI140
aI69
aI69
aI78
aI45
aI113
aI95
aI34
aI38
aI34
aI65
aI37
aI70
aI42
aI64
aI42
aI73
aI105
aI48
aI84
aI56
aI69
aI56
aI105
aI62
aI96
aI39
aI72
aI66
aI76
aI94
aI108
aI51
aI70
aI91
aI71
aI90
aI38
aI66
aI54
aI53
aI121
aI94
aI94
aI112
aI106
aI86
aI92
aI63
aI93
aI93
aI94
aI92
aI98
aI95
aI60
aI107
aI104
aI127
aI90
aI84
aI106
aI87
aI49
aI84
aI93
aI66
aI66
aI92
aI65
aI52
aI56
aI120
aI65
aI129
aI48
aI102
aI87
aI84
aI53
aI105
aI95
aI34
aI96
aI93
aI38
aI123
aI34
aI65
aI95
aI64
aI82
aI81
aI77
aI92
aI65
aI65
aI64
aI92
aI100
aI58
aI60
aI60
aI84
aI70
aI87
aI49
aI86
aI84
aI50
aI50
aI123
aI142
aI89
aI51
aI109
aI96
aI90
aI61
aI130
aI42
aI130
aI83
aI91
aI133
aI124
aI78
aI66
aI114
aI52
aI108
aI95
aI47
aI36
aI95
aI92
aI99
aI71
aI109
aI112
aI71
aI42
aI92
aI42
aI46
aI126
aI34
aI42
aI42
aI81
aI58
aI94
aI53
aI92
aI49
aI52
aI51
aI117
aI54
aI107
aI66
aI124
aI39
aI101
aI56
aI36
aI52
aI80
aI52
aI92
aI50
aI69
aI50
aI48
aI66
aI70
aI68
aI40
aI66
aI68
aI66
aI72
aI66
aI91
aI67
aI80
aI39
aI97
aI40
aI62
aI96
aI112
aI94
aI109
aI92
aI90
aI64
aI81
aI41
aI52
aI52
aI92
aI93
aI57
aI52
aI66
aI68
aI65
aI85
aI52
aI51
aI72
aI80
aI97
aI38
aI55
aI115
aI125
aI75
aI82
aI94
aI76
aI70
aI67
aI51
aI52
aI57
aI64
aI68
aI79
aI49
aI129
aI94
aI65
aI68
aI66
aI102
aI50
aI39
aI51
aI93
aI41
aI96
aI90
aI80
aI121
aI41
aI41
aI51
aI73
aI80
aI68
aI51
aI86
aI69
aI68
aI69
aI72
aI69
aI118
aI44
aI65
aI54
aI123
aI67
aI93
aI96
aI90
aI63
aI40
aI65
aI91
aI152
aI67
aI94
aI151
aI49
aI119
aI41
aI139
aI41
aI62
aI94
aI41
aI51
aI66
aI70
aI72
aI67
aI67
aI81
aI67
aI84
aI123
aI97
aI65
aI126
aI64
aI44
aI97
aI94
aI99
aI95
aI65
aI92
aI65
aI66
aI53
aI52
aI66
aI50
aI123
aI52
aI157
aI51
aI66
aI67
aI67
aI40
aI65
aI158
aI76
aI63
aI161
aI67
aI54
aI41
aI72
aI129
aI82
aI96
aI71
aI40
aI68
aI63
aI63
aI88
aI72
aI63
aI76
aI154
aI50
aI63
aI95
aI66
aI91
aI64
aI110
aI49
aI93
aI49
aI71
aI63
aI69
aI67
aI52
aI83
aI68
aI66
aI67
aI67
aI79
aI67
aI109
aI63
aI51
aI56
aI67
aI113
aI67
aI66
aI52
aI41
aI41
aI52
aI67
aI70
aI66
aI70
aI70
aI66
aI66
aI94
aI51
aI110
aI65
aI41
aI40
aI41
aI40
aI51
aI40
aI55
aI69
aI101
aI65
aI67
aI111
aI95
aI95
aI142
aI50
aI64
aI69
aI72
aI72
aI66
aI125
aI66
aI66
aI67
aI67
aI38
aI63
aI49
aI123
aI93
aI125
aI51
aI71
aI110
aI126
aI67
aI91
aI72
aI72
aI66
aI40
aI66
aI67
aI125
aI67
aI98
aI128
aI64
aI157
aI54
aI69
aI73
aI68
aI125
aI96
aI141
aI112
aI78
aI64
aI92
aI106
aI104
aI66
aI73
aI67
aI67
aI67
aI67
aI70
aI40
aI72
aI66
aI94
aI50
aI67
aI40
aI96
aI93
aI67
aI49
aI69
aI92
aI68
aI124
aI67
aI96
aI93
aI97
aI95
aI106
aI67
aI51
aI41
aI123
aI63
aI69
aI72
aI73
aI151
aI52
aI67
aI126
aI67
aI67
aI128
aI66
aI67
aI64
aI49
aI88
aI77
aI65
aI66
aI151
aI94
aI108
aI38
aI130
aI117
aI98
aI124
aI129
aI129
aI128
aI75
aI40
aI41
aI124
aI37
aI125
aI66
aI67
aI121
aI71
aI66
aI72
aI72
aI71
aI67
aI67
aI71
aI124
aI63
aI70
aI92
aI146
aI37
aI67
aI123
aI99
aI67
aI81
aI67
aI124
aI96
aI111
aI50
aI123
aI128
aI50
aI66
aI127
aI66
aI65
aI72
aI89
aI67
aI64
aI122
aI74
aI66
aI53
aI69
aI67
aI124
aI68
aI123
aI68
aI71
aI100
aI157
aI67
aI69
aI93
aI95
aI89
aI49
aI94
aI39
aI39
aI67
aI107
aI76
aI95
aI40
aI49
aI68
aI65
aI65
aI108
aI68
aI40
aI70
aI72
aI92
aI84
aI66
aI66
aI38
aI124
aI35
aI66
aI101
aI154
aI54
aI66
aI83
aI52
aI49
aI97
aI63
aI92
aI66
aI65
aI54
aI94
aI67
aI51
aI65
aI69
aI71
aI67
aI38
aI66
aI72
aI72
aI83
aI38
aI72
aI66
aI66
aI66
aI71
aI49
aI82
aI66
aI66
aI93
aI90
aI65
aI63
aI79
aI67
aI84
aI72
aI49
aI94
aI92
aI80
aI41
aI66
aI81
aI67
aI67
aI40
aI67
aI67
aI67
aI67
aI70
aI54
aI70
aI72
aI52
aI63
aI87
aI67
aI124
aI124
aI69
aI67
aI70
aI94
aI52
aI38
aI63
aI134
aI149
aI96
aI71
aI107
aI67
aI84
aI93
aI65
aI127
aI107
aI91
aI96
aI40
aI39
aI161
aI66
aI93
aI96
aI65
aI126
aI68
aI154
aI97
aI51
aI82
aI70
aI94
aI41
aI131
aI65
aI121
aI65
aI67
aI125
aI137
aI153
aI48
aI39
aI48
aI71
aI98
aI94
aI68
aI66
aI72
aI84
aI83
aI92
aI67
aI82
aI70
aI84
aI84
aI67
aI84
aI98
aI63
aI93
aI98
aI75
aI85
aI47
aI40
aI67
aI73
aI49
aI109
aI57
aI63
aI73
aI65
aI73
aI96
aI63
aI126
aI40
aI68
aI63
aI63
aI65
aI66
aI115
aI99
aI69
aI92
aI40
aI101
aI122
aI92
aI110
aI62
aI89
aI66
aI94
aI121
aI77
aI83
aI83
aI83
aI72
aI123
aI111
aI101
aI40
aI67
aI130
aI65
aI66
aI130
aI157
aI162
aI95
aI65
aI40
aI70
aI81
aI71
aI66
aI70
aI51
aI70
aI67
aI108
aI83
aI70
aI98
aI141
aI102
aI63
aI52
aI93
aI128
aI98
aI101
aI40
aI55
aI95
aI191
aI81
aI82
aI129
aI40
aI40
aI66
aI114
aI68
aI66
aI83
aI69
aI124
aI72
aI170
aI87
aI41
aI41
aI41
aI105
aI69
aI72
aI51
aI154
aI93
aI117
aI126
aI36
aI126
aI67
aI109
aI41
aI72
aI70
aI67
aI71
aI69
aI67
aI67
aI67
aI70
aI70
aI67
aI67
aI72
aI72
aI72
aI79
aI110
aI95
aI94
aI72
aI66
aI61
aI75
aI70
aI52
aI67
aI67
aI99
aI71
aI70
aI40
aI65
aI70
aI40
aI65
aI67
aI83
aI66
aI67
aI66
aI66
aI54
aI52
aI87
aI70
aI66
aI52
aI63
aI65
aI96
aI69
aI91
aI67
aI72
aI70
aI68
aI54
aI67
aI94
aI116
aI72
aI64
aI67
aI66
aI66
aI66
aI66
aI66
aI66
aI66
aI66
aI51
aI93
aI67
aI66
aI68
aI67
aI69
aI72
aI66
aI93
aI65
aI125
aI88
aI69
aI50
aI40
aI40
aI49
aI34
aI115
aI88
aI40
aI84
aI70
aI79
aI67
aI40
aI73
aI66
aI66
aI95
aI66
aI67
aI93
aI72
aI96
aI96
aI69
aI69
aI72
aI72
aI69
aI73
aI70
aI67
aI72
aI72
aI66
aI72
aI92
aI87
aI41
aI77
aI65
aI123
aI98
aI94
aI49
aI51
aI39
aI159
aI109
aI128
aI93
aI97
aI110
aI111
aI57
aI57
aI102
aI49
aI83
aI63
aI124
aI40
aI49
aI75
aI105
aI54
aI96
aI67
aI122
aI94
aI93
aI64
aI55
aI197
aI69
aI72
aI66
aI125
aI67
aI52
aI80
aI72
aI51
aI65
aI120
aI49
aI64
aI52
aI68
aI70
aI41
aI61
aI97
aI93
aI90
aI90
aI93
aI99
aI65
aI147
aI41
aI52
aI50
aI69
aI51
aI141
aI52
aI118
aI99
aI108
aI67
aI86
aI113
aI65
aI111
aI137
aI66
aI98
aI120
aI52
aI63
aI61
aI70
aI129
aI70
aI127
aI38
aI85
aI98
aI110
aI86
aI64
aI112
aI64
aI64
aI74
aI78
aI52
aI41
aI41
aI41
aI41
aI50
aI68
aI67
aI41
aI72
aI96
aI65
aI66
aI56
aI92
aI98
aI86
aI89
aI98
aI108
aI64
aI65
aI125
aI65
aI75
aI94
aI98
aI52
aI84
aI86
aI50
aI162
aI109
aI91
aI73
aI68
aI68
aI51
aI65
aI91
aI51
aI64
aI69
aI72
aI67
aI80
aI66
aI97
aI110
aI40
aI66
aI65
aI66
aI51
aI65
aI115
aI67
aI71
aI72
aI97
aI68
aI61
aI96
aI130
aI67
aI72
aI66
aI54
aI51
aI68
aI39
aI54
aI61
aI126
aI94
aI50
aI57
aI64
aI110
aI66
aI69
aI72
aI87
aI121
aI97
aI95
aI51
aI55
aI56
aI85
aI40
aI119
aI40
aI76
aI40
aI49
aI39
aI95
aI98
asS'reward'
p4
(lp5
F30
aF35
aF180
aF180
aF410
aF210
aF180
aF180
aF210
aF570
aF210
aF135
aF210
aF180
aF180
aF110
aF410
aF180
aF180
aF330
aF180
aF180
aF240
aF185
aF440
aF180
aF120
aF210
aF180
aF180
aF340
aF180
aF135
aF135
aF105
aF120
aF135
aF105
aF225
aF165
aF120
aF60
aF45
aF90
aF140
aF110
aF75
aF70
aF155
aF105
aF75
aF110
aF110
aF105
aF105
aF105
aF75
aF120
aF105
aF105
aF75
aF105
aF105
aF135
aF105
aF105
aF105
aF105
aF105
aF105
aF105
aF105
aF105
aF105
aF105
aF105
aF105
aF105
aF105
aF105
aF105
aF260
aF85
aF155
aF95
aF80
aF135
aF80
aF75
aF125
aF155
aF105
aF105
aF105
aF105
aF105
aF105
aF120
aF105
aF75
aF210
aF105
aF105
aF105
aF95
aF105
aF105
aF105
aF105
aF105
aF105
aF110
aF90
aF105
aF105
aF105
aF105
aF105
aF105
aF105
aF105
aF105
aF105
aF105
aF105
aF105
aF225
aF305
aF125
aF130
aF125
aF105
aF185
aF75
aF145
aF110
aF265
aF95
aF105
aF90
aF165
aF105
aF105
aF400
aF115
aF140
aF240
aF105
aF250
aF105
aF185
aF155
aF155
aF75
aF105
aF105
aF105
aF105
aF430
aF105
aF105
aF105
aF105
aF105
aF210
aF110
aF75
aF120
aF105
aF105
aF175
aF105
aF105
aF105
aF105
aF105
aF100
aF75
aF105
aF105
aF105
aF105
aF105
aF105
aF105
aF155
aF200
aF120
aF70
aF70
aF90
aF45
aF105
aF185
aF125
aF105
aF50
aF155
aF105
aF190
aF430
aF105
aF230
aF125
aF80
aF105
aF105
aF105
aF105
aF105
aF105
aF105
aF105
aF130
aF65
aF105
aF105
aF105
aF105
aF105
aF105
aF105
aF50
aF105
aF100
aF135
aF95
aF105
aF155
aF65
aF105
aF105
aF50
aF75
aF105
aF110
aF105
aF105
aF105
aF105
aF105
aF105
aF75
aF75
aF75
aF75
aF75
aF105
aF150
aF105
aF105
aF105
aF65
aF105
aF105
aF105
aF75
aF75
aF75
aF75
aF105
aF75
aF105
aF105
aF110
aF105
aF145
aF120
aF55
aF125
aF75
aF75
aF105
aF275
aF110
aF70
aF210
aF185
aF75
aF75
aF75
aF105
aF105
aF135
aF155
aF70
aF125
aF105
aF210
aF75
aF75
aF75
aF50
aF75
aF235
aF375
aF65
aF200
aF140
aF105
aF260
aF80
aF105
aF105
aF210
aF50
aF105
aF115
aF105
aF95
aF50
aF75
aF75
aF75
aF75
aF75
aF75
aF75
aF75
aF75
aF105
aF105
aF105
aF105
aF75
aF140
aF80
aF30
aF45
aF95
aF170
aF30
aF180
aF125
aF100
aF135
aF130
aF100
aF180
aF115
aF85
aF175
aF70
aF75
aF85
aF110
aF150
aF125
aF330
aF165
aF65
aF185
aF80
aF180
aF155
aF30
aF180
aF155
aF135
aF70
aF180
aF65
aF90
aF235
aF115
aF170
aF185
aF80
aF80
aF180
aF85
aF35
aF130
aF180
aF80
aF200
aF110
aF50
aF200
aF75
aF75
aF110
aF105
aF105
aF120
aF105
aF105
aF105
aF120
aF75
aF105
aF105
aF105
aF105
aF105
aF105
aF15
aF15
aF15
aF75
aF45
aF135
aF30
aF135
aF50
aF205
aF120
aF115
aF115
aF110
aF115
aF105
aF120
aF120
aF105
aF105
aF75
aF105
aF105
aF75
aF50
aF105
aF125
aF105
aF145
aF105
aF30
aF105
aF105
aF65
aF50
aF120
aF105
aF80
aF70
aF50
aF260
aF80
aF70
aF120
aF105
aF105
aF105
aF105
aF105
aF105
aF105
aF50
aF45
aF105
aF105
aF65
aF15
aF105
aF15
aF145
aF110
aF105
aF120
aF100
aF105
aF195
aF35
aF200
aF200
aF55
aF50
aF5
aF50
aF0
aF180
aF30
aF100
aF15
aF5
aF185
aF80
aF90
aF60
aF225
aF115
aF175
aF105
aF105
aF160
aF135
aF85
aF75
aF135
aF45
aF60
aF70
aF100
aF120
aF50
aF80
aF30
aF15
aF0
aF160
aF0
aF105
aF15
aF45
aF65
aF55
aF105
aF80
aF105
aF0
aF245
aF60
aF355
aF70
aF15
aF70
aF55
aF0
aF65
aF35
aF65
aF60
aF80
aF5
aF0
aF15
aF65
aF15
aF0
aF5
aF35
aF260
aF260
aF220
aF125
aF15
aF75
aF65
aF65
aF0
aF155
aF15
aF310
aF240
aF95
aF50
aF40
aF195
aF50
aF85
aF15
aF50
aF260
aF50
aF0
aF45
aF80
aF135
aF15
aF335
aF120
aF45
aF230
aF0
aF15
aF75
aF30
aF65
aF65
aF225
aF45
aF45
aF120
aF75
aF75
aF90
aF65
aF75
aF265
aF105
aF105
aF50
aF125
aF180
aF75
aF20
aF100
aF50
aF65
aF75
aF50
aF0
aF0
aF60
aF65
aF0
aF80
aF95
aF100
aF75
aF105
aF105
aF105
aF105
aF105
aF105
aF105
aF55
aF110
aF105
aF105
aF105
aF105
aF105
aF105
aF90
aF105
aF50
aF100
aF65
aF90
aF105
aF105
aF105
aF105
aF120
aF125
aF105
aF105
aF105
aF105
aF105
aF55
aF105
aF105
aF120
aF105
aF105
aF105
aF105
aF80
aF105
aF210
aF185
aF105
aF105
aF180
aF105
aF105
aF105
aF105
aF105
aF75
aF105
aF105
aF105
aF105
aF105
aF105
aF105
aF75
aF105
aF150
aF105
aF105
aF105
aF105
aF105
aF105
aF105
aF105
aF105
aF105
aF280
aF105
aF105
aF105
aF120
aF105
aF105
aF165
aF105
aF105
aF105
aF105
aF105
aF105
aF105
aF165
aF105
aF75
aF120
aF75
aF75
aF105
aF105
aF105
aF105
aF105
aF105
aF105
aF105
aF75
aF150
aF150
aF120
aF105
aF155
aF105
aF105
aF105
aF75
aF250
aF105
aF75
aF125
aF110
aF75
aF125
aF40
aF120
aF200
aF325
aF90
aF240
aF170
aF110
aF120
aF75
aF155
aF105
aF220
aF210
aF120
aF180
aF160
aF100
aF100
aF65
aF15
aF80
aF30
aF75
aF105
aF105
aF65
aF15
aF90
aF15
aF65
aF50
aF50
aF105
aF105
aF50
aF105
aF135
aF55
aF15
aF15
aF15
aF30
aF65
aF105
aF105
aF115
aF110
aF75
aF115
aF80
aF105
aF185
aF50
aF185
aF230
aF155
aF225
aF170
aF125
aF105
aF105
aF180
aF135
aF110
aF155
aF305
aF75
aF255
aF135
aF110
aF210
aF0
aF35
aF30
aF50
aF50
aF65
aF65
aF30
aF70
aF50
aF50
aF50
aF50
aF135
aF150
aF215
aF150
aF75
aF125
aF170
aF95
aF120
aF190
aF125
aF200
aF155
aF150
aF100
aF185
aF385
aF210
aF125
aF30
aF0
aF0
aF15
aF50
aF90
aF15
aF155
aF200
aF165
aF280
aF145
aF305
aF185
aF225
aF120
aF170
aF610
aF150
aF210
aF270
aF210
aF210
aF180
aF305
aF140
aF610
aF70
aF210
aF270
aF350
aF210
aF170
aF315
aF180
aF355
aF375
aF195
aF195
aF155
aF475
aF245
aF0
aF0
aF255
aF210
aF125
aF180
aF105
aF105
aF50
aF5
aF20
aF0
aF105
aF45
aF65
aF210
aF20
aF65
aF25
aF50
aF0
aF15
aF55
aF50
aF210
aF70
aF30
aF155
aF290
aF280
aF200
aF210
aF115
aF175
aF215
aF180
aF185
aF155
aF160
aF230
aF165
aF125
aF195
aF275
aF235
aF160
aF130
aF175
aF105
aF145
aF155
aF405
aF135
aF90
aF50
aF140
aF125
aF395
aF180
aF140
aF105
aF125
aF120
aF105
aF120
aF100
aF45
aF185
aF85
aF120
aF125
aF105
aF70
aF160
aF150
aF375
aF140
aF110
aF180
aF155
aF100
aF105
aF105
aF160
aF105
aF105
aF100
aF110
aF425
aF105
aF75
aF155
aF140
aF105
aF165
aF15
aF50
aF225
aF105
aF105
aF105
aF105
aF105
aF210
aF155
aF105
aF120
aF110
aF135
aF105
aF240
aF105
aF105
aF185
aF120
aF120
aF120
aF120
aF110
aF110
aF105
aF110
aF135
aF155
aF105
aF105
aF240
aF90
aF105
aF140
aF185
aF135
aF240
aF55
aF150
aF120
aF120
aF110
aF105
aF105
aF105
aF80
aF105
aF105
aF105
aF110
aF135
aF105
aF150
aF105
aF135
aF185
aF110
aF105
aF55
aF105
aF105
aF110
aF75
aF80
aF105
aF105
aF150
aF105
aF110
aF105
aF105
aF105
aF105
aF170
aF135
aF110
aF110
aF110
aF135
aF105
aF120
aF105
aF90
aF105
aF105
aF120
aF110
aF135
aF105
aF105
aF175
aF105
aF105
aF105
aF105
aF115
aF265
aF110
aF105
aF105
aF120
aF75
aF105
aF105
aF120
aF105
aF105
aF105
aF105
aF105
aF85
aF105
aF105
aF105
aF105
aF135
aF105
aF105
aF65
aF105
aF140
aF105
aF105
aF105
aF65
aF50
aF110
aF85
aF105
aF105
aF105
aF155
aF140
aF120
aF105
aF110
aF120
aF105
aF105
aF180
aF120
aF105
aF180
aF50
aF105
aF105
aF90
aF105
aF105
aF90
aF105
aF65
aF140
aF150
aF90
aF95
aF120
aF75
aF105
aF105
aF105
aF155
aF105
aF105
aF105
aF105
aF40
aF110
aF105
aF110
aF60
aF75
aF65
aF80
aF65
aF80
aF80
aF80
aF105
aF105
aF105
aF35
aF65
aF75
aF105
aF50
aF40
aF90
aF105
aF105
aF90
aF75
aF90
aF95
aF120
aF80
aF105
aF90
aF80
aF85
aF80
aF90
aF80
aF105
aF105
aF120
aF105
aF105
aF105
aF105
aF105
aF105
aF105
aF75
aF105
aF105
aF105
aF170
aF130
aF105
aF120
aF105
aF105
aF105
aF105
aF105
aF55
aF105
aF110
aF55
aF105
aF120
aF95
aF105
aF105
aF105
aF120
aF75
aF105
aF105
aF105
aF105
aF50
aF155
aF105
aF105
aF225
aF135
aF75
aF105
aF105
aF35
aF105
aF120
aF65
aF75
aF105
aF355
aF85
aF105
aF55
aF105
aF105
aF110
aF55
aF105
aF105
aF120
aF135
aF105
aF150
aF40
aF120
aF110
aF50
aF120
aF440
aF125
aF105
aF120
aF325
aF210
aF105
aF105
aF150
aF105
aF50
aF105
aF105
aF110
aF105
aF120
aF145
aF110
aF105
aF110
aF110
aF110
aF65
aF105
aF230
aF105
aF335
aF95
aF65
aF75
aF135
aF110
aF50
aF110
aF90
aF360
aF80
aF110
aF110
aF110
aF65
aF105
aF105
aF105
aF105
aF95
aF135
aF110
aF105
aF90
aF110
aF105
aF130
aF105
aF110
aF105
aF135
aF55
aF120
aF105
aF135
aF120
aF105
aF105
aF110
aF105
aF105
aF135
aF180
aF130
aF105
aF105
aF120
aF105
aF65
aF80
aF90
aF80
aF135
aF105
aF110
aF55
aF130
aF45
aF95
aF105
aF105
aF105
aF105
aF120
aF105
aF105
aF105
aF105
aF65
aF105
aF105
aF110
aF110
aF105
aF140
aF110
aF125
aF80
aF105
aF30
aF120
aF105
aF105
aF105
aF105
aF105
aF235
aF130
aF120
aF120
aF105
aF155
aF65
aF100
aF75
aF140
aF135
aF125
aF105
aF185
aF105
aF65
aF90
aF110
aF105
aF105
aF105
aF105
aF105
aF105
aF105
aF105
aF80
aF105
aF160
aF155
aF120
aF85
aF105
aF105
aF75
aF305
aF65
aF335
aF155
aF80
aF195
aF185
aF60
aF105
aF105
aF105
aF105
aF105
aF120
aF35
aF120
aF50
aF105
aF120
aF110
aF155
aF85
aF120
aF200
aF105
aF30
aF105
aF180
aF105
aF105
aF45
aF35
aF30
aF105
aF120
aF50
aF80
aF180
aF35
aF120
aF60
aF75
aF35
aF15
aF55
aF355
aF110
aF105
aF140
aF90
aF135
aF120
aF120
aF120
aF115
aF120
aF65
aF125
aF40
aF45
aF120
aF120
aF90
aF30
aF120
aF90
aF90
aF110
aF440
aF150
aF365
aF90
aF75
aF35
aF170
aF120
aF285
aF105
aF30
aF155
aF75
aF240
aF105
aF35
aF60
aF35
aF15
aF15
aF155
aF135
aF70
aF120
aF120
aF105
aF105
aF110
aF110
aF35
aF35
aF35
aF35
aF35
aF15
aF30
aF35
aF15
aF95
aF90
aF110
aF120
aF150
aF310
aF195
aF210
aF30
aF80
aF30
aF30
aF65
aF15
aF115
aF440
aF75
aF105
aF170
aF105
aF105
aF90
aF185
aF115
aF105
aF105
aF125
aF80
aF105
aF105
aF335
aF120
aF105
aF105
aF120
aF105
aF105
aF155
aF155
aF390
aF105
aF265
aF225
aF160
aF80
aF95
aF165
aF130
aF160
aF120
aF110
aF195
aF305
aF105
aF410
aF160
aF90
aF135
aF100
aF100
aF105
aF140
aF260
aF60
aF160
aF105
aF140
aF105
aF165
aF120
aF120
aF165
aF250
aF0
aF0
aF15
aF110
aF20
aF60
aF55
aF245
aF50
aF100
aF30
aF25
aF200
aF445
aF105
aF150
aF80
aF135
aF30
aF40
aF120
aF90
aF120
aF105
aF120
aF115
aF110
aF130
aF105
aF145
aF80
aF130
aF80
aF80
aF95
aF95
aF75
aF120
aF135
aF100
aF85
aF80
aF245
aF105
aF80
aF105
aF80
aF275
aF30
aF50
aF20
aF45
aF45
aF130
aF65
aF195
aF105
aF70
aF285
aF210
aF140
aF105
aF105
aF105
aF30
aF150
aF335
aF105
aF90
aF170
aF120
aF195
aF110
aF305
aF50
aF120
aF105
aF105
aF105
aF140
aF105
aF120
aF135
aF120
aF120
aF145
aF105
aF120
aF180
aF100
aF90
aF190
aF150
aF180
aF260
aF80
aF120
aF95
aF75
aF185
aF140
aF135
aF55
aF105
aF105
aF120
aF150
aF120
aF105
aF135
aF140
aF110
aF105
aF180
aF185
aF105
aF155
aF110
aF80
aF90
aF90
aF120
aF135
aF110
aF130
aF60
aF110
aF75
aF155
aF135
aF125
aF110
aF100
aF290
aF135
aF385
aF325
aF110
aF180
aF270
aF180
aF170
aF165
aF165
aF440
aF30
aF225
aF530
aF105
aF155
aF75
aF255
aF450
aF300
aF255
aF150
aF275
aF250
aF210
aF240
aF85
aF175
aF95
aF140
aF30
aF55
aF95
aF80
aF65
aF55
aF90
aF25
aF120
aF50
aF120
aF165
aF190
aF80
aF60
aF115
aF55
aF50
aF30
aF105
aF395
aF250
aF240
aF135
aF105
aF195
aF185
aF110
aF100
aF90
aF65
aF155
aF75
aF95
aF65
aF75
aF105
aF80
aF385
aF130
aF55
aF165
aF120
aF330
aF140
aF135
aF235
aF70
aF75
aF60
aF110
aF140
aF510
aF210
aF120
aF155
aF190
aF225
aF110
aF185
aF110
aF40
aF210
aF130
aF215
aF275
aF165
aF120
aF110
aF80
aF70
aF75
aF75
aF175
aF80
aF105
aF355
aF105
aF225
aF550
aF50
aF105
aF120
aF105
aF140
aF165
aF110
aF125
aF85
aF85
aF140
aF285
aF135
aF165
aF135
aF195
aF195
aF125
aF105
aF150
aF395
aF105
aF195
aF180
aF140
aF200
aF470
aF175
aF215
aF215
aF275
aF170
aF155
aF215
aF100
aF240
aF230
aF85
aF85
aF85
aF160
aF105
aF115
aF95
aF190
aF95
aF195
aF155
aF140
aF90
aF150
aF120
aF150
aF195
aF210
aF75
aF35
aF150
aF50
aF105
aF60
aF75
aF30
aF110
aF350
aF85
aF80
aF90
aF180
aF150
aF65
aF215
aF165
aF175
aF295
aF260
aF255
aF250
aF255
aF190
aF65
aF85
aF70
aF75
aF320
aF225
aF210
aF290
aF395
aF320
aF260
aF135
aF225
aF15
aF120
aF165
aF30
aF30
aF105
aF170
aF120
aF125
aF255
aF60
aF95
aF75
aF180
aF245
aF310
aF155
aF475
aF210
aF95
aF310
aF170
aF95
aF225
aF105
aF105
aF335
aF220
aF275
aF265
aF240
aF245
aF155
aF180
aF255
aF135
aF235
aF200
aF105
aF230
aF260
aF155
aF315
aF105
aF120
aF285
aF80
aF50
aF440
aF325
aF155
aF110
aF195
aF310
aF150
aF195
aF240
aF95
aF440
aF180
aF285
aF345
aF190
aF225
aF105
aF505
aF140
aF460
aF240
aF50
aF60
aF215
aF245
aF240
aF215
aF195
aF150
aF185
aF95
aF385
aF95
aF95
aF530
aF85
aF85
aF85
aF220
aF135
aF145
aF120
aF35
aF75
aF130
aF95
aF445
aF135
aF310
aF65
aF150
aF90
aF180
aF155
aF95
aF155
aF100
aF105
aF195
aF110
aF185
aF110
aF75
aF35
aF165
aF60
aF40
aF50
aF115
aF50
aF135
aF50
aF135
aF75
aF250
aF105
aF295
aF30
aF120
aF210
aF535
aF190
aF210
aF315
aF180
aF75
aF105
aF50
aF105
aF105
aF215
aF290
aF110
aF135
aF155
aF150
aF125
aF245
aF155
aF110
aF185
aF120
aF75
aF45
aF100
aF240
aF220
aF135
aF215
aF185
aF230
aF230
aF235
aF160
aF135
aF105
aF155
aF155
aF130
aF105
aF485
aF220
aF140
aF120
aF75
aF220
aF100
aF40
aF180
aF290
aF50
aF110
aF155
aF110
aF300
aF50
aF50
aF75
aF115
aF135
aF75
aF75
aF115
aF140
aF145
aF125
aF105
aF95
aF120
aF80
aF105
aF100
aF210
aF125
aF130
aF125
aF170
aF80
aF15
aF105
aF185
aF170
aF90
aF45
aF180
aF75
aF155
aF50
aF180
aF50
aF105
aF205
aF50
aF165
aF80
aF275
aF135
aF105
aF105
aF105
aF105
aF105
aF120
aF65
aF110
aF135
aF105
aF80
aF120
aF180
aF175
aF340
aF185
aF165
aF225
aF135
aF65
aF120
aF105
aF105
aF165
aF125
aF210
aF75
aF50
aF75
aF105
aF60
aF155
aF255
aF270
aF105
aF155
aF105
aF75
aF50
aF75
aF180
aF135
aF150
aF360
aF30
aF180
aF105
aF130
aF150
aF160
aF105
aF130
aF160
aF120
aF105
aF150
aF125
aF335
aF145
aF410
aF105
aF155
aF105
aF160
aF105
aF105
aF105
aF105
aF105
aF105
aF75
aF50
aF105
aF105
aF105
aF225
aF135
aF105
aF125
aF310
aF395
aF105
aF95
aF75
aF50
aF50
aF105
aF105
aF75
aF75
aF105
aF75
aF105
aF75
aF125
aF125
aF365
aF110
aF50
aF60
aF50
aF60
aF105
aF60
aF45
aF135
aF205
aF125
aF75
aF440
aF170
aF240
aF520
aF105
aF90
aF85
aF50
aF50
aF90
aF155
aF75
aF75
aF75
aF105
aF50
aF105
aF105
aF155
aF150
aF240
aF80
aF75
aF120
aF185
aF75
aF150
aF50
aF50
aF75
aF40
aF80
aF75
aF155
aF150
aF135
aF185
aF95
aF355
aF100
aF100
aF135
aF110
aF105
aF185
aF255
aF500
aF235
aF120
aF330
aF470
aF300
aF75
aF115
aF190
aF110
aF120
aF95
aF80
aF60
aF80
aF75
aF445
aF120
aF110
aF45
aF65
aF180
aF255
aF105
aF105
aF145
aF110
aF260
aF105
aF120
aF180
aF125
aF150
aF550
aF120
aF75
aF50
aF190
aF105
aF80
aF50
aF165
aF180
aF105
aF110
aF195
aF110
aF115
aF180
aF105
aF105
aF135
aF105
aF115
aF105
aF105
aF90
aF115
aF125
aF105
aF50
aF150
aF560
aF105
aF350
aF285
aF275
aF210
aF225
aF60
aF50
aF195
aF105
aF125
aF90
aF125
aF140
aF30
aF50
aF45
aF75
aF55
aF105
aF105
aF55
aF135
aF130
aF120
aF145
aF460
aF80
aF110
aF155
aF165
aF110
aF105
aF105
aF180
aF140
aF160
aF105
aF130
aF240
aF70
aF130
aF205
aF110
aF75
aF100
aF130
aF135
aF145
aF285
aF170
aF90
aF90
aF85
aF105
aF125
aF155
aF180
aF155
aF135
aF355
aF155
aF130
aF75
aF135
aF120
aF345
aF105
aF160
aF105
aF105
aF385
aF235
aF155
aF305
aF125
aF75
aF155
aF110
aF110
aF170
aF105
aF60
aF135
aF75
aF370
aF105
aF75
aF75
aF50
aF125
aF65
aF230
aF310
aF485
aF105
aF65
aF130
aF50
aF105
aF255
aF125
aF100
aF75
aF105
aF105
aF105
aF155
aF110
aF155
aF200
aF55
aF105
aF50
aF130
aF75
aF75
aF105
aF75
aF105
aF75
aF75
aF125
aF55
aF75
aF125
aF75
aF50
aF105
aF230
aF120
aF105
aF305
aF105
aF105
aF130
aF120
aF115
aF160
aF105
aF50
aF135
aF125
aF75
aF75
aF40
aF75
aF75
aF75
aF75
aF75
aF105
aF75
aF100
aF105
aF130
aF135
aF150
aF180
aF180
aF155
aF125
aF80
aF100
aF75
aF50
aF105
aF295
aF450
aF255
aF105
aF170
aF180
aF150
aF155
aF120
aF190
aF485
aF260
aF125
aF125
aF105
aF180
aF135
aF150
aF60
aF155
aF145
aF75
aF180
aF80
aF50
aF165
aF155
aF75
aF50
aF240
aF125
aF105
aF105
aF165
aF140
aF180
aF145
aF110
aF110
aF110
aF135
aF150
aF195
aF110
aF75
aF105
aF130
aF125
aF115
aF105
aF140
aF275
aF105
aF105
aF105
aF105
aF155
aF105
aF100
aF105
aF135
aF435
aF90
aF125
aF135
aF190
aF185
aF195
aF195
aF145
aF210
aF105
aF75
aF225
aF125
aF220
aF125
aF230
aF130
aF130
aF135
aF225
aF335
aF90
aF130
aF355
aF125
aF480
aF330
aF150
aF135
aF105
aF195
aF135
aF110
aF195
aF80
aF105
aF105
aF105
aF75
aF125
aF370
aF345
aF125
aF155
aF200
aF75
aF135
aF220
aF195
aF185
aF385
aF180
aF105
aF105
aF105
aF55
aF105
aF75
aF105
aF110
aF95
aF225
aF105
aF75
aF115
aF145
aF205
aF135
aF110
aF200
aF140
aF105
aF195
aF125
aF205
aF160
aF260
aF160
aF110
aF280
aF125
aF125
aF170
aF150
aF110
aF135
aF155
aF75
aF105
aF75
aF235
aF155
aF50
aF50
aF50
aF300
aF75
aF80
aF80
aF235
aF175
aF310
aF315
aF35
aF210
aF155
aF425
aF55
aF95
aF75
aF75
aF55
aF105
aF75
aF75
aF75
aF75
aF275
aF75
aF75
aF50
aF50
aF75
aF105
aF125
aF310
aF415
aF305
aF105
aF105
aF180
aF75
aF75
aF105
aF125
aF125
aF205
aF75
aF40
aF75
aF75
aF40
aF40
aF75
aF105
aF75
aF75
aF75
aF75
aF50
aF105
aF205
aF275
aF75
aF55
aF105
aF55
aF125
aF75
aF80
aF50
aF50
aF105
aF75
aF50
aF100
aF125
aF480
aF105
aF155
aF75
aF75
aF75
aF75
aF75
aF75
aF75
aF75
aF75
aF105
aF75
aF75
aF75
aF75
aF75
aF75
aF50
aF125
aF355
aF80
aF105
aF110
aF150
aF135
aF125
aF125
aF105
aF80
aF150
aF285
aF125
aF240
aF75
aF125
aF75
aF40
aF75
aF75
aF75
aF75
aF75
aF50
aF105
aF50
aF75
aF110
aF80
aF80
aF80
aF80
aF80
aF75
aF75
aF60
aF80
aF80
aF105
aF80
aF80
aF95
aF35
aF80
aF30
aF280
aF105
aF125
aF100
aF120
aF105
aF130
aF255
aF380
aF105
aF345
aF135
aF240
aF155
aF155
aF175
aF105
aF210
aF150
aF420
aF125
aF110
aF225
aF245
aF130
aF330
aF140
aF505
aF150
aF330
aF190
aF155
aF180
aF125
aF80
aF70
aF80
aF105
aF155
aF180
aF75
aF50
aF150
aF440
aF110
aF110
aF105
aF120
aF135
aF50
aF75
aF80
aF165
aF140
aF150
aF165
aF125
aF180
aF685
aF75
aF75
aF120
aF425
aF90
aF250
aF155
aF330
aF390
aF460
aF105
aF155
aF210
aF180
aF210
aF400
aF155
aF105
aF105
aF105
aF130
aF105
aF305
aF135
aF75
aF170
aF50
aF255
aF155
aF210
aF165
aF155
aF310
aF155
aF155
aF180
aF140
aF105
aF50
aF50
aF75
aF75
aF65
aF105
aF105
aF100
aF50
aF110
aF95
aF85
aF155
aF155
aF105
aF265
aF130
aF215
aF150
aF125
aF155
aF165
aF150
aF155
aF145
aF105
aF155
aF210
aF210
aF180
aF125
aF490
aF255
aF85
aF105
aF80
aF75
aF180
aF70
aF75
aF105
aF50
aF80
aF75
aF125
aF30
aF295
aF180
aF40
aF105
aF105
aF75
aF75
aF90
aF185
aF105
aF105
aF50
aF80
aF75
aF105
aF215
aF405
aF50
aF50
aF75
aF50
aF75
aF140
aF45
aF65
aF110
aF105
aF105
aF50
aF175
aF80
aF180
aF105
aF230
aF105
aF125
aF265
aF100
aF80
aF100
aF125
aF155
aF200
aF125
aF210
aF125
aF295
aF125
aF110
aF105
aF205
aF315
asS'episode'
p6
(lp7
I9000
aI9001
aI9002
aI9003
aI9004
aI9005
aI9006
aI9007
aI9008
aI9009
aI9010
aI9011
aI9012
aI9013
aI9014
aI9015
aI9016
aI9017
aI9018
aI9019
aI9020
aI9021
aI9022
aI9023
aI9024
aI9025
aI9026
aI9027
aI9028
aI9029
aI9030
aI9031
aI9032
aI9033
aI9034
aI9035
aI9036
aI9037
aI9038
aI9039
aI9040
aI9041
aI9042
aI9043
aI9044
aI9045
aI9046
aI9047
aI9048
aI9049
aI9050
aI9051
aI9052
aI9053
aI9054
aI9055
aI9056
aI9057
aI9058
aI9059
aI9060
aI9061
aI9062
aI9063
aI9064
aI9065
aI9066
aI9067
aI9068
aI9069
aI9070
aI9071
aI9072
aI9073
aI9074
aI9075
aI9076
aI9077
aI9078
aI9079
aI9080
aI9081
aI9082
aI9083
aI9084
aI9085
aI9086
aI9087
aI9088
aI9089
aI9090
aI9091
aI9092
aI9093
aI9094
aI9095
aI9096
aI9097
aI9098
aI9099
aI9100
aI9101
aI9102
aI9103
aI9104
aI9105
aI9106
aI9107
aI9108
aI9109
aI9110
aI9111
aI9112
aI9113
aI9114
aI9115
aI9116
aI9117
aI9118
aI9119
aI9120
aI9121
aI9122
aI9123
aI9124
aI9125
aI9126
aI9127
aI9128
aI9129
aI9130
aI9131
aI9132
aI9133
aI9134
aI9135
aI9136
aI9137
aI9138
aI9139
aI9140
aI9141
aI9142
aI9143
aI9144
aI9145
aI9146
aI9147
aI9148
aI9149
aI9150
aI9151
aI9152
aI9153
aI9154
aI9155
aI9156
aI9157
aI9158
aI9159
aI9160
aI9161
aI9162
aI9163
aI9164
aI9165
aI9166
aI9167
aI9168
aI9169
aI9170
aI9171
aI9172
aI9173
aI9174
aI9175
aI9176
aI9177
aI9178
aI9179
aI9180
aI9181
aI9182
aI9183
aI9184
aI9185
aI9186
aI9187
aI9188
aI9189
aI9190
aI9191
aI9192
aI9193
aI9194
aI9195
aI9196
aI9197
aI9198
aI9199
aI9200
aI9201
aI9202
aI9203
aI9204
aI9205
aI9206
aI9207
aI9208
aI9209
aI9210
aI9211
aI9212
aI9213
aI9214
aI9215
aI9216
aI9217
aI9218
aI9219
aI9220
aI9221
aI9222
aI9223
aI9224
aI9225
aI9226
aI9227
aI9228
aI9229
aI9230
aI9231
aI9232
aI9233
aI9234
aI9235
aI9236
aI9237
aI9238
aI9239
aI9240
aI9241
aI9242
aI9243
aI9244
aI9245
aI9246
aI9247
aI9248
aI9249
aI9250
aI9251
aI9252
aI9253
aI9254
aI9255
aI9256
aI9257
aI9258
aI9259
aI9260
aI9261
aI9262
aI9263
aI9264
aI9265
aI9266
aI9267
aI9268
aI9269
aI9270
aI9271
aI9272
aI9273
aI9274
aI9275
aI9276
aI9277
aI9278
aI9279
aI9280
aI9281
aI9282
aI9283
aI9284
aI9285
aI9286
aI9287
aI9288
aI9289
aI9290
aI9291
aI9292
aI9293
aI9294
aI9295
aI9296
aI9297
aI9298
aI9299
aI9300
aI9301
aI9302
aI9303
aI9304
aI9305
aI9306
aI9307
aI9308
aI9309
aI9310
aI9311
aI9312
aI9313
aI9314
aI9315
aI9316
aI9317
aI9318
aI9319
aI9320
aI9321
aI9322
aI9323
aI9324
aI9325
aI9326
aI9327
aI9328
aI9329
aI9330
aI9331
aI9332
aI9333
aI9334
aI9335
aI9336
aI9337
aI9338
aI9339
aI9340
aI9341
aI9342
aI9343
aI9344
aI9345
aI9346
aI9347
aI9348
aI9349
aI9350
aI9351
aI9352
aI9353
aI9354
aI9355
aI9356
aI9357
aI9358
aI9359
aI9360
aI9361
aI9362
aI9363
aI9364
aI9365
aI9366
aI9367
aI9368
aI9369
aI9370
aI9371
aI9372
aI9373
aI9374
aI9375
aI9376
aI9377
aI9378
aI9379
aI9380
aI9381
aI9382
aI9383
aI9384
aI9385
aI9386
aI9387
aI9388
aI9389
aI9390
aI9391
aI9392
aI9393
aI9394
aI9395
aI9396
aI9397
aI9398
aI9399
aI9400
aI9401
aI9402
aI9403
aI9404
aI9405
aI9406
aI9407
aI9408
aI9409
aI9410
aI9411
aI9412
aI9413
aI9414
aI9415
aI9416
aI9417
aI9418
aI9419
aI9420
aI9421
aI9422
aI9423
aI9424
aI9425
aI9426
aI9427
aI9428
aI9429
aI9430
aI9431
aI9432
aI9433
aI9434
aI9435
aI9436
aI9437
aI9438
aI9439
aI9440
aI9441
aI9442
aI9443
aI9444
aI9445
aI9446
aI9447
aI9448
aI9449
aI9450
aI9451
aI9452
aI9453
aI9454
aI9455
aI9456
aI9457
aI9458
aI9459
aI9460
aI9461
aI9462
aI9463
aI9464
aI9465
aI9466
aI9467
aI9468
aI9469
aI9470
aI9471
aI9472
aI9473
aI9474
aI9475
aI9476
aI9477
aI9478
aI9479
aI9480
aI9481
aI9482
aI9483
aI9484
aI9485
aI9486
aI9487
aI9488
aI9489
aI9490
aI9491
aI9492
aI9493
aI9494
aI9495
aI9496
aI9497
aI9498
aI9499
aI9500
aI9501
aI9502
aI9503
aI9504
aI9505
aI9506
aI9507
aI9508
aI9509
aI9510
aI9511
aI9512
aI9513
aI9514
aI9515
aI9516
aI9517
aI9518
aI9519
aI9520
aI9521
aI9522
aI9523
aI9524
aI9525
aI9526
aI9527
aI9528
aI9529
aI9530
aI9531
aI9532
aI9533
aI9534
aI9535
aI9536
aI9537
aI9538
aI9539
aI9540
aI9541
aI9542
aI9543
aI9544
aI9545
aI9546
aI9547
aI9548
aI9549
aI9550
aI9551
aI9552
aI9553
aI9554
aI9555
aI9556
aI9557
aI9558
aI9559
aI9560
aI9561
aI9562
aI9563
aI9564
aI9565
aI9566
aI9567
aI9568
aI9569
aI9570
aI9571
aI9572
aI9573
aI9574
aI9575
aI9576
aI9577
aI9578
aI9579
aI9580
aI9581
aI9582
aI9583
aI9584
aI9585
aI9586
aI9587
aI9588
aI9589
aI9590
aI9591
aI9592
aI9593
aI9594
aI9595
aI9596
aI9597
aI9598
aI9599
aI9600
aI9601
aI9602
aI9603
aI9604
aI9605
aI9606
aI9607
aI9608
aI9609
aI9610
aI9611
aI9612
aI9613
aI9614
aI9615
aI9616
aI9617
aI9618
aI9619
aI9620
aI9621
aI9622
aI9623
aI9624
aI9625
aI9626
aI9627
aI9628
aI9629
aI9630
aI9631
aI9632
aI9633
aI9634
aI9635
aI9636
aI9637
aI9638
aI9639
aI9640
aI9641
aI9642
aI9643
aI9644
aI9645
aI9646
aI9647
aI9648
aI9649
aI9650
aI9651
aI9652
aI9653
aI9654
aI9655
aI9656
aI9657
aI9658
aI9659
aI9660
aI9661
aI9662
aI9663
aI9664
aI9665
aI9666
aI9667
aI9668
aI9669
aI9670
aI9671
aI9672
aI9673
aI9674
aI9675
aI9676
aI9677
aI9678
aI9679
aI9680
aI9681
aI9682
aI9683
aI9684
aI9685
aI9686
aI9687
aI9688
aI9689
aI9690
aI9691
aI9692
aI9693
aI9694
aI9695
aI9696
aI9697
aI9698
aI9699
aI9700
aI9701
aI9702
aI9703
aI9704
aI9705
aI9706
aI9707
aI9708
aI9709
aI9710
aI9711
aI9712
aI9713
aI9714
aI9715
aI9716
aI9717
aI9718
aI9719
aI9720
aI9721
aI9722
aI9723
aI9724
aI9725
aI9726
aI9727
aI9728
aI9729
aI9730
aI9731
aI9732
aI9733
aI9734
aI9735
aI9736
aI9737
aI9738
aI9739
aI9740
aI9741
aI9742
aI9743
aI9744
aI9745
aI9746
aI9747
aI9748
aI9749
aI9750
aI9751
aI9752
aI9753
aI9754
aI9755
aI9756
aI9757
aI9758
aI9759
aI9760
aI9761
aI9762
aI9763
aI9764
aI9765
aI9766
aI9767
aI9768
aI9769
aI9770
aI9771
aI9772
aI9773
aI9774
aI9775
aI9776
aI9777
aI9778
aI9779
aI9780
aI9781
aI9782
aI9783
aI9784
aI9785
aI9786
aI9787
aI9788
aI9789
aI9790
aI9791
aI9792
aI9793
aI9794
aI9795
aI9796
aI9797
aI9798
aI9799
aI9800
aI9801
aI9802
aI9803
aI9804
aI9805
aI9806
aI9807
aI9808
aI9809
aI9810
aI9811
aI9812
aI9813
aI9814
aI9815
aI9816
aI9817
aI9818
aI9819
aI9820
aI9821
aI9822
aI9823
aI9824
aI9825
aI9826
aI9827
aI9828
aI9829
aI9830
aI9831
aI9832
aI9833
aI9834
aI9835
aI9836
aI9837
aI9838
aI9839
aI9840
aI9841
aI9842
aI9843
aI9844
aI9845
aI9846
aI9847
aI9848
aI9849
aI9850
aI9851
aI9852
aI9853
aI9854
aI9855
aI9856
aI9857
aI9858
aI9859
aI9860
aI9861
aI9862
aI9863
aI9864
aI9865
aI9866
aI9867
aI9868
aI9869
aI9870
aI9871
aI9872
aI9873
aI9874
aI9875
aI9876
aI9877
aI9878
aI9879
aI9880
aI9881
aI9882
aI9883
aI9884
aI9885
aI9886
aI9887
aI9888
aI9889
aI9890
aI9891
aI9892
aI9893
aI9894
aI9895
aI9896
aI9897
aI9898
aI9899
aI9900
aI9901
aI9902
aI9903
aI9904
aI9905
aI9906
aI9907
aI9908
aI9909
aI9910
aI9911
aI9912
aI9913
aI9914
aI9915
aI9916
aI9917
aI9918
aI9919
aI9920
aI9921
aI9922
aI9923
aI9924
aI9925
aI9926
aI9927
aI9928
aI9929
aI9930
aI9931
aI9932
aI9933
aI9934
aI9935
aI9936
aI9937
aI9938
aI9939
aI9940
aI9941
aI9942
aI9943
aI9944
aI9945
aI9946
aI9947
aI9948
aI9949
aI9950
aI9951
aI9952
aI9953
aI9954
aI9955
aI9956
aI9957
aI9958
aI9959
aI9960
aI9961
aI9962
aI9963
aI9964
aI9965
aI9966
aI9967
aI9968
aI9969
aI9970
aI9971
aI9972
aI9973
aI9974
aI9975
aI9976
aI9977
aI9978
aI9979
aI9980
aI9981
aI9982
aI9983
aI9984
aI9985
aI9986
aI9987
aI9988
aI9989
aI9990
aI9991
aI9992
aI9993
aI9994
aI9995
aI9996
aI9997
aI9998
aI9999
aI10000
aI10001
aI10002
aI10003
aI10004
aI10005
aI10006
aI10007
aI10008
aI10009
aI10010
aI10011
aI10012
aI10013
aI10014
aI10015
aI10016
aI10017
aI10018
aI10019
aI10020
aI10021
aI10022
aI10023
aI10024
aI10025
aI10026
aI10027
aI10028
aI10029
aI10030
aI10031
aI10032
aI10033
aI10034
aI10035
aI10036
aI10037
aI10038
aI10039
aI10040
aI10041
aI10042
aI10043
aI10044
aI10045
aI10046
aI10047
aI10048
aI10049
aI10050
aI10051
aI10052
aI10053
aI10054
aI10055
aI10056
aI10057
aI10058
aI10059
aI10060
aI10061
aI10062
aI10063
aI10064
aI10065
aI10066
aI10067
aI10068
aI10069
aI10070
aI10071
aI10072
aI10073
aI10074
aI10075
aI10076
aI10077
aI10078
aI10079
aI10080
aI10081
aI10082
aI10083
aI10084
aI10085
aI10086
aI10087
aI10088
aI10089
aI10090
aI10091
aI10092
aI10093
aI10094
aI10095
aI10096
aI10097
aI10098
aI10099
aI10100
aI10101
aI10102
aI10103
aI10104
aI10105
aI10106
aI10107
aI10108
aI10109
aI10110
aI10111
aI10112
aI10113
aI10114
aI10115
aI10116
aI10117
aI10118
aI10119
aI10120
aI10121
aI10122
aI10123
aI10124
aI10125
aI10126
aI10127
aI10128
aI10129
aI10130
aI10131
aI10132
aI10133
aI10134
aI10135
aI10136
aI10137
aI10138
aI10139
aI10140
aI10141
aI10142
aI10143
aI10144
aI10145
aI10146
aI10147
aI10148
aI10149
aI10150
aI10151
aI10152
aI10153
aI10154
aI10155
aI10156
aI10157
aI10158
aI10159
aI10160
aI10161
aI10162
aI10163
aI10164
aI10165
aI10166
aI10167
aI10168
aI10169
aI10170
aI10171
aI10172
aI10173
aI10174
aI10175
aI10176
aI10177
aI10178
aI10179
aI10180
aI10181
aI10182
aI10183
aI10184
aI10185
aI10186
aI10187
aI10188
aI10189
aI10190
aI10191
aI10192
aI10193
aI10194
aI10195
aI10196
aI10197
aI10198
aI10199
aI10200
aI10201
aI10202
aI10203
aI10204
aI10205
aI10206
aI10207
aI10208
aI10209
aI10210
aI10211
aI10212
aI10213
aI10214
aI10215
aI10216
aI10217
aI10218
aI10219
aI10220
aI10221
aI10222
aI10223
aI10224
aI10225
aI10226
aI10227
aI10228
aI10229
aI10230
aI10231
aI10232
aI10233
aI10234
aI10235
aI10236
aI10237
aI10238
aI10239
aI10240
aI10241
aI10242
aI10243
aI10244
aI10245
aI10246
aI10247
aI10248
aI10249
aI10250
aI10251
aI10252
aI10253
aI10254
aI10255
aI10256
aI10257
aI10258
aI10259
aI10260
aI10261
aI10262
aI10263
aI10264
aI10265
aI10266
aI10267
aI10268
aI10269
aI10270
aI10271
aI10272
aI10273
aI10274
aI10275
aI10276
aI10277
aI10278
aI10279
aI10280
aI10281
aI10282
aI10283
aI10284
aI10285
aI10286
aI10287
aI10288
aI10289
aI10290
aI10291
aI10292
aI10293
aI10294
aI10295
aI10296
aI10297
aI10298
aI10299
aI10300
aI10301
aI10302
aI10303
aI10304
aI10305
aI10306
aI10307
aI10308
aI10309
aI10310
aI10311
aI10312
aI10313
aI10314
aI10315
aI10316
aI10317
aI10318
aI10319
aI10320
aI10321
aI10322
aI10323
aI10324
aI10325
aI10326
aI10327
aI10328
aI10329
aI10330
aI10331
aI10332
aI10333
aI10334
aI10335
aI10336
aI10337
aI10338
aI10339
aI10340
aI10341
aI10342
aI10343
aI10344
aI10345
aI10346
aI10347
aI10348
aI10349
aI10350
aI10351
aI10352
aI10353
aI10354
aI10355
aI10356
aI10357
aI10358
aI10359
aI10360
aI10361
aI10362
aI10363
aI10364
aI10365
aI10366
aI10367
aI10368
aI10369
aI10370
aI10371
aI10372
aI10373
aI10374
aI10375
aI10376
aI10377
aI10378
aI10379
aI10380
aI10381
aI10382
aI10383
aI10384
aI10385
aI10386
aI10387
aI10388
aI10389
aI10390
aI10391
aI10392
aI10393
aI10394
aI10395
aI10396
aI10397
aI10398
aI10399
aI10400
aI10401
aI10402
aI10403
aI10404
aI10405
aI10406
aI10407
aI10408
aI10409
aI10410
aI10411
aI10412
aI10413
aI10414
aI10415
aI10416
aI10417
aI10418
aI10419
aI10420
aI10421
aI10422
aI10423
aI10424
aI10425
aI10426
aI10427
aI10428
aI10429
aI10430
aI10431
aI10432
aI10433
aI10434
aI10435
aI10436
aI10437
aI10438
aI10439
aI10440
aI10441
aI10442
aI10443
aI10444
aI10445
aI10446
aI10447
aI10448
aI10449
aI10450
aI10451
aI10452
aI10453
aI10454
aI10455
aI10456
aI10457
aI10458
aI10459
aI10460
aI10461
aI10462
aI10463
aI10464
aI10465
aI10466
aI10467
aI10468
aI10469
aI10470
aI10471
aI10472
aI10473
aI10474
aI10475
aI10476
aI10477
aI10478
aI10479
aI10480
aI10481
aI10482
aI10483
aI10484
aI10485
aI10486
aI10487
aI10488
aI10489
aI10490
aI10491
aI10492
aI10493
aI10494
aI10495
aI10496
aI10497
aI10498
aI10499
aI10500
aI10501
aI10502
aI10503
aI10504
aI10505
aI10506
aI10507
aI10508
aI10509
aI10510
aI10511
aI10512
aI10513
aI10514
aI10515
aI10516
aI10517
aI10518
aI10519
aI10520
aI10521
aI10522
aI10523
aI10524
aI10525
aI10526
aI10527
aI10528
aI10529
aI10530
aI10531
aI10532
aI10533
aI10534
aI10535
aI10536
aI10537
aI10538
aI10539
aI10540
aI10541
aI10542
aI10543
aI10544
aI10545
aI10546
aI10547
aI10548
aI10549
aI10550
aI10551
aI10552
aI10553
aI10554
aI10555
aI10556
aI10557
aI10558
aI10559
aI10560
aI10561
aI10562
aI10563
aI10564
aI10565
aI10566
aI10567
aI10568
aI10569
aI10570
aI10571
aI10572
aI10573
aI10574
aI10575
aI10576
aI10577
aI10578
aI10579
aI10580
aI10581
aI10582
aI10583
aI10584
aI10585
aI10586
aI10587
aI10588
aI10589
aI10590
aI10591
aI10592
aI10593
aI10594
aI10595
aI10596
aI10597
aI10598
aI10599
aI10600
aI10601
aI10602
aI10603
aI10604
aI10605
aI10606
aI10607
aI10608
aI10609
aI10610
aI10611
aI10612
aI10613
aI10614
aI10615
aI10616
aI10617
aI10618
aI10619
aI10620
aI10621
aI10622
aI10623
aI10624
aI10625
aI10626
aI10627
aI10628
aI10629
aI10630
aI10631
aI10632
aI10633
aI10634
aI10635
aI10636
aI10637
aI10638
aI10639
aI10640
aI10641
aI10642
aI10643
aI10644
aI10645
aI10646
aI10647
aI10648
aI10649
aI10650
aI10651
aI10652
aI10653
aI10654
aI10655
aI10656
aI10657
aI10658
aI10659
aI10660
aI10661
aI10662
aI10663
aI10664
aI10665
aI10666
aI10667
aI10668
aI10669
aI10670
aI10671
aI10672
aI10673
aI10674
aI10675
aI10676
aI10677
aI10678
aI10679
aI10680
aI10681
aI10682
aI10683
aI10684
aI10685
aI10686
aI10687
aI10688
aI10689
aI10690
aI10691
aI10692
aI10693
aI10694
aI10695
aI10696
aI10697
aI10698
aI10699
aI10700
aI10701
aI10702
aI10703
aI10704
aI10705
aI10706
aI10707
aI10708
aI10709
aI10710
aI10711
aI10712
aI10713
aI10714
aI10715
aI10716
aI10717
aI10718
aI10719
aI10720
aI10721
aI10722
aI10723
aI10724
aI10725
aI10726
aI10727
aI10728
aI10729
aI10730
aI10731
aI10732
aI10733
aI10734
aI10735
aI10736
aI10737
aI10738
aI10739
aI10740
aI10741
aI10742
aI10743
aI10744
aI10745
aI10746
aI10747
aI10748
aI10749
aI10750
aI10751
aI10752
aI10753
aI10754
aI10755
aI10756
aI10757
aI10758
aI10759
aI10760
aI10761
aI10762
aI10763
aI10764
aI10765
aI10766
aI10767
aI10768
aI10769
aI10770
aI10771
aI10772
aI10773
aI10774
aI10775
aI10776
aI10777
aI10778
aI10779
aI10780
aI10781
aI10782
aI10783
aI10784
aI10785
aI10786
aI10787
aI10788
aI10789
aI10790
aI10791
aI10792
aI10793
aI10794
aI10795
aI10796
aI10797
aI10798
aI10799
aI10800
aI10801
aI10802
aI10803
aI10804
aI10805
aI10806
aI10807
aI10808
aI10809
aI10810
aI10811
aI10812
aI10813
aI10814
aI10815
aI10816
aI10817
aI10818
aI10819
aI10820
aI10821
aI10822
aI10823
aI10824
aI10825
aI10826
aI10827
aI10828
aI10829
aI10830
aI10831
aI10832
aI10833
aI10834
aI10835
aI10836
aI10837
aI10838
aI10839
aI10840
aI10841
aI10842
aI10843
aI10844
aI10845
aI10846
aI10847
aI10848
aI10849
aI10850
aI10851
aI10852
aI10853
aI10854
aI10855
aI10856
aI10857
aI10858
aI10859
aI10860
aI10861
aI10862
aI10863
aI10864
aI10865
aI10866
aI10867
aI10868
aI10869
aI10870
aI10871
aI10872
aI10873
aI10874
aI10875
aI10876
aI10877
aI10878
aI10879
aI10880
aI10881
aI10882
aI10883
aI10884
aI10885
aI10886
aI10887
aI10888
aI10889
aI10890
aI10891
aI10892
aI10893
aI10894
aI10895
aI10896
aI10897
aI10898
aI10899
aI10900
aI10901
aI10902
aI10903
aI10904
aI10905
aI10906
aI10907
aI10908
aI10909
aI10910
aI10911
aI10912
aI10913
aI10914
aI10915
aI10916
aI10917
aI10918
aI10919
aI10920
aI10921
aI10922
aI10923
aI10924
aI10925
aI10926
aI10927
aI10928
aI10929
aI10930
aI10931
aI10932
aI10933
aI10934
aI10935
aI10936
aI10937
aI10938
aI10939
aI10940
aI10941
aI10942
aI10943
aI10944
aI10945
aI10946
aI10947
aI10948
aI10949
aI10950
aI10951
aI10952
aI10953
aI10954
aI10955
aI10956
aI10957
aI10958
aI10959
aI10960
aI10961
aI10962
aI10963
aI10964
aI10965
aI10966
aI10967
aI10968
aI10969
aI10970
aI10971
aI10972
aI10973
aI10974
aI10975
aI10976
aI10977
aI10978
aI10979
aI10980
aI10981
aI10982
aI10983
aI10984
aI10985
aI10986
aI10987
aI10988
aI10989
aI10990
aI10991
aI10992
aI10993
aI10994
aI10995
aI10996
aI10997
aI10998
aI10999
aI11000
aI11001
aI11002
aI11003
aI11004
aI11005
aI11006
aI11007
aI11008
aI11009
aI11010
aI11011
aI11012
aI11013
aI11014
aI11015
aI11016
aI11017
aI11018
aI11019
aI11020
aI11021
aI11022
aI11023
aI11024
aI11025
aI11026
aI11027
aI11028
aI11029
aI11030
aI11031
aI11032
aI11033
aI11034
aI11035
aI11036
aI11037
aI11038
aI11039
aI11040
aI11041
aI11042
aI11043
aI11044
aI11045
aI11046
aI11047
aI11048
aI11049
aI11050
aI11051
aI11052
aI11053
aI11054
aI11055
aI11056
aI11057
aI11058
aI11059
aI11060
aI11061
aI11062
aI11063
aI11064
aI11065
aI11066
aI11067
aI11068
aI11069
aI11070
aI11071
aI11072
aI11073
aI11074
aI11075
aI11076
aI11077
aI11078
aI11079
aI11080
aI11081
aI11082
aI11083
aI11084
aI11085
aI11086
aI11087
aI11088
aI11089
aI11090
aI11091
aI11092
aI11093
aI11094
aI11095
aI11096
aI11097
aI11098
aI11099
aI11100
aI11101
aI11102
aI11103
aI11104
aI11105
aI11106
aI11107
aI11108
aI11109
aI11110
aI11111
aI11112
aI11113
aI11114
aI11115
aI11116
aI11117
aI11118
aI11119
aI11120
aI11121
aI11122
aI11123
aI11124
aI11125
aI11126
aI11127
aI11128
aI11129
aI11130
aI11131
aI11132
aI11133
aI11134
aI11135
aI11136
aI11137
aI11138
aI11139
aI11140
aI11141
aI11142
aI11143
aI11144
aI11145
aI11146
aI11147
aI11148
aI11149
aI11150
aI11151
aI11152
aI11153
aI11154
aI11155
aI11156
aI11157
aI11158
aI11159
aI11160
aI11161
aI11162
aI11163
aI11164
aI11165
aI11166
aI11167
aI11168
aI11169
aI11170
aI11171
aI11172
aI11173
aI11174
aI11175
aI11176
aI11177
aI11178
aI11179
aI11180
aI11181
aI11182
aI11183
aI11184
aI11185
aI11186
aI11187
aI11188
aI11189
aI11190
aI11191
aI11192
aI11193
aI11194
aI11195
aI11196
aI11197
aI11198
aI11199
aI11200
aI11201
aI11202
aI11203
aI11204
aI11205
aI11206
aI11207
aI11208
aI11209
aI11210
aI11211
aI11212
aI11213
aI11214
aI11215
aI11216
aI11217
aI11218
aI11219
aI11220
aI11221
aI11222
aI11223
aI11224
aI11225
aI11226
aI11227
aI11228
aI11229
aI11230
aI11231
aI11232
aI11233
aI11234
aI11235
aI11236
aI11237
aI11238
aI11239
aI11240
aI11241
aI11242
aI11243
aI11244
aI11245
aI11246
aI11247
aI11248
aI11249
aI11250
aI11251
aI11252
aI11253
aI11254
aI11255
aI11256
aI11257
aI11258
aI11259
aI11260
aI11261
aI11262
aI11263
aI11264
aI11265
aI11266
aI11267
aI11268
aI11269
aI11270
aI11271
aI11272
aI11273
aI11274
aI11275
aI11276
aI11277
aI11278
aI11279
aI11280
aI11281
aI11282
aI11283
aI11284
aI11285
aI11286
aI11287
aI11288
aI11289
aI11290
aI11291
aI11292
aI11293
aI11294
aI11295
aI11296
aI11297
aI11298
aI11299
aI11300
aI11301
aI11302
aI11303
aI11304
aI11305
aI11306
aI11307
aI11308
aI11309
aI11310
aI11311
aI11312
aI11313
aI11314
aI11315
aI11316
aI11317
aI11318
aI11319
aI11320
aI11321
aI11322
aI11323
aI11324
aI11325
aI11326
aI11327
aI11328
aI11329
aI11330
aI11331
aI11332
aI11333
aI11334
aI11335
aI11336
aI11337
aI11338
aI11339
aI11340
aI11341
aI11342
aI11343
aI11344
aI11345
aI11346
aI11347
aI11348
aI11349
aI11350
aI11351
aI11352
aI11353
aI11354
aI11355
aI11356
aI11357
aI11358
aI11359
aI11360
aI11361
aI11362
aI11363
aI11364
aI11365
aI11366
aI11367
aI11368
aI11369
aI11370
aI11371
aI11372
aI11373
aI11374
aI11375
aI11376
aI11377
aI11378
aI11379
aI11380
aI11381
aI11382
aI11383
aI11384
aI11385
aI11386
aI11387
aI11388
aI11389
aI11390
aI11391
aI11392
aI11393
aI11394
aI11395
aI11396
aI11397
aI11398
aI11399
aI11400
aI11401
aI11402
aI11403
aI11404
aI11405
aI11406
aI11407
aI11408
aI11409
aI11410
aI11411
aI11412
aI11413
aI11414
aI11415
aI11416
aI11417
aI11418
aI11419
aI11420
aI11421
aI11422
aI11423
aI11424
aI11425
aI11426
aI11427
aI11428
aI11429
aI11430
aI11431
aI11432
aI11433
aI11434
aI11435
aI11436
aI11437
aI11438
aI11439
aI11440
aI11441
aI11442
aI11443
aI11444
aI11445
aI11446
aI11447
aI11448
aI11449
aI11450
aI11451
aI11452
aI11453
aI11454
aI11455
aI11456
aI11457
aI11458
aI11459
aI11460
aI11461
aI11462
aI11463
aI11464
aI11465
aI11466
aI11467
aI11468
aI11469
aI11470
aI11471
aI11472
aI11473
aI11474
aI11475
aI11476
aI11477
aI11478
aI11479
aI11480
aI11481
aI11482
aI11483
aI11484
aI11485
aI11486
aI11487
aI11488
aI11489
aI11490
aI11491
aI11492
aI11493
aI11494
aI11495
aI11496
aI11497
aI11498
aI11499
aI11500
aI11501
aI11502
aI11503
aI11504
aI11505
aI11506
aI11507
aI11508
aI11509
aI11510
aI11511
aI11512
aI11513
aI11514
aI11515
aI11516
aI11517
aI11518
aI11519
aI11520
aI11521
aI11522
aI11523
aI11524
aI11525
aI11526
aI11527
aI11528
aI11529
aI11530
aI11531
aI11532
aI11533
aI11534
aI11535
aI11536
aI11537
aI11538
aI11539
aI11540
aI11541
aI11542
aI11543
aI11544
aI11545
aI11546
aI11547
aI11548
aI11549
aI11550
aI11551
aI11552
aI11553
aI11554
aI11555
aI11556
aI11557
aI11558
aI11559
aI11560
aI11561
aI11562
aI11563
aI11564
aI11565
aI11566
aI11567
aI11568
aI11569
aI11570
aI11571
aI11572
aI11573
aI11574
aI11575
aI11576
aI11577
aI11578
aI11579
aI11580
aI11581
aI11582
aI11583
aI11584
aI11585
aI11586
aI11587
aI11588
aI11589
aI11590
aI11591
aI11592
aI11593
aI11594
aI11595
aI11596
aI11597
aI11598
aI11599
aI11600
aI11601
aI11602
aI11603
aI11604
aI11605
aI11606
aI11607
aI11608
aI11609
aI11610
aI11611
aI11612
aI11613
aI11614
aI11615
aI11616
aI11617
aI11618
aI11619
aI11620
aI11621
aI11622
aI11623
aI11624
aI11625
aI11626
aI11627
aI11628
aI11629
aI11630
aI11631
aI11632
aI11633
aI11634
aI11635
aI11636
aI11637
aI11638
aI11639
aI11640
aI11641
aI11642
aI11643
aI11644
aI11645
aI11646
aI11647
aI11648
aI11649
aI11650
aI11651
aI11652
aI11653
aI11654
aI11655
aI11656
aI11657
aI11658
aI11659
aI11660
aI11661
aI11662
aI11663
aI11664
aI11665
aI11666
aI11667
aI11668
aI11669
aI11670
aI11671
aI11672
aI11673
aI11674
aI11675
aI11676
aI11677
aI11678
aI11679
aI11680
aI11681
aI11682
aI11683
aI11684
aI11685
aI11686
aI11687
aI11688
aI11689
aI11690
aI11691
aI11692
aI11693
aI11694
aI11695
aI11696
aI11697
aI11698
aI11699
aI11700
aI11701
aI11702
aI11703
aI11704
aI11705
aI11706
aI11707
aI11708
aI11709
aI11710
aI11711
aI11712
aI11713
aI11714
aI11715
aI11716
aI11717
aI11718
aI11719
aI11720
aI11721
aI11722
aI11723
aI11724
aI11725
aI11726
aI11727
aI11728
aI11729
aI11730
aI11731
aI11732
aI11733
aI11734
aI11735
aI11736
aI11737
aI11738
aI11739
aI11740
aI11741
aI11742
aI11743
aI11744
aI11745
aI11746
aI11747
aI11748
aI11749
aI11750
aI11751
aI11752
aI11753
aI11754
aI11755
aI11756
aI11757
aI11758
aI11759
aI11760
aI11761
aI11762
aI11763
aI11764
aI11765
aI11766
aI11767
aI11768
aI11769
aI11770
aI11771
aI11772
aI11773
aI11774
aI11775
aI11776
aI11777
aI11778
aI11779
aI11780
aI11781
aI11782
aI11783
aI11784
aI11785
aI11786
aI11787
aI11788
aI11789
aI11790
aI11791
aI11792
aI11793
aI11794
aI11795
aI11796
aI11797
aI11798
aI11799
aI11800
aI11801
aI11802
aI11803
aI11804
aI11805
aI11806
aI11807
aI11808
aI11809
aI11810
aI11811
aI11812
aI11813
aI11814
aI11815
aI11816
aI11817
aI11818
aI11819
aI11820
aI11821
aI11822
aI11823
aI11824
aI11825
aI11826
aI11827
aI11828
aI11829
aI11830
aI11831
aI11832
aI11833
aI11834
aI11835
aI11836
aI11837
aI11838
aI11839
aI11840
aI11841
aI11842
aI11843
aI11844
aI11845
aI11846
aI11847
aI11848
aI11849
aI11850
aI11851
aI11852
aI11853
aI11854
aI11855
aI11856
aI11857
aI11858
aI11859
aI11860
aI11861
aI11862
aI11863
aI11864
aI11865
aI11866
aI11867
aI11868
aI11869
aI11870
aI11871
aI11872
aI11873
aI11874
aI11875
aI11876
aI11877
aI11878
aI11879
aI11880
aI11881
aI11882
aI11883
aI11884
aI11885
aI11886
aI11887
aI11888
aI11889
aI11890
aI11891
aI11892
aI11893
aI11894
aI11895
aI11896
aI11897
aI11898
aI11899
aI11900
aI11901
aI11902
aI11903
aI11904
aI11905
aI11906
aI11907
aI11908
aI11909
aI11910
aI11911
aI11912
aI11913
aI11914
aI11915
aI11916
aI11917
aI11918
aI11919
aI11920
aI11921
aI11922
aI11923
aI11924
aI11925
aI11926
aI11927
aI11928
aI11929
aI11930
aI11931
aI11932
aI11933
aI11934
aI11935
aI11936
aI11937
aI11938
aI11939
aI11940
aI11941
aI11942
aI11943
aI11944
aI11945
aI11946
aI11947
aI11948
aI11949
aI11950
aI11951
aI11952
aI11953
aI11954
aI11955
aI11956
aI11957
aI11958
aI11959
aI11960
aI11961
aI11962
aI11963
aI11964
aI11965
aI11966
aI11967
aI11968
aI11969
aI11970
aI11971
aI11972
aI11973
aI11974
aI11975
aI11976
aI11977
aI11978
aI11979
aI11980
aI11981
aI11982
aI11983
aI11984
aI11985
aI11986
aI11987
aI11988
aI11989
aI11990
aI11991
aI11992
aI11993
aI11994
aI11995
aI11996
aI11997
aI11998
aI11999
as.