(dp1
S'steps'
p2
(lp3
I67
aI70
aI82
aI88
aI82
aI82
aI93
aI65
aI85
aI66
aI82
aI66
aI41
aI51
aI68
aI82
aI39
aI80
aI84
aI110
aI82
aI69
aI86
aI81
aI67
aI129
aI51
aI86
aI82
aI82
aI82
aI81
aI81
aI116
aI82
aI66
aI71
aI62
aI68
aI157
aI143
aI45
aI50
aI52
aI67
aI73
aI45
aI93
aI69
aI51
aI81
aI66
aI65
aI81
aI67
aI67
aI67
aI84
aI81
aI67
aI66
aI81
aI65
aI83
aI67
aI69
aI66
aI72
aI138
aI119
aI66
aI65
aI81
aI67
aI67
aI67
aI66
aI67
aI67
aI67
aI67
aI67
aI67
aI65
aI70
aI117
aI97
aI67
aI66
aI67
aI112
aI67
aI67
aI92
aI79
aI117
aI53
aI40
aI80
aI67
aI67
aI229
aI50
aI50
aI98
aI67
aI95
aI73
aI66
aI67
aI102
aI67
aI67
aI67
aI67
aI68
aI67
aI67
aI67
aI67
aI68
aI67
aI81
aI66
aI67
aI67
aI67
aI67
aI66
aI103
aI72
aI108
aI83
aI110
aI65
aI83
aI83
aI68
aI67
aI64
aI66
aI67
aI66
aI97
aI66
aI73
aI67
aI67
aI68
aI67
aI67
aI67
aI67
aI67
aI67
aI67
aI67
aI168
aI112
aI45
aI67
aI85
aI126
aI98
aI67
aI93
aI66
aI96
aI68
aI99
aI41
aI71
aI67
aI67
aI132
aI98
aI67
aI69
aI126
aI74
aI104
aI61
aI62
aI69
aI125
aI83
aI65
aI116
aI94
aI94
aI100
aI81
aI67
aI67
aI72
aI113
aI116
aI95
aI94
aI95
aI96
aI84
aI70
aI67
aI104
aI63
aI124
aI119
aI90
aI65
aI76
aI67
aI57
aI67
aI64
aI60
aI51
aI91
aI71
aI54
aI62
aI94
aI63
aI93
aI60
aI67
aI86
aI82
aI51
aI67
aI74
aI52
aI72
aI112
aI81
aI73
aI71
aI40
aI76
aI51
aI52
aI128
aI85
aI66
aI55
aI67
aI80
aI67
aI67
aI67
aI67
aI67
aI64
aI53
aI57
aI65
aI104
aI172
aI70
aI83
aI70
aI113
aI51
aI69
aI72
aI69
aI83
aI71
aI70
aI100
aI70
aI63
aI63
aI66
aI49
aI102
aI135
aI93
aI68
aI73
aI83
aI66
aI50
aI72
aI118
aI82
aI66
aI64
aI51
aI63
aI102
aI68
aI83
aI105
aI44
aI104
aI113
aI67
aI66
aI73
aI75
aI117
aI84
aI54
aI64
aI114
aI51
aI66
aI53
aI51
aI53
aI51
aI67
aI67
aI67
aI65
aI50
aI67
aI64
aI66
aI57
aI67
aI91
aI38
aI73
aI84
aI68
aI158
aI82
aI84
aI81
aI82
aI82
aI82
aI82
aI163
aI65
aI81
aI67
aI67
aI66
aI41
aI67
aI66
aI69
aI88
aI65
aI66
aI67
aI127
aI48
aI97
aI70
aI67
aI56
aI40
aI67
aI51
aI67
aI66
aI66
aI66
aI67
aI67
aI61
aI67
aI80
aI72
aI65
aI52
aI40
aI63
aI68
aI67
aI67
aI67
aI95
aI66
aI67
aI46
aI58
aI71
aI120
aI96
aI109
aI99
aI49
aI90
aI97
aI118
aI120
aI66
aI52
aI94
aI89
aI75
aI98
aI65
aI50
aI44
aI66
aI51
aI92
aI96
aI95
aI64
aI52
aI62
aI108
aI40
aI51
aI51
aI57
aI73
aI99
aI113
aI67
aI93
aI94
aI69
aI63
aI72
aI50
aI123
aI64
aI96
aI98
aI135
aI58
aI69
aI116
aI55
aI63
aI95
aI91
aI50
aI67
aI95
aI136
aI102
aI121
aI67
aI112
aI71
aI53
aI52
aI65
aI119
aI81
aI107
aI118
aI56
aI78
aI119
aI153
aI63
aI93
aI66
aI52
aI70
aI101
aI48
aI101
aI67
aI59
aI65
aI95
aI64
aI95
aI64
aI46
aI67
aI150
aI51
aI81
aI71
aI49
aI52
aI63
aI96
aI49
aI66
aI68
aI55
aI129
aI65
aI93
aI71
aI49
aI48
aI48
aI70
aI92
aI80
aI68
aI67
aI38
aI48
aI67
aI40
aI65
aI68
aI63
aI49
aI91
aI64
aI123
aI69
aI47
aI122
aI64
aI110
aI52
aI69
aI158
aI48
aI70
aI50
aI97
aI65
aI69
aI48
aI51
aI106
aI62
aI91
aI123
aI162
aI90
aI49
aI64
aI49
aI66
aI63
aI110
aI82
aI93
aI67
aI40
aI49
aI64
aI161
aI68
aI111
aI97
aI107
aI107
aI92
aI96
aI123
aI68
aI65
aI71
aI65
aI66
aI67
aI65
aI69
aI53
aI89
aI70
aI51
aI78
aI64
aI123
aI106
aI61
aI64
aI126
aI62
aI94
aI89
aI48
aI54
aI122
aI67
aI38
aI96
aI53
aI48
aI64
aI68
aI62
aI66
aI72
aI71
aI67
aI71
aI96
aI51
aI107
aI109
aI50
aI68
aI67
aI122
aI94
aI97
aI67
aI162
aI127
aI114
aI67
aI67
aI93
aI50
aI65
aI126
aI158
aI96
aI50
aI68
aI66
aI66
aI93
aI67
aI65
aI65
aI88
aI65
aI48
aI48
aI90
aI52
aI90
aI41
aI48
aI48
aI48
aI48
aI63
aI65
aI129
aI48
aI47
aI124
aI68
aI48
aI108
aI63
aI65
aI64
aI54
aI39
aI79
aI96
aI65
aI50
aI92
aI39
aI54
aI67
aI65
aI147
aI48
aI63
aI64
aI49
aI49
aI49
aI49
aI52
aI95
aI65
aI87
aI56
aI96
aI49
aI49
aI65
aI121
aI162
aI48
aI48
aI47
aI48
aI49
aI48
aI48
aI49
aI48
aI48
aI65
aI52
aI67
aI121
aI66
aI57
aI73
aI53
aI65
aI64
aI50
aI64
aI91
aI48
aI49
aI48
aI65
aI94
aI49
aI49
aI49
aI92
aI52
aI66
aI91
aI112
aI50
aI82
aI67
aI48
aI48
aI68
aI161
aI146
aI90
aI91
aI65
aI82
aI50
aI68
aI162
aI130
aI123
aI125
aI63
aI48
aI112
aI64
aI64
aI67
aI39
aI48
aI48
aI52
aI96
aI97
aI69
aI123
aI53
aI78
aI64
aI89
aI68
aI66
aI90
aI49
aI65
aI68
aI122
aI66
aI39
aI67
aI101
aI93
aI64
aI49
aI81
aI63
aI120
aI85
aI65
aI95
aI63
aI48
aI66
aI84
aI63
aI94
aI94
aI63
aI53
aI96
aI64
aI39
aI64
aI48
aI48
aI72
aI102
aI65
aI149
aI95
aI80
aI43
aI48
aI69
aI63
aI94
aI37
aI83
aI53
aI66
aI104
aI64
aI79
aI55
aI65
aI123
aI57
aI66
aI91
aI70
aI67
aI65
aI50
aI80
aI66
aI52
aI76
aI98
aI94
aI125
aI63
aI115
aI65
aI64
aI63
aI49
aI38
aI63
aI71
aI51
aI51
aI63
aI44
aI38
aI79
aI46
aI38
aI46
aI107
aI88
aI73
aI50
aI54
aI96
aI42
aI50
aI91
aI113
aI90
aI66
aI51
aI115
aI78
aI101
aI44
aI67
aI47
aI78
aI78
aI93
aI131
aI85
aI43
aI83
aI83
aI66
aI79
aI95
aI82
aI113
aI49
aI91
aI91
aI62
aI63
aI105
aI104
aI122
aI109
aI93
aI110
aI95
aI49
aI84
aI66
aI91
aI104
aI72
aI91
aI42
aI64
aI82
aI73
aI51
aI49
aI68
aI72
aI98
aI68
aI110
aI90
aI67
aI70
aI92
aI68
aI48
aI98
aI59
aI142
aI51
aI37
aI107
aI91
aI67
aI91
aI94
aI68
aI71
aI58
aI59
aI73
aI108
aI74
aI93
aI96
aI69
aI69
aI62
aI53
aI70
aI93
aI63
aI110
aI42
aI143
aI91
aI78
aI66
aI72
aI93
aI50
aI90
aI67
aI40
aI64
aI39
aI50
aI41
aI70
aI73
aI70
aI81
aI64
aI91
aI70
aI136
aI68
aI96
aI74
aI64
aI52
aI50
aI69
aI91
aI47
aI49
aI49
aI92
aI132
aI49
aI72
aI134
aI67
aI53
aI97
aI105
aI142
aI62
aI75
aI94
aI63
aI94
aI98
aI73
aI49
aI64
aI92
aI93
aI48
aI142
aI77
aI115
aI93
aI45
aI94
aI95
aI94
aI75
aI68
aI37
aI67
aI51
aI108
aI67
aI95
aI54
aI45
aI71
aI69
aI62
aI73
aI35
aI161
aI55
aI69
aI98
aI98
aI48
aI92
aI91
aI38
aI69
aI59
aI37
aI67
aI66
aI70
aI108
aI64
aI36
aI71
aI53
aI70
aI68
aI77
aI70
aI92
aI69
aI40
aI38
aI58
aI90
aI38
aI46
aI108
aI69
aI96
aI63
aI77
aI99
aI109
aI62
aI93
aI93
aI96
aI95
aI75
aI84
aI91
aI93
aI89
aI70
aI52
aI38
aI68
aI94
aI43
aI91
aI92
aI42
aI51
aI70
aI51
aI111
aI43
aI69
aI51
aI136
aI90
aI111
aI50
aI37
aI75
aI93
aI50
aI64
aI63
aI49
aI55
aI64
aI78
aI40
aI39
aI96
aI93
aI62
aI94
aI91
aI75
aI62
aI93
aI92
aI93
aI51
aI77
aI78
aI91
aI76
aI94
aI133
aI132
aI61
aI91
aI45
aI67
aI74
aI129
aI90
aI57
aI51
aI69
aI38
aI51
aI40
aI96
aI52
aI50
aI94
aI66
aI52
aI95
aI65
aI51
aI96
aI53
aI64
aI69
aI34
aI84
aI113
aI94
aI63
aI61
aI106
aI97
aI95
aI95
aI45
aI85
aI36
aI63
aI36
aI74
aI62
aI46
aI47
aI36
aI62
aI100
aI67
aI66
aI122
aI37
aI67
aI56
aI105
aI54
aI63
aI68
aI113
aI40
aI49
aI56
aI49
aI38
aI38
aI85
aI52
aI50
aI63
aI68
aI66
aI74
aI121
aI76
aI66
aI49
aI60
aI79
aI67
aI65
aI48
aI94
aI34
aI38
aI44
aI53
aI41
aI44
aI65
aI65
aI94
aI65
aI124
aI91
aI112
aI65
aI57
aI72
aI65
aI71
aI100
aI40
aI91
aI52
aI79
aI62
aI162
aI69
aI48
aI53
aI69
aI57
aI72
aI62
aI120
aI92
aI90
aI59
aI112
aI94
aI73
aI45
aI40
aI39
aI106
aI97
aI98
aI69
aI92
aI44
aI49
aI41
aI39
aI40
aI46
aI117
aI48
aI69
aI81
aI77
aI54
aI34
aI56
aI62
aI70
aI34
aI86
aI47
aI70
aI100
aI48
aI52
aI46
aI52
aI62
aI95
aI75
aI100
aI95
aI66
aI49
aI94
aI48
aI52
aI52
aI56
aI36
aI51
aI42
aI95
aI90
aI34
aI45
aI33
aI64
aI51
aI96
aI58
aI96
aI54
aI68
aI54
aI57
aI34
aI65
aI34
aI90
aI49
aI34
aI53
aI46
aI51
aI48
aI91
aI38
aI83
aI37
aI88
aI37
aI112
aI37
aI63
aI37
aI66
aI49
aI64
aI65
aI119
aI76
aI37
aI39
aI46
aI52
aI46
aI52
aI89
aI34
aI52
aI50
aI95
aI38
aI52
aI47
aI52
aI49
aI46
aI50
aI52
aI45
aI107
aI45
aI51
aI106
aI93
aI47
aI96
aI109
aI75
aI44
aI65
aI125
aI45
aI77
aI65
aI34
aI87
aI52
aI75
aI47
aI75
aI47
aI42
aI58
aI69
aI65
aI115
aI103
aI48
aI49
aI103
aI127
aI34
aI81
aI67
aI64
aI54
aI44
aI48
aI42
aI44
aI44
aI47
aI38
aI64
aI45
aI101
aI95
aI67
aI98
aI52
aI52
aI57
aI44
aI37
aI34
aI34
aI49
aI38
aI66
aI39
aI38
aI38
aI38
aI40
aI53
aI50
aI44
aI67
aI68
aI97
aI50
aI34
aI95
aI34
aI36
aI76
aI95
aI44
aI68
aI45
aI70
aI97
aI93
aI90
aI38
aI83
aI90
aI49
aI68
aI129
aI66
aI66
aI67
aI64
aI51
aI67
aI81
aI38
aI49
aI64
aI51
aI80
aI67
aI90
aI69
aI123
aI70
aI91
aI66
aI66
aI151
aI68
aI162
aI156
aI66
aI37
aI62
aI72
aI64
aI67
aI54
aI49
aI51
aI34
aI51
aI34
aI109
aI49
aI39
aI37
aI108
aI150
aI36
aI38
aI96
aI38
aI38
aI68
aI44
aI64
aI69
aI125
aI72
aI97
aI67
aI67
aI123
aI95
aI38
aI38
aI94
aI39
aI65
aI67
aI162
aI162
aI38
aI38
aI67
aI64
aI70
aI51
aI38
aI67
aI48
aI50
aI92
aI127
aI95
aI64
aI35
aI39
aI70
aI126
aI67
aI38
aI38
aI67
aI38
aI38
aI38
aI64
aI48
aI95
aI38
aI38
aI37
aI67
aI53
aI38
aI91
aI64
aI63
aI122
aI123
aI126
aI66
aI63
aI68
aI49
aI90
aI50
aI65
aI67
aI93
aI71
aI95
aI38
aI115
aI38
aI121
aI51
aI71
aI52
aI34
aI34
aI34
aI51
aI50
aI125
aI91
aI65
aI88
aI80
aI93
aI65
aI66
aI68
aI129
aI123
aI161
aI38
aI34
aI51
aI38
aI55
aI37
aI63
aI99
aI43
aI65
aI80
aI69
aI89
aI67
aI58
aI79
aI35
aI91
aI47
aI58
aI156
aI96
aI63
aI63
aI127
aI53
aI38
aI67
aI51
aI49
aI57
aI37
aI86
aI66
aI90
aI71
aI44
aI93
aI46
aI38
aI37
aI102
aI92
aI45
aI83
aI51
aI49
aI37
aI50
aI56
aI45
aI38
aI52
aI66
aI52
aI63
aI112
aI121
aI50
aI49
aI66
aI47
aI53
aI95
aI38
aI38
aI52
aI38
aI52
aI71
aI52
aI35
aI149
aI96
aI93
aI38
aI54
aI49
aI60
aI52
aI62
aI52
aI52
aI50
aI80
aI62
aI91
aI89
aI45
aI40
aI52
aI61
aI45
aI62
aI52
aI61
aI65
aI64
aI47
aI63
aI70
aI35
aI49
aI99
aI68
aI63
aI56
aI52
aI95
aI54
aI61
aI54
aI48
aI62
aI61
aI33
aI61
aI89
aI96
aI65
aI95
aI102
aI40
aI34
aI99
aI70
aI57
aI70
aI114
aI67
aI58
aI66
aI67
aI55
aI49
aI63
aI114
aI81
aI64
aI43
aI129
aI68
aI66
aI69
aI120
aI36
aI52
aI69
aI71
aI47
aI37
aI88
aI62
aI48
aI40
aI94
aI72
aI52
aI75
aI112
aI48
aI49
aI47
aI52
aI52
aI80
aI50
aI65
aI65
aI88
aI72
aI64
aI91
aI109
aI65
aI64
aI97
aI48
aI38
aI70
aI90
aI48
aI87
aI52
aI52
aI52
aI52
aI45
aI52
aI52
aI50
aI43
aI53
aI87
aI70
aI50
aI65
aI68
aI49
aI50
aI44
aI56
aI94
aI64
aI64
aI63
aI64
aI51
aI64
aI52
aI108
aI65
aI62
aI52
aI74
aI96
aI70
aI62
aI53
aI47
aI102
aI67
aI80
aI70
aI90
aI95
aI49
aI70
aI70
aI42
aI110
aI42
aI61
aI46
aI82
aI58
aI68
aI100
aI52
aI64
aI68
aI140
aI61
aI41
aI94
aI115
aI67
aI84
aI100
aI85
aI49
aI87
aI51
aI65
aI66
aI42
aI112
aI102
aI43
aI131
aI51
aI38
aI69
aI74
aI55
aI35
aI39
aI108
aI65
aI91
aI49
aI59
aI97
aI117
aI121
aI46
aI67
aI50
aI36
aI124
aI63
aI70
aI97
aI97
aI96
aI122
aI81
aI50
aI47
aI47
aI70
aI99
aI51
aI47
aI69
aI67
aI108
aI50
aI89
aI48
aI36
aI64
aI47
aI101
aI57
aI67
aI87
aI78
aI67
aI65
aI67
aI65
aI65
aI119
aI49
aI123
aI52
aI43
aI49
aI122
aI67
aI70
aI93
aI64
aI151
aI86
aI36
aI70
aI89
aI159
aI65
aI112
aI53
aI50
aI62
aI62
aI48
aI109
aI58
aI70
aI65
aI49
aI44
aI68
aI73
aI113
aI66
aI35
aI93
aI96
aI52
aI76
aI87
aI63
aI38
aI51
aI98
aI55
aI72
aI138
aI53
aI68
aI51
aI81
aI49
aI48
aI56
aI88
aI70
aI52
aI65
aI94
aI66
aI35
aI51
aI113
aI67
aI114
aI87
aI67
aI69
aI69
aI70
aI97
aI84
aI62
aI93
aI93
aI69
aI63
aI91
aI50
aI64
aI89
aI83
aI68
aI68
aI35
aI65
aI47
aI82
aI50
aI65
aI50
aI50
aI66
aI50
aI35
aI120
aI69
aI63
aI53
aI120
aI43
aI66
aI123
aI67
aI72
aI106
aI72
aI71
aI89
aI123
aI68
aI93
aI101
aI45
aI69
aI43
aI161
aI52
aI127
aI96
aI63
aI51
aI68
aI64
aI52
aI98
aI109
aI79
aI71
aI153
aI67
aI158
aI71
aI68
aI58
aI66
aI63
aI90
aI50
aI69
aI61
aI73
aI97
aI65
aI111
aI65
aI73
aI111
aI62
aI66
aI50
aI49
aI69
aI67
aI91
aI70
aI86
aI64
aI66
aI69
aI78
aI84
aI50
aI50
aI50
aI43
aI66
aI84
aI68
aI66
aI97
aI52
aI110
aI115
aI123
aI62
aI64
aI98
aI71
aI67
aI93
aI107
aI71
aI65
aI69
aI64
aI68
aI71
aI108
aI70
aI65
aI50
aI50
aI53
aI39
aI91
aI127
aI68
aI97
aI69
aI57
aI38
aI54
aI89
aI69
aI95
aI36
aI50
aI50
aI64
aI50
aI68
aI65
aI93
aI117
aI97
aI91
aI71
aI52
aI52
aI142
aI52
aI72
aI69
aI51
aI63
aI93
aI64
aI64
aI53
aI40
aI91
aI52
aI50
aI38
aI49
aI51
aI38
aI56
aI38
aI65
aI52
aI52
aI41
aI51
aI105
aI96
aI54
aI52
aI65
aI128
aI162
aI99
aI67
aI86
aI54
aI94
aI65
aI72
aI66
aI41
aI66
aI37
aI51
aI49
aI146
aI37
aI62
aI63
aI71
aI122
aI53
aI69
aI52
aI68
aI67
aI98
aI55
aI54
aI92
aI117
aI89
aI38
aI66
aI51
aI88
aI106
aI95
aI121
aI52
aI92
aI65
aI50
aI52
aI39
aI53
aI38
aI89
aI93
aI53
aI39
aI50
aI79
aI66
aI127
aI64
aI69
aI128
aI68
aI65
aI65
aI64
aI97
aI72
aI63
aI43
aI56
aI45
aI38
aI95
aI49
aI126
aI55
aI53
aI38
aI98
aI38
aI96
aI80
aI70
aI89
aI138
aI52
aI65
aI55
aI52
aI82
aI90
aI95
aI96
aI36
aI46
aI93
aI49
aI71
aI58
aI68
aI82
aI124
aI93
aI132
aI56
aI107
aI65
aI38
aI63
aI93
aI97
aI71
aI67
aI72
aI44
aI70
aI54
aI40
aI52
aI70
aI71
aI99
aI121
aI52
aI65
aI67
aI99
aI53
aI43
aI126
aI81
aI68
aI66
aI66
aI66
aI66
aI66
aI66
aI122
aI172
aI65
aI46
aI53
aI53
aI65
aI66
aI79
aI83
aI66
aI70
aI52
aI143
aI142
aI66
aI98
aI57
aI53
aI51
aI68
aI52
aI72
aI70
aI70
aI66
aI82
aI64
aI68
aI57
aI48
aI65
aI65
aI97
aI53
aI67
aI41
aI41
aI41
aI41
aI41
aI41
aI41
aI41
aI65
aI69
aI70
aI67
aI82
aI67
aI66
aI66
aI66
aI169
aI67
aI94
aI66
aI38
aI98
aI50
aI37
aI53
aI82
aI49
aI70
aI38
aI34
aI51
aI97
aI70
aI66
aI71
aI36
aI66
aI72
aI123
aI51
aI68
aI54
aI56
aI56
aI37
aI50
aI95
aI83
aI53
aI37
aI69
aI83
aI65
aI69
aI66
aI100
aI67
aI66
aI66
aI64
aI35
aI65
aI93
aI67
aI141
aI72
aI40
aI55
aI80
aI66
aI47
aI66
aI69
aI72
aI49
aI65
aI69
aI64
aI68
aI67
aI71
aI67
aI64
aI66
aI92
aI70
aI154
aI52
aI86
aI143
aI91
aI69
aI69
aI49
aI109
aI51
aI36
aI50
aI84
aI67
aI70
aI38
aI38
aI51
aI51
aI51
aI51
aI107
aI52
aI92
aI41
aI130
aI51
aI65
aI50
aI70
aI64
aI51
aI75
aI70
aI51
aI69
aI66
aI38
aI91
aI64
aI92
aI57
aI121
aI93
aI71
aI92
aI68
aI139
aI66
aI51
aI95
aI83
aI88
aI41
aI41
aI41
aI41
aI41
aI41
aI94
aI52
aI66
aI124
aI65
aI92
aI71
aI73
aI50
aI38
aI38
aI40
aI40
aI125
aI68
aI38
aI64
aI38
aI41
aI54
aI53
aI67
aI38
aI41
aI90
aI70
aI66
aI56
aI38
aI92
aI80
aI55
aI67
aI62
aI51
aI66
aI47
aI51
aI40
aI70
aI68
aI98
aI55
aI65
aI53
aI98
aI51
aI54
aI57
aI54
aI40
aI38
aI75
aI72
aI122
aI53
aI64
aI65
aI72
aI92
aI81
aI68
aI70
aI70
aI95
aI120
aI98
aI70
aI82
aI67
aI72
aI50
aI49
aI53
aI35
aI54
aI66
aI69
aI51
aI49
aI65
aI57
aI113
aI68
aI93
aI65
aI64
aI68
aI124
aI93
aI55
aI38
aI122
aI65
aI53
aI41
aI41
aI54
aI41
aI49
aI63
aI54
aI107
aI66
aI68
aI66
aI54
aI51
aI51
aI51
aI64
aI65
aI92
aI68
aI38
aI126
aI70
aI66
aI64
aI65
aI41
aI64
aI68
aI95
aI83
aI52
aI112
aI64
aI65
aI49
aI67
aI95
aI77
aI41
aI47
aI56
aI69
aI52
aI41
aI111
aI48
aI41
aI41
aI40
aI41
aI41
aI51
aI41
aI69
aI55
aI82
aI38
aI54
aI54
aI70
aI66
aI51
aI66
aI94
aI148
aI54
aI41
aI55
aI49
aI67
aI70
aI63
aI108
aI62
aI64
aI66
aI94
aI69
aI107
aI72
aI69
aI81
aI98
aI70
aI65
aI95
aI67
aI49
aI52
aI73
aI66
aI67
aI50
aI146
aI65
aI66
aI66
aI51
aI66
aI82
aI53
aI67
aI41
aI68
aI95
aI71
aI49
aI38
aI72
aI64
aI66
aI51
aI93
aI65
aI150
aI67
aI48
aI97
aI64
aI65
aI64
aI68
aI54
aI49
aI66
aI144
aI38
aI52
aI49
aI92
aI80
aI67
aI65
aI49
aI49
aI65
aI49
aI51
aI95
aI38
aI65
aI50
aI123
aI51
aI73
aI56
aI41
aI71
aI64
aI91
aI52
aI41
aI67
aI63
aI54
aI57
aI49
aI110
aI52
aI97
aI69
aI65
aI158
aI140
aI93
aI66
aI73
aI114
aI48
aI50
aI67
aI49
aI50
aI93
aI48
aI65
aI49
aI36
aI104
aI52
aI94
aI51
aI41
aI41
aI41
aI41
aI67
aI41
aI66
aI158
aI41
aI67
aI52
aI67
aI67
aI65
aI52
aI155
aI41
aI41
aI41
aI41
aI66
aI51
aI67
aI98
aI41
aI65
aI125
aI40
aI49
aI71
aI46
aI42
aI117
aI87
aI67
aI52
aI67
aI67
aI68
aI67
aI97
aI68
aI64
aI51
aI89
aI67
aI41
aI71
aI41
aI67
aI70
aI65
aI41
aI66
aI68
aI66
aI66
aI66
aI64
aI66
aI155
aI66
aI52
aI66
aI44
aI66
aI65
aI65
aI49
aI126
aI67
aI65
aI39
aI63
aI72
aI67
aI38
aI116
aI66
aI66
aI50
aI41
aI71
aI64
aI73
aI66
aI67
aI67
aI64
aI38
aI49
aI74
aI49
aI66
aI59
aI82
aI64
aI47
aI45
aI119
aI99
aI111
aI42
aI145
aI63
aI92
aI105
aI53
aI94
aI55
aI72
aI92
aI65
aI93
aI68
aI67
aI96
aI67
aI69
aI122
aI70
aI111
aI92
aI64
aI68
aI114
aI141
aI63
aI67
aI67
aI68
aI121
aI71
aI67
aI81
aI66
aI63
aI67
aI67
aI70
aI67
aI41
aI52
aI38
aI125
aI69
aI70
aI51
aI66
aI149
aI38
aI70
aI72
aI38
aI65
aI67
aI126
aI52
aI52
aI63
aI65
aI64
aI53
aI67
aI65
aI83
aI51
aI41
aI52
aI67
aI41
aI69
aI68
aI63
aI99
aI54
aI67
aI52
aI123
aI52
aI66
aI67
aI67
aI67
aI67
aI66
aI67
aI67
aI67
aI67
aI66
aI66
aI93
aI66
aI53
aI41
aI41
aI67
aI67
aI81
aI123
aI41
aI94
aI73
aI65
aI67
aI71
aI65
aI41
aI66
aI92
aI91
aI38
aI99
aI70
aI93
aI51
aI94
aI111
aI76
aI40
aI41
aI39
aI56
aI51
aI41
aI52
aI66
aI72
aI50
aI66
aI124
aI108
aI112
aI123
aI93
aI83
aI53
aI51
aI64
aI82
aI54
aI50
aI54
aI66
aI40
aI95
aI82
aI67
aI66
aI66
aI64
aI68
aI98
aI52
aI93
aI70
aI41
aI41
aI41
aI41
aI41
aI67
aI67
aI41
aI67
aI66
aI66
aI66
aI52
aI67
aI67
aI66
aI66
aI51
aI114
aI54
asS'reward'
p4
(lp5
F135
aF150
aF180
aF185
aF180
aF210
aF180
aF180
aF210
aF105
aF180
aF105
aF75
aF105
aF180
aF180
aF80
aF335
aF105
aF210
aF150
aF105
aF215
aF135
aF155
aF135
aF105
aF210
aF180
aF155
aF155
aF120
aF110
aF265
aF180
aF110
aF165
aF90
aF105
aF180
aF180
aF105
aF105
aF60
aF105
aF90
aF75
aF115
aF145
aF105
aF135
aF105
aF105
aF105
aF105
aF105
aF105
aF135
aF110
aF105
aF105
aF120
aF110
aF105
aF105
aF120
aF105
aF110
aF185
aF105
aF105
aF90
aF110
aF105
aF105
aF105
aF100
aF105
aF105
aF105
aF105
aF105
aF105
aF90
aF105
aF105
aF115
aF105
aF75
aF105
aF105
aF105
aF105
aF195
aF150
aF250
aF105
aF105
aF135
aF105
aF105
aF230
aF125
aF130
aF255
aF105
aF230
aF140
aF105
aF105
aF245
aF105
aF105
aF105
aF75
aF105
aF105
aF105
aF105
aF105
aF105
aF105
aF110
aF105
aF105
aF105
aF105
aF105
aF105
aF200
aF80
aF155
aF180
aF260
aF255
aF180
aF210
aF305
aF120
aF135
aF105
aF105
aF105
aF130
aF105
aF105
aF105
aF105
aF105
aF105
aF105
aF105
aF105
aF105
aF105
aF105
aF105
aF180
aF105
aF75
aF105
aF205
aF215
aF195
aF125
aF200
aF175
aF105
aF105
aF430
aF50
aF110
aF125
aF125
aF215
aF195
aF155
aF125
aF175
aF140
aF305
aF165
aF155
aF180
aF215
aF135
aF155
aF215
aF185
aF210
aF445
aF120
aF105
aF105
aF100
aF165
aF405
aF395
aF280
aF185
aF160
aF250
aF210
aF225
aF135
aF145
aF180
aF140
aF145
aF175
aF270
aF150
aF85
aF150
aF45
aF0
aF0
aF155
aF210
aF125
aF55
aF130
aF85
aF225
aF230
aF150
aF230
aF120
aF105
aF105
aF120
aF120
aF185
aF515
aF220
aF240
aF175
aF55
aF135
aF105
aF105
aF460
aF180
aF180
aF105
aF105
aF105
aF105
aF105
aF75
aF50
aF50
aF15
aF50
aF155
aF105
aF430
aF210
aF170
aF155
aF170
aF225
aF90
aF180
aF135
aF155
aF125
aF135
aF190
aF230
aF170
aF75
aF80
aF75
aF50
aF135
aF205
aF115
aF135
aF125
aF155
aF230
aF125
aF205
aF335
aF180
aF210
aF185
aF85
aF125
aF410
aF180
aF155
aF350
aF125
aF505
aF485
aF180
aF160
aF120
aF150
aF255
aF135
aF75
aF20
aF155
aF30
aF105
aF50
aF35
aF75
aF50
aF105
aF105
aF75
aF30
aF50
aF120
aF35
aF105
aF65
aF65
aF150
aF50
aF210
aF210
aF230
aF615
aF180
aF240
aF410
aF210
aF210
aF210
aF210
aF650
aF120
aF120
aF105
aF105
aF35
aF15
aF75
aF15
aF15
aF300
aF35
aF105
aF160
aF255
aF105
aF165
aF135
aF110
aF75
aF35
aF75
aF35
aF75
aF35
aF35
aF75
aF75
aF75
aF75
aF110
aF105
aF135
aF75
aF50
aF15
aF105
aF135
aF75
aF75
aF75
aF155
aF105
aF105
aF100
aF160
aF205
aF470
aF170
aF215
aF200
aF85
aF240
aF135
aF145
aF170
aF105
aF105
aF215
aF260
aF80
aF165
aF105
aF105
aF55
aF90
aF75
aF200
aF140
aF160
aF65
aF50
aF70
aF185
aF35
aF75
aF105
aF155
aF155
aF215
aF155
aF75
aF205
aF215
aF170
aF110
aF80
aF85
aF355
aF130
aF155
aF110
aF175
aF110
aF80
aF270
aF50
aF55
aF210
aF210
aF135
aF65
aF135
aF225
aF215
aF285
aF80
aF225
aF55
aF25
aF0
aF105
aF175
aF60
aF120
aF135
aF185
aF45
aF150
aF120
aF120
aF120
aF75
aF50
aF75
aF140
aF105
aF165
aF135
aF105
aF45
aF135
aF110
aF135
aF105
aF100
aF125
aF185
aF60
aF105
aF90
aF35
aF105
aF105
aF105
aF155
aF95
aF200
aF130
aF125
aF120
aF105
aF120
aF105
aF110
aF135
aF135
aF120
aF135
aF135
aF30
aF90
aF105
aF75
aF105
aF105
aF135
aF105
aF135
aF150
aF130
aF105
aF135
aF120
aF155
aF110
aF180
aF60
aF135
aF105
aF105
aF125
aF105
aF340
aF70
aF155
aF110
aF155
aF260
aF175
aF210
aF365
aF535
aF325
aF130
aF160
aF185
aF185
aF105
aF290
aF195
aF155
aF110
aF65
aF120
aF120
aF150
aF120
aF345
aF115
aF210
aF110
aF155
aF110
aF440
aF120
aF135
aF165
aF125
aF55
aF110
aF105
aF145
aF105
aF145
aF75
aF105
aF140
aF120
aF305
aF190
aF115
aF120
aF135
aF45
aF210
aF135
aF105
aF120
aF240
aF110
aF65
aF105
aF105
aF105
aF105
aF135
aF105
aF110
aF150
aF105
aF110
aF80
aF225
aF120
aF120
aF100
aF100
aF90
aF110
aF105
aF120
aF155
aF105
aF130
aF135
aF255
aF110
aF120
aF170
aF185
aF105
aF120
aF170
aF215
aF105
aF105
aF105
aF105
aF195
aF105
aF105
aF135
aF160
aF105
aF80
aF80
aF120
aF105
aF165
aF50
aF105
aF105
aF105
aF105
aF110
aF105
aF105
aF105
aF110
aF135
aF105
aF105
aF195
aF105
aF105
aF105
aF150
aF55
aF80
aF105
aF110
aF90
aF120
aF55
aF75
aF120
aF105
aF105
aF105
aF105
aF110
aF140
aF120
aF65
aF105
aF105
aF105
aF105
aF115
aF95
aF105
aF105
aF105
aF105
aF180
aF115
aF105
aF105
aF110
aF105
aF105
aF105
aF105
aF105
aF105
aF105
aF105
aF105
aF105
aF180
aF105
aF50
aF150
aF105
aF110
aF105
aF105
aF105
aF170
aF65
aF120
aF105
aF105
aF105
aF105
aF105
aF105
aF105
aF110
aF105
aF105
aF460
aF55
aF85
aF60
aF105
aF105
aF105
aF180
aF105
aF185
aF105
aF120
aF140
aF105
aF105
aF105
aF155
aF140
aF105
aF105
aF110
aF110
aF105
aF30
aF200
aF110
aF145
aF105
aF75
aF110
aF125
aF105
aF125
aF105
aF105
aF105
aF105
aF75
aF75
aF125
aF105
aF135
aF75
aF105
aF45
aF110
aF105
aF190
aF185
aF65
aF105
aF105
aF105
aF120
aF425
aF135
aF175
aF105
aF105
aF110
aF125
aF105
aF105
aF105
aF105
aF105
aF120
aF60
aF110
aF105
aF105
aF105
aF155
aF240
aF105
aF220
aF225
aF100
aF65
aF105
aF105
aF105
aF210
aF105
aF180
aF110
aF100
aF225
aF105
aF135
aF110
aF135
aF155
aF90
aF170
aF90
aF50
aF35
aF105
aF50
aF90
aF95
aF90
aF105
aF105
aF160
aF175
aF135
aF250
aF135
aF80
aF210
aF155
aF105
aF155
aF225
aF85
aF85
aF60
aF135
aF105
aF230
aF60
aF30
aF60
aF155
aF90
aF65
aF45
aF110
aF155
aF50
aF50
aF185
aF305
aF145
aF170
aF140
aF305
aF460
aF270
aF45
aF60
aF180
aF460
aF205
aF215
aF255
aF285
aF80
aF255
aF285
aF180
aF215
aF130
aF135
aF160
aF155
aF265
aF345
aF185
aF185
aF240
aF220
aF185
aF380
aF130
aF190
aF365
aF155
aF335
aF120
aF315
aF340
aF120
aF110
aF60
aF55
aF80
aF105
aF45
aF30
aF45
aF310
aF110
aF150
aF290
aF80
aF45
aF105
aF125
aF80
aF30
aF135
aF65
aF210
aF45
aF20
aF330
aF185
aF90
aF60
aF215
aF240
aF75
aF55
aF50
aF160
aF110
aF210
aF170
aF150
aF90
aF65
aF65
aF85
aF80
aF95
aF30
aF445
aF50
aF155
aF140
aF105
aF140
aF185
aF70
aF30
aF185
aF105
aF30
aF55
aF20
aF70
aF30
aF50
aF50
aF60
aF30
aF25
aF60
aF60
aF175
aF60
aF130
aF195
aF95
aF5
aF50
aF155
aF410
aF180
aF140
aF140
aF240
aF240
aF155
aF195
aF250
aF135
aF130
aF180
aF240
aF160
aF110
aF165
aF125
aF105
aF125
aF150
aF110
aF45
aF105
aF210
aF140
aF75
aF215
aF240
aF270
aF205
aF180
aF95
aF440
aF175
aF385
aF160
aF65
aF50
aF110
aF385
aF105
aF150
aF105
aF60
aF120
aF55
aF15
aF30
aF15
aF30
aF65
aF80
aF110
aF70
aF75
aF100
aF140
aF30
aF70
aF100
aF50
aF125
aF45
aF60
aF115
aF125
aF15
aF80
aF45
aF125
aF170
aF170
aF180
aF155
aF45
aF20
aF15
aF120
aF200
aF30
aF105
aF255
aF165
aF450
aF170
aF185
aF245
aF270
aF110
aF255
aF285
aF285
aF170
aF105
aF350
aF260
aF395
aF220
aF150
aF30
aF30
aF175
aF115
aF65
aF45
aF60
aF55
aF30
aF50
aF30
aF100
aF105
aF60
aF30
aF305
aF125
aF395
aF105
aF50
aF180
aF175
aF105
aF110
aF105
aF105
aF65
aF120
aF180
aF40
aF80
aF285
aF255
aF205
aF315
aF180
aF155
aF115
aF255
aF260
aF255
aF110
aF265
aF240
aF285
aF255
aF175
aF305
aF220
aF210
aF265
aF130
aF55
aF225
aF245
aF265
aF95
aF85
aF105
aF60
aF40
aF40
aF45
aF65
aF80
aF285
aF130
aF95
aF35
aF45
aF30
aF365
aF155
aF100
aF125
aF80
aF255
aF200
aF215
aF225
aF215
aF410
aF280
aF175
aF430
aF180
aF260
aF95
aF185
aF95
aF230
aF110
aF95
aF180
aF95
aF285
aF195
aF225
aF190
aF150
aF120
aF155
aF110
aF375
aF95
aF80
aF120
aF145
aF35
aF95
aF80
aF30
aF50
aF40
aF260
aF100
aF175
aF195
aF120
aF150
aF125
aF200
aF205
aF140
aF90
aF85
aF310
aF60
aF60
aF145
aF130
aF95
aF30
aF60
aF105
aF120
aF60
aF45
aF170
aF165
aF35
aF110
aF105
aF110
aF235
aF125
aF205
aF155
aF225
aF140
aF60
aF175
aF130
aF120
aF140
aF180
aF150
aF160
aF45
aF80
aF110
aF120
aF65
aF145
aF280
aF110
aF255
aF200
aF155
aF305
aF180
aF50
aF105
aF195
aF230
aF125
aF115
aF120
aF25
aF125
aF65
aF35
aF35
aF95
aF425
aF140
aF150
aF320
aF180
aF50
aF95
aF125
aF195
aF150
aF95
aF260
aF180
aF130
aF270
aF160
aF165
aF65
aF145
aF210
aF210
aF285
aF130
aF235
aF135
aF145
aF260
aF160
aF165
aF165
aF125
aF35
aF25
aF35
aF125
aF170
aF80
aF90
aF75
aF105
aF30
aF480
aF120
aF125
aF30
aF50
aF50
aF130
aF90
aF165
aF90
aF110
aF60
aF80
aF120
aF110
aF180
aF105
aF445
aF75
aF100
aF105
aF155
aF105
aF200
aF105
aF80
aF105
aF145
aF145
aF255
aF115
aF215
aF70
aF35
aF25
aF180
aF145
aF120
aF105
aF145
aF80
aF145
aF75
aF140
aF80
aF145
aF100
aF145
aF145
aF180
aF135
aF160
aF120
aF275
aF135
aF150
aF305
aF230
aF180
aF405
aF140
aF305
aF50
aF125
aF210
aF135
aF265
aF415
aF90
aF250
aF55
aF210
aF180
aF210
aF180
aF95
aF210
aF160
aF95
aF245
aF245
aF80
aF180
aF250
aF175
aF90
aF95
aF115
aF135
aF135
aF75
aF95
aF50
aF75
aF20
aF45
aF75
aF80
aF65
aF230
aF120
aF50
aF275
aF55
aF125
aF130
aF150
aF65
aF90
aF90
aF80
aF80
aF150
aF65
aF80
aF80
aF80
aF55
aF80
aF75
aF30
aF40
aF40
aF195
aF75
aF80
aF130
aF95
aF80
aF85
aF65
aF75
aF60
aF40
aF50
aF65
aF65
aF125
aF50
aF120
aF140
aF90
aF80
aF80
aF30
aF25
aF60
aF40
aF30
aF45
aF50
aF50
aF100
aF85
aF105
aF120
aF55
aF80
aF125
aF90
aF50
aF105
aF30
aF65
aF80
aF50
aF45
aF245
aF15
aF50
aF75
aF60
aF45
aF30
aF45
aF80
aF80
aF80
aF80
aF80
aF60
aF20
aF65
aF105
aF50
aF30
aF30
aF60
aF65
aF60
aF60
aF50
aF75
aF20
aF15
aF50
aF30
aF40
aF45
aF50
aF45
aF60
aF45
aF60
aF40
aF15
aF65
aF50
aF60
aF45
aF50
aF60
aF85
aF30
aF65
aF30
aF60
aF105
aF60
aF75
aF80
aF50
aF50
aF60
aF30
aF15
aF30
aF140
aF75
aF80
aF80
aF45
aF50
aF80
aF80
aF30
aF75
aF50
aF60
aF60
aF50
aF75
aF45
aF60
aF50
aF120
aF110
aF35
aF30
aF155
aF80
aF50
aF75
aF50
aF50
aF55
aF60
aF50
aF35
aF65
aF35
aF60
aF75
aF80
aF75
aF60
aF90
aF90
aF90
aF95
aF90
aF80
aF85
aF60
aF90
aF90
aF110
aF80
aF60
aF35
aF90
aF85
aF45
aF50
aF105
aF90
aF90
aF85
aF90
aF120
aF105
aF115
aF150
aF30
aF95
aF170
aF335
aF300
aF195
aF170
aF440
aF50
aF225
aF180
aF210
aF180
aF175
aF100
aF125
aF450
aF125
aF50
aF210
aF80
aF50
aF180
aF105
aF225
aF205
aF335
aF220
aF140
aF440
aF50
aF65
aF120
aF295
aF110
aF135
aF250
aF110
aF105
aF95
aF60
aF115
aF65
aF90
aF95
aF110
aF110
aF155
aF95
aF30
aF0
aF0
aF50
aF20
aF35
aF160
aF75
aF105
aF75
aF105
aF105
aF75
aF75
aF50
aF165
aF265
aF160
aF75
aF105
aF95
aF150
aF140
aF160
aF140
aF140
aF110
aF235
aF430
aF235
aF380
aF180
aF65
aF140
aF190
aF180
aF145
aF140
aF170
aF205
aF80
aF155
aF190
aF205
aF30
aF75
aF270
aF185
aF225
aF130
aF120
aF305
aF110
aF190
aF170
aF140
aF160
aF190
aF75
aF160
aF165
aF115
aF170
aF305
aF205
aF80
aF55
aF45
aF45
aF45
aF45
aF120
aF130
aF135
aF50
aF55
aF80
aF35
aF125
aF135
aF95
aF90
aF120
aF120
aF85
aF125
aF65
aF120
aF60
aF125
aF215
aF230
aF155
aF120
aF255
aF150
aF105
aF60
aF125
aF200
aF140
aF245
aF125
aF130
aF115
aF195
aF120
aF50
aF165
aF5
aF45
aF5
aF215
aF50
aF50
aF60
aF235
aF75
aF50
aF155
aF45
aF15
aF215
aF180
aF45
aF210
aF145
aF140
aF140
aF140
aF110
aF140
aF140
aF135
aF100
aF150
aF315
aF200
aF75
aF110
aF165
aF60
aF65
aF15
aF135
aF110
aF80
aF50
aF90
aF80
aF75
aF75
aF50
aF225
aF195
aF125
aF135
aF210
aF120
aF260
aF195
aF155
aF155
aF230
aF135
aF225
aF195
aF225
aF110
aF120
aF220
aF155
aF30
aF110
aF5
aF35
aF5
aF195
aF75
aF50
aF165
aF75
aF80
aF100
aF130
aF75
aF30
aF200
aF245
aF155
aF225
aF245
aF290
aF125
aF315
aF135
aF195
aF50
aF30
aF250
aF305
aF15
aF155
aF60
aF15
aF95
aF225
aF50
aF30
aF15
aF45
aF130
aF240
aF70
aF160
aF265
aF400
aF55
aF65
aF105
aF5
aF0
aF30
aF30
aF50
aF90
aF65
aF105
aF430
aF270
aF165
aF180
aF155
aF200
aF285
aF130
aF155
aF255
aF105
aF120
aF5
aF105
aF25
aF30
aF135
aF155
aF260
aF185
aF210
aF200
aF240
aF75
aF50
aF105
aF120
aF130
aF215
aF80
aF85
aF60
aF75
aF50
aF80
aF70
aF80
aF105
aF110
aF160
aF100
aF0
aF105
aF30
aF60
aF45
aF75
aF30
aF5
aF80
aF45
aF30
aF135
aF180
aF430
aF175
aF105
aF140
aF230
aF175
aF460
aF155
aF65
aF240
aF255
aF165
aF200
aF130
aF155
aF55
aF120
aF240
aF190
aF140
aF310
aF150
aF260
aF155
aF160
aF120
aF140
aF195
aF275
aF245
aF80
aF210
aF250
aF150
aF100
aF155
aF215
aF155
aF165
aF200
aF90
aF65
aF45
aF140
aF155
aF180
aF210
aF155
aF225
aF100
aF120
aF230
aF105
aF210
aF220
aF155
aF120
aF145
aF30
aF210
aF180
aF310
aF200
aF205
aF105
aF105
aF180
aF180
aF60
aF105
aF55
aF45
aF35
aF155
aF0
aF60
aF105
aF75
aF180
aF135
aF155
aF20
aF0
aF50
aF60
aF135
aF290
aF105
aF105
aF15
aF180
aF155
aF150
aF250
aF180
aF190
aF160
aF155
aF105
aF235
aF255
aF195
aF155
aF165
aF110
aF120
aF95
aF85
aF100
aF95
aF180
aF155
aF210
aF130
aF125
aF120
aF285
aF155
aF175
aF165
aF185
aF255
aF185
aF100
aF140
aF195
aF120
aF355
aF270
aF400
aF290
aF255
aF180
aF215
aF250
aF385
aF140
aF200
aF200
aF50
aF90
aF80
aF95
aF30
aF410
aF105
aF265
aF305
aF115
aF110
aF180
aF140
aF50
aF50
aF195
aF180
aF95
aF120
aF425
aF385
aF125
aF95
aF230
aF80
aF80
aF125
aF75
aF125
aF50
aF100
aF135
aF155
aF180
aF105
aF150
aF50
aF75
aF120
aF160
aF140
aF35
aF140
aF185
aF105
aF135
aF70
aF210
aF150
aF205
aF440
aF155
aF125
aF105
aF150
aF220
aF125
aF100
aF150
aF150
aF165
aF120
aF20
aF20
aF105
aF50
aF110
aF105
aF150
aF50
aF110
aF150
aF50
aF175
aF50
aF80
aF105
aF105
aF50
aF75
aF205
aF240
aF150
aF180
aF155
aF205
aF100
aF420
aF105
aF180
aF150
aF150
aF150
aF75
aF75
aF75
aF125
aF125
aF150
aF50
aF150
aF0
aF120
aF135
aF150
aF305
aF185
aF365
aF75
aF85
aF160
aF145
aF180
aF135
aF155
aF260
aF75
aF75
aF185
aF105
aF260
aF305
aF170
aF215
aF140
aF105
aF120
aF150
aF170
aF55
aF140
aF35
aF150
aF150
aF135
aF30
aF150
aF105
aF50
aF200
aF155
aF105
aF140
aF30
aF180
aF210
aF80
aF175
aF55
aF140
aF75
aF90
aF100
aF90
aF30
aF75
aF225
aF125
aF115
aF75
aF175
aF75
aF125
aF150
aF95
aF115
aF170
aF140
aF65
aF150
aF180
aF30
aF160
aF225
aF75
aF30
aF105
aF105
aF125
aF150
aF155
aF245
aF180
aF180
aF155
aF105
aF155
aF220
aF40
aF50
aF50
aF165
aF130
aF110
aF100
aF75
aF75
aF130
aF150
aF50
aF180
aF120
aF90
aF185
aF90
aF125
aF100
aF110
aF165
aF160
aF65
aF130
aF135
aF90
aF50
aF50
aF50
aF50
aF40
aF50
aF150
aF120
aF110
aF125
aF150
aF150
aF140
aF105
aF105
aF105
aF50
aF80
aF105
aF135
aF180
aF50
aF155
aF150
aF150
aF70
aF85
aF155
aF125
aF65
aF65
aF50
aF175
aF40
aF100
aF140
aF110
aF125
aF40
aF200
aF140
aF105
aF50
aF50
aF50
aF50
aF50
aF50
aF50
aF50
aF65
aF90
aF105
aF75
aF380
aF105
aF105
aF75
aF75
aF180
aF75
aF135
aF135
aF50
aF370
aF185
aF50
aF120
aF120
aF50
aF155
aF75
aF90
aF185
aF165
aF100
aF90
aF155
aF75
aF90
aF90
aF30
aF125
aF135
aF120
aF140
aF140
aF80
aF110
aF180
aF105
aF105
aF30
aF150
aF105
aF105
aF155
aF100
aF150
aF105
aF75
aF45
aF50
aF50
aF80
aF155
aF75
aF165
aF150
aF110
aF185
aF335
aF115
aF35
aF105
aF55
aF90
aF105
aF55
aF150
aF25
aF110
aF75
aF80
aF65
aF50
aF40
aF210
aF105
aF210
aF50
aF120
aF180
aF155
aF90
aF100
aF125
aF210
aF160
aF50
aF150
aF180
aF105
aF110
aF75
aF50
aF165
aF165
aF165
aF140
aF180
aF75
aF410
aF50
aF180
aF185
aF40
aF140
aF125
aF155
aF185
aF90
aF150
aF185
aF110
aF140
aF75
aF150
aF95
aF110
aF50
aF75
aF45
aF170
aF155
aF90
aF170
aF125
aF65
aF210
aF105
aF180
aF50
aF50
aF50
aF50
aF50
aF50
aF195
aF35
aF95
aF70
aF210
aF120
aF100
aF125
aF125
aF75
aF75
aF60
aF60
aF155
aF110
aF75
aF105
aF75
aF75
aF75
aF130
aF155
aF50
aF50
aF105
aF65
aF80
aF100
aF40
aF170
aF105
aF135
aF50
aF80
aF75
aF185
aF65
aF155
aF30
aF135
aF170
aF185
aF180
aF105
aF120
aF195
aF105
aF75
aF80
aF75
aF60
aF50
aF180
aF210
aF175
aF80
aF125
aF125
aF125
aF155
aF110
aF110
aF155
aF100
aF170
aF205
aF185
aF210
aF155
aF105
aF90
aF30
aF65
aF125
aF80
aF150
aF65
aF145
aF165
aF180
aF65
aF155
aF230
aF125
aF140
aF110
aF105
aF80
aF180
aF180
aF180
aF75
aF210
aF90
aF105
aF50
aF50
aF75
aF50
aF75
aF180
aF75
aF220
aF135
aF125
aF75
aF75
aF140
aF110
aF110
aF130
aF125
aF275
aF100
aF60
aF170
aF90
aF75
aF35
aF50
aF50
aF90
aF100
aF155
aF105
aF75
aF165
aF65
aF50
aF65
aF135
aF110
aF305
aF50
aF35
aF145
aF100
aF75
aF50
aF285
aF50
aF50
aF50
aF30
aF50
aF50
aF75
aF50
aF105
aF155
aF140
aF75
aF75
aF75
aF130
aF65
aF50
aF155
aF195
aF180
aF75
aF50
aF155
aF135
aF100
aF150
aF40
aF105
aF75
aF75
aF50
aF110
aF155
aF135
aF120
aF95
aF170
aF155
aF100
aF155
aF200
aF75
aF140
aF80
aF110
aF75
aF75
aF95
aF275
aF110
aF75
aF75
aF50
aF75
aF125
aF105
aF120
aF75
aF110
aF110
aF75
aF50
aF105
aF95
aF50
aF65
aF65
aF110
aF120
aF140
aF105
aF120
aF190
aF65
aF50
aF30
aF65
aF125
aF120
aF55
aF160
aF75
aF50
aF110
aF120
aF170
aF140
aF50
aF50
aF75
aF35
aF75
aF35
aF140
aF50
aF50
aF35
aF140
aF50
aF155
aF95
aF50
aF150
aF65
aF155
aF105
aF50
aF105
aF105
aF155
aF155
aF155
aF240
aF130
aF170
aF120
aF50
aF155
aF460
aF125
aF90
aF110
aF160
aF95
aF110
aF105
aF135
aF105
aF145
aF75
aF50
aF50
aF50
aF155
aF75
aF135
aF105
aF50
aF50
aF50
aF50
aF105
aF50
aF105
aF225
aF75
aF105
aF105
aF105
aF75
aF75
aF75
aF205
aF75
aF50
aF50
aF75
aF105
aF60
aF75
aF120
aF50
aF75
aF140
aF100
aF135
aF175
aF50
aF90
aF195
aF120
aF105
aF80
aF105
aF105
aF150
aF105
aF125
aF110
aF50
aF50
aF180
aF75
aF75
aF75
aF75
aF75
aF110
aF90
aF80
aF75
aF105
aF75
aF75
aF75
aF50
aF120
aF90
aF75
aF50
aF65
aF75
aF65
aF60
aF20
aF60
aF105
aF105
aF105
aF90
aF105
aF95
aF75
aF75
aF105
aF105
aF125
aF30
aF50
aF280
aF50
aF100
aF75
aF75
aF75
aF70
aF80
aF75
aF100
aF75
aF75
aF80
aF115
aF90
aF50
aF50
aF110
aF100
aF110
aF75
aF155
aF105
aF120
aF125
aF105
aF155
aF120
aF155
aF110
aF55
aF120
aF105
aF75
aF135
aF110
aF105
aF245
aF185
aF180
aF105
aF135
aF105
aF200
aF205
aF105
aF75
aF75
aF105
aF215
aF110
aF75
aF125
aF105
aF105
aF105
aF75
aF75
aF110
aF50
aF50
aF50
aF135
aF120
aF35
aF30
aF20
aF240
aF50
aF135
aF95
aF50
aF75
aF50
aF140
aF75
aF75
aF105
aF120
aF65
aF135
aF80
aF55
aF125
aF55
aF75
aF75
aF75
aF75
aF105
aF75
aF105
aF130
aF75
aF75
aF75
aF340
aF75
aF75
aF75
aF75
aF75
aF105
aF75
aF75
aF75
aF105
aF75
aF75
aF75
aF95
aF105
aF105
aF50
aF50
aF105
aF75
aF140
aF185
aF50
aF180
aF155
aF75
aF105
aF105
aF110
aF50
aF90
aF125
aF65
aF50
aF100
aF155
aF135
aF75
aF140
aF155
aF105
aF60
aF75
aF45
aF75
aF75
aF50
aF75
aF120
aF95
aF30
aF75
aF125
aF115
aF120
aF425
aF125
aF105
aF105
aF50
aF105
aF125
aF75
aF105
aF105
aF95
aF60
aF95
aF110
aF75
aF75
aF75
aF50
aF100
aF120
aF105
aF160
aF75
aF75
aF75
aF75
aF75
aF75
aF105
aF105
aF75
aF75
aF75
aF75
aF75
aF105
aF75
aF75
aF75
aF75
aF50
aF80
aF50
asS'episode'
p6
(lp7
I12000
aI12001
aI12002
aI12003
aI12004
aI12005
aI12006
aI12007
aI12008
aI12009
aI12010
aI12011
aI12012
aI12013
aI12014
aI12015
aI12016
aI12017
aI12018
aI12019
aI12020
aI12021
aI12022
aI12023
aI12024
aI12025
aI12026
aI12027
aI12028
aI12029
aI12030
aI12031
aI12032
aI12033
aI12034
aI12035
aI12036
aI12037
aI12038
aI12039
aI12040
aI12041
aI12042
aI12043
aI12044
aI12045
aI12046
aI12047
aI12048
aI12049
aI12050
aI12051
aI12052
aI12053
aI12054
aI12055
aI12056
aI12057
aI12058
aI12059
aI12060
aI12061
aI12062
aI12063
aI12064
aI12065
aI12066
aI12067
aI12068
aI12069
aI12070
aI12071
aI12072
aI12073
aI12074
aI12075
aI12076
aI12077
aI12078
aI12079
aI12080
aI12081
aI12082
aI12083
aI12084
aI12085
aI12086
aI12087
aI12088
aI12089
aI12090
aI12091
aI12092
aI12093
aI12094
aI12095
aI12096
aI12097
aI12098
aI12099
aI12100
aI12101
aI12102
aI12103
aI12104
aI12105
aI12106
aI12107
aI12108
aI12109
aI12110
aI12111
aI12112
aI12113
aI12114
aI12115
aI12116
aI12117
aI12118
aI12119
aI12120
aI12121
aI12122
aI12123
aI12124
aI12125
aI12126
aI12127
aI12128
aI12129
aI12130
aI12131
aI12132
aI12133
aI12134
aI12135
aI12136
aI12137
aI12138
aI12139
aI12140
aI12141
aI12142
aI12143
aI12144
aI12145
aI12146
aI12147
aI12148
aI12149
aI12150
aI12151
aI12152
aI12153
aI12154
aI12155
aI12156
aI12157
aI12158
aI12159
aI12160
aI12161
aI12162
aI12163
aI12164
aI12165
aI12166
aI12167
aI12168
aI12169
aI12170
aI12171
aI12172
aI12173
aI12174
aI12175
aI12176
aI12177
aI12178
aI12179
aI12180
aI12181
aI12182
aI12183
aI12184
aI12185
aI12186
aI12187
aI12188
aI12189
aI12190
aI12191
aI12192
aI12193
aI12194
aI12195
aI12196
aI12197
aI12198
aI12199
aI12200
aI12201
aI12202
aI12203
aI12204
aI12205
aI12206
aI12207
aI12208
aI12209
aI12210
aI12211
aI12212
aI12213
aI12214
aI12215
aI12216
aI12217
aI12218
aI12219
aI12220
aI12221
aI12222
aI12223
aI12224
aI12225
aI12226
aI12227
aI12228
aI12229
aI12230
aI12231
aI12232
aI12233
aI12234
aI12235
aI12236
aI12237
aI12238
aI12239
aI12240
aI12241
aI12242
aI12243
aI12244
aI12245
aI12246
aI12247
aI12248
aI12249
aI12250
aI12251
aI12252
aI12253
aI12254
aI12255
aI12256
aI12257
aI12258
aI12259
aI12260
aI12261
aI12262
aI12263
aI12264
aI12265
aI12266
aI12267
aI12268
aI12269
aI12270
aI12271
aI12272
aI12273
aI12274
aI12275
aI12276
aI12277
aI12278
aI12279
aI12280
aI12281
aI12282
aI12283
aI12284
aI12285
aI12286
aI12287
aI12288
aI12289
aI12290
aI12291
aI12292
aI12293
aI12294
aI12295
aI12296
aI12297
aI12298
aI12299
aI12300
aI12301
aI12302
aI12303
aI12304
aI12305
aI12306
aI12307
aI12308
aI12309
aI12310
aI12311
aI12312
aI12313
aI12314
aI12315
aI12316
aI12317
aI12318
aI12319
aI12320
aI12321
aI12322
aI12323
aI12324
aI12325
aI12326
aI12327
aI12328
aI12329
aI12330
aI12331
aI12332
aI12333
aI12334
aI12335
aI12336
aI12337
aI12338
aI12339
aI12340
aI12341
aI12342
aI12343
aI12344
aI12345
aI12346
aI12347
aI12348
aI12349
aI12350
aI12351
aI12352
aI12353
aI12354
aI12355
aI12356
aI12357
aI12358
aI12359
aI12360
aI12361
aI12362
aI12363
aI12364
aI12365
aI12366
aI12367
aI12368
aI12369
aI12370
aI12371
aI12372
aI12373
aI12374
aI12375
aI12376
aI12377
aI12378
aI12379
aI12380
aI12381
aI12382
aI12383
aI12384
aI12385
aI12386
aI12387
aI12388
aI12389
aI12390
aI12391
aI12392
aI12393
aI12394
aI12395
aI12396
aI12397
aI12398
aI12399
aI12400
aI12401
aI12402
aI12403
aI12404
aI12405
aI12406
aI12407
aI12408
aI12409
aI12410
aI12411
aI12412
aI12413
aI12414
aI12415
aI12416
aI12417
aI12418
aI12419
aI12420
aI12421
aI12422
aI12423
aI12424
aI12425
aI12426
aI12427
aI12428
aI12429
aI12430
aI12431
aI12432
aI12433
aI12434
aI12435
aI12436
aI12437
aI12438
aI12439
aI12440
aI12441
aI12442
aI12443
aI12444
aI12445
aI12446
aI12447
aI12448
aI12449
aI12450
aI12451
aI12452
aI12453
aI12454
aI12455
aI12456
aI12457
aI12458
aI12459
aI12460
aI12461
aI12462
aI12463
aI12464
aI12465
aI12466
aI12467
aI12468
aI12469
aI12470
aI12471
aI12472
aI12473
aI12474
aI12475
aI12476
aI12477
aI12478
aI12479
aI12480
aI12481
aI12482
aI12483
aI12484
aI12485
aI12486
aI12487
aI12488
aI12489
aI12490
aI12491
aI12492
aI12493
aI12494
aI12495
aI12496
aI12497
aI12498
aI12499
aI12500
aI12501
aI12502
aI12503
aI12504
aI12505
aI12506
aI12507
aI12508
aI12509
aI12510
aI12511
aI12512
aI12513
aI12514
aI12515
aI12516
aI12517
aI12518
aI12519
aI12520
aI12521
aI12522
aI12523
aI12524
aI12525
aI12526
aI12527
aI12528
aI12529
aI12530
aI12531
aI12532
aI12533
aI12534
aI12535
aI12536
aI12537
aI12538
aI12539
aI12540
aI12541
aI12542
aI12543
aI12544
aI12545
aI12546
aI12547
aI12548
aI12549
aI12550
aI12551
aI12552
aI12553
aI12554
aI12555
aI12556
aI12557
aI12558
aI12559
aI12560
aI12561
aI12562
aI12563
aI12564
aI12565
aI12566
aI12567
aI12568
aI12569
aI12570
aI12571
aI12572
aI12573
aI12574
aI12575
aI12576
aI12577
aI12578
aI12579
aI12580
aI12581
aI12582
aI12583
aI12584
aI12585
aI12586
aI12587
aI12588
aI12589
aI12590
aI12591
aI12592
aI12593
aI12594
aI12595
aI12596
aI12597
aI12598
aI12599
aI12600
aI12601
aI12602
aI12603
aI12604
aI12605
aI12606
aI12607
aI12608
aI12609
aI12610
aI12611
aI12612
aI12613
aI12614
aI12615
aI12616
aI12617
aI12618
aI12619
aI12620
aI12621
aI12622
aI12623
aI12624
aI12625
aI12626
aI12627
aI12628
aI12629
aI12630
aI12631
aI12632
aI12633
aI12634
aI12635
aI12636
aI12637
aI12638
aI12639
aI12640
aI12641
aI12642
aI12643
aI12644
aI12645
aI12646
aI12647
aI12648
aI12649
aI12650
aI12651
aI12652
aI12653
aI12654
aI12655
aI12656
aI12657
aI12658
aI12659
aI12660
aI12661
aI12662
aI12663
aI12664
aI12665
aI12666
aI12667
aI12668
aI12669
aI12670
aI12671
aI12672
aI12673
aI12674
aI12675
aI12676
aI12677
aI12678
aI12679
aI12680
aI12681
aI12682
aI12683
aI12684
aI12685
aI12686
aI12687
aI12688
aI12689
aI12690
aI12691
aI12692
aI12693
aI12694
aI12695
aI12696
aI12697
aI12698
aI12699
aI12700
aI12701
aI12702
aI12703
aI12704
aI12705
aI12706
aI12707
aI12708
aI12709
aI12710
aI12711
aI12712
aI12713
aI12714
aI12715
aI12716
aI12717
aI12718
aI12719
aI12720
aI12721
aI12722
aI12723
aI12724
aI12725
aI12726
aI12727
aI12728
aI12729
aI12730
aI12731
aI12732
aI12733
aI12734
aI12735
aI12736
aI12737
aI12738
aI12739
aI12740
aI12741
aI12742
aI12743
aI12744
aI12745
aI12746
aI12747
aI12748
aI12749
aI12750
aI12751
aI12752
aI12753
aI12754
aI12755
aI12756
aI12757
aI12758
aI12759
aI12760
aI12761
aI12762
aI12763
aI12764
aI12765
aI12766
aI12767
aI12768
aI12769
aI12770
aI12771
aI12772
aI12773
aI12774
aI12775
aI12776
aI12777
aI12778
aI12779
aI12780
aI12781
aI12782
aI12783
aI12784
aI12785
aI12786
aI12787
aI12788
aI12789
aI12790
aI12791
aI12792
aI12793
aI12794
aI12795
aI12796
aI12797
aI12798
aI12799
aI12800
aI12801
aI12802
aI12803
aI12804
aI12805
aI12806
aI12807
aI12808
aI12809
aI12810
aI12811
aI12812
aI12813
aI12814
aI12815
aI12816
aI12817
aI12818
aI12819
aI12820
aI12821
aI12822
aI12823
aI12824
aI12825
aI12826
aI12827
aI12828
aI12829
aI12830
aI12831
aI12832
aI12833
aI12834
aI12835
aI12836
aI12837
aI12838
aI12839
aI12840
aI12841
aI12842
aI12843
aI12844
aI12845
aI12846
aI12847
aI12848
aI12849
aI12850
aI12851
aI12852
aI12853
aI12854
aI12855
aI12856
aI12857
aI12858
aI12859
aI12860
aI12861
aI12862
aI12863
aI12864
aI12865
aI12866
aI12867
aI12868
aI12869
aI12870
aI12871
aI12872
aI12873
aI12874
aI12875
aI12876
aI12877
aI12878
aI12879
aI12880
aI12881
aI12882
aI12883
aI12884
aI12885
aI12886
aI12887
aI12888
aI12889
aI12890
aI12891
aI12892
aI12893
aI12894
aI12895
aI12896
aI12897
aI12898
aI12899
aI12900
aI12901
aI12902
aI12903
aI12904
aI12905
aI12906
aI12907
aI12908
aI12909
aI12910
aI12911
aI12912
aI12913
aI12914
aI12915
aI12916
aI12917
aI12918
aI12919
aI12920
aI12921
aI12922
aI12923
aI12924
aI12925
aI12926
aI12927
aI12928
aI12929
aI12930
aI12931
aI12932
aI12933
aI12934
aI12935
aI12936
aI12937
aI12938
aI12939
aI12940
aI12941
aI12942
aI12943
aI12944
aI12945
aI12946
aI12947
aI12948
aI12949
aI12950
aI12951
aI12952
aI12953
aI12954
aI12955
aI12956
aI12957
aI12958
aI12959
aI12960
aI12961
aI12962
aI12963
aI12964
aI12965
aI12966
aI12967
aI12968
aI12969
aI12970
aI12971
aI12972
aI12973
aI12974
aI12975
aI12976
aI12977
aI12978
aI12979
aI12980
aI12981
aI12982
aI12983
aI12984
aI12985
aI12986
aI12987
aI12988
aI12989
aI12990
aI12991
aI12992
aI12993
aI12994
aI12995
aI12996
aI12997
aI12998
aI12999
aI13000
aI13001
aI13002
aI13003
aI13004
aI13005
aI13006
aI13007
aI13008
aI13009
aI13010
aI13011
aI13012
aI13013
aI13014
aI13015
aI13016
aI13017
aI13018
aI13019
aI13020
aI13021
aI13022
aI13023
aI13024
aI13025
aI13026
aI13027
aI13028
aI13029
aI13030
aI13031
aI13032
aI13033
aI13034
aI13035
aI13036
aI13037
aI13038
aI13039
aI13040
aI13041
aI13042
aI13043
aI13044
aI13045
aI13046
aI13047
aI13048
aI13049
aI13050
aI13051
aI13052
aI13053
aI13054
aI13055
aI13056
aI13057
aI13058
aI13059
aI13060
aI13061
aI13062
aI13063
aI13064
aI13065
aI13066
aI13067
aI13068
aI13069
aI13070
aI13071
aI13072
aI13073
aI13074
aI13075
aI13076
aI13077
aI13078
aI13079
aI13080
aI13081
aI13082
aI13083
aI13084
aI13085
aI13086
aI13087
aI13088
aI13089
aI13090
aI13091
aI13092
aI13093
aI13094
aI13095
aI13096
aI13097
aI13098
aI13099
aI13100
aI13101
aI13102
aI13103
aI13104
aI13105
aI13106
aI13107
aI13108
aI13109
aI13110
aI13111
aI13112
aI13113
aI13114
aI13115
aI13116
aI13117
aI13118
aI13119
aI13120
aI13121
aI13122
aI13123
aI13124
aI13125
aI13126
aI13127
aI13128
aI13129
aI13130
aI13131
aI13132
aI13133
aI13134
aI13135
aI13136
aI13137
aI13138
aI13139
aI13140
aI13141
aI13142
aI13143
aI13144
aI13145
aI13146
aI13147
aI13148
aI13149
aI13150
aI13151
aI13152
aI13153
aI13154
aI13155
aI13156
aI13157
aI13158
aI13159
aI13160
aI13161
aI13162
aI13163
aI13164
aI13165
aI13166
aI13167
aI13168
aI13169
aI13170
aI13171
aI13172
aI13173
aI13174
aI13175
aI13176
aI13177
aI13178
aI13179
aI13180
aI13181
aI13182
aI13183
aI13184
aI13185
aI13186
aI13187
aI13188
aI13189
aI13190
aI13191
aI13192
aI13193
aI13194
aI13195
aI13196
aI13197
aI13198
aI13199
aI13200
aI13201
aI13202
aI13203
aI13204
aI13205
aI13206
aI13207
aI13208
aI13209
aI13210
aI13211
aI13212
aI13213
aI13214
aI13215
aI13216
aI13217
aI13218
aI13219
aI13220
aI13221
aI13222
aI13223
aI13224
aI13225
aI13226
aI13227
aI13228
aI13229
aI13230
aI13231
aI13232
aI13233
aI13234
aI13235
aI13236
aI13237
aI13238
aI13239
aI13240
aI13241
aI13242
aI13243
aI13244
aI13245
aI13246
aI13247
aI13248
aI13249
aI13250
aI13251
aI13252
aI13253
aI13254
aI13255
aI13256
aI13257
aI13258
aI13259
aI13260
aI13261
aI13262
aI13263
aI13264
aI13265
aI13266
aI13267
aI13268
aI13269
aI13270
aI13271
aI13272
aI13273
aI13274
aI13275
aI13276
aI13277
aI13278
aI13279
aI13280
aI13281
aI13282
aI13283
aI13284
aI13285
aI13286
aI13287
aI13288
aI13289
aI13290
aI13291
aI13292
aI13293
aI13294
aI13295
aI13296
aI13297
aI13298
aI13299
aI13300
aI13301
aI13302
aI13303
aI13304
aI13305
aI13306
aI13307
aI13308
aI13309
aI13310
aI13311
aI13312
aI13313
aI13314
aI13315
aI13316
aI13317
aI13318
aI13319
aI13320
aI13321
aI13322
aI13323
aI13324
aI13325
aI13326
aI13327
aI13328
aI13329
aI13330
aI13331
aI13332
aI13333
aI13334
aI13335
aI13336
aI13337
aI13338
aI13339
aI13340
aI13341
aI13342
aI13343
aI13344
aI13345
aI13346
aI13347
aI13348
aI13349
aI13350
aI13351
aI13352
aI13353
aI13354
aI13355
aI13356
aI13357
aI13358
aI13359
aI13360
aI13361
aI13362
aI13363
aI13364
aI13365
aI13366
aI13367
aI13368
aI13369
aI13370
aI13371
aI13372
aI13373
aI13374
aI13375
aI13376
aI13377
aI13378
aI13379
aI13380
aI13381
aI13382
aI13383
aI13384
aI13385
aI13386
aI13387
aI13388
aI13389
aI13390
aI13391
aI13392
aI13393
aI13394
aI13395
aI13396
aI13397
aI13398
aI13399
aI13400
aI13401
aI13402
aI13403
aI13404
aI13405
aI13406
aI13407
aI13408
aI13409
aI13410
aI13411
aI13412
aI13413
aI13414
aI13415
aI13416
aI13417
aI13418
aI13419
aI13420
aI13421
aI13422
aI13423
aI13424
aI13425
aI13426
aI13427
aI13428
aI13429
aI13430
aI13431
aI13432
aI13433
aI13434
aI13435
aI13436
aI13437
aI13438
aI13439
aI13440
aI13441
aI13442
aI13443
aI13444
aI13445
aI13446
aI13447
aI13448
aI13449
aI13450
aI13451
aI13452
aI13453
aI13454
aI13455
aI13456
aI13457
aI13458
aI13459
aI13460
aI13461
aI13462
aI13463
aI13464
aI13465
aI13466
aI13467
aI13468
aI13469
aI13470
aI13471
aI13472
aI13473
aI13474
aI13475
aI13476
aI13477
aI13478
aI13479
aI13480
aI13481
aI13482
aI13483
aI13484
aI13485
aI13486
aI13487
aI13488
aI13489
aI13490
aI13491
aI13492
aI13493
aI13494
aI13495
aI13496
aI13497
aI13498
aI13499
aI13500
aI13501
aI13502
aI13503
aI13504
aI13505
aI13506
aI13507
aI13508
aI13509
aI13510
aI13511
aI13512
aI13513
aI13514
aI13515
aI13516
aI13517
aI13518
aI13519
aI13520
aI13521
aI13522
aI13523
aI13524
aI13525
aI13526
aI13527
aI13528
aI13529
aI13530
aI13531
aI13532
aI13533
aI13534
aI13535
aI13536
aI13537
aI13538
aI13539
aI13540
aI13541
aI13542
aI13543
aI13544
aI13545
aI13546
aI13547
aI13548
aI13549
aI13550
aI13551
aI13552
aI13553
aI13554
aI13555
aI13556
aI13557
aI13558
aI13559
aI13560
aI13561
aI13562
aI13563
aI13564
aI13565
aI13566
aI13567
aI13568
aI13569
aI13570
aI13571
aI13572
aI13573
aI13574
aI13575
aI13576
aI13577
aI13578
aI13579
aI13580
aI13581
aI13582
aI13583
aI13584
aI13585
aI13586
aI13587
aI13588
aI13589
aI13590
aI13591
aI13592
aI13593
aI13594
aI13595
aI13596
aI13597
aI13598
aI13599
aI13600
aI13601
aI13602
aI13603
aI13604
aI13605
aI13606
aI13607
aI13608
aI13609
aI13610
aI13611
aI13612
aI13613
aI13614
aI13615
aI13616
aI13617
aI13618
aI13619
aI13620
aI13621
aI13622
aI13623
aI13624
aI13625
aI13626
aI13627
aI13628
aI13629
aI13630
aI13631
aI13632
aI13633
aI13634
aI13635
aI13636
aI13637
aI13638
aI13639
aI13640
aI13641
aI13642
aI13643
aI13644
aI13645
aI13646
aI13647
aI13648
aI13649
aI13650
aI13651
aI13652
aI13653
aI13654
aI13655
aI13656
aI13657
aI13658
aI13659
aI13660
aI13661
aI13662
aI13663
aI13664
aI13665
aI13666
aI13667
aI13668
aI13669
aI13670
aI13671
aI13672
aI13673
aI13674
aI13675
aI13676
aI13677
aI13678
aI13679
aI13680
aI13681
aI13682
aI13683
aI13684
aI13685
aI13686
aI13687
aI13688
aI13689
aI13690
aI13691
aI13692
aI13693
aI13694
aI13695
aI13696
aI13697
aI13698
aI13699
aI13700
aI13701
aI13702
aI13703
aI13704
aI13705
aI13706
aI13707
aI13708
aI13709
aI13710
aI13711
aI13712
aI13713
aI13714
aI13715
aI13716
aI13717
aI13718
aI13719
aI13720
aI13721
aI13722
aI13723
aI13724
aI13725
aI13726
aI13727
aI13728
aI13729
aI13730
aI13731
aI13732
aI13733
aI13734
aI13735
aI13736
aI13737
aI13738
aI13739
aI13740
aI13741
aI13742
aI13743
aI13744
aI13745
aI13746
aI13747
aI13748
aI13749
aI13750
aI13751
aI13752
aI13753
aI13754
aI13755
aI13756
aI13757
aI13758
aI13759
aI13760
aI13761
aI13762
aI13763
aI13764
aI13765
aI13766
aI13767
aI13768
aI13769
aI13770
aI13771
aI13772
aI13773
aI13774
aI13775
aI13776
aI13777
aI13778
aI13779
aI13780
aI13781
aI13782
aI13783
aI13784
aI13785
aI13786
aI13787
aI13788
aI13789
aI13790
aI13791
aI13792
aI13793
aI13794
aI13795
aI13796
aI13797
aI13798
aI13799
aI13800
aI13801
aI13802
aI13803
aI13804
aI13805
aI13806
aI13807
aI13808
aI13809
aI13810
aI13811
aI13812
aI13813
aI13814
aI13815
aI13816
aI13817
aI13818
aI13819
aI13820
aI13821
aI13822
aI13823
aI13824
aI13825
aI13826
aI13827
aI13828
aI13829
aI13830
aI13831
aI13832
aI13833
aI13834
aI13835
aI13836
aI13837
aI13838
aI13839
aI13840
aI13841
aI13842
aI13843
aI13844
aI13845
aI13846
aI13847
aI13848
aI13849
aI13850
aI13851
aI13852
aI13853
aI13854
aI13855
aI13856
aI13857
aI13858
aI13859
aI13860
aI13861
aI13862
aI13863
aI13864
aI13865
aI13866
aI13867
aI13868
aI13869
aI13870
aI13871
aI13872
aI13873
aI13874
aI13875
aI13876
aI13877
aI13878
aI13879
aI13880
aI13881
aI13882
aI13883
aI13884
aI13885
aI13886
aI13887
aI13888
aI13889
aI13890
aI13891
aI13892
aI13893
aI13894
aI13895
aI13896
aI13897
aI13898
aI13899
aI13900
aI13901
aI13902
aI13903
aI13904
aI13905
aI13906
aI13907
aI13908
aI13909
aI13910
aI13911
aI13912
aI13913
aI13914
aI13915
aI13916
aI13917
aI13918
aI13919
aI13920
aI13921
aI13922
aI13923
aI13924
aI13925
aI13926
aI13927
aI13928
aI13929
aI13930
aI13931
aI13932
aI13933
aI13934
aI13935
aI13936
aI13937
aI13938
aI13939
aI13940
aI13941
aI13942
aI13943
aI13944
aI13945
aI13946
aI13947
aI13948
aI13949
aI13950
aI13951
aI13952
aI13953
aI13954
aI13955
aI13956
aI13957
aI13958
aI13959
aI13960
aI13961
aI13962
aI13963
aI13964
aI13965
aI13966
aI13967
aI13968
aI13969
aI13970
aI13971
aI13972
aI13973
aI13974
aI13975
aI13976
aI13977
aI13978
aI13979
aI13980
aI13981
aI13982
aI13983
aI13984
aI13985
aI13986
aI13987
aI13988
aI13989
aI13990
aI13991
aI13992
aI13993
aI13994
aI13995
aI13996
aI13997
aI13998
aI13999
aI14000
aI14001
aI14002
aI14003
aI14004
aI14005
aI14006
aI14007
aI14008
aI14009
aI14010
aI14011
aI14012
aI14013
aI14014
aI14015
aI14016
aI14017
aI14018
aI14019
aI14020
aI14021
aI14022
aI14023
aI14024
aI14025
aI14026
aI14027
aI14028
aI14029
aI14030
aI14031
aI14032
aI14033
aI14034
aI14035
aI14036
aI14037
aI14038
aI14039
aI14040
aI14041
aI14042
aI14043
aI14044
aI14045
aI14046
aI14047
aI14048
aI14049
aI14050
aI14051
aI14052
aI14053
aI14054
aI14055
aI14056
aI14057
aI14058
aI14059
aI14060
aI14061
aI14062
aI14063
aI14064
aI14065
aI14066
aI14067
aI14068
aI14069
aI14070
aI14071
aI14072
aI14073
aI14074
aI14075
aI14076
aI14077
aI14078
aI14079
aI14080
aI14081
aI14082
aI14083
aI14084
aI14085
aI14086
aI14087
aI14088
aI14089
aI14090
aI14091
aI14092
aI14093
aI14094
aI14095
aI14096
aI14097
aI14098
aI14099
aI14100
aI14101
aI14102
aI14103
aI14104
aI14105
aI14106
aI14107
aI14108
aI14109
aI14110
aI14111
aI14112
aI14113
aI14114
aI14115
aI14116
aI14117
aI14118
aI14119
aI14120
aI14121
aI14122
aI14123
aI14124
aI14125
aI14126
aI14127
aI14128
aI14129
aI14130
aI14131
aI14132
aI14133
aI14134
aI14135
aI14136
aI14137
aI14138
aI14139
aI14140
aI14141
aI14142
aI14143
aI14144
aI14145
aI14146
aI14147
aI14148
aI14149
aI14150
aI14151
aI14152
aI14153
aI14154
aI14155
aI14156
aI14157
aI14158
aI14159
aI14160
aI14161
aI14162
aI14163
aI14164
aI14165
aI14166
aI14167
aI14168
aI14169
aI14170
aI14171
aI14172
aI14173
aI14174
aI14175
aI14176
aI14177
aI14178
aI14179
aI14180
aI14181
aI14182
aI14183
aI14184
aI14185
aI14186
aI14187
aI14188
aI14189
aI14190
aI14191
aI14192
aI14193
aI14194
aI14195
aI14196
aI14197
aI14198
aI14199
aI14200
aI14201
aI14202
aI14203
aI14204
aI14205
aI14206
aI14207
aI14208
aI14209
aI14210
aI14211
aI14212
aI14213
aI14214
aI14215
aI14216
aI14217
aI14218
aI14219
aI14220
aI14221
aI14222
aI14223
aI14224
aI14225
aI14226
aI14227
aI14228
aI14229
aI14230
aI14231
aI14232
aI14233
aI14234
aI14235
aI14236
aI14237
aI14238
aI14239
aI14240
aI14241
aI14242
aI14243
aI14244
aI14245
aI14246
aI14247
aI14248
aI14249
aI14250
aI14251
aI14252
aI14253
aI14254
aI14255
aI14256
aI14257
aI14258
aI14259
aI14260
aI14261
aI14262
aI14263
aI14264
aI14265
aI14266
aI14267
aI14268
aI14269
aI14270
aI14271
aI14272
aI14273
aI14274
aI14275
aI14276
aI14277
aI14278
aI14279
aI14280
aI14281
aI14282
aI14283
aI14284
aI14285
aI14286
aI14287
aI14288
aI14289
aI14290
aI14291
aI14292
aI14293
aI14294
aI14295
aI14296
aI14297
aI14298
aI14299
aI14300
aI14301
aI14302
aI14303
aI14304
aI14305
aI14306
aI14307
aI14308
aI14309
aI14310
aI14311
aI14312
aI14313
aI14314
aI14315
aI14316
aI14317
aI14318
aI14319
aI14320
aI14321
aI14322
aI14323
aI14324
aI14325
aI14326
aI14327
aI14328
aI14329
aI14330
aI14331
aI14332
aI14333
aI14334
aI14335
aI14336
aI14337
aI14338
aI14339
aI14340
aI14341
aI14342
aI14343
aI14344
aI14345
aI14346
aI14347
aI14348
aI14349
aI14350
aI14351
aI14352
aI14353
aI14354
aI14355
aI14356
aI14357
aI14358
aI14359
aI14360
aI14361
aI14362
aI14363
aI14364
aI14365
aI14366
aI14367
aI14368
aI14369
aI14370
aI14371
aI14372
aI14373
aI14374
aI14375
aI14376
aI14377
aI14378
aI14379
aI14380
aI14381
aI14382
aI14383
aI14384
aI14385
aI14386
aI14387
aI14388
aI14389
aI14390
aI14391
aI14392
aI14393
aI14394
aI14395
aI14396
aI14397
aI14398
aI14399
aI14400
aI14401
aI14402
aI14403
aI14404
aI14405
aI14406
aI14407
aI14408
aI14409
aI14410
aI14411
aI14412
aI14413
aI14414
aI14415
aI14416
aI14417
aI14418
aI14419
aI14420
aI14421
aI14422
aI14423
aI14424
aI14425
aI14426
aI14427
aI14428
aI14429
aI14430
aI14431
aI14432
aI14433
aI14434
aI14435
aI14436
aI14437
aI14438
aI14439
aI14440
aI14441
aI14442
aI14443
aI14444
aI14445
aI14446
aI14447
aI14448
aI14449
aI14450
aI14451
aI14452
aI14453
aI14454
aI14455
aI14456
aI14457
aI14458
aI14459
aI14460
aI14461
aI14462
aI14463
aI14464
aI14465
aI14466
aI14467
aI14468
aI14469
aI14470
aI14471
aI14472
aI14473
aI14474
aI14475
aI14476
aI14477
aI14478
aI14479
aI14480
aI14481
aI14482
aI14483
aI14484
aI14485
aI14486
aI14487
aI14488
aI14489
aI14490
aI14491
aI14492
aI14493
aI14494
aI14495
aI14496
aI14497
aI14498
aI14499
aI14500
aI14501
aI14502
aI14503
aI14504
aI14505
aI14506
aI14507
aI14508
aI14509
aI14510
aI14511
aI14512
aI14513
aI14514
aI14515
aI14516
aI14517
aI14518
aI14519
aI14520
aI14521
aI14522
aI14523
aI14524
aI14525
aI14526
aI14527
aI14528
aI14529
aI14530
aI14531
aI14532
aI14533
aI14534
aI14535
aI14536
aI14537
aI14538
aI14539
aI14540
aI14541
aI14542
aI14543
aI14544
aI14545
aI14546
aI14547
aI14548
aI14549
aI14550
aI14551
aI14552
aI14553
aI14554
aI14555
aI14556
aI14557
aI14558
aI14559
aI14560
aI14561
aI14562
aI14563
aI14564
aI14565
aI14566
aI14567
aI14568
aI14569
aI14570
aI14571
aI14572
aI14573
aI14574
aI14575
aI14576
aI14577
aI14578
aI14579
aI14580
aI14581
aI14582
aI14583
aI14584
aI14585
aI14586
aI14587
aI14588
aI14589
aI14590
aI14591
aI14592
aI14593
aI14594
aI14595
aI14596
aI14597
aI14598
aI14599
aI14600
aI14601
aI14602
aI14603
aI14604
aI14605
aI14606
aI14607
aI14608
aI14609
aI14610
aI14611
aI14612
aI14613
aI14614
aI14615
aI14616
aI14617
aI14618
aI14619
aI14620
aI14621
aI14622
aI14623
aI14624
aI14625
aI14626
aI14627
aI14628
aI14629
aI14630
aI14631
aI14632
aI14633
aI14634
aI14635
aI14636
aI14637
aI14638
aI14639
aI14640
aI14641
aI14642
aI14643
aI14644
aI14645
aI14646
aI14647
aI14648
aI14649
aI14650
aI14651
aI14652
aI14653
aI14654
aI14655
aI14656
aI14657
aI14658
aI14659
aI14660
aI14661
aI14662
aI14663
aI14664
aI14665
aI14666
aI14667
aI14668
aI14669
aI14670
aI14671
aI14672
aI14673
aI14674
aI14675
aI14676
aI14677
aI14678
aI14679
aI14680
aI14681
aI14682
aI14683
aI14684
aI14685
aI14686
aI14687
aI14688
aI14689
aI14690
aI14691
aI14692
aI14693
aI14694
aI14695
aI14696
aI14697
aI14698
aI14699
aI14700
aI14701
aI14702
aI14703
aI14704
aI14705
aI14706
aI14707
aI14708
aI14709
aI14710
aI14711
aI14712
aI14713
aI14714
aI14715
aI14716
aI14717
aI14718
aI14719
aI14720
aI14721
aI14722
aI14723
aI14724
aI14725
aI14726
aI14727
aI14728
aI14729
aI14730
aI14731
aI14732
aI14733
aI14734
aI14735
aI14736
aI14737
aI14738
aI14739
aI14740
aI14741
aI14742
aI14743
aI14744
aI14745
aI14746
aI14747
aI14748
aI14749
aI14750
aI14751
aI14752
aI14753
aI14754
aI14755
aI14756
aI14757
aI14758
aI14759
aI14760
aI14761
aI14762
aI14763
aI14764
aI14765
aI14766
aI14767
aI14768
aI14769
aI14770
aI14771
aI14772
aI14773
aI14774
aI14775
aI14776
aI14777
aI14778
aI14779
aI14780
aI14781
aI14782
aI14783
aI14784
aI14785
aI14786
aI14787
aI14788
aI14789
aI14790
aI14791
aI14792
aI14793
aI14794
aI14795
aI14796
aI14797
aI14798
aI14799
aI14800
aI14801
aI14802
aI14803
aI14804
aI14805
aI14806
aI14807
aI14808
aI14809
aI14810
aI14811
aI14812
aI14813
aI14814
aI14815
aI14816
aI14817
aI14818
aI14819
aI14820
aI14821
aI14822
aI14823
aI14824
aI14825
aI14826
aI14827
aI14828
aI14829
aI14830
aI14831
aI14832
aI14833
aI14834
aI14835
aI14836
aI14837
aI14838
aI14839
aI14840
aI14841
aI14842
aI14843
aI14844
aI14845
aI14846
aI14847
aI14848
aI14849
aI14850
aI14851
aI14852
aI14853
aI14854
aI14855
aI14856
aI14857
aI14858
aI14859
aI14860
aI14861
aI14862
aI14863
aI14864
aI14865
aI14866
aI14867
aI14868
aI14869
aI14870
aI14871
aI14872
aI14873
aI14874
aI14875
aI14876
aI14877
aI14878
aI14879
aI14880
aI14881
aI14882
aI14883
aI14884
aI14885
aI14886
aI14887
aI14888
aI14889
aI14890
aI14891
aI14892
aI14893
aI14894
aI14895
aI14896
aI14897
aI14898
aI14899
aI14900
aI14901
aI14902
aI14903
aI14904
aI14905
aI14906
aI14907
aI14908
aI14909
aI14910
aI14911
aI14912
aI14913
aI14914
aI14915
aI14916
aI14917
aI14918
aI14919
aI14920
aI14921
aI14922
aI14923
aI14924
aI14925
aI14926
aI14927
aI14928
aI14929
aI14930
aI14931
aI14932
aI14933
aI14934
aI14935
aI14936
aI14937
aI14938
aI14939
aI14940
aI14941
aI14942
aI14943
aI14944
aI14945
aI14946
aI14947
aI14948
aI14949
aI14950
aI14951
aI14952
aI14953
aI14954
aI14955
aI14956
aI14957
aI14958
aI14959
aI14960
aI14961
aI14962
aI14963
aI14964
aI14965
aI14966
aI14967
aI14968
aI14969
aI14970
aI14971
aI14972
aI14973
aI14974
aI14975
aI14976
aI14977
aI14978
aI14979
aI14980
aI14981
aI14982
aI14983
aI14984
aI14985
aI14986
aI14987
aI14988
aI14989
aI14990
aI14991
aI14992
aI14993
aI14994
aI14995
aI14996
aI14997
aI14998
aI14999
as.